2024-12-05 06:24:44.288 [info] Getting Manifest... eamodio.gitlens
2024-12-05 06:24:44.289 [info] Getting Manifest... ms-python.python
2024-12-05 06:24:44.463 [info] Installing extension: ms-python.python {"installPreReleaseVersion":true,"productVersion":{"version":"1.95.3","date":"2024-11-13T14:50:04.152Z"},"pinned":false,"operation":3,"isApplicationScoped":false,"profileLocation":{"$mid":1,"external":"vscode-userdata:/home/statick/.config/Code/User/profiles/-3a22a2f2/extensions.json","path":"/home/statick/.config/Code/User/profiles/-3a22a2f2/extensions.json","scheme":"vscode-userdata"},"installOnlyNewlyAddedFromExtensionPack":true}
2024-12-05 06:24:44.476 [info] Installing extension: eamodio.gitlens {"installPreReleaseVersion":true,"productVersion":{"version":"1.95.3","date":"2024-11-13T14:50:04.152Z"},"pinned":false,"operation":3,"isApplicationScoped":false,"profileLocation":{"$mid":1,"external":"vscode-userdata:/home/statick/.config/Code/User/profiles/-3a22a2f2/extensions.json","path":"/home/statick/.config/Code/User/profiles/-3a22a2f2/extensions.json","scheme":"vscode-userdata"},"installOnlyNewlyAddedFromExtensionPack":true}
2024-12-05 06:24:44.640 [info] Installing extension: ms-python.python {"installPreReleaseVersion":true,"productVersion":{"version":"1.95.3","date":"2024-11-13T14:50:04.152Z"},"pinned":false,"operation":3,"isApplicationScoped":false,"profileLocation":{"$mid":1,"external":"vscode-userdata:/home/statick/.vscode/extensions/extensions.json","path":"/home/statick/.vscode/extensions/extensions.json","scheme":"vscode-userdata"},"installOnlyNewlyAddedFromExtensionPack":true}
2024-12-05 06:24:44.640 [info] Installing extension: ms-python.python {"installPreReleaseVersion":true,"productVersion":{"version":"1.95.3","date":"2024-11-13T14:50:04.152Z"},"pinned":false,"operation":3,"isApplicationScoped":false,"profileLocation":{"$mid":1,"external":"vscode-userdata:/home/statick/.config/Code/User/profiles/7e64ffd9/extensions.json","path":"/home/statick/.config/Code/User/profiles/7e64ffd9/extensions.json","scheme":"vscode-userdata"},"installOnlyNewlyAddedFromExtensionPack":true}
2024-12-05 06:24:44.641 [info] Installing extension: eamodio.gitlens {"installPreReleaseVersion":true,"productVersion":{"version":"1.95.3","date":"2024-11-13T14:50:04.152Z"},"pinned":false,"operation":3,"isApplicationScoped":false,"profileLocation":{"$mid":1,"external":"vscode-userdata:/home/statick/.vscode/extensions/extensions.json","path":"/home/statick/.vscode/extensions/extensions.json","scheme":"vscode-userdata"},"installOnlyNewlyAddedFromExtensionPack":true}
2024-12-05 06:24:47.822 [info] Extension signature verification result for eamodio.gitlens: UnknownError. Executed: true. Duration: 12ms.
2024-12-05 06:24:47.979 [info] Extension signature verification result for ms-python.python: UnknownError. Executed: true. Duration: 5ms.
2024-12-05 06:24:48.115 [info] Extracted extension to file:///home/statick/.vscode/extensions/eamodio.gitlens-2024.12.504: eamodio.gitlens
2024-12-05 06:24:48.130 [info] Renamed to /home/statick/.vscode/extensions/eamodio.gitlens-2024.12.504
2024-12-05 06:24:48.197 [error] [uncaught exception in sharedProcess]: Error: ENOENT: no such file or directory, stat '/home/statick/.vscode/extensions/extensions.json.vsctmp': EntryNotFound (FileSystemError): Error: ENOENT: no such file or directory, stat '/home/statick/.vscode/extensions/extensions.json.vsctmp'
    at hm.create (file:///usr/share/code/resources/app/out/vs/code/electron-utility/sharedProcess/sharedProcessMain.js:35:39254)
    at Es (file:///usr/share/code/resources/app/out/vs/code/electron-utility/sharedProcess/sharedProcessMain.js:35:39361)
    at Fr.ib (file:///usr/share/code/resources/app/out/vs/code/electron-utility/sharedProcess/sharedProcessMain.js:71:22677)
    at Fr.stat (file:///usr/share/code/resources/app/out/vs/code/electron-utility/sharedProcess/sharedProcessMain.js:71:16010)
    at async Zl.stat (file:///usr/share/code/resources/app/out/vs/code/electron-utility/sharedProcess/sharedProcessMain.js:70:84491)
    at async Jl.yb (file:///usr/share/code/resources/app/out/vs/code/electron-utility/sharedProcess/sharedProcessMain.js:70:66605)
2024-12-05 06:24:48.198 [info] Marked extension as uninstalled eamodio.gitlens-2024.12.304
2024-12-05 06:24:48.229 [info] Extension installed successfully: eamodio.gitlens vscode-userdata:/home/statick/.vscode/extensions/extensions.json
2024-12-05 06:24:48.230 [info] Extension installed successfully: eamodio.gitlens vscode-userdata:/home/statick/.config/Code/User/profiles/-3a22a2f2/extensions.json
2024-12-05 06:24:48.233 [info] Marked extension as uninstalled eamodio.gitlens-2024.12.304
2024-12-05 06:24:49.018 [info] Extracted extension to file:///home/statick/.vscode/extensions/ms-python.python-2024.21.2024120501-linux-x64: ms-python.python
2024-12-05 06:24:49.025 [info] Renamed to /home/statick/.vscode/extensions/ms-python.python-2024.21.2024120501-linux-x64
2024-12-05 06:24:49.068 [info] Marked extension as uninstalled ms-python.python-2024.21.2024112901-linux-x64
2024-12-05 06:24:49.089 [info] Marked extension as uninstalled ms-python.python-2024.21.2024112901-linux-x64
2024-12-05 06:24:49.093 [info] Extension installed successfully: ms-python.python vscode-userdata:/home/statick/.vscode/extensions/extensions.json
2024-12-05 06:24:49.093 [info] Extension installed successfully: ms-python.python vscode-userdata:/home/statick/.config/Code/User/profiles/7e64ffd9/extensions.json
2024-12-05 06:24:49.093 [info] Extension installed successfully: ms-python.python vscode-userdata:/home/statick/.config/Code/User/profiles/-3a22a2f2/extensions.json
2024-12-05 06:24:49.094 [info] Marked extension as uninstalled ms-python.python-2024.21.2024112901-linux-x64
2024-12-05 06:24:49.106 [error] [uncaught exception in sharedProcess]: Error: ENOENT: no such file or directory, stat '/home/statick/.vscode/extensions/extensions.json.vsctmp': EntryNotFound (FileSystemError): Error: ENOENT: no such file or directory, stat '/home/statick/.vscode/extensions/extensions.json.vsctmp'
    at hm.create (file:///usr/share/code/resources/app/out/vs/code/electron-utility/sharedProcess/sharedProcessMain.js:35:39254)
    at Es (file:///usr/share/code/resources/app/out/vs/code/electron-utility/sharedProcess/sharedProcessMain.js:35:39361)
    at Fr.ib (file:///usr/share/code/resources/app/out/vs/code/electron-utility/sharedProcess/sharedProcessMain.js:71:22677)
    at Fr.stat (file:///usr/share/code/resources/app/out/vs/code/electron-utility/sharedProcess/sharedProcessMain.js:71:16010)
    at async Zl.stat (file:///usr/share/code/resources/app/out/vs/code/electron-utility/sharedProcess/sharedProcessMain.js:70:84491)
    at async Jl.yb (file:///usr/share/code/resources/app/out/vs/code/electron-utility/sharedProcess/sharedProcessMain.js:70:66605)
