2024-12-04 20:15:39.892 [info] El experimento \"pythonRecommendTensorboardExt\" está activo
2024-12-04 20:15:39.892 [info] El experimento \"pythonTerminalEnvVarActivation\" está activo
2024-12-04 20:15:39.892 [info] El experimento \"pythonTestAdapter\" está activo
2024-12-04 20:15:39.892 [warning] Dir "/home/statick/workspaces/practicas/python/farmacia2/.pixi/envs" is not watchable (directory does not exist)
2024-12-04 20:15:39.892 [info] Starting Environment refresh
2024-12-04 20:15:39.892 [info] Starting Environment refresh
2024-12-04 20:15:39.892 [info] > hatch env show --json
2024-12-04 20:15:39.892 [info] cwd: .
2024-12-04 20:15:39.892 [info] Starting Environment refresh
2024-12-04 20:15:39.892 [info] Searching for interpreters in posix paths locator
2024-12-04 20:15:39.892 [info] Searching for pyenv environments
2024-12-04 20:15:39.892 [info] Searching for conda environments
2024-12-04 20:15:39.892 [info] Searching for global virtual environments
2024-12-04 20:15:39.892 [info] Searching for custom virtual environments
2024-12-04 20:15:39.892 [info] > conda info --json
2024-12-04 20:15:39.892 [info] pyenv is not installed
2024-12-04 20:15:39.892 [info] Finished searching for pyenv environments: 28 milliseconds
2024-12-04 20:15:39.892 [info] Finished searching for custom virtual envs: 26 milliseconds
2024-12-04 20:15:39.892 [info] > /usr/share/anaconda/bin/conda info --json
2024-12-04 20:15:39.892 [info] Finished searching for global virtual envs: 48 milliseconds
2024-12-04 20:15:39.900 [info] Found: /bin/python --> /bin/python3.13
2024-12-04 20:15:39.902 [info] Found: /bin/python3 --> /bin/python3.13
2024-12-04 20:15:39.903 [info] Found: /bin/python3.13 --> /bin/python3.13
2024-12-04 20:15:39.967 [info] > ./env/bin/python -I ~/.vscode/extensions/ms-python.python-2024.21.2024112901-linux-x64/python_files/get_output_via_markers.py ~/.vscode/extensions/ms-python.python-2024.21.2024112901-linux-x64/python_files/interpreterInfo.py
2024-12-04 20:15:39.967 [info] Environments refresh paths discovered: 227 milliseconds
2024-12-04 20:15:39.970 [info] Environments refresh paths discovered: 236 milliseconds
2024-12-04 20:15:39.979 [info] Found: /usr/bin/python --> /usr/bin/python3.13
2024-12-04 20:15:39.980 [info] Found: /usr/bin/python3 --> /usr/bin/python3.13
2024-12-04 20:15:39.983 [info] Found: /usr/bin/python3.13 --> /usr/bin/python3.13
2024-12-04 20:15:40.087 [info] Finished searching for interpreters in posix paths locator: 254 milliseconds
2024-12-04 20:15:40.087 [info] > /bin/python -I ~/.vscode/extensions/ms-python.python-2024.21.2024112901-linux-x64/python_files/get_output_via_markers.py ~/.vscode/extensions/ms-python.python-2024.21.2024112901-linux-x64/python_files/interpreterInfo.py
2024-12-04 20:15:40.105 [info] Environments refresh finished (event): 362 milliseconds
2024-12-04 20:15:40.106 [info] Environments refresh finished (event): 369 milliseconds
2024-12-04 20:15:40.110 [info] Environment refresh took 370 milliseconds
2024-12-04 20:15:40.111 [info] Environment refresh took 379 milliseconds
2024-12-04 20:15:40.132 [info] > pyenv which python
2024-12-04 20:15:40.132 [info] cwd: .
2024-12-04 20:15:40.238 [info] Ruta de acceso del intérprete de Python: ./env/bin/python
2024-12-04 20:15:41.529 [info] > /usr/bin/python -I ~/.vscode/extensions/ms-python.python-2024.21.2024112901-linux-x64/python_files/get_output_via_markers.py ~/.vscode/extensions/ms-python.python-2024.21.2024112901-linux-x64/python_files/interpreterInfo.py
2024-12-04 20:15:41.529 [info] Environments refresh paths discovered (event): 1721 milliseconds
2024-12-04 20:15:41.529 [info] Environments refresh paths discovered: 1722 milliseconds
2024-12-04 20:15:41.548 [info] > . ./env/bin/activate && echo 'e8b39361-0157-4923-80e1-22d70d46dee6' && python ~/.vscode/extensions/ms-python.python-2024.21.2024112901-linux-x64/python_files/printEnvVariables.py
2024-12-04 20:15:41.548 [info] shell: zsh
2024-12-04 20:15:41.664 [info] > /bin/python ~/.vscode/extensions/ms-python.python-2024.21.2024112901-linux-x64/python_files/printEnvVariables.py
2024-12-04 20:15:41.664 [info] shell: zsh
2024-12-04 20:15:41.673 [info] Environments refresh finished (event): 1865 milliseconds
2024-12-04 20:15:41.691 [info] Environment refresh took 1883 milliseconds
2024-12-04 20:15:41.756 [info] Prepending environment variable PATH in collection with /home/statick/.vscode/extensions/ms-python.python-2024.21.2024112901-linux-x64/python_files/deactivate/zsh:/home/statick/workspaces/practicas/python/farmacia2/env/bin: {"applyAtShellIntegration":true,"applyAtProcessCreation":true}
2024-12-04 20:15:41.756 [info] Setting environment variable VIRTUAL_ENV in collection to /home/statick/workspaces/practicas/python/farmacia2/env {"applyAtShellIntegration":true,"applyAtProcessCreation":true}
2024-12-04 20:15:41.756 [info] Setting environment variable VIRTUAL_ENV_PROMPT in collection to env {"applyAtShellIntegration":true,"applyAtProcessCreation":true}
2024-12-04 20:15:41.756 [info] Prepending environment variable PS1 in collection with env {"applyAtShellIntegration":true,"applyAtProcessCreation":false}
2024-12-04 20:15:41.760 [info] Send text to terminal: /bin/python /home/statick/.vscode/extensions/ms-python.python-2024.21.2024112901-linux-x64/python_files/printEnvVariablesToFile.py /home/statick/.vscode/extensions/ms-python.python-2024.21.2024112901-linux-x64/python_files/deactivate/zsh/envVars.txt
2024-12-04 20:15:44.618 [info] Iniciando el servidor de lenguaje Pylance.
2024-12-04 20:15:47.287 [info] Discover tests for workspace name: farmacia2 - uri: /home/statick/workspaces/practicas/python/farmacia2
2024-12-04 20:15:47.290 [info] Prepending environment variable PATH in collection with /home/statick/.vscode/extensions/ms-python.python-2024.21.2024112901-linux-x64/python_files/deactivate/zsh:/home/statick/workspaces/practicas/python/farmacia2/env/bin: {"applyAtShellIntegration":true,"applyAtProcessCreation":true}
2024-12-04 20:15:47.290 [info] Setting environment variable VIRTUAL_ENV in collection to /home/statick/workspaces/practicas/python/farmacia2/env {"applyAtShellIntegration":true,"applyAtProcessCreation":true}
2024-12-04 20:15:47.290 [info] Setting environment variable VIRTUAL_ENV_PROMPT in collection to env {"applyAtShellIntegration":true,"applyAtProcessCreation":true}
2024-12-04 20:15:47.290 [info] Prepending environment variable PS1 in collection with env {"applyAtShellIntegration":true,"applyAtProcessCreation":false}
