2024-12-04 12:05:36.416 [info] update#setState idle
2024-12-04 12:06:06.418 [info] update#setState checking for updates
2024-12-04 12:06:06.589 [info] update#setState idle
2024-12-04 13:06:06.422 [info] update#setState checking for updates
2024-12-04 13:06:06.860 [info] update#setState idle
2024-12-04 13:25:12.710 [info] Extension host with pid 107333 exited with code: 0, signal: unknown.
2024-12-04 13:47:40.178 [info] Extension host with pid 168360 exited with code: 0, signal: unknown.
2024-12-04 14:06:06.427 [info] update#setState checking for updates
2024-12-04 14:06:06.809 [info] update#setState idle
2024-12-04 15:06:06.432 [info] update#setState checking for updates
2024-12-04 15:06:06.855 [info] update#setState idle
2024-12-04 16:06:06.435 [info] update#setState checking for updates
2024-12-04 16:06:06.847 [info] update#setState idle
2024-12-04 17:06:06.439 [info] update#setState checking for updates
2024-12-04 17:06:06.781 [info] update#setState idle
2024-12-04 18:06:06.442 [info] update#setState checking for updates
2024-12-04 18:06:06.453 [error] [network] #8: https://update.code.visualstudio.com/api/update/linux-x64/stable/f1a4fb101478ce6ec82fe9627c43efbf9e98c813 - error undefined net::ERR_NAME_NOT_RESOLVED
2024-12-04 18:06:06.455 [error] Error: net::ERR_NAME_NOT_RESOLVED
    at SimpleURLLoaderWrapper.<anonymous> (node:electron/js2c/browser_init:2:117531)
    at SimpleURLLoaderWrapper.emit (node:events:519:28)
2024-12-04 18:06:06.457 [info] update#setState idle
2024-12-04 19:06:06.447 [info] update#setState checking for updates
2024-12-04 19:06:06.453 [error] [network] #9: https://update.code.visualstudio.com/api/update/linux-x64/stable/f1a4fb101478ce6ec82fe9627c43efbf9e98c813 - error undefined net::ERR_NAME_NOT_RESOLVED
2024-12-04 19:06:06.453 [error] Error: net::ERR_NAME_NOT_RESOLVED
    at SimpleURLLoaderWrapper.<anonymous> (node:electron/js2c/browser_init:2:117531)
    at SimpleURLLoaderWrapper.emit (node:events:519:28)
2024-12-04 19:06:06.453 [info] update#setState idle
