(2024-12-03T20:17:36.935Z) [info] [extension] Extension activation started: 1733257056927
(2024-12-03T20:17:36.944Z) [info] [extension] KV storage migration: partitionMigration started
(2024-12-03T20:17:36.945Z) [info] [extension] KV storage migration: partitionMigration completed
(2024-12-03T20:17:36.949Z) [info] [extension] Extension activation completed: 1733257056949
(2024-12-03T20:17:36.949Z) [info] [extension] Extension activation took 22ms
(2024-12-03T20:17:36.949Z) [info] [extension:tabs:factory] creating a new request tab using the identity: {"tabIdentity":{"to":"/auth-tab"}}
(2024-12-03T20:17:38.398Z) [info] [extension:sidebar:manager] set login state to busy
(2024-12-03T20:17:38.399Z) [info] [extension:auth] Starting the login flow
(2024-12-03T20:17:38.431Z) [info] [extension:sidebar:adapter] fetching a correct html for the view mode: {"viewMode":"login"}
(2024-12-03T20:17:54.822Z) [info] [extension:auth] Handing the URL redirect to VSCode
(2024-12-03T20:17:54.823Z) [info] [extension:auth:client] finalising the auth handover
(2024-12-03T20:17:55.388Z) [info] [extension:auth] The sign in flow has finished successfully
(2024-12-03T20:17:55.397Z) [info] [extension:tabs:factory:tab] dispose the tab
(2024-12-03T20:17:55.398Z) [info] [extension:sidebar:manager] resetting the login state to signin
(2024-12-03T20:17:55.399Z) [info] [extension:tabs:factory:tab] dispose the tab
(2024-12-03T20:17:55.399Z) [error] [extension:commands] Error in executing the command: {}
(2024-12-03T20:17:55.405Z) [info] [extension:sidebar:manager] setting the view to sidebar app
(2024-12-03T20:17:55.405Z) [info] [extension:sidebar:adapter] fetching a correct html for the view mode: {"viewMode":"sidebar"}
(2024-12-03T20:17:55.405Z) [info] [extension:htmlProvider] get sidebar HTML
(2024-12-03T20:17:55.447Z) [info] [extension:workspaceContext:networkClient] fetch recent workspaces: {"baseUrl":"https://bifrost-extension-https-global.gw.postman.com/ws/proxy"}
