2024-12-03 14:45:53.711 [info] Started local extension host with pid 3166.
2024-12-03 14:45:54.493 [info] Settings Sync: Updating due to initialize
2024-12-03 14:45:54.493 [info] Settings Sync: Updating authentication providers. Authentication Providers from store: [{"id":"github","scopes":["user:email"]},{"id":"microsoft","scopes":["openid","profile","email","offline_access"]}]
2024-12-03 14:45:54.493 [info] Settings Sync: Authentication providers updated []
2024-12-03 14:45:54.505 [info] Settings Sync: Updating authentication providers. Authentication Providers from store: [{"id":"github","scopes":["user:email"]},{"id":"microsoft","scopes":["openid","profile","email","offline_access"]}]
2024-12-03 14:45:54.505 [info] Settings Sync: Authentication providers updated ["github"]
2024-12-03 14:45:54.505 [info] Settings Sync: Updating authentication providers. Authentication Providers from store: [{"id":"github","scopes":["user:email"]},{"id":"microsoft","scopes":["openid","profile","email","offline_access"]}]
2024-12-03 14:45:54.505 [info] Settings Sync: Authentication providers updated ["github"]
2024-12-03 14:45:54.507 [info] Settings Sync: Updating authentication providers. Authentication Providers from store: [{"id":"github","scopes":["user:email"]},{"id":"microsoft","scopes":["openid","profile","email","offline_access"]}]
2024-12-03 14:45:54.507 [info] Settings Sync: Authentication providers updated ["github","microsoft"]
2024-12-03 14:45:54.507 [info] Settings Sync: Updating authentication providers. Authentication Providers from store: [{"id":"github","scopes":["user:email"]},{"id":"microsoft","scopes":["openid","profile","email","offline_access"]}]
2024-12-03 14:45:54.507 [info] Settings Sync: Authentication providers updated ["github","microsoft"]
2024-12-03 14:45:54.587 [info] Settings Sync: Updating due to declared authentication providers changed
2024-12-03 14:45:54.588 [info] Settings Sync: Updating authentication providers. Authentication Providers from store: [{"id":"github","scopes":["user:email"]},{"id":"microsoft","scopes":["openid","profile","email","offline_access"]}]
2024-12-03 14:45:54.588 [info] Settings Sync: Authentication providers updated ["github","microsoft"]
2024-12-03 14:45:54.588 [info] Settings Sync: Updating due to declared authentication providers changed
2024-12-03 14:45:54.588 [info] Settings Sync: Updating authentication providers. Authentication Providers from store: [{"id":"github","scopes":["user:email"]},{"id":"microsoft","scopes":["openid","profile","email","offline_access"]}]
2024-12-03 14:45:54.588 [info] Settings Sync: Authentication providers updated ["github","microsoft"]
2024-12-03 14:45:54.685 [info] Settings Sync: Updating authentication providers. Authentication Providers from store: [{"id":"github","scopes":["user:email"]},{"id":"microsoft","scopes":["openid","profile","email","offline_access"]}]
2024-12-03 14:45:54.686 [info] Settings Sync: Authentication providers updated ["github","microsoft"]
2024-12-03 14:45:56.364 [info] [perf] Render performance baseline is 24ms
