2024-12-05 10:31:05.808 [info] Added views:outline in workbench.view.explorer
2024-12-05 10:31:05.808 [info] Added views:workbench.view.search in workbench.view.search
2024-12-05 10:31:05.808 [info] Added views:workbench.scm in workbench.view.scm
2024-12-05 10:31:05.808 [info] Added views:workbench.panel.markers.view in workbench.panel.markers
2024-12-05 10:31:05.808 [info] Added views:workbench.panel.output in workbench.panel.output
2024-12-05 10:31:05.808 [info] Added views:terminal in terminal
2024-12-05 10:31:05.808 [info] Added views:timeline in workbench.view.explorer
2024-12-05 10:31:05.808 [info] Added views:workbench.explorer.emptyView in workbench.view.explorer
2024-12-05 10:31:06.156 [info] Added views:workbench.debug.variablesView,workbench.debug.watchExpressionsView,workbench.debug.callStackView,workbench.debug.breakPointsView in workbench.view.debug
2024-12-05 10:31:06.263 [info] Added views:gitlens.views.home,gitlens.views.launchpad,gitlens.views.workspaces in workbench.view.extension.gitlens
2024-12-05 10:31:06.264 [info] Added views:gitlens.views.commitDetails,gitlens.views.lineHistory,gitlens.views.fileHistory,gitlens.views.searchAndCompare in workbench.view.extension.gitlensInspect
2024-12-05 10:31:06.264 [info] Added views:gitlens.views.scm.grouped in workbench.view.scm
2024-12-05 10:31:06.265 [info] Added views:github-actions.empty-view in workbench.view.extension.github-actions
2024-12-05 10:31:06.265 [info] Added views:dockerContainers,dockerImages,dockerRegistries,dockerNetworks,dockerVolumes,vscode-docker.views.dockerContexts,vscode-docker.views.help in workbench.view.extension.dockerView
2024-12-05 10:31:06.266 [info] Added views:thunder-client-sidebar in workbench.view.extension.thunder-client
2024-12-05 10:31:06.491 [info] Added views:workbench.panel.repl.view in workbench.panel.repl
2024-12-05 10:31:06.492 [info] Removed views:workbench.debug.breakPointsView,workbench.debug.callStackView,workbench.debug.watchExpressionsView,workbench.debug.variablesView from workbench.view.debug
2024-12-05 10:31:06.492 [info] Added views:workbench.debug.welcome in workbench.view.debug
2024-12-05 10:31:06.553 [info] Added views:~remote.forwardedPorts in ~remote.forwardedPortsContainer
2024-12-05 10:31:07.515 [info] Removed views:gitlens.views.searchAndCompare,gitlens.views.fileHistory,gitlens.views.lineHistory,gitlens.views.commitDetails from workbench.view.extension.gitlensInspect
2024-12-05 10:31:07.517 [info] Removed views:gitlens.views.scm.grouped from workbench.view.scm
2024-12-05 10:31:07.577 [info] Added views:gitlens.views.drafts in workbench.view.extension.gitlens
2024-12-05 10:31:24.223 [info] Added views:outline in workbench.view.explorer
2024-12-05 10:31:24.223 [info] Added views:workbench.view.search in workbench.view.search
2024-12-05 10:31:24.223 [info] Added views:workbench.scm in workbench.view.scm
2024-12-05 10:31:24.223 [info] Added views:workbench.panel.markers.view in workbench.panel.markers
2024-12-05 10:31:24.223 [info] Added views:workbench.panel.output in workbench.panel.output
2024-12-05 10:31:24.223 [info] Added views:terminal in terminal
2024-12-05 10:31:24.223 [info] Added views:timeline in workbench.view.explorer
2024-12-05 10:31:24.223 [info] Added views:workbench.explorer.fileView in workbench.view.explorer
2024-12-05 10:31:24.541 [info] Added views:workbench.debug.variablesView,workbench.debug.watchExpressionsView,workbench.debug.callStackView,workbench.debug.breakPointsView in workbench.view.debug
2024-12-05 10:31:24.615 [info] Added views:postman-for-vscode.sidebar-panel in workbench.view.extension.sidebar-panel
2024-12-05 10:31:24.616 [info] Added views:postman-console-view in workbench.view.extension.postman-console-view-container
2024-12-05 10:31:24.650 [info] Added views:~remote.forwardedPorts in ~remote.forwardedPortsContainer
2024-12-05 10:31:24.830 [info] Added views:workbench.panel.repl.view in workbench.panel.repl
2024-12-05 10:31:24.831 [info] Removed views:workbench.debug.breakPointsView,workbench.debug.callStackView,workbench.debug.watchExpressionsView,workbench.debug.variablesView from workbench.view.debug
2024-12-05 10:31:24.831 [info] Added views:workbench.debug.welcome in workbench.view.debug
2024-12-05 10:31:25.756 [info] Added views:workbench.scm.history in workbench.view.scm
2024-12-05 11:53:59.138 [info] Removed views:workbench.scm.history from workbench.view.scm
