2024-12-05 06:24:42.656 [info] Reading sessions from keychain...
2024-12-05 06:24:42.656 [info] Getting sessions for all scopes...
2024-12-05 06:24:42.656 [info] Getting sessions for all scopes...
2024-12-05 06:24:42.656 [info] Getting sessions for all scopes...
2024-12-05 06:24:42.656 [info] Getting sessions for user:email...
2024-12-05 06:24:42.656 [info] Got stored sessions!
2024-12-05 06:24:42.656 [info] Got 2 verified sessions.
2024-12-05 06:24:42.657 [info] Got 2 sessions for ...
2024-12-05 06:24:42.657 [info] Got 2 sessions for ...
2024-12-05 06:24:42.657 [info] Got 2 sessions for ...
2024-12-05 06:24:42.657 [info] Got 1 sessions for user:email...
2024-12-05 06:24:42.657 [info] Getting sessions for user:email...
2024-12-05 06:24:42.657 [info] Got 1 sessions for user:email...
2024-12-05 06:24:42.657 [info] Getting sessions for user:email...
2024-12-05 06:24:42.657 [info] Got 1 sessions for user:email...
2024-12-05 06:24:42.657 [info] Getting sessions for all scopes...
2024-12-05 06:24:42.657 [info] Got 2 sessions for ...
2024-12-05 06:24:42.657 [info] Getting sessions for read:user,repo,user:email...
2024-12-05 06:24:42.657 [info] Got 0 sessions for read:user,repo,user:email...
2024-12-05 06:24:43.378 [info] Getting sessions for read:user,repo,user:email,workflow...
2024-12-05 06:24:43.378 [info] Got 1 sessions for read:user,repo,user:email,workflow...
2024-12-05 06:24:43.889 [info] Getting sessions for read:user,repo,user:email,workflow...
2024-12-05 06:24:43.889 [info] Got 1 sessions for read:user,repo,user:email,workflow...
