2024-12-04 08:35:07.498 [info] [main] Nivel de registro: Info
2024-12-04 08:35:07.498 [info] [main] Validando git encontrado en: "git"
2024-12-04 08:35:07.498 [info] [main] Usando git "2.47.1" de "git"
2024-12-04 08:35:07.498 [info] [Model][doInitialScan] Initial repository scan started
2024-12-04 08:35:07.498 [info] [Model][doInitialScan] Initial repository scan completed - repositories (0), closed repositories (0), parent repositories (0), unsafe repositories (0)
2024-12-04 08:35:21.484 [info] [main] Nivel de registro: Info
2024-12-04 08:35:21.484 [info] [main] Validando git encontrado en: "git"
2024-12-04 08:35:21.484 [info] [main] Usando git "2.47.1" de "git"
2024-12-04 08:35:21.484 [info] [Model][doInitialScan] Initial repository scan started
2024-12-04 08:35:21.484 [info] [Model][doInitialScan] Initial repository scan completed - repositories (0), closed repositories (0), parent repositories (0), unsafe repositories (0)
2024-12-04 08:35:36.765 [info] [main] Nivel de registro: Info
2024-12-04 08:35:36.765 [info] [main] Validando git encontrado en: "git"
2024-12-04 08:35:36.765 [info] [main] Usando git "2.47.1" de "git"
2024-12-04 08:35:36.765 [info] [Model][doInitialScan] Initial repository scan started
2024-12-04 08:35:36.765 [info] > git rev-parse --show-toplevel [1015ms]
2024-12-04 08:35:36.765 [info] fatal: not a git repository (or any parent up to mount point /)
Stopping at filesystem boundary (GIT_DISCOVERY_ACROSS_FILESYSTEM not set).
2024-12-04 08:35:36.765 [info] [Model][doInitialScan] Initial repository scan completed - repositories (0), closed repositories (0), parent repositories (0), unsafe repositories (0)
2024-12-04 08:35:36.785 [info] > git rev-parse --show-toplevel [223ms]
2024-12-04 08:35:36.785 [info] fatal: not a git repository (or any parent up to mount point /)
Stopping at filesystem boundary (GIT_DISCOVERY_ACROSS_FILESYSTEM not set).
2024-12-04 08:35:36.811 [info] > git rev-parse --show-toplevel [8ms]
2024-12-04 08:35:36.811 [info] fatal: not a git repository (or any parent up to mount point /)
Stopping at filesystem boundary (GIT_DISCOVERY_ACROSS_FILESYSTEM not set).
2024-12-04 08:35:36.881 [info] > git rev-parse --show-toplevel [57ms]
2024-12-04 08:35:36.881 [info] fatal: not a git repository (or any parent up to mount point /)
Stopping at filesystem boundary (GIT_DISCOVERY_ACROSS_FILESYSTEM not set).
2024-12-04 08:35:38.463 [info] > git rev-parse --show-toplevel [3ms]
2024-12-04 08:35:38.463 [info] fatal: not a git repository (or any parent up to mount point /)
Stopping at filesystem boundary (GIT_DISCOVERY_ACROSS_FILESYSTEM not set).
2024-12-04 08:35:39.196 [info] > git rev-parse --show-toplevel [1ms]
2024-12-04 08:35:39.196 [info] fatal: not a git repository (or any parent up to mount point /)
Stopping at filesystem boundary (GIT_DISCOVERY_ACROSS_FILESYSTEM not set).
2024-12-04 08:36:22.755 [info] > git rev-parse --show-toplevel [2ms]
2024-12-04 08:36:22.755 [info] fatal: not a git repository (or any parent up to mount point /)
Stopping at filesystem boundary (GIT_DISCOVERY_ACROSS_FILESYSTEM not set).
2024-12-04 08:40:36.843 [info] > git rev-parse --show-toplevel [2ms]
2024-12-04 08:40:36.843 [info] fatal: not a git repository (or any parent up to mount point /)
Stopping at filesystem boundary (GIT_DISCOVERY_ACROSS_FILESYSTEM not set).
2024-12-04 08:40:42.722 [info] [main] Nivel de registro: Info
2024-12-04 08:40:42.722 [info] [main] Validando git encontrado en: "git"
2024-12-04 08:40:42.722 [info] [main] Usando git "2.47.1" de "git"
2024-12-04 08:40:42.722 [info] [Model][doInitialScan] Initial repository scan started
2024-12-04 08:40:42.722 [info] > git rev-parse --show-toplevel [377ms]
2024-12-04 08:40:42.722 [info] fatal: not a git repository (or any parent up to mount point /)
Stopping at filesystem boundary (GIT_DISCOVERY_ACROSS_FILESYSTEM not set).
2024-12-04 08:40:42.729 [info] > git rev-parse --show-toplevel [24ms]
2024-12-04 08:40:42.729 [info] fatal: not a git repository (or any parent up to mount point /)
Stopping at filesystem boundary (GIT_DISCOVERY_ACROSS_FILESYSTEM not set).
2024-12-04 08:40:42.730 [info] [Model][doInitialScan] Initial repository scan completed - repositories (0), closed repositories (0), parent repositories (0), unsafe repositories (0)
2024-12-04 09:01:17.379 [info] > git rev-parse --show-toplevel [12ms]
2024-12-04 09:01:17.393 [info] > git rev-parse --git-dir --git-common-dir [1ms]
2024-12-04 09:01:17.401 [info] [Model][openRepository] Opened repository: /home/statick/workspaces/practicas/flutter/ejercicios
2024-12-04 09:01:17.416 [info] > git config --get commit.template [2ms]
2024-12-04 09:01:17.430 [info] [Git][getRemotes] No remotes found in the git config file
2024-12-04 09:01:17.430 [info] > git for-each-ref --format=%(refname)%00%(upstream:short)%00%(objectname)%00%(upstream:track)%00%(upstream:remotename)%00%(upstream:remoteref) refs/heads/master refs/remotes/master [1ms]
2024-12-04 09:01:17.430 [warning] [Git][getBranch] No such branch: master
2024-12-04 09:01:17.454 [info] > git status -z -uall [12ms]
2024-12-04 09:01:17.455 [info] > git for-each-ref --sort -committerdate --format %(refname) %(objectname) %(*objectname) [1ms]
2024-12-04 09:01:17.481 [info] > git for-each-ref --format=%(refname)%00%(upstream:short)%00%(objectname)%00%(upstream:track)%00%(upstream:remotename)%00%(upstream:remoteref) refs/heads/master refs/remotes/master [13ms]
2024-12-04 09:01:17.481 [warning] [Git][getBranch] No such branch: master
2024-12-04 09:01:17.481 [error] [GitHistoryProvider][resolveHEADMergeBase] Failed to resolve merge base for master: Error: No such branch: master.
2024-12-04 09:01:17.483 [info] > git config --get commit.template [3ms]
2024-12-04 09:01:17.485 [info] [Git][getRemotes] No remotes found in the git config file
2024-12-04 09:01:17.496 [info] > git for-each-ref --format=%(refname)%00%(upstream:short)%00%(objectname)%00%(upstream:track)%00%(upstream:remotename)%00%(upstream:remoteref) refs/heads/master refs/remotes/master [0ms]
2024-12-04 09:01:17.496 [warning] [Git][getBranch] No such branch: master
2024-12-04 09:01:17.518 [info] > git status -z -uall [13ms]
2024-12-04 09:01:17.518 [info] > git for-each-ref --sort -committerdate --format %(refname) %(objectname) %(*objectname) [2ms]
2024-12-04 09:01:17.761 [info] > git show --textconv :2_variables.dart [14ms]
2024-12-04 09:01:17.762 [info] > git ls-files --stage -- /home/statick/workspaces/practicas/flutter/ejercicios/2_variables.dart [1ms]
2024-12-04 09:01:17.939 [info] > git check-ignore -v -z --stdin [2ms]
2024-12-04 09:01:19.246 [info] [Git][getRemotes] No remotes found in the git config file
2024-12-04 09:01:19.246 [info] > git config --get commit.template [15ms]
2024-12-04 09:01:19.246 [info] > git for-each-ref --format=%(refname)%00%(upstream:short)%00%(objectname)%00%(upstream:track)%00%(upstream:remotename)%00%(upstream:remoteref) refs/heads/master refs/remotes/master [1ms]
2024-12-04 09:01:19.246 [warning] [Git][getBranch] No such branch: master
2024-12-04 09:01:19.274 [info] > git status -z -uall [15ms]
2024-12-04 09:01:19.275 [info] > git for-each-ref --sort -committerdate --format %(refname) %(objectname) %(*objectname) [1ms]
2024-12-04 09:01:20.234 [info] > git config --get commit.template [2ms]
2024-12-04 09:01:20.251 [info] [Git][getRemotes] No remotes found in the git config file
2024-12-04 09:01:20.252 [info] > git for-each-ref --format=%(refname)%00%(upstream:short)%00%(objectname)%00%(upstream:track)%00%(upstream:remotename)%00%(upstream:remoteref) refs/heads/master refs/remotes/master [0ms]
2024-12-04 09:01:20.252 [warning] [Git][getBranch] No such branch: master
2024-12-04 09:01:20.282 [info] > git status -z -uall [14ms]
2024-12-04 09:01:20.282 [info] > git for-each-ref --sort -committerdate --format %(refname) %(objectname) %(*objectname) [1ms]
2024-12-04 09:01:20.330 [info] > git ls-files --stage -- /home/statick/workspaces/practicas/flutter/ejercicios/2_variables.dart [1ms]
2024-12-04 09:01:20.343 [info] > git cat-file -s 0033725c428116c4d7041870211e2c37a54f6441 [1ms]
2024-12-04 09:01:20.355 [info] > git show --textconv :2_variables.dart [1ms]
2024-12-04 09:01:28.159 [info] [Git][getRemotes] No remotes found in the git config file
2024-12-04 09:01:28.169 [info] > git config --get commit.template [11ms]
2024-12-04 09:01:28.170 [info] > git for-each-ref --format=%(refname)%00%(upstream:short)%00%(objectname)%00%(upstream:track)%00%(upstream:remotename)%00%(upstream:remoteref) refs/heads/master refs/remotes/master [1ms]
2024-12-04 09:01:28.191 [info] > git status -z -uall [11ms]
2024-12-04 09:01:28.192 [info] > git for-each-ref --sort -committerdate --format %(refname) %(objectname) %(*objectname) [1ms]
2024-12-04 09:01:29.151 [info] [Git][getRemotes] No remotes found in the git config file
2024-12-04 09:01:29.152 [info] > git config --get commit.template [18ms]
2024-12-04 09:01:29.153 [info] > git for-each-ref --format=%(refname)%00%(upstream:short)%00%(objectname)%00%(upstream:track)%00%(upstream:remotename)%00%(upstream:remoteref) refs/heads/master refs/remotes/master [2ms]
2024-12-04 09:01:29.178 [info] > git status -z -uall [12ms]
2024-12-04 09:01:29.179 [info] > git for-each-ref --sort -committerdate --format %(refname) %(objectname) %(*objectname) [1ms]
2024-12-04 09:01:29.232 [info] > git ls-files --stage -- /home/statick/workspaces/practicas/flutter/ejercicios/2_variables.dart [2ms]
2024-12-04 09:01:29.247 [info] > git cat-file -s 0033725c428116c4d7041870211e2c37a54f6441 [1ms]
2024-12-04 09:01:29.260 [info] > git show --textconv :2_variables.dart [1ms]
2024-12-04 09:01:33.258 [info] > git ls-files --stage -- /home/statick/workspaces/practicas/flutter/ejercicios/2_variables.dart [2ms]
2024-12-04 09:01:33.268 [info] > git cat-file -s 0033725c428116c4d7041870211e2c37a54f6441 [1ms]
2024-12-04 09:01:33.280 [info] > git show --textconv :2_variables.dart [0ms]
2024-12-04 09:01:34.225 [info] > git config --get commit.template [19ms]
2024-12-04 09:01:34.225 [info] > git for-each-ref --format=%(refname)%00%(upstream:short)%00%(objectname)%00%(upstream:track)%00%(upstream:remotename)%00%(upstream:remoteref) refs/heads/main refs/remotes/main [2ms]
2024-12-04 09:01:34.249 [info] > git status -z -uall [12ms]
2024-12-04 09:01:34.249 [info] > git for-each-ref --sort -committerdate --format %(refname) %(objectname) %(*objectname) [1ms]
2024-12-04 09:01:34.264 [info] > git for-each-ref --format=%(refname)%00%(upstream:short)%00%(objectname)%00%(upstream:track)%00%(upstream:remotename)%00%(upstream:remoteref) refs/heads/main refs/remotes/main [1ms]
2024-12-04 09:01:34.275 [info] > git config --local branch.main.vscode-merge-base [0ms]
2024-12-04 09:01:34.275 [warning] [Git][config] git config failed: Failed to execute git
2024-12-04 09:01:34.286 [info] > git reflog main --grep-reflog=branch: Created from *. [1ms]
2024-12-04 09:01:34.296 [info] > git symbolic-ref --short refs/remotes/origin/HEAD [1ms]
2024-12-04 09:01:34.296 [info] fatal: ref refs/remotes/origin/HEAD is not a symbolic ref
2024-12-04 09:01:34.296 [warning] [Repository][getDefaultBranch] Failed to get default branch details: Failed to execute git.
2024-12-04 09:01:34.308 [info] > git merge-base refs/heads/main refs/remotes/origin/main [1ms]
2024-12-04 09:01:34.319 [info] > git diff --name-status -z --diff-filter=ADMR 494744feb8ba0908fdb2e0dab93768b1d64d039d...refs/remotes/origin/main [1ms]
2024-12-04 09:01:35.069 [info] > git ls-files --stage -- /home/statick/workspaces/practicas/flutter/ejercicios/2_variables.dart [0ms]
2024-12-04 09:01:35.090 [info] > git cat-file -s 0033725c428116c4d7041870211e2c37a54f6441 [2ms]
2024-12-04 09:01:35.108 [info] > git show --textconv :2_variables.dart [2ms]
2024-12-04 09:01:41.902 [info] > git config --get commit.template [10ms]
2024-12-04 09:01:41.902 [info] > git for-each-ref --format=%(refname)%00%(upstream:short)%00%(objectname)%00%(upstream:track)%00%(upstream:remotename)%00%(upstream:remoteref) refs/heads/main refs/remotes/main [1ms]
2024-12-04 09:01:41.926 [info] > git status -z -uall [12ms]
2024-12-04 09:01:41.926 [info] > git for-each-ref --sort -committerdate --format %(refname) %(objectname) %(*objectname) [1ms]
