2024-12-04 12:05:40.761 [info] [main] Nivel de registro: Info
2024-12-04 12:05:40.761 [info] [main] Validando git encontrado en: "git"
2024-12-04 12:05:40.761 [info] [main] Usando git "2.47.1" de "git"
2024-12-04 12:05:40.761 [info] [Model][doInitialScan] Initial repository scan started
2024-12-04 12:05:40.761 [info] > git rev-parse --show-toplevel [10ms]
2024-12-04 12:05:40.761 [info] > git rev-parse --git-dir --git-common-dir [448ms]
2024-12-04 12:05:40.761 [info] [Model][openRepository] Opened repository: /home/statick/workspaces/practicas/flutter/ejercicios
2024-12-04 12:05:40.761 [info] [Model][doInitialScan] Initial repository scan completed - repositories (1), closed repositories (0), parent repositories (0), unsafe repositories (0)
2024-12-04 12:05:40.764 [info] > git config --get commit.template [28ms]
2024-12-04 12:05:40.786 [info] > git for-each-ref --format=%(refname)%00%(upstream:short)%00%(objectname)%00%(upstream:track)%00%(upstream:remotename)%00%(upstream:remoteref) refs/heads/main refs/remotes/main [5ms]
2024-12-04 12:05:41.018 [info] > git status -z -uall [51ms]
2024-12-04 12:05:41.018 [info] > git for-each-ref --sort -committerdate --format %(refname) %(objectname) %(*objectname) [40ms]
2024-12-04 12:05:41.054 [info] > git for-each-ref --format=%(refname)%00%(upstream:short)%00%(objectname)%00%(upstream:track)%00%(upstream:remotename)%00%(upstream:remoteref) refs/heads/main refs/remotes/main [23ms]
2024-12-04 12:05:42.133 [info] > git config --local branch.main.vscode-merge-base [1065ms]
2024-12-04 12:05:42.133 [warning] [Git][config] git config failed: Failed to execute git
2024-12-04 12:05:42.145 [info] > git config --get commit.template [1092ms]
2024-12-04 12:05:42.189 [info] > git check-ignore -v -z --stdin [32ms]
2024-12-04 12:05:42.189 [info] > git show --textconv :2_variables.dart [16ms]
2024-12-04 12:05:42.190 [info] > git ls-files --stage -- /home/statick/workspaces/practicas/flutter/ejercicios/2_variables.dart [5ms]
2024-12-04 12:05:42.201 [info] > git reflog main --grep-reflog=branch: Created from *. [57ms]
2024-12-04 12:05:42.248 [info] > git symbolic-ref --short refs/remotes/origin/HEAD [36ms]
2024-12-04 12:05:42.248 [info] fatal: ref refs/remotes/origin/HEAD is not a symbolic ref
2024-12-04 12:05:42.248 [warning] [Repository][getDefaultBranch] Failed to get default branch details: Failed to execute git.
2024-12-04 12:05:42.261 [info] > git cat-file -s 0033725c428116c4d7041870211e2c37a54f6441 [60ms]
2024-12-04 12:05:42.272 [info] > git merge-base refs/heads/main refs/remotes/origin/main [12ms]
2024-12-04 12:05:42.285 [info] > git for-each-ref --format=%(refname)%00%(upstream:short)%00%(objectname)%00%(upstream:track)%00%(upstream:remotename)%00%(upstream:remoteref) refs/heads/main refs/remotes/main [49ms]
2024-12-04 12:05:42.297 [info] > git diff --name-status -z --diff-filter=ADMR 494744feb8ba0908fdb2e0dab93768b1d64d039d...refs/remotes/origin/main [13ms]
2024-12-04 12:05:42.324 [info] > git status -z -uall [13ms]
2024-12-04 12:05:42.324 [info] > git for-each-ref --sort -committerdate --format %(refname) %(objectname) %(*objectname) [2ms]
2024-12-04 12:06:05.496 [info] > git config --get commit.template [14ms]
2024-12-04 12:06:05.496 [info] > git for-each-ref --format=%(refname)%00%(upstream:short)%00%(objectname)%00%(upstream:track)%00%(upstream:remotename)%00%(upstream:remoteref) refs/heads/main refs/remotes/main [1ms]
2024-12-04 12:06:05.519 [info] > git status -z -uall [11ms]
2024-12-04 12:06:05.520 [info] > git for-each-ref --sort -committerdate --format %(refname) %(objectname) %(*objectname) [1ms]
2024-12-04 12:06:10.569 [info] > git config --get commit.template [19ms]
2024-12-04 12:06:10.569 [info] > git for-each-ref --format=%(refname)%00%(upstream:short)%00%(objectname)%00%(upstream:track)%00%(upstream:remotename)%00%(upstream:remoteref) refs/heads/main refs/remotes/main [2ms]
2024-12-04 12:06:10.593 [info] > git status -z -uall [12ms]
2024-12-04 12:06:10.594 [info] > git for-each-ref --sort -committerdate --format %(refname) %(objectname) %(*objectname) [1ms]
2024-12-04 12:06:15.641 [info] > git config --get commit.template [20ms]
2024-12-04 12:06:15.641 [info] > git for-each-ref --format=%(refname)%00%(upstream:short)%00%(objectname)%00%(upstream:track)%00%(upstream:remotename)%00%(upstream:remoteref) refs/heads/main refs/remotes/main [3ms]
2024-12-04 12:06:15.680 [info] > git status -z -uall [24ms]
2024-12-04 12:06:15.680 [info] > git for-each-ref --sort -committerdate --format %(refname) %(objectname) %(*objectname) [13ms]
2024-12-04 12:06:49.392 [info] > git config --get commit.template [13ms]
2024-12-04 12:06:49.393 [info] > git for-each-ref --format=%(refname)%00%(upstream:short)%00%(objectname)%00%(upstream:track)%00%(upstream:remotename)%00%(upstream:remoteref) refs/heads/main refs/remotes/main [2ms]
2024-12-04 12:06:49.417 [info] > git status -z -uall [12ms]
2024-12-04 12:06:49.418 [info] > git for-each-ref --sort -committerdate --format %(refname) %(objectname) %(*objectname) [1ms]
2024-12-04 12:07:31.416 [info] > git config --get commit.template [15ms]
2024-12-04 12:07:31.417 [info] > git for-each-ref --format=%(refname)%00%(upstream:short)%00%(objectname)%00%(upstream:track)%00%(upstream:remotename)%00%(upstream:remoteref) refs/heads/main refs/remotes/main [1ms]
2024-12-04 12:07:31.443 [info] > git status -z -uall [13ms]
2024-12-04 12:07:31.444 [info] > git for-each-ref --sort -committerdate --format %(refname) %(objectname) %(*objectname) [2ms]
2024-12-04 12:07:36.484 [info] > git config --get commit.template [15ms]
2024-12-04 12:07:36.484 [info] > git for-each-ref --format=%(refname)%00%(upstream:short)%00%(objectname)%00%(upstream:track)%00%(upstream:remotename)%00%(upstream:remoteref) refs/heads/main refs/remotes/main [1ms]
2024-12-04 12:07:36.508 [info] > git status -z -uall [12ms]
2024-12-04 12:07:36.509 [info] > git for-each-ref --sort -committerdate --format %(refname) %(objectname) %(*objectname) [1ms]
2024-12-04 12:07:41.590 [info] > git config --get commit.template [17ms]
2024-12-04 12:07:41.590 [info] > git for-each-ref --format=%(refname)%00%(upstream:short)%00%(objectname)%00%(upstream:track)%00%(upstream:remotename)%00%(upstream:remoteref) refs/heads/main refs/remotes/main [1ms]
2024-12-04 12:07:41.615 [info] > git status -z -uall [12ms]
2024-12-04 12:07:41.616 [info] > git for-each-ref --sort -committerdate --format %(refname) %(objectname) %(*objectname) [2ms]
2024-12-04 12:07:46.653 [info] > git config --get commit.template [15ms]
2024-12-04 12:07:46.654 [info] > git for-each-ref --format=%(refname)%00%(upstream:short)%00%(objectname)%00%(upstream:track)%00%(upstream:remotename)%00%(upstream:remoteref) refs/heads/main refs/remotes/main [1ms]
2024-12-04 12:07:46.677 [info] > git status -z -uall [12ms]
2024-12-04 12:07:46.677 [info] > git for-each-ref --sort -committerdate --format %(refname) %(objectname) %(*objectname) [1ms]
2024-12-04 12:07:51.703 [info] > git config --get commit.template [11ms]
2024-12-04 12:07:51.704 [info] > git for-each-ref --format=%(refname)%00%(upstream:short)%00%(objectname)%00%(upstream:track)%00%(upstream:remotename)%00%(upstream:remoteref) refs/heads/main refs/remotes/main [1ms]
2024-12-04 12:07:51.726 [info] > git status -z -uall [11ms]
2024-12-04 12:07:51.727 [info] > git for-each-ref --sort -committerdate --format %(refname) %(objectname) %(*objectname) [1ms]
2024-12-04 13:22:27.267 [info] > git config --get commit.template [16ms]
2024-12-04 13:22:27.268 [info] > git for-each-ref --format=%(refname)%00%(upstream:short)%00%(objectname)%00%(upstream:track)%00%(upstream:remotename)%00%(upstream:remoteref) refs/heads/main refs/remotes/main [1ms]
2024-12-04 13:22:27.293 [info] > git status -z -uall [13ms]
2024-12-04 13:22:27.294 [info] > git for-each-ref --sort -committerdate --format %(refname) %(objectname) %(*objectname) [2ms]
2024-12-04 13:22:32.338 [info] > git config --get commit.template [18ms]
2024-12-04 13:22:32.338 [info] > git for-each-ref --format=%(refname)%00%(upstream:short)%00%(objectname)%00%(upstream:track)%00%(upstream:remotename)%00%(upstream:remoteref) refs/heads/main refs/remotes/main [1ms]
2024-12-04 13:22:32.363 [info] > git status -z -uall [12ms]
2024-12-04 13:22:32.363 [info] > git for-each-ref --sort -committerdate --format %(refname) %(objectname) %(*objectname) [1ms]
2024-12-04 13:22:37.399 [info] > git config --get commit.template [16ms]
2024-12-04 13:22:37.399 [info] > git for-each-ref --format=%(refname)%00%(upstream:short)%00%(objectname)%00%(upstream:track)%00%(upstream:remotename)%00%(upstream:remoteref) refs/heads/main refs/remotes/main [1ms]
2024-12-04 13:22:37.424 [info] > git status -z -uall [12ms]
2024-12-04 13:22:37.426 [info] > git for-each-ref --sort -committerdate --format %(refname) %(objectname) %(*objectname) [2ms]
2024-12-04 13:22:42.466 [info] > git config --get commit.template [16ms]
2024-12-04 13:22:42.469 [info] > git for-each-ref --format=%(refname)%00%(upstream:short)%00%(objectname)%00%(upstream:track)%00%(upstream:remotename)%00%(upstream:remoteref) refs/heads/main refs/remotes/main [4ms]
2024-12-04 13:22:42.494 [info] > git status -z -uall [12ms]
2024-12-04 13:22:42.495 [info] > git for-each-ref --sort -committerdate --format %(refname) %(objectname) %(*objectname) [1ms]
2024-12-04 13:22:47.537 [info] > git config --get commit.template [18ms]
2024-12-04 13:22:47.537 [info] > git for-each-ref --format=%(refname)%00%(upstream:short)%00%(objectname)%00%(upstream:track)%00%(upstream:remotename)%00%(upstream:remoteref) refs/heads/main refs/remotes/main [1ms]
2024-12-04 13:22:47.564 [info] > git status -z -uall [13ms]
2024-12-04 13:22:47.566 [info] > git for-each-ref --sort -committerdate --format %(refname) %(objectname) %(*objectname) [2ms]
2024-12-04 13:22:52.611 [info] > git config --get commit.template [17ms]
2024-12-04 13:22:52.611 [info] > git for-each-ref --format=%(refname)%00%(upstream:short)%00%(objectname)%00%(upstream:track)%00%(upstream:remotename)%00%(upstream:remoteref) refs/heads/main refs/remotes/main [1ms]
2024-12-04 13:22:52.636 [info] > git status -z -uall [12ms]
2024-12-04 13:22:52.637 [info] > git for-each-ref --sort -committerdate --format %(refname) %(objectname) %(*objectname) [2ms]
2024-12-04 13:22:57.681 [info] > git config --get commit.template [17ms]
2024-12-04 13:22:57.681 [info] > git for-each-ref --format=%(refname)%00%(upstream:short)%00%(objectname)%00%(upstream:track)%00%(upstream:remotename)%00%(upstream:remoteref) refs/heads/main refs/remotes/main [1ms]
2024-12-04 13:22:57.709 [info] > git status -z -uall [15ms]
2024-12-04 13:22:57.710 [info] > git for-each-ref --sort -committerdate --format %(refname) %(objectname) %(*objectname) [5ms]
2024-12-04 13:23:02.754 [info] > git config --get commit.template [19ms]
2024-12-04 13:23:02.754 [info] > git for-each-ref --format=%(refname)%00%(upstream:short)%00%(objectname)%00%(upstream:track)%00%(upstream:remotename)%00%(upstream:remoteref) refs/heads/main refs/remotes/main [1ms]
2024-12-04 13:23:02.782 [info] > git status -z -uall [13ms]
2024-12-04 13:23:02.783 [info] > git for-each-ref --sort -committerdate --format %(refname) %(objectname) %(*objectname) [2ms]
2024-12-04 13:23:07.825 [info] > git config --get commit.template [16ms]
2024-12-04 13:23:07.826 [info] > git for-each-ref --format=%(refname)%00%(upstream:short)%00%(objectname)%00%(upstream:track)%00%(upstream:remotename)%00%(upstream:remoteref) refs/heads/main refs/remotes/main [1ms]
2024-12-04 13:23:07.854 [info] > git status -z -uall [13ms]
2024-12-04 13:23:07.854 [info] > git for-each-ref --sort -committerdate --format %(refname) %(objectname) %(*objectname) [2ms]
2024-12-04 13:23:15.287 [info] > git config --get commit.template [21ms]
2024-12-04 13:23:15.287 [info] > git for-each-ref --format=%(refname)%00%(upstream:short)%00%(objectname)%00%(upstream:track)%00%(upstream:remotename)%00%(upstream:remoteref) refs/heads/main refs/remotes/main [1ms]
2024-12-04 13:23:15.312 [info] > git status -z -uall [12ms]
2024-12-04 13:23:15.312 [info] > git for-each-ref --sort -committerdate --format %(refname) %(objectname) %(*objectname) [1ms]
2024-12-04 13:24:42.356 [info] > git config --get commit.template [19ms]
2024-12-04 13:24:42.356 [info] > git for-each-ref --format=%(refname)%00%(upstream:short)%00%(objectname)%00%(upstream:track)%00%(upstream:remotename)%00%(upstream:remoteref) refs/heads/main refs/remotes/main [1ms]
2024-12-04 13:24:42.381 [info] > git status -z -uall [12ms]
2024-12-04 13:24:42.382 [info] > git for-each-ref --sort -committerdate --format %(refname) %(objectname) %(*objectname) [2ms]
2024-12-04 13:24:49.025 [info] > git config --get commit.template [13ms]
2024-12-04 13:24:49.025 [info] > git for-each-ref --format=%(refname)%00%(upstream:short)%00%(objectname)%00%(upstream:track)%00%(upstream:remotename)%00%(upstream:remoteref) refs/heads/main refs/remotes/main [1ms]
2024-12-04 13:24:49.049 [info] > git status -z -uall [12ms]
2024-12-04 13:24:49.050 [info] > git for-each-ref --sort -committerdate --format %(refname) %(objectname) %(*objectname) [1ms]
2024-12-04 13:24:54.096 [info] > git config --get commit.template [20ms]
2024-12-04 13:24:54.096 [info] > git for-each-ref --format=%(refname)%00%(upstream:short)%00%(objectname)%00%(upstream:track)%00%(upstream:remotename)%00%(upstream:remoteref) refs/heads/main refs/remotes/main [1ms]
2024-12-04 13:24:54.123 [info] > git status -z -uall [14ms]
2024-12-04 13:24:54.123 [info] > git for-each-ref --sort -committerdate --format %(refname) %(objectname) %(*objectname) [1ms]
2024-12-04 13:25:13.884 [info] [main] Nivel de registro: Info
2024-12-04 13:25:13.884 [info] [main] Validando git encontrado en: "git"
2024-12-04 13:25:13.884 [info] [main] Usando git "2.47.1" de "git"
2024-12-04 13:25:13.884 [info] [Model][doInitialScan] Initial repository scan started
2024-12-04 13:25:13.884 [info] > git rev-parse --show-toplevel [4ms]
2024-12-04 13:25:13.885 [info] > git rev-parse --git-dir --git-common-dir [1ms]
2024-12-04 13:25:13.895 [info] [Model][openRepository] Opened repository: /home/statick/workspaces/practicas/flutter/ejercicios
2024-12-04 13:25:13.900 [info] [Model][doInitialScan] Initial repository scan completed - repositories (1), closed repositories (0), parent repositories (0), unsafe repositories (0)
2024-12-04 13:25:13.913 [info] > git config --get commit.template [6ms]
2024-12-04 13:25:13.920 [info] > git for-each-ref --format=%(refname)%00%(upstream:short)%00%(objectname)%00%(upstream:track)%00%(upstream:remotename)%00%(upstream:remoteref) refs/heads/main refs/remotes/main [1ms]
2024-12-04 13:25:13.933 [info] > git status -z -uall [7ms]
2024-12-04 13:25:13.945 [info] > git for-each-ref --sort -committerdate --format %(refname) %(objectname) %(*objectname) [14ms]
2024-12-04 13:25:13.997 [info] > git for-each-ref --format=%(refname)%00%(upstream:short)%00%(objectname)%00%(upstream:track)%00%(upstream:remotename)%00%(upstream:remoteref) refs/heads/main refs/remotes/main [45ms]
2024-12-04 13:25:14.021 [info] > git config --local branch.main.vscode-merge-base [19ms]
2024-12-04 13:25:14.021 [warning] [Git][config] git config failed: Failed to execute git
2024-12-04 13:25:14.071 [info] > git reflog main --grep-reflog=branch: Created from *. [46ms]
2024-12-04 13:25:14.083 [info] > git symbolic-ref --short refs/remotes/origin/HEAD [7ms]
2024-12-04 13:25:14.083 [info] fatal: ref refs/remotes/origin/HEAD is not a symbolic ref
2024-12-04 13:25:14.083 [warning] [Repository][getDefaultBranch] Failed to get default branch details: Failed to execute git.
2024-12-04 13:25:14.096 [info] > git config --get commit.template [27ms]
2024-12-04 13:25:14.110 [info] > git merge-base refs/heads/main refs/remotes/origin/main [21ms]
2024-12-04 13:25:14.126 [info] > git for-each-ref --format=%(refname)%00%(upstream:short)%00%(objectname)%00%(upstream:track)%00%(upstream:remotename)%00%(upstream:remoteref) refs/heads/main refs/remotes/main [6ms]
2024-12-04 13:25:14.126 [info] > git diff --name-status -z --diff-filter=ADMR 494744feb8ba0908fdb2e0dab93768b1d64d039d...refs/remotes/origin/main [12ms]
2024-12-04 13:25:14.137 [info] > git status -z -uall [5ms]
2024-12-04 13:25:14.138 [info] > git for-each-ref --sort -committerdate --format %(refname) %(objectname) %(*objectname) [2ms]
2024-12-04 13:25:14.776 [info] > git check-ignore -v -z --stdin [102ms]
2024-12-04 13:25:14.846 [info] > git show --textconv :2_variables.dart [49ms]
2024-12-04 13:25:14.846 [info] > git ls-files --stage -- /home/statick/workspaces/practicas/flutter/ejercicios/2_variables.dart [43ms]
2024-12-04 13:25:14.859 [info] > git cat-file -s 0033725c428116c4d7041870211e2c37a54f6441 [8ms]
2024-12-04 13:25:20.512 [info] > git config --get commit.template [12ms]
2024-12-04 13:25:20.513 [info] > git for-each-ref --format=%(refname)%00%(upstream:short)%00%(objectname)%00%(upstream:track)%00%(upstream:remotename)%00%(upstream:remoteref) refs/heads/main refs/remotes/main [2ms]
2024-12-04 13:25:20.531 [info] > git status -z -uall [9ms]
2024-12-04 13:25:20.532 [info] > git for-each-ref --sort -committerdate --format %(refname) %(objectname) %(*objectname) [1ms]
2024-12-04 13:25:25.559 [info] > git config --get commit.template [12ms]
2024-12-04 13:25:25.560 [info] > git for-each-ref --format=%(refname)%00%(upstream:short)%00%(objectname)%00%(upstream:track)%00%(upstream:remotename)%00%(upstream:remoteref) refs/heads/main refs/remotes/main [2ms]
2024-12-04 13:25:25.577 [info] > git status -z -uall [8ms]
2024-12-04 13:25:25.578 [info] > git for-each-ref --sort -committerdate --format %(refname) %(objectname) %(*objectname) [2ms]
2024-12-04 13:25:30.605 [info] > git config --get commit.template [13ms]
2024-12-04 13:25:30.606 [info] > git for-each-ref --format=%(refname)%00%(upstream:short)%00%(objectname)%00%(upstream:track)%00%(upstream:remotename)%00%(upstream:remoteref) refs/heads/main refs/remotes/main [2ms]
2024-12-04 13:25:30.625 [info] > git status -z -uall [9ms]
2024-12-04 13:25:30.626 [info] > git for-each-ref --sort -committerdate --format %(refname) %(objectname) %(*objectname) [1ms]
2024-12-04 13:25:35.659 [info] > git config --get commit.template [14ms]
2024-12-04 13:25:35.661 [info] > git for-each-ref --format=%(refname)%00%(upstream:short)%00%(objectname)%00%(upstream:track)%00%(upstream:remotename)%00%(upstream:remoteref) refs/heads/main refs/remotes/main [4ms]
2024-12-04 13:25:35.675 [info] > git status -z -uall [7ms]
2024-12-04 13:25:35.676 [info] > git for-each-ref --sort -committerdate --format %(refname) %(objectname) %(*objectname) [1ms]
2024-12-04 13:25:40.704 [info] > git config --get commit.template [13ms]
2024-12-04 13:25:40.705 [info] > git for-each-ref --format=%(refname)%00%(upstream:short)%00%(objectname)%00%(upstream:track)%00%(upstream:remotename)%00%(upstream:remoteref) refs/heads/main refs/remotes/main [2ms]
2024-12-04 13:25:40.722 [info] > git status -z -uall [8ms]
2024-12-04 13:25:40.723 [info] > git for-each-ref --sort -committerdate --format %(refname) %(objectname) %(*objectname) [1ms]
2024-12-04 13:25:45.755 [info] > git config --get commit.template [13ms]
2024-12-04 13:25:45.755 [info] > git for-each-ref --format=%(refname)%00%(upstream:short)%00%(objectname)%00%(upstream:track)%00%(upstream:remotename)%00%(upstream:remoteref) refs/heads/main refs/remotes/main [2ms]
2024-12-04 13:25:45.771 [info] > git status -z -uall [7ms]
2024-12-04 13:25:45.772 [info] > git for-each-ref --sort -committerdate --format %(refname) %(objectname) %(*objectname) [2ms]
2024-12-04 13:25:55.505 [info] > git config --get commit.template [7ms]
2024-12-04 13:25:55.506 [info] > git for-each-ref --format=%(refname)%00%(upstream:short)%00%(objectname)%00%(upstream:track)%00%(upstream:remotename)%00%(upstream:remoteref) refs/heads/main refs/remotes/main [1ms]
2024-12-04 13:25:55.518 [info] > git status -z -uall [7ms]
2024-12-04 13:25:55.518 [info] > git for-each-ref --sort -committerdate --format %(refname) %(objectname) %(*objectname) [1ms]
2024-12-04 13:26:26.712 [info] > git config --get commit.template [12ms]
2024-12-04 13:26:26.713 [info] > git for-each-ref --format=%(refname)%00%(upstream:short)%00%(objectname)%00%(upstream:track)%00%(upstream:remotename)%00%(upstream:remoteref) refs/heads/main refs/remotes/main [2ms]
2024-12-04 13:26:26.731 [info] > git status -z -uall [8ms]
2024-12-04 13:26:26.732 [info] > git for-each-ref --sort -committerdate --format %(refname) %(objectname) %(*objectname) [1ms]
2024-12-04 13:26:31.759 [info] > git config --get commit.template [12ms]
2024-12-04 13:26:31.761 [info] > git for-each-ref --format=%(refname)%00%(upstream:short)%00%(objectname)%00%(upstream:track)%00%(upstream:remotename)%00%(upstream:remoteref) refs/heads/main refs/remotes/main [3ms]
2024-12-04 13:26:31.781 [info] > git status -z -uall [11ms]
2024-12-04 13:26:31.782 [info] > git for-each-ref --sort -committerdate --format %(refname) %(objectname) %(*objectname) [2ms]
2024-12-04 13:26:36.804 [info] > git config --get commit.template [7ms]
2024-12-04 13:26:36.804 [info] > git for-each-ref --format=%(refname)%00%(upstream:short)%00%(objectname)%00%(upstream:track)%00%(upstream:remotename)%00%(upstream:remoteref) refs/heads/main refs/remotes/main [1ms]
2024-12-04 13:26:36.815 [info] > git status -z -uall [6ms]
2024-12-04 13:26:36.816 [info] > git for-each-ref --sort -committerdate --format %(refname) %(objectname) %(*objectname) [2ms]
2024-12-04 13:26:41.832 [info] > git config --get commit.template [7ms]
2024-12-04 13:26:41.832 [info] > git for-each-ref --format=%(refname)%00%(upstream:short)%00%(objectname)%00%(upstream:track)%00%(upstream:remotename)%00%(upstream:remoteref) refs/heads/main refs/remotes/main [1ms]
2024-12-04 13:26:41.845 [info] > git status -z -uall [7ms]
2024-12-04 13:26:41.845 [info] > git for-each-ref --sort -committerdate --format %(refname) %(objectname) %(*objectname) [1ms]
2024-12-04 13:26:46.862 [info] > git config --get commit.template [2ms]
2024-12-04 13:26:46.875 [info] > git for-each-ref --format=%(refname)%00%(upstream:short)%00%(objectname)%00%(upstream:track)%00%(upstream:remotename)%00%(upstream:remoteref) refs/heads/main refs/remotes/main [2ms]
2024-12-04 13:26:46.894 [info] > git status -z -uall [9ms]
2024-12-04 13:26:46.895 [info] > git for-each-ref --sort -committerdate --format %(refname) %(objectname) %(*objectname) [1ms]
2024-12-04 13:26:51.910 [info] > git config --get commit.template [6ms]
2024-12-04 13:26:51.911 [info] > git for-each-ref --format=%(refname)%00%(upstream:short)%00%(objectname)%00%(upstream:track)%00%(upstream:remotename)%00%(upstream:remoteref) refs/heads/main refs/remotes/main [1ms]
2024-12-04 13:26:51.922 [info] > git status -z -uall [6ms]
2024-12-04 13:26:51.923 [info] > git for-each-ref --sort -committerdate --format %(refname) %(objectname) %(*objectname) [1ms]
2024-12-04 13:27:02.312 [info] > git config --get commit.template [8ms]
2024-12-04 13:27:02.313 [info] > git for-each-ref --format=%(refname)%00%(upstream:short)%00%(objectname)%00%(upstream:track)%00%(upstream:remotename)%00%(upstream:remoteref) refs/heads/main refs/remotes/main [1ms]
2024-12-04 13:27:02.327 [info] > git status -z -uall [8ms]
2024-12-04 13:27:02.327 [info] > git for-each-ref --sort -committerdate --format %(refname) %(objectname) %(*objectname) [1ms]
2024-12-04 13:27:06.779 [info] > git check-ignore -v -z --stdin [0ms]
2024-12-04 13:27:30.818 [info] > git config --get commit.template [11ms]
2024-12-04 13:27:30.818 [info] > git for-each-ref --format=%(refname)%00%(upstream:short)%00%(objectname)%00%(upstream:track)%00%(upstream:remotename)%00%(upstream:remoteref) refs/heads/main refs/remotes/main [2ms]
2024-12-04 13:27:30.833 [info] > git status -z -uall [7ms]
2024-12-04 13:27:30.834 [info] > git for-each-ref --sort -committerdate --format %(refname) %(objectname) %(*objectname) [1ms]
2024-12-04 13:28:10.298 [info] > git config --get commit.template [8ms]
2024-12-04 13:28:10.299 [info] > git for-each-ref --format=%(refname)%00%(upstream:short)%00%(objectname)%00%(upstream:track)%00%(upstream:remotename)%00%(upstream:remoteref) refs/heads/main refs/remotes/main [1ms]
2024-12-04 13:28:10.311 [info] > git status -z -uall [7ms]
2024-12-04 13:28:10.311 [info] > git for-each-ref --sort -committerdate --format %(refname) %(objectname) %(*objectname) [1ms]
2024-12-04 13:34:43.496 [info] > git log --format=%H%n%aN%n%aE%n%at%n%ct%n%P%n%D%n%B -z --shortstat --diff-merges=first-parent -n50 --skip=0 --topo-order --decorate=full --stdin [1ms]
2024-12-04 13:35:26.873 [info] > git config --get commit.template [6ms]
2024-12-04 13:35:26.873 [info] > git for-each-ref --format=%(refname)%00%(upstream:short)%00%(objectname)%00%(upstream:track)%00%(upstream:remotename)%00%(upstream:remoteref) refs/heads/main refs/remotes/main [1ms]
2024-12-04 13:35:26.886 [info] > git status -z -uall [6ms]
2024-12-04 13:35:26.894 [info] > git for-each-ref --sort -committerdate --format %(refname) %(objectname) %(*objectname) [8ms]
2024-12-04 13:35:26.904 [info] > git ls-files --stage -- /home/statick/workspaces/practicas/flutter/ejercicios/2_variables.dart [11ms]
2024-12-04 13:35:26.912 [info] > git cat-file -s 4b0fd46cbf9c63c48b495e510e220222c3ded5f3 [2ms]
2024-12-04 13:35:26.912 [info] > git merge-base refs/heads/main refs/remotes/origin/main [9ms]
2024-12-04 13:35:26.924 [info] > git diff --name-status -z --diff-filter=ADMR f715ead1822291071f4571780886b5daf8f0847d...refs/remotes/origin/main [6ms]
2024-12-04 13:35:26.925 [info] > git show --textconv :2_variables.dart [1ms]
2024-12-04 13:35:31.933 [info] > git config --get commit.template [12ms]
2024-12-04 13:35:31.934 [info] > git for-each-ref --format=%(refname)%00%(upstream:short)%00%(objectname)%00%(upstream:track)%00%(upstream:remotename)%00%(upstream:remoteref) refs/heads/main refs/remotes/main [2ms]
2024-12-04 13:35:31.948 [info] > git status -z -uall [7ms]
2024-12-04 13:35:31.949 [info] > git for-each-ref --sort -committerdate --format %(refname) %(objectname) %(*objectname) [1ms]
2024-12-04 13:47:42.508 [info] [main] Nivel de registro: Info
2024-12-04 13:47:42.508 [info] [main] Validando git encontrado en: "git"
2024-12-04 13:47:42.508 [info] [main] Usando git "2.47.1" de "git"
2024-12-04 13:47:42.508 [info] [Model][doInitialScan] Initial repository scan started
2024-12-04 13:47:42.508 [info] > git rev-parse --show-toplevel [4ms]
2024-12-04 13:47:42.516 [info] > git rev-parse --git-dir --git-common-dir [2ms]
2024-12-04 13:47:42.523 [info] [Model][openRepository] Opened repository: /home/statick/workspaces/practicas/flutter/ejercicios
2024-12-04 13:47:42.526 [info] [Model][doInitialScan] Initial repository scan completed - repositories (1), closed repositories (0), parent repositories (0), unsafe repositories (0)
2024-12-04 13:47:42.555 [info] > git config --get commit.template [17ms]
2024-12-04 13:47:42.555 [info] > git ls-files --stage -- /home/statick/workspaces/practicas/flutter/ejercicios/2_variables.dart [22ms]
2024-12-04 13:47:42.564 [info] > git cat-file -s 4b0fd46cbf9c63c48b495e510e220222c3ded5f3 [4ms]
2024-12-04 13:47:42.583 [info] > git show --textconv :2_variables.dart [1ms]
2024-12-04 13:47:42.583 [info] > git for-each-ref --format=%(refname)%00%(upstream:short)%00%(objectname)%00%(upstream:track)%00%(upstream:remotename)%00%(upstream:remoteref) refs/heads/main refs/remotes/main [8ms]
2024-12-04 13:47:42.755 [info] > git status -z -uall [45ms]
2024-12-04 13:47:42.755 [info] > git for-each-ref --sort -committerdate --format %(refname) %(objectname) %(*objectname) [37ms]
2024-12-04 13:47:42.820 [info] > git for-each-ref --format=%(refname)%00%(upstream:short)%00%(objectname)%00%(upstream:track)%00%(upstream:remotename)%00%(upstream:remoteref) refs/heads/main refs/remotes/main [53ms]
2024-12-04 13:47:42.829 [info] > git config --local branch.main.vscode-merge-base [2ms]
2024-12-04 13:47:42.829 [warning] [Git][config] git config failed: Failed to execute git
2024-12-04 13:47:42.900 [info] > git reflog main --grep-reflog=branch: Created from *. [64ms]
2024-12-04 13:47:42.912 [info] > git symbolic-ref --short refs/remotes/origin/HEAD [5ms]
2024-12-04 13:47:42.912 [info] fatal: ref refs/remotes/origin/HEAD is not a symbolic ref
2024-12-04 13:47:42.912 [warning] [Repository][getDefaultBranch] Failed to get default branch details: Failed to execute git.
2024-12-04 13:47:42.921 [info] > git config --get commit.template [26ms]
2024-12-04 13:47:43.504 [info] > git merge-base refs/heads/main refs/remotes/origin/main [585ms]
2024-12-04 13:47:43.569 [info] > git check-ignore -v -z --stdin [51ms]
2024-12-04 13:47:43.570 [info] > git diff --name-status -z --diff-filter=ADMR f715ead1822291071f4571780886b5daf8f0847d...refs/remotes/origin/main [60ms]
2024-12-04 13:47:43.629 [info] > git for-each-ref --format=%(refname)%00%(upstream:short)%00%(objectname)%00%(upstream:track)%00%(upstream:remotename)%00%(upstream:remoteref) refs/heads/main refs/remotes/main [67ms]
2024-12-04 13:47:43.665 [info] > git status -z -uall [9ms]
2024-12-04 13:47:43.666 [info] > git for-each-ref --sort -committerdate --format %(refname) %(objectname) %(*objectname) [3ms]
