[1733361362449] INFO  (ext): SQLTools is starting
[1733361362457] INFO  (ext): initializing language client...
[1733361362463] INFO  (ext): Registering client for languages [{"scheme":"sqltools"},{"language":"sql","scheme":"untitled"},{"language":"sql","scheme":"file"},{"language":"sql","scheme":"sqltools"}]
    ns: "lc"
[1733361362488] INFO  (ext): loading plugins...
[1733361362489] INFO  (ext): registering Formatter Plugin.
    plugin: {
      "name": "Formatter Plugin"
    }
[1733361362491] INFO  (ext): registering Connection Manager Plugin.
    plugin: {
      "name": "Connection Manager Plugin"
    }
[1733361362492] INFO  (ext): registering CodeLens Plugin.
    plugin: {
      "name": "CodeLens Plugin",
      "registeredLanguages": []
    }
[1733361362499] INFO  (ext): registering Dependency Manager Plugin.
    plugin: {
      "name": "Dependency Manager Plugin",
      "installingDrivers": []
    }
[1733361362516] INFO  (ext): Connection explorer changed. Will be updated.
    ns: "conn-man:explorer"
[1733361362517] INFO  (ext): registering History Manager Plugin.
    plugin: {
      "name": "History Manager Plugin"
    }
[1733361362521] INFO  (ext): registering Bookmarks Manager Plugin.
    plugin: {
      "name": "Bookmarks Manager Plugin"
    }
[1733361362526] INFO  (ext): registering Authentication Provider Plugin.
    plugin: {
      "name": "Authentication Provider Plugin",
      "isRegistered": false
    }
[1733361362528] INFO  (ext): registering Object Drop-in Provider (plugin).
    plugin: {
      "type": "plugin",
      "name": "Object Drop-in Provider",
      "isRegistered": false
    }
[1733361362536] INFO  (ext): SQLTools activation completed. 84.29814 ms
[1733361362537] INFO  (ext): Formatter Plugin registered!
[1733361362537] INFO  (ext): CodeLens Plugin registered!
[1733361362538] INFO  (ext): Dependency Manager Plugin registered!
[1733361362539] INFO  (ext): Connection Manager Plugin registered!
[1733361362539] INFO  (ext): History Manager Plugin registered!
[1733361362539] INFO  (ext): Bookmarks Manager Plugin registered!
[1733361362539] INFO  (ext): Authentication Provider Plugin registered!
[1733361362539] INFO  (ext): Object Drop-in Provider (plugin) registered!
[1733361363156] INFO  (ext): registering PostgreSQL/Cockroach Plugin (driver).
    plugin: {
      "extensionId": "mtxr.sqltools-driver-pg",
      "name": "PostgreSQL/Cockroach Plugin",
      "type": "driver"
    }
[1733361363424] INFO  (ext): registering SQLite Plugin (driver).
    plugin: {
      "extensionId": "mtxr.sqltools-driver-sqlite",
      "name": "SQLite Plugin",
      "type": "driver"
    }
[1733361363580] INFO  (ls): SQLTools Server started!
===============================
Using node runtime?: no
ExecPath: /usr/share/code/code 
===============================
[1733361363618] INFO  (ext): LanguageClient ready
    ns: "lc"
[1733361363605] INFO  (ls): Initialized with node version:v20.18.0
[1733361363630] INFO  (ls): REQUEST RECEIVED => ls/RegisterPlugin
[1733361363631] INFO  (ls): request to register plugin: "/home/statick/.vscode/extensions/mtxr.sqltools-driver-pg-0.5.4/out/ls/plugin.js"
[1733361363802] INFO  (ls): Driver postgresql registered!
    place: "driver-map"
    ns: "ls-context"
[1733361363803] INFO  (ls): Driver aws redshift registered!
    place: "driver-map"
    ns: "ls-context"
[1733361363803] INFO  (ls): Driver cockroachdb registered!
    place: "driver-map"
    ns: "ls-context"
[1733361363804] INFO  (ls): REQUEST RECEIVED => ls/RegisterPlugin
[1733361363804] INFO  (ls): request to register plugin: "/home/statick/.vscode/extensions/mtxr.sqltools-driver-sqlite-0.5.1/out/ls/plugin.js"
[1733361363806] INFO  (ext): PostgreSQL/Cockroach Plugin (driver) registered!
[1733361363929] INFO  (ls): Driver sqlite registered!
    place: "driver-map"
    ns: "ls-context"
[1733361363934] INFO  (ext): SQLite Plugin (driver) registered!
[1733361364519] INFO  (ext): Connection explorer changed. Will be updated.
    ns: "conn-man:explorer"
[1733361365062] INFO  (ext): EXECUTING COMMAND => sqltools.refreshTree
[1733361365063] INFO  (ext): Connection explorer changed. Will be updated.
    ns: "conn-man:explorer"
[1733361370938] INFO  (ext): Connection explorer changed. Will be updated.
    ns: "conn-man:explorer"
[1733361372241] INFO  (ext): Connection explorer changed. Will be updated.
    ns: "conn-man:explorer"
[1733361372994] INFO  (ext): Connection explorer changed. Will be updated.
    ns: "conn-man:explorer"
[1733361373598] INFO  (ext): Connection explorer changed. Will be updated.
    ns: "conn-man:explorer"
[1733361374180] INFO  (ext): Connection explorer changed. Will be updated.
    ns: "conn-man:explorer"
[1733361375139] INFO  (ext): Connection explorer changed. Will be updated.
    ns: "conn-man:explorer"
[1733361376258] INFO  (ext): Connection explorer changed. Will be updated.
    ns: "conn-man:explorer"
[1733361376616] INFO  (ext): Connection explorer changed. Will be updated.
    ns: "conn-man:explorer"
[1733361376917] INFO  (ext): Connection explorer changed. Will be updated.
    ns: "conn-man:explorer"
[1733361496921] INFO  (ext): Connection explorer changed. Will be updated.
    ns: "conn-man:explorer"
[1733361522507] INFO  (ext): Connection explorer changed. Will be updated.
    ns: "conn-man:explorer"
[1733361545157] INFO  (ext): Connection explorer changed. Will be updated.
    ns: "conn-man:explorer"
[1733361634683] INFO  (ext): Connection explorer changed. Will be updated.
    ns: "conn-man:explorer"
[1733361708257] INFO  (ext): Connection explorer changed. Will be updated.
    ns: "conn-man:explorer"
[1733361818524] INFO  (ext): Connection explorer changed. Will be updated.
    ns: "conn-man:explorer"
[1733361933800] INFO  (ext): Connection explorer changed. Will be updated.
    ns: "conn-man:explorer"
[1733361995994] INFO  (ext): Connection explorer changed. Will be updated.
    ns: "conn-man:explorer"
[1733361997084] INFO  (ext): Connection explorer changed. Will be updated.
    ns: "conn-man:explorer"
[1733362319558] INFO  (ext): Connection explorer changed. Will be updated.
    ns: "conn-man:explorer"
[1733362711433] INFO  (ext): Connection explorer changed. Will be updated.
    ns: "conn-man:explorer"
[1733363186704] INFO  (ext): Connection explorer changed. Will be updated.
    ns: "conn-man:explorer"
[1733363313876] INFO  (ext): Connection explorer changed. Will be updated.
    ns: "conn-man:explorer"
[1733363313877] INFO  (ext): Connection explorer changed. Will be updated.
    ns: "conn-man:explorer"
[1733363335762] INFO  (ext): Connection explorer changed. Will be updated.
    ns: "conn-man:explorer"
[1733363335763] INFO  (ext): Connection explorer changed. Will be updated.
    ns: "conn-man:explorer"
[1733363377563] INFO  (ext): Connection explorer changed. Will be updated.
    ns: "conn-man:explorer"
[1733363377564] INFO  (ext): Connection explorer changed. Will be updated.
    ns: "conn-man:explorer"
[1733363401629] INFO  (ext): Connection explorer changed. Will be updated.
    ns: "conn-man:explorer"
[1733363401629] INFO  (ext): Connection explorer changed. Will be updated.
    ns: "conn-man:explorer"
[1733363411808] INFO  (ext): Connection explorer changed. Will be updated.
    ns: "conn-man:explorer"
[1733363411808] INFO  (ext): Connection explorer changed. Will be updated.
    ns: "conn-man:explorer"
[1733363418126] INFO  (ext): Connection explorer changed. Will be updated.
    ns: "conn-man:explorer"
[1733363418127] INFO  (ext): Connection explorer changed. Will be updated.
    ns: "conn-man:explorer"
[1733363514201] INFO  (ext): Connection explorer changed. Will be updated.
    ns: "conn-man:explorer"
[1733363629101] INFO  (ext): Connection explorer changed. Will be updated.
    ns: "conn-man:explorer"
[1733364174195] INFO  (ext): Connection explorer changed. Will be updated.
    ns: "conn-man:explorer"
[1733364174196] INFO  (ext): Connection explorer changed. Will be updated.
    ns: "conn-man:explorer"
[1733364184756] INFO  (ext): Connection explorer changed. Will be updated.
    ns: "conn-man:explorer"
[1733364184756] INFO  (ext): Connection explorer changed. Will be updated.
    ns: "conn-man:explorer"
[1733364270755] INFO  (ext): Connection explorer changed. Will be updated.
    ns: "conn-man:explorer"
[1733364270756] INFO  (ext): Connection explorer changed. Will be updated.
    ns: "conn-man:explorer"
[1733364534512] INFO  (ext): Connection explorer changed. Will be updated.
    ns: "conn-man:explorer"
[1733364697414] INFO  (ext): Connection explorer changed. Will be updated.
    ns: "conn-man:explorer"
[1733364759521] INFO  (ext): Connection explorer changed. Will be updated.
    ns: "conn-man:explorer"
[1733364883899] INFO  (ext): Connection explorer changed. Will be updated.
    ns: "conn-man:explorer"
[1733364919062] INFO  (ext): Connection explorer changed. Will be updated.
    ns: "conn-man:explorer"
[1733364927834] INFO  (ext): Connection explorer changed. Will be updated.
    ns: "conn-man:explorer"
[1733365017546] INFO  (ext): Connection explorer changed. Will be updated.
    ns: "conn-man:explorer"
[1733365279971] INFO  (ext): Connection explorer changed. Will be updated.
    ns: "conn-man:explorer"
[1733365578355] INFO  (ext): Connection explorer changed. Will be updated.
    ns: "conn-man:explorer"
[1733366618355] INFO  (ext): Connection explorer changed. Will be updated.
    ns: "conn-man:explorer"
[1733366622693] INFO  (ext): Connection explorer changed. Will be updated.
    ns: "conn-man:explorer"
[1733366916989] INFO  (ext): Connection explorer changed. Will be updated.
    ns: "conn-man:explorer"
[1733367047829] INFO  (ext): Connection explorer changed. Will be updated.
    ns: "conn-man:explorer"
[1733367398474] INFO  (ext): Connection explorer changed. Will be updated.
    ns: "conn-man:explorer"
[1733367455775] INFO  (ext): Connection explorer changed. Will be updated.
    ns: "conn-man:explorer"
[1733367537329] INFO  (ext): Connection explorer changed. Will be updated.
    ns: "conn-man:explorer"
[1733367601135] INFO  (ext): Connection explorer changed. Will be updated.
    ns: "conn-man:explorer"
[1733370707820] INFO  (ext): Connection explorer changed. Will be updated.
    ns: "conn-man:explorer"
[1733370710980] INFO  (ext): Connection explorer changed. Will be updated.
    ns: "conn-man:explorer"
[1733370774013] INFO  (ext): Connection explorer changed. Will be updated.
    ns: "conn-man:explorer"
[1733370774167] INFO  (ext): Connection explorer changed. Will be updated.
    ns: "conn-man:explorer"
[1733371853444] INFO  (ext): Connection explorer changed. Will be updated.
    ns: "conn-man:explorer"
[1733372639616] INFO  (ext): Connection explorer changed. Will be updated.
    ns: "conn-man:explorer"
[1733372720191] INFO  (ext): Connection explorer changed. Will be updated.
    ns: "conn-man:explorer"
