2024-12-05 06:24:42.656 [info] [main] Nivel de registro: Info
2024-12-05 06:24:42.656 [info] [main] Validando git encontrado en: "git"
2024-12-05 06:24:42.656 [info] [main] Usando git "2.47.1" de "git"
2024-12-05 06:24:42.656 [info] [Model][doInitialScan] Initial repository scan started
2024-12-05 06:24:42.656 [info] > git rev-parse --show-toplevel [7ms]
2024-12-05 06:24:42.656 [info] > git rev-parse --git-dir --git-common-dir [74ms]
2024-12-05 06:24:42.656 [info] [Model][openRepository] Opened repository: /home/statick/workspaces/practicas/python/farmacia2
2024-12-05 06:24:42.674 [info] > git rev-parse --show-toplevel [7ms]
2024-12-05 06:24:42.674 [info] > git config --get commit.template [12ms]
2024-12-05 06:24:42.690 [info] > git rev-parse --show-toplevel [7ms]
2024-12-05 06:24:43.008 [info] > git for-each-ref --format=%(refname)%00%(upstream:short)%00%(objectname)%00%(upstream:track)%00%(upstream:remotename)%00%(upstream:remoteref) refs/heads/main refs/remotes/main [319ms]
2024-12-05 06:24:43.026 [info] > git rev-parse --show-toplevel [19ms]
2024-12-05 06:24:43.177 [info] > git rev-parse --show-toplevel [8ms]
2024-12-05 06:24:43.228 [info] > git status -z -uall [44ms]
2024-12-05 06:24:43.228 [info] > git check-ignore -v -z --stdin [28ms]
2024-12-05 06:24:43.229 [info] > git rev-parse --show-toplevel [35ms]
2024-12-05 06:24:43.231 [info] [Model][doInitialScan] Initial repository scan completed - repositories (1), closed repositories (0), parent repositories (0), unsafe repositories (0)
2024-12-05 06:24:43.249 [info] > git for-each-ref --sort -committerdate --format %(refname) %(objectname) %(*objectname) [59ms]
2024-12-05 06:24:43.306 [info] > git show --textconv :farmacia/templates/farmacia/editar_medicamento.html [66ms]
2024-12-05 06:24:43.306 [info] > git for-each-ref --format=%(refname)%00%(upstream:short)%00%(objectname)%00%(upstream:track)%00%(upstream:remotename)%00%(upstream:remoteref) refs/heads/main refs/remotes/main [47ms]
2024-12-05 06:24:43.312 [info] > git ls-files --stage -- /home/statick/workspaces/practicas/python/farmacia2/farmacia/templates/farmacia/editar_medicamento.html [63ms]
2024-12-05 06:24:43.334 [info] > git cat-file -s e64a6ea4c9ea2332fb2326f6cf91de0bfda95899 [14ms]
2024-12-05 06:24:43.335 [info] > git config --local branch.main.vscode-merge-base [22ms]
2024-12-05 06:24:43.335 [warning] [Git][config] git config failed: Failed to execute git
2024-12-05 06:24:43.342 [info] > git config --get commit.template [38ms]
2024-12-05 06:24:43.348 [info] > git reflog main --grep-reflog=branch: Created from *. [6ms]
2024-12-05 06:24:43.386 [info] > git symbolic-ref --short refs/remotes/origin/HEAD [32ms]
2024-12-05 06:24:43.386 [info] fatal: ref refs/remotes/origin/HEAD is not a symbolic ref
2024-12-05 06:24:43.386 [warning] [Repository][getDefaultBranch] Failed to get default branch details: Failed to execute git.
2024-12-05 06:24:43.402 [info] > git merge-base refs/heads/main refs/remotes/origin/main [7ms]
2024-12-05 06:24:43.409 [info] > git for-each-ref --format=%(refname)%00%(upstream:short)%00%(objectname)%00%(upstream:track)%00%(upstream:remotename)%00%(upstream:remoteref) refs/heads/main refs/remotes/main [24ms]
2024-12-05 06:24:43.452 [info] > git diff --name-status -z --diff-filter=ADMR 98b36d92998827a0eefc30eb57fa04fb3c24dfc4...refs/remotes/origin/main [43ms]
2024-12-05 06:24:43.474 [info] > git status -z -uall [9ms]
2024-12-05 06:24:43.484 [info] > git for-each-ref --sort -committerdate --format %(refname) %(objectname) %(*objectname) [12ms]
