2024-12-04 20:12:25.270 [info] Extension host with pid 8841 started
2024-12-04 20:12:25.270 [info] Skipping acquiring lock for /home/statick/.config/Code/User/workspaceStorage/36f11d70fa0d676b856bb38e775db6bf.
2024-12-04 20:12:26.276 [info] ExtensionService#_doActivateExtension vscode.emmet, startup: false, activationEvent: 'onLanguage'
2024-12-04 20:12:26.284 [info] ExtensionService#_doActivateExtension Dart-Code.dart-code, startup: false, activationEvent: 'onLanguage:dart'
2024-12-04 20:12:27.261 [info] ExtensionService#_doActivateExtension vscode.git-base, startup: true, activationEvent: '*', root cause: vscode.git
2024-12-04 20:12:27.272 [info] ExtensionService#_doActivateExtension formulahendry.terminal, startup: true, activationEvent: '*'
2024-12-04 20:12:27.336 [info] ExtensionService#_doActivateExtension jeroen-meijer.pubspec-assist, startup: true, activationEvent: '*'
2024-12-04 20:12:28.535 [info] ExtensionService#_doActivateExtension vscode.git, startup: true, activationEvent: '*'
2024-12-04 20:12:28.537 [info] ExtensionService#_doActivateExtension vscode.github, startup: true, activationEvent: '*'
2024-12-04 20:12:30.523 [info] Eager extensions activated
2024-12-04 20:12:30.603 [info] ExtensionService#_doActivateExtension vscode.github-authentication, startup: false, activationEvent: 'onAuthenticationRequest:github'
2024-12-04 20:12:30.685 [info] ExtensionService#_doActivateExtension vscode.debug-auto-launch, startup: false, activationEvent: 'onStartupFinished'
2024-12-04 20:12:30.687 [info] ExtensionService#_doActivateExtension vscode.merge-conflict, startup: false, activationEvent: 'onStartupFinished'
2024-12-04 20:12:30.689 [info] ExtensionService#_doActivateExtension aaron-bond.better-comments, startup: false, activationEvent: 'onStartupFinished'
2024-12-04 20:12:30.719 [info] ExtensionService#_doActivateExtension esbenp.prettier-vscode, startup: false, activationEvent: 'onStartupFinished'
2024-12-04 20:12:31.134 [info] ExtensionService#_doActivateExtension Gruntfuggly.activitusbar, startup: false, activationEvent: 'onStartupFinished'
2024-12-04 20:12:31.147 [info] ExtensionService#_doActivateExtension PKief.material-icon-theme, startup: false, activationEvent: 'onStartupFinished'
2024-12-04 20:12:31.229 [info] ExtensionService#_doActivateExtension Postman.postman-for-vscode, startup: false, activationEvent: 'onStartupFinished'
2024-12-04 20:12:32.723 [info] ExtensionService#_doActivateExtension usernamehw.errorlens, startup: false, activationEvent: 'onStartupFinished'
2024-12-04 20:12:33.422 [info] ExtensionService#_doActivateExtension vscode.configuration-editing, startup: false, activationEvent: 'onLanguage:jsonc'
2024-12-04 20:12:33.423 [info] ExtensionService#_doActivateExtension vscode.json-language-features, startup: false, activationEvent: 'onLanguage:jsonc'
2024-12-04 20:12:33.425 [info] ExtensionService#_doActivateExtension vscode.typescript-language-features, startup: false, activationEvent: 'onLanguage:jsonc'
2024-12-04 20:13:43.609 [info] Extension host terminating: renderer closed the MessagePort
2024-12-04 20:13:43.748 [error] Canceled: Canceled
	at new tT (file:///usr/share/code/resources/app/out/vs/workbench/api/node/extensionHostProcess.js:31:108738)
	at py.U (file:///usr/share/code/resources/app/out/vs/workbench/api/node/extensionHostProcess.js:31:113348)
	at s.<computed>.n.charCodeAt.s.<computed> (file:///usr/share/code/resources/app/out/vs/workbench/api/node/extensionHostProcess.js:31:110842)
	at Y0.g (file:///usr/share/code/resources/app/out/vs/workbench/api/node/extensionHostProcess.js:114:32313)
	at Y0.executeCommand (file:///usr/share/code/resources/app/out/vs/workbench/api/node/extensionHostProcess.js:114:31817)
	at r.registerCommand.description (file:///usr/share/code/resources/app/out/vs/workbench/api/node/extensionHostProcess.js:114:31147)
	at Y0.h (file:///usr/share/code/resources/app/out/vs/workbench/api/node/extensionHostProcess.js:114:32833)
	at Y0.g (file:///usr/share/code/resources/app/out/vs/workbench/api/node/extensionHostProcess.js:114:31910)
	at Y0.executeCommand (file:///usr/share/code/resources/app/out/vs/workbench/api/node/extensionHostProcess.js:114:31817)
	at Object.executeCommand (file:///usr/share/code/resources/app/out/vs/workbench/api/node/extensionHostProcess.js:156:37246)
	at mh.O [as value] (/usr/share/code/resources/app/extensions/git/dist/main.js:2:961845)
	at D.B (file:///usr/share/code/resources/app/out/vs/workbench/api/node/extensionHostProcess.js:29:746)
	at D.C (file:///usr/share/code/resources/app/out/vs/workbench/api/node/extensionHostProcess.js:29:816)
	at D.fire (file:///usr/share/code/resources/app/out/vs/workbench/api/node/extensionHostProcess.js:29:1033)
	at Object.p [as dispose] (/usr/share/code/resources/app/extensions/git/dist/main.js:2:983333)
	at /usr/share/code/resources/app/extensions/git/dist/main.js:2:989455
	at Array.forEach (<anonymous>)
	at b.dispose (/usr/share/code/resources/app/extensions/git/dist/main.js:2:989441)
	at V1.<anonymous> (file:///usr/share/code/resources/app/out/vs/workbench/api/node/extensionHostProcess.js:108:19994)
	at V1.dispose (file:///usr/share/code/resources/app/out/vs/workbench/api/node/extensionHostProcess.js:108:20090)
	at V1.<anonymous> (/usr/share/code/resources/app/extensions/git/dist/main.js:2:964255)
	at V1.dispose (file:///usr/share/code/resources/app/out/vs/workbench/api/node/extensionHostProcess.js:108:20090)
	at ci (file:///usr/share/code/resources/app/out/vs/workbench/api/node/extensionHostProcess.js:24:699)
	at file:///usr/share/code/resources/app/out/vs/workbench/api/node/extensionHostProcess.js:118:14992
	at file:///usr/share/code/resources/app/out/vs/workbench/api/node/extensionHostProcess.js:24:1009
	at Object.dispose (file:///usr/share/code/resources/app/out/vs/workbench/api/node/extensionHostProcess.js:7:2146)
	at z_.eb (file:///usr/share/code/resources/app/out/vs/workbench/api/node/extensionHostProcess.js:118:11919)
	at file:///usr/share/code/resources/app/out/vs/workbench/api/node/extensionHostProcess.js:118:9874
	at Array.map (<anonymous>)
	at z_.$ (file:///usr/share/code/resources/app/out/vs/workbench/api/node/extensionHostProcess.js:118:9862)
	at z_.terminate (file:///usr/share/code/resources/app/out/vs/workbench/api/node/extensionHostProcess.js:118:10105)
	at EC.terminate (file:///usr/share/code/resources/app/out/vs/workbench/api/node/extensionHostProcess.js:119:1424)
	at Zi (file:///usr/share/code/resources/app/out/vs/workbench/api/node/extensionHostProcess.js:174:15084)
	at MessagePortMain.<anonymous> (file:///usr/share/code/resources/app/out/vs/workbench/api/node/extensionHostProcess.js:174:11632)
	at MessagePortMain.emit (node:events:519:28)
	at MessagePortMain.emit (node:domain:488:12)
	at MessagePortMain._internalPort.emit (node:electron/js2c/utility_init:2:2949) setContext undefined
2024-12-04 20:13:43.752 [error] Canceled: Canceled
	at new tT (file:///usr/share/code/resources/app/out/vs/workbench/api/node/extensionHostProcess.js:31:108738)
	at py.U (file:///usr/share/code/resources/app/out/vs/workbench/api/node/extensionHostProcess.js:31:113348)
	at s.<computed>.n.charCodeAt.s.<computed> (file:///usr/share/code/resources/app/out/vs/workbench/api/node/extensionHostProcess.js:31:110842)
	at Y0.g (file:///usr/share/code/resources/app/out/vs/workbench/api/node/extensionHostProcess.js:114:32313)
	at Y0.executeCommand (file:///usr/share/code/resources/app/out/vs/workbench/api/node/extensionHostProcess.js:114:31817)
	at r.registerCommand.description (file:///usr/share/code/resources/app/out/vs/workbench/api/node/extensionHostProcess.js:114:31147)
	at Y0.h (file:///usr/share/code/resources/app/out/vs/workbench/api/node/extensionHostProcess.js:114:32833)
	at Y0.g (file:///usr/share/code/resources/app/out/vs/workbench/api/node/extensionHostProcess.js:114:31910)
	at Y0.executeCommand (file:///usr/share/code/resources/app/out/vs/workbench/api/node/extensionHostProcess.js:114:31817)
	at Object.executeCommand (file:///usr/share/code/resources/app/out/vs/workbench/api/node/extensionHostProcess.js:156:37246)
	at set hasGitHubRepositories (/usr/share/code/resources/app/extensions/github/dist/extension.js:2:328633)
	at /usr/share/code/resources/app/extensions/github/dist/extension.js:2:329592
	at mh.value (/usr/share/code/resources/app/extensions/git/dist/main.js:2:1073936)
	at D.B (file:///usr/share/code/resources/app/out/vs/workbench/api/node/extensionHostProcess.js:29:746)
	at D.C (file:///usr/share/code/resources/app/out/vs/workbench/api/node/extensionHostProcess.js:29:816)
	at D.fire (file:///usr/share/code/resources/app/out/vs/workbench/api/node/extensionHostProcess.js:29:1033)
	at Object.p [as dispose] (/usr/share/code/resources/app/extensions/git/dist/main.js:2:983333)
	at /usr/share/code/resources/app/extensions/git/dist/main.js:2:989455
	at Array.forEach (<anonymous>)
	at b.dispose (/usr/share/code/resources/app/extensions/git/dist/main.js:2:989441)
	at V1.<anonymous> (file:///usr/share/code/resources/app/out/vs/workbench/api/node/extensionHostProcess.js:108:19994)
	at V1.dispose (file:///usr/share/code/resources/app/out/vs/workbench/api/node/extensionHostProcess.js:108:20090)
	at V1.<anonymous> (/usr/share/code/resources/app/extensions/git/dist/main.js:2:964255)
	at V1.dispose (file:///usr/share/code/resources/app/out/vs/workbench/api/node/extensionHostProcess.js:108:20090)
	at ci (file:///usr/share/code/resources/app/out/vs/workbench/api/node/extensionHostProcess.js:24:699)
	at file:///usr/share/code/resources/app/out/vs/workbench/api/node/extensionHostProcess.js:118:14992
	at file:///usr/share/code/resources/app/out/vs/workbench/api/node/extensionHostProcess.js:24:1009
	at Object.dispose (file:///usr/share/code/resources/app/out/vs/workbench/api/node/extensionHostProcess.js:7:2146)
	at z_.eb (file:///usr/share/code/resources/app/out/vs/workbench/api/node/extensionHostProcess.js:118:11919)
	at file:///usr/share/code/resources/app/out/vs/workbench/api/node/extensionHostProcess.js:118:9874
	at Array.map (<anonymous>)
	at z_.$ (file:///usr/share/code/resources/app/out/vs/workbench/api/node/extensionHostProcess.js:118:9862)
	at z_.terminate (file:///usr/share/code/resources/app/out/vs/workbench/api/node/extensionHostProcess.js:118:10105)
	at EC.terminate (file:///usr/share/code/resources/app/out/vs/workbench/api/node/extensionHostProcess.js:119:1424)
	at Zi (file:///usr/share/code/resources/app/out/vs/workbench/api/node/extensionHostProcess.js:174:15084)
	at MessagePortMain.<anonymous> (file:///usr/share/code/resources/app/out/vs/workbench/api/node/extensionHostProcess.js:174:11632)
	at MessagePortMain.emit (node:events:519:28)
	at MessagePortMain.emit (node:domain:488:12)
	at MessagePortMain._internalPort.emit (node:electron/js2c/utility_init:2:2949) setContext undefined
2024-12-04 20:13:43.753 [error] Canceled: Canceled
	at new tT (file:///usr/share/code/resources/app/out/vs/workbench/api/node/extensionHostProcess.js:31:108738)
	at py.U (file:///usr/share/code/resources/app/out/vs/workbench/api/node/extensionHostProcess.js:31:113348)
	at s.<computed>.n.charCodeAt.s.<computed> (file:///usr/share/code/resources/app/out/vs/workbench/api/node/extensionHostProcess.js:31:110842)
	at Y0.g (file:///usr/share/code/resources/app/out/vs/workbench/api/node/extensionHostProcess.js:114:32313)
	at Y0.executeCommand (file:///usr/share/code/resources/app/out/vs/workbench/api/node/extensionHostProcess.js:114:31817)
	at r.registerCommand.description (file:///usr/share/code/resources/app/out/vs/workbench/api/node/extensionHostProcess.js:114:31147)
	at Y0.h (file:///usr/share/code/resources/app/out/vs/workbench/api/node/extensionHostProcess.js:114:32833)
	at Y0.g (file:///usr/share/code/resources/app/out/vs/workbench/api/node/extensionHostProcess.js:114:31910)
	at Y0.executeCommand (file:///usr/share/code/resources/app/out/vs/workbench/api/node/extensionHostProcess.js:114:31817)
	at Object.executeCommand (file:///usr/share/code/resources/app/out/vs/workbench/api/node/extensionHostProcess.js:156:37246)
	at setCommandVisiblity (/home/statick/.vscode/extensions/dart-code.dart-code-3.102.0/out/dist/extension.js:14263:22)
	at /home/statick/.vscode/extensions/dart-code.dart-code-3.102.0/out/dist/extension.js:14238:26
	at tryCleanup (/home/statick/.vscode/extensions/dart-code.dart-code-3.102.0/out/dist/extension.js:14272:15)
	at Object.deactivate (/home/statick/.vscode/extensions/dart-code.dart-code-3.102.0/out/dist/extension.js:14238:9)
	at z_.eb (file:///usr/share/code/resources/app/out/vs/workbench/api/node/extensionHostProcess.js:118:11724)
	at file:///usr/share/code/resources/app/out/vs/workbench/api/node/extensionHostProcess.js:118:9874
	at Array.map (<anonymous>)
	at z_.$ (file:///usr/share/code/resources/app/out/vs/workbench/api/node/extensionHostProcess.js:118:9862)
	at z_.terminate (file:///usr/share/code/resources/app/out/vs/workbench/api/node/extensionHostProcess.js:118:10105)
	at EC.terminate (file:///usr/share/code/resources/app/out/vs/workbench/api/node/extensionHostProcess.js:119:1424)
	at Zi (file:///usr/share/code/resources/app/out/vs/workbench/api/node/extensionHostProcess.js:174:15084)
	at MessagePortMain.<anonymous> (file:///usr/share/code/resources/app/out/vs/workbench/api/node/extensionHostProcess.js:174:11632)
	at MessagePortMain.emit (node:events:519:28)
	at MessagePortMain.emit (node:domain:488:12)
	at MessagePortMain._internalPort.emit (node:electron/js2c/utility_init:2:2949) setContext undefined
2024-12-04 20:13:43.753 [error] Canceled: Canceled
	at new tT (file:///usr/share/code/resources/app/out/vs/workbench/api/node/extensionHostProcess.js:31:108738)
	at py.U (file:///usr/share/code/resources/app/out/vs/workbench/api/node/extensionHostProcess.js:31:113348)
	at s.<computed>.n.charCodeAt.s.<computed> (file:///usr/share/code/resources/app/out/vs/workbench/api/node/extensionHostProcess.js:31:110842)
	at Y0.g (file:///usr/share/code/resources/app/out/vs/workbench/api/node/extensionHostProcess.js:114:32313)
	at Y0.executeCommand (file:///usr/share/code/resources/app/out/vs/workbench/api/node/extensionHostProcess.js:114:31817)
	at r.registerCommand.description (file:///usr/share/code/resources/app/out/vs/workbench/api/node/extensionHostProcess.js:114:31147)
	at Y0.h (file:///usr/share/code/resources/app/out/vs/workbench/api/node/extensionHostProcess.js:114:32833)
	at Y0.g (file:///usr/share/code/resources/app/out/vs/workbench/api/node/extensionHostProcess.js:114:31910)
	at Y0.executeCommand (file:///usr/share/code/resources/app/out/vs/workbench/api/node/extensionHostProcess.js:114:31817)
	at Object.executeCommand (file:///usr/share/code/resources/app/out/vs/workbench/api/node/extensionHostProcess.js:156:37246)
	at setCommandVisiblity (/home/statick/.vscode/extensions/dart-code.dart-code-3.102.0/out/dist/extension.js:14264:22)
	at /home/statick/.vscode/extensions/dart-code.dart-code-3.102.0/out/dist/extension.js:14238:26
	at tryCleanup (/home/statick/.vscode/extensions/dart-code.dart-code-3.102.0/out/dist/extension.js:14272:15)
	at Object.deactivate (/home/statick/.vscode/extensions/dart-code.dart-code-3.102.0/out/dist/extension.js:14238:9)
	at z_.eb (file:///usr/share/code/resources/app/out/vs/workbench/api/node/extensionHostProcess.js:118:11724)
	at file:///usr/share/code/resources/app/out/vs/workbench/api/node/extensionHostProcess.js:118:9874
	at Array.map (<anonymous>)
	at z_.$ (file:///usr/share/code/resources/app/out/vs/workbench/api/node/extensionHostProcess.js:118:9862)
	at z_.terminate (file:///usr/share/code/resources/app/out/vs/workbench/api/node/extensionHostProcess.js:118:10105)
	at EC.terminate (file:///usr/share/code/resources/app/out/vs/workbench/api/node/extensionHostProcess.js:119:1424)
	at Zi (file:///usr/share/code/resources/app/out/vs/workbench/api/node/extensionHostProcess.js:174:15084)
	at MessagePortMain.<anonymous> (file:///usr/share/code/resources/app/out/vs/workbench/api/node/extensionHostProcess.js:174:11632)
	at MessagePortMain.emit (node:events:519:28)
	at MessagePortMain.emit (node:domain:488:12)
	at MessagePortMain._internalPort.emit (node:electron/js2c/utility_init:2:2949) setContext undefined
2024-12-04 20:13:43.754 [error] Canceled: Canceled
	at new tT (file:///usr/share/code/resources/app/out/vs/workbench/api/node/extensionHostProcess.js:31:108738)
	at py.U (file:///usr/share/code/resources/app/out/vs/workbench/api/node/extensionHostProcess.js:31:113348)
	at s.<computed>.n.charCodeAt.s.<computed> (file:///usr/share/code/resources/app/out/vs/workbench/api/node/extensionHostProcess.js:31:110842)
	at Y0.g (file:///usr/share/code/resources/app/out/vs/workbench/api/node/extensionHostProcess.js:114:32313)
	at Y0.executeCommand (file:///usr/share/code/resources/app/out/vs/workbench/api/node/extensionHostProcess.js:114:31817)
	at r.registerCommand.description (file:///usr/share/code/resources/app/out/vs/workbench/api/node/extensionHostProcess.js:114:31147)
	at Y0.h (file:///usr/share/code/resources/app/out/vs/workbench/api/node/extensionHostProcess.js:114:32833)
	at Y0.g (file:///usr/share/code/resources/app/out/vs/workbench/api/node/extensionHostProcess.js:114:31910)
	at Y0.executeCommand (file:///usr/share/code/resources/app/out/vs/workbench/api/node/extensionHostProcess.js:114:31817)
	at Object.executeCommand (file:///usr/share/code/resources/app/out/vs/workbench/api/node/extensionHostProcess.js:156:37246)
	at setCommandVisiblity (/home/statick/.vscode/extensions/dart-code.dart-code-3.102.0/out/dist/extension.js:14265:22)
	at /home/statick/.vscode/extensions/dart-code.dart-code-3.102.0/out/dist/extension.js:14238:26
	at tryCleanup (/home/statick/.vscode/extensions/dart-code.dart-code-3.102.0/out/dist/extension.js:14272:15)
	at Object.deactivate (/home/statick/.vscode/extensions/dart-code.dart-code-3.102.0/out/dist/extension.js:14238:9)
	at z_.eb (file:///usr/share/code/resources/app/out/vs/workbench/api/node/extensionHostProcess.js:118:11724)
	at file:///usr/share/code/resources/app/out/vs/workbench/api/node/extensionHostProcess.js:118:9874
	at Array.map (<anonymous>)
	at z_.$ (file:///usr/share/code/resources/app/out/vs/workbench/api/node/extensionHostProcess.js:118:9862)
	at z_.terminate (file:///usr/share/code/resources/app/out/vs/workbench/api/node/extensionHostProcess.js:118:10105)
	at EC.terminate (file:///usr/share/code/resources/app/out/vs/workbench/api/node/extensionHostProcess.js:119:1424)
	at Zi (file:///usr/share/code/resources/app/out/vs/workbench/api/node/extensionHostProcess.js:174:15084)
	at MessagePortMain.<anonymous> (file:///usr/share/code/resources/app/out/vs/workbench/api/node/extensionHostProcess.js:174:11632)
	at MessagePortMain.emit (node:events:519:28)
	at MessagePortMain.emit (node:domain:488:12)
	at MessagePortMain._internalPort.emit (node:electron/js2c/utility_init:2:2949) setContext undefined
2024-12-04 20:13:43.754 [error] Canceled: Canceled
	at new tT (file:///usr/share/code/resources/app/out/vs/workbench/api/node/extensionHostProcess.js:31:108738)
	at py.U (file:///usr/share/code/resources/app/out/vs/workbench/api/node/extensionHostProcess.js:31:113348)
	at s.<computed>.n.charCodeAt.s.<computed> (file:///usr/share/code/resources/app/out/vs/workbench/api/node/extensionHostProcess.js:31:110842)
	at Y0.g (file:///usr/share/code/resources/app/out/vs/workbench/api/node/extensionHostProcess.js:114:32313)
	at Y0.executeCommand (file:///usr/share/code/resources/app/out/vs/workbench/api/node/extensionHostProcess.js:114:31817)
	at r.registerCommand.description (file:///usr/share/code/resources/app/out/vs/workbench/api/node/extensionHostProcess.js:114:31147)
	at Y0.h (file:///usr/share/code/resources/app/out/vs/workbench/api/node/extensionHostProcess.js:114:32833)
	at Y0.g (file:///usr/share/code/resources/app/out/vs/workbench/api/node/extensionHostProcess.js:114:31910)
	at Y0.executeCommand (file:///usr/share/code/resources/app/out/vs/workbench/api/node/extensionHostProcess.js:114:31817)
	at Object.executeCommand (file:///usr/share/code/resources/app/out/vs/workbench/api/node/extensionHostProcess.js:156:37246)
	at setCommandVisiblity (/home/statick/.vscode/extensions/dart-code.dart-code-3.102.0/out/dist/extension.js:14266:22)
	at /home/statick/.vscode/extensions/dart-code.dart-code-3.102.0/out/dist/extension.js:14238:26
	at tryCleanup (/home/statick/.vscode/extensions/dart-code.dart-code-3.102.0/out/dist/extension.js:14272:15)
	at Object.deactivate (/home/statick/.vscode/extensions/dart-code.dart-code-3.102.0/out/dist/extension.js:14238:9)
	at z_.eb (file:///usr/share/code/resources/app/out/vs/workbench/api/node/extensionHostProcess.js:118:11724)
	at file:///usr/share/code/resources/app/out/vs/workbench/api/node/extensionHostProcess.js:118:9874
	at Array.map (<anonymous>)
	at z_.$ (file:///usr/share/code/resources/app/out/vs/workbench/api/node/extensionHostProcess.js:118:9862)
	at z_.terminate (file:///usr/share/code/resources/app/out/vs/workbench/api/node/extensionHostProcess.js:118:10105)
	at EC.terminate (file:///usr/share/code/resources/app/out/vs/workbench/api/node/extensionHostProcess.js:119:1424)
	at Zi (file:///usr/share/code/resources/app/out/vs/workbench/api/node/extensionHostProcess.js:174:15084)
	at MessagePortMain.<anonymous> (file:///usr/share/code/resources/app/out/vs/workbench/api/node/extensionHostProcess.js:174:11632)
	at MessagePortMain.emit (node:events:519:28)
	at MessagePortMain.emit (node:domain:488:12)
	at MessagePortMain._internalPort.emit (node:electron/js2c/utility_init:2:2949) setContext undefined
2024-12-04 20:13:43.755 [error] Canceled: Canceled
	at new tT (file:///usr/share/code/resources/app/out/vs/workbench/api/node/extensionHostProcess.js:31:108738)
	at py.U (file:///usr/share/code/resources/app/out/vs/workbench/api/node/extensionHostProcess.js:31:113348)
	at s.<computed>.n.charCodeAt.s.<computed> (file:///usr/share/code/resources/app/out/vs/workbench/api/node/extensionHostProcess.js:31:110842)
	at Y0.g (file:///usr/share/code/resources/app/out/vs/workbench/api/node/extensionHostProcess.js:114:32313)
	at Y0.executeCommand (file:///usr/share/code/resources/app/out/vs/workbench/api/node/extensionHostProcess.js:114:31817)
	at r.registerCommand.description (file:///usr/share/code/resources/app/out/vs/workbench/api/node/extensionHostProcess.js:114:31147)
	at Y0.h (file:///usr/share/code/resources/app/out/vs/workbench/api/node/extensionHostProcess.js:114:32833)
	at Y0.g (file:///usr/share/code/resources/app/out/vs/workbench/api/node/extensionHostProcess.js:114:31910)
	at Y0.executeCommand (file:///usr/share/code/resources/app/out/vs/workbench/api/node/extensionHostProcess.js:114:31817)
	at Object.executeCommand (file:///usr/share/code/resources/app/out/vs/workbench/api/node/extensionHostProcess.js:156:37246)
	at /home/statick/.vscode/extensions/dart-code.dart-code-3.102.0/out/dist/extension.js:14241:38
	at tryCleanup (/home/statick/.vscode/extensions/dart-code.dart-code-3.102.0/out/dist/extension.js:14272:15)
	at Object.deactivate (/home/statick/.vscode/extensions/dart-code.dart-code-3.102.0/out/dist/extension.js:14241:9)
	at z_.eb (file:///usr/share/code/resources/app/out/vs/workbench/api/node/extensionHostProcess.js:118:11724)
	at file:///usr/share/code/resources/app/out/vs/workbench/api/node/extensionHostProcess.js:118:9874
	at Array.map (<anonymous>)
	at z_.$ (file:///usr/share/code/resources/app/out/vs/workbench/api/node/extensionHostProcess.js:118:9862)
	at z_.terminate (file:///usr/share/code/resources/app/out/vs/workbench/api/node/extensionHostProcess.js:118:10105)
	at EC.terminate (file:///usr/share/code/resources/app/out/vs/workbench/api/node/extensionHostProcess.js:119:1424)
	at Zi (file:///usr/share/code/resources/app/out/vs/workbench/api/node/extensionHostProcess.js:174:15084)
	at MessagePortMain.<anonymous> (file:///usr/share/code/resources/app/out/vs/workbench/api/node/extensionHostProcess.js:174:11632)
	at MessagePortMain.emit (node:events:519:28)
	at MessagePortMain.emit (node:domain:488:12)
	at MessagePortMain._internalPort.emit (node:electron/js2c/utility_init:2:2949) setContext undefined
2024-12-04 20:13:43.755 [error] Canceled: Canceled
	at new tT (file:///usr/share/code/resources/app/out/vs/workbench/api/node/extensionHostProcess.js:31:108738)
	at py.U (file:///usr/share/code/resources/app/out/vs/workbench/api/node/extensionHostProcess.js:31:113348)
	at s.<computed>.n.charCodeAt.s.<computed> (file:///usr/share/code/resources/app/out/vs/workbench/api/node/extensionHostProcess.js:31:110842)
	at Y0.g (file:///usr/share/code/resources/app/out/vs/workbench/api/node/extensionHostProcess.js:114:32313)
	at Y0.executeCommand (file:///usr/share/code/resources/app/out/vs/workbench/api/node/extensionHostProcess.js:114:31817)
	at r.registerCommand.description (file:///usr/share/code/resources/app/out/vs/workbench/api/node/extensionHostProcess.js:114:31147)
	at Y0.h (file:///usr/share/code/resources/app/out/vs/workbench/api/node/extensionHostProcess.js:114:32833)
	at Y0.g (file:///usr/share/code/resources/app/out/vs/workbench/api/node/extensionHostProcess.js:114:31910)
	at Y0.executeCommand (file:///usr/share/code/resources/app/out/vs/workbench/api/node/extensionHostProcess.js:114:31817)
	at Object.executeCommand (file:///usr/share/code/resources/app/out/vs/workbench/api/node/extensionHostProcess.js:156:37246)
	at VsCodeDartToolingDaemon.dispose (/home/statick/.vscode/extensions/dart-code.dart-code-3.102.0/out/dist/extension.js:12177:32)
	at ci (file:///usr/share/code/resources/app/out/vs/workbench/api/node/extensionHostProcess.js:24:699)
	at file:///usr/share/code/resources/app/out/vs/workbench/api/node/extensionHostProcess.js:118:14992
	at file:///usr/share/code/resources/app/out/vs/workbench/api/node/extensionHostProcess.js:24:1009
	at Object.dispose (file:///usr/share/code/resources/app/out/vs/workbench/api/node/extensionHostProcess.js:7:2146)
	at z_.eb (file:///usr/share/code/resources/app/out/vs/workbench/api/node/extensionHostProcess.js:118:11919)
	at file:///usr/share/code/resources/app/out/vs/workbench/api/node/extensionHostProcess.js:118:9874
	at Array.map (<anonymous>)
	at z_.$ (file:///usr/share/code/resources/app/out/vs/workbench/api/node/extensionHostProcess.js:118:9862)
	at z_.terminate (file:///usr/share/code/resources/app/out/vs/workbench/api/node/extensionHostProcess.js:118:10105)
	at EC.terminate (file:///usr/share/code/resources/app/out/vs/workbench/api/node/extensionHostProcess.js:119:1424)
	at Zi (file:///usr/share/code/resources/app/out/vs/workbench/api/node/extensionHostProcess.js:174:15084)
	at MessagePortMain.<anonymous> (file:///usr/share/code/resources/app/out/vs/workbench/api/node/extensionHostProcess.js:174:11632)
	at MessagePortMain.emit (node:events:519:28)
	at MessagePortMain.emit (node:domain:488:12)
	at MessagePortMain._internalPort.emit (node:electron/js2c/utility_init:2:2949) setContext undefined
2024-12-04 20:13:43.760 [error] Canceled: Canceled
	at new tT (file:///usr/share/code/resources/app/out/vs/workbench/api/node/extensionHostProcess.js:31:108738)
	at py.U (file:///usr/share/code/resources/app/out/vs/workbench/api/node/extensionHostProcess.js:31:113348)
	at s.<computed>.n.charCodeAt.s.<computed> (file:///usr/share/code/resources/app/out/vs/workbench/api/node/extensionHostProcess.js:31:110842)
	at Y0.g (file:///usr/share/code/resources/app/out/vs/workbench/api/node/extensionHostProcess.js:114:32313)
	at Y0.executeCommand (file:///usr/share/code/resources/app/out/vs/workbench/api/node/extensionHostProcess.js:114:31817)
	at r.registerCommand.description (file:///usr/share/code/resources/app/out/vs/workbench/api/node/extensionHostProcess.js:114:31147)
	at Y0.h (file:///usr/share/code/resources/app/out/vs/workbench/api/node/extensionHostProcess.js:114:32833)
	at Y0.g (file:///usr/share/code/resources/app/out/vs/workbench/api/node/extensionHostProcess.js:114:31910)
	at Y0.executeCommand (file:///usr/share/code/resources/app/out/vs/workbench/api/node/extensionHostProcess.js:114:31817)
	at Object.executeCommand (file:///usr/share/code/resources/app/out/vs/workbench/api/node/extensionHostProcess.js:156:37246)
	at VsCodeDartToolingDaemon.dispose (/home/statick/.vscode/extensions/dart-code.dart-code-3.102.0/out/dist/extension.js:12177:32)
	at VsCodeDartToolingDaemon.handleClose (/home/statick/.vscode/extensions/dart-code.dart-code-3.102.0/out/dist/extension.js:27481:14)
	at VsCodeDartToolingDaemon.handleClose (/home/statick/.vscode/extensions/dart-code.dart-code-3.102.0/out/dist/extension.js:12140:15)
	at /home/statick/.vscode/extensions/dart-code.dart-code-3.102.0/out/dist/extension.js:27347:58
	at process.processTicksAndRejections (node:internal/process/task_queues:95:5) setContext undefined
2024-12-04 20:13:43.765 [error] Canceled: Canceled
	at new tT (file:///usr/share/code/resources/app/out/vs/workbench/api/node/extensionHostProcess.js:31:108738)
	at py.U (file:///usr/share/code/resources/app/out/vs/workbench/api/node/extensionHostProcess.js:31:113348)
	at s.<computed>.n.charCodeAt.s.<computed> (file:///usr/share/code/resources/app/out/vs/workbench/api/node/extensionHostProcess.js:31:110842)
	at Y0.g (file:///usr/share/code/resources/app/out/vs/workbench/api/node/extensionHostProcess.js:114:32313)
	at Y0.executeCommand (file:///usr/share/code/resources/app/out/vs/workbench/api/node/extensionHostProcess.js:114:31817)
	at r.registerCommand.description (file:///usr/share/code/resources/app/out/vs/workbench/api/node/extensionHostProcess.js:114:31147)
	at Y0.h (file:///usr/share/code/resources/app/out/vs/workbench/api/node/extensionHostProcess.js:114:32833)
	at Y0.g (file:///usr/share/code/resources/app/out/vs/workbench/api/node/extensionHostProcess.js:114:31910)
	at Y0.executeCommand (file:///usr/share/code/resources/app/out/vs/workbench/api/node/extensionHostProcess.js:114:31817)
	at Object.executeCommand (file:///usr/share/code/resources/app/out/vs/workbench/api/node/extensionHostProcess.js:156:37246)
	at VsCodeDartToolingDaemon.dispose (/home/statick/.vscode/extensions/dart-code.dart-code-3.102.0/out/dist/extension.js:12177:32)
	at VsCodeDartToolingDaemon.handleClose (/home/statick/.vscode/extensions/dart-code.dart-code-3.102.0/out/dist/extension.js:27481:14)
	at VsCodeDartToolingDaemon.handleClose (/home/statick/.vscode/extensions/dart-code.dart-code-3.102.0/out/dist/extension.js:12140:15)
	at WebSocket.<anonymous> (/home/statick/.vscode/extensions/dart-code.dart-code-3.102.0/out/dist/extension.js:27361:39)
	at WebSocket.emit (node:events:519:28)
	at WebSocket.emit (node:domain:488:12)
	at WebSocket.emitClose (/home/statick/.vscode/extensions/dart-code.dart-code-3.102.0/out/dist/extension.js:56605:10)
	at Receiver.receiverOnFinish (/home/statick/.vscode/extensions/dart-code.dart-code-3.102.0/out/dist/extension.js:57542:20)
	at Receiver.emit (node:events:519:28)
	at Receiver.emit (node:domain:488:12)
	at finish (node:internal/streams/writable:953:10)
	at node:internal/streams/writable:934:13
	at process.processTicksAndRejections (node:internal/process/task_queues:82:21) setContext undefined
2024-12-04 20:13:43.798 [error] Error: Channel has been closed
	at s (file:///usr/share/code/resources/app/out/vs/workbench/api/node/extensionHostProcess.js:120:2431)
	at Object.appendLine (file:///usr/share/code/resources/app/out/vs/workbench/api/node/extensionHostProcess.js:120:2570)
	at D.logOutputMessage (/usr/share/code/resources/app/extensions/json-language-features/client/dist/node/jsonClientMain.js:1:285192)
	at D.info (/usr/share/code/resources/app/extensions/json-language-features/client/dist/node/jsonClientMain.js:1:284925)
	at ChildProcess.<anonymous> (/usr/share/code/resources/app/extensions/json-language-features/client/dist/node/jsonClientMain.js:1:503028)
	at ChildProcess.emit (node:events:519:28)
	at ChildProcess.emit (node:domain:488:12)
	at ChildProcess._handle.onexit (node:internal/child_process:294:12)
2024-12-04 20:13:43.958 [info] Extension host with pid 8841 exiting with code 0
2024-12-04 20:13:48.013 [info] Extension host with pid 10878 started
2024-12-04 20:13:48.013 [info] Skipping acquiring lock for /home/statick/.config/Code/User/workspaceStorage/a4e153c670d7270e805e939dc83dd04c.
2024-12-04 20:13:48.125 [info] ExtensionService#_doActivateExtension vscode.git-base, startup: true, activationEvent: '*', root cause: vscode.git
2024-12-04 20:13:48.131 [info] ExtensionService#_doActivateExtension formulahendry.terminal, startup: true, activationEvent: '*'
2024-12-04 20:13:48.179 [info] ExtensionService#_doActivateExtension jeroen-meijer.pubspec-assist, startup: true, activationEvent: '*'
2024-12-04 20:13:48.845 [info] ExtensionService#_doActivateExtension vscode.github-authentication, startup: false, activationEvent: 'onAuthenticationRequest:github'
2024-12-04 20:13:49.017 [info] ExtensionService#_doActivateExtension vscode.git, startup: true, activationEvent: '*'
2024-12-04 20:13:49.019 [info] ExtensionService#_doActivateExtension vscode.github, startup: true, activationEvent: '*'
2024-12-04 20:13:50.796 [info] Eager extensions activated
2024-12-04 20:13:51.102 [info] ExtensionService#_doActivateExtension vscode.debug-auto-launch, startup: false, activationEvent: 'onStartupFinished'
2024-12-04 20:13:51.103 [info] ExtensionService#_doActivateExtension vscode.merge-conflict, startup: false, activationEvent: 'onStartupFinished'
2024-12-04 20:13:51.105 [info] ExtensionService#_doActivateExtension aaron-bond.better-comments, startup: false, activationEvent: 'onStartupFinished'
2024-12-04 20:13:51.128 [info] ExtensionService#_doActivateExtension esbenp.prettier-vscode, startup: false, activationEvent: 'onStartupFinished'
2024-12-04 20:13:51.498 [info] ExtensionService#_doActivateExtension Gruntfuggly.activitusbar, startup: false, activationEvent: 'onStartupFinished'
2024-12-04 20:13:51.510 [info] ExtensionService#_doActivateExtension PKief.material-icon-theme, startup: false, activationEvent: 'onStartupFinished'
2024-12-04 20:13:51.588 [info] ExtensionService#_doActivateExtension Postman.postman-for-vscode, startup: false, activationEvent: 'onStartupFinished'
2024-12-04 20:13:53.969 [info] ExtensionService#_doActivateExtension usernamehw.errorlens, startup: false, activationEvent: 'onStartupFinished'
2024-12-04 20:15:12.025 [info] Extension host terminating: renderer closed the MessagePort
2024-12-04 20:15:12.076 [info] Extension host with pid 10878 exiting with code 0
2024-12-04 20:15:15.653 [info] Extension host with pid 12557 started
2024-12-04 20:15:15.653 [info] Skipping acquiring lock for /home/statick/.config/Code/User/workspaceStorage/a4e153c670d7270e805e939dc83dd04c.
2024-12-04 20:15:15.724 [info] ExtensionService#_doActivateExtension vscode.github-authentication, startup: false, activationEvent: 'onAuthenticationRequest:github'
2024-12-04 20:15:16.526 [info] ExtensionService#_doActivateExtension vscode.git-base, startup: true, activationEvent: '*', root cause: vscode.git
2024-12-04 20:15:16.527 [info] ExtensionService#_doActivateExtension mtxr.sqltools, startup: true, activationEvent: '*'
2024-12-04 20:15:16.924 [info] ExtensionService#_doActivateExtension mtxr.sqltools-driver-pg, startup: true, activationEvent: '*'
2024-12-04 20:15:16.931 [info] ExtensionService#_doActivateExtension mtxr.sqltools-driver-sqlite, startup: true, activationEvent: '*'
2024-12-04 20:15:16.961 [info] ExtensionService#_doActivateExtension vscode.git, startup: true, activationEvent: '*'
2024-12-04 20:15:16.963 [info] ExtensionService#_doActivateExtension vscode.github, startup: true, activationEvent: '*'
2024-12-04 20:15:17.633 [info] Eager extensions activated
2024-12-04 20:15:17.729 [info] ExtensionService#_doActivateExtension vscode.debug-auto-launch, startup: false, activationEvent: 'onStartupFinished'
2024-12-04 20:15:17.730 [info] ExtensionService#_doActivateExtension vscode.merge-conflict, startup: false, activationEvent: 'onStartupFinished'
2024-12-04 20:15:17.732 [info] ExtensionService#_doActivateExtension eamodio.gitlens, startup: false, activationEvent: 'onStartupFinished'
2024-12-04 20:15:18.191 [info] ExtensionService#_doActivateExtension esbenp.prettier-vscode, startup: false, activationEvent: 'onStartupFinished'
2024-12-04 20:15:18.474 [info] ExtensionService#_doActivateExtension Gruntfuggly.activitusbar, startup: false, activationEvent: 'onStartupFinished'
2024-12-04 20:15:18.482 [info] ExtensionService#_doActivateExtension PKief.material-icon-theme, startup: false, activationEvent: 'onStartupFinished'
2024-12-04 20:15:18.543 [info] ExtensionService#_doActivateExtension Postman.postman-for-vscode, startup: false, activationEvent: 'onStartupFinished'
2024-12-04 20:15:20.036 [info] ExtensionService#_doActivateExtension ritwickdey.LiveServer, startup: false, activationEvent: 'onStartupFinished'
2024-12-04 20:15:39.178 [info] ExtensionService#_doActivateExtension ms-python.python, startup: false, activationEvent: 'onCommand:python.setInterpreter'
2024-12-04 20:15:40.280 [info] ExtensionService#_doActivateExtension ms-python.vscode-pylance, startup: false, activationEvent: 'api', root cause: ms-python.python
2024-12-04 20:15:50.024 [info] Extension host terminating: renderer closed the MessagePort
2024-12-04 20:15:50.101 [error] Canceled: Canceled
	at new tT (file:///usr/share/code/resources/app/out/vs/workbench/api/node/extensionHostProcess.js:31:108738)
	at py.U (file:///usr/share/code/resources/app/out/vs/workbench/api/node/extensionHostProcess.js:31:113348)
	at s.<computed>.n.charCodeAt.s.<computed> (file:///usr/share/code/resources/app/out/vs/workbench/api/node/extensionHostProcess.js:31:110842)
	at Y0.g (file:///usr/share/code/resources/app/out/vs/workbench/api/node/extensionHostProcess.js:114:32313)
	at Y0.executeCommand (file:///usr/share/code/resources/app/out/vs/workbench/api/node/extensionHostProcess.js:114:31817)
	at r.registerCommand.description (file:///usr/share/code/resources/app/out/vs/workbench/api/node/extensionHostProcess.js:114:31147)
	at Y0.h (file:///usr/share/code/resources/app/out/vs/workbench/api/node/extensionHostProcess.js:114:32833)
	at Y0.g (file:///usr/share/code/resources/app/out/vs/workbench/api/node/extensionHostProcess.js:114:31910)
	at Y0.executeCommand (file:///usr/share/code/resources/app/out/vs/workbench/api/node/extensionHostProcess.js:114:31817)
	at Object.executeCommand (file:///usr/share/code/resources/app/out/vs/workbench/api/node/extensionHostProcess.js:156:37246)
	at f (/home/statick/.vscode/extensions/eamodio.gitlens-2024.12.304/dist/gitlens.js:1484:14096)
	at c (/home/statick/.vscode/extensions/eamodio.gitlens-2024.12.304/dist/gitlens.js:1484:18656)
	at ActionRunners._updateContextKeys (/home/statick/.vscode/extensions/eamodio.gitlens-2024.12.304/dist/gitlens.js:1107:65661)
	at s (/home/statick/.vscode/extensions/eamodio.gitlens-2024.12.304/dist/gitlens.js:1107:64105)
	at RegisteredActionRunner.unregister (/home/statick/.vscode/extensions/eamodio.gitlens-2024.12.304/dist/gitlens.js:1107:64248)
	at RegisteredActionRunner.dispose (/home/statick/.vscode/extensions/eamodio.gitlens-2024.12.304/dist/gitlens.js:1107:62902)
	at ActionRunners.dispose (/home/statick/.vscode/extensions/eamodio.gitlens-2024.12.304/dist/gitlens.js:1107:63688)
	at /home/statick/.vscode/extensions/eamodio.gitlens-2024.12.304/dist/gitlens.js:1430:14975
	at Array.forEach (<anonymous>)
	at Object.dispose (/home/statick/.vscode/extensions/eamodio.gitlens-2024.12.304/dist/gitlens.js:1430:14957)
	at ci (file:///usr/share/code/resources/app/out/vs/workbench/api/node/extensionHostProcess.js:24:699)
	at file:///usr/share/code/resources/app/out/vs/workbench/api/node/extensionHostProcess.js:118:14992
	at file:///usr/share/code/resources/app/out/vs/workbench/api/node/extensionHostProcess.js:24:1009
	at Object.dispose (file:///usr/share/code/resources/app/out/vs/workbench/api/node/extensionHostProcess.js:7:2146)
	at z_.eb (file:///usr/share/code/resources/app/out/vs/workbench/api/node/extensionHostProcess.js:118:11919)
	at file:///usr/share/code/resources/app/out/vs/workbench/api/node/extensionHostProcess.js:118:9874
	at Array.map (<anonymous>)
	at z_.$ (file:///usr/share/code/resources/app/out/vs/workbench/api/node/extensionHostProcess.js:118:9862)
	at z_.terminate (file:///usr/share/code/resources/app/out/vs/workbench/api/node/extensionHostProcess.js:118:10105)
	at EC.terminate (file:///usr/share/code/resources/app/out/vs/workbench/api/node/extensionHostProcess.js:119:1424)
	at Zi (file:///usr/share/code/resources/app/out/vs/workbench/api/node/extensionHostProcess.js:174:15084)
	at MessagePortMain.<anonymous> (file:///usr/share/code/resources/app/out/vs/workbench/api/node/extensionHostProcess.js:174:11632)
	at MessagePortMain.emit (node:events:519:28)
	at MessagePortMain.emit (node:domain:488:12)
	at MessagePortMain._internalPort.emit (node:electron/js2c/utility_init:2:2949) setContext undefined
2024-12-04 20:15:50.102 [error] Canceled: Canceled
	at new tT (file:///usr/share/code/resources/app/out/vs/workbench/api/node/extensionHostProcess.js:31:108738)
	at py.U (file:///usr/share/code/resources/app/out/vs/workbench/api/node/extensionHostProcess.js:31:113348)
	at s.<computed>.n.charCodeAt.s.<computed> (file:///usr/share/code/resources/app/out/vs/workbench/api/node/extensionHostProcess.js:31:110842)
	at Y0.g (file:///usr/share/code/resources/app/out/vs/workbench/api/node/extensionHostProcess.js:114:32313)
	at Y0.executeCommand (file:///usr/share/code/resources/app/out/vs/workbench/api/node/extensionHostProcess.js:114:31817)
	at r.registerCommand.description (file:///usr/share/code/resources/app/out/vs/workbench/api/node/extensionHostProcess.js:114:31147)
	at Y0.h (file:///usr/share/code/resources/app/out/vs/workbench/api/node/extensionHostProcess.js:114:32833)
	at Y0.g (file:///usr/share/code/resources/app/out/vs/workbench/api/node/extensionHostProcess.js:114:31910)
	at Y0.executeCommand (file:///usr/share/code/resources/app/out/vs/workbench/api/node/extensionHostProcess.js:114:31817)
	at Object.executeCommand (file:///usr/share/code/resources/app/out/vs/workbench/api/node/extensionHostProcess.js:156:37246)
	at f (/home/statick/.vscode/extensions/eamodio.gitlens-2024.12.304/dist/gitlens.js:1484:14096)
	at c (/home/statick/.vscode/extensions/eamodio.gitlens-2024.12.304/dist/gitlens.js:1484:18656)
	at ActionRunners._updateContextKeys (/home/statick/.vscode/extensions/eamodio.gitlens-2024.12.304/dist/gitlens.js:1107:65661)
	at s (/home/statick/.vscode/extensions/eamodio.gitlens-2024.12.304/dist/gitlens.js:1107:64105)
	at RegisteredActionRunner.unregister (/home/statick/.vscode/extensions/eamodio.gitlens-2024.12.304/dist/gitlens.js:1107:64248)
	at RegisteredActionRunner.dispose (/home/statick/.vscode/extensions/eamodio.gitlens-2024.12.304/dist/gitlens.js:1107:62902)
	at ActionRunners.dispose (/home/statick/.vscode/extensions/eamodio.gitlens-2024.12.304/dist/gitlens.js:1107:63688)
	at /home/statick/.vscode/extensions/eamodio.gitlens-2024.12.304/dist/gitlens.js:1430:14975
	at Array.forEach (<anonymous>)
	at Object.dispose (/home/statick/.vscode/extensions/eamodio.gitlens-2024.12.304/dist/gitlens.js:1430:14957)
	at ci (file:///usr/share/code/resources/app/out/vs/workbench/api/node/extensionHostProcess.js:24:699)
	at file:///usr/share/code/resources/app/out/vs/workbench/api/node/extensionHostProcess.js:118:14992
	at file:///usr/share/code/resources/app/out/vs/workbench/api/node/extensionHostProcess.js:24:1009
	at Object.dispose (file:///usr/share/code/resources/app/out/vs/workbench/api/node/extensionHostProcess.js:7:2146)
	at z_.eb (file:///usr/share/code/resources/app/out/vs/workbench/api/node/extensionHostProcess.js:118:11919)
	at file:///usr/share/code/resources/app/out/vs/workbench/api/node/extensionHostProcess.js:118:9874
	at Array.map (<anonymous>)
	at z_.$ (file:///usr/share/code/resources/app/out/vs/workbench/api/node/extensionHostProcess.js:118:9862)
	at z_.terminate (file:///usr/share/code/resources/app/out/vs/workbench/api/node/extensionHostProcess.js:118:10105)
	at EC.terminate (file:///usr/share/code/resources/app/out/vs/workbench/api/node/extensionHostProcess.js:119:1424)
	at Zi (file:///usr/share/code/resources/app/out/vs/workbench/api/node/extensionHostProcess.js:174:15084)
	at MessagePortMain.<anonymous> (file:///usr/share/code/resources/app/out/vs/workbench/api/node/extensionHostProcess.js:174:11632)
	at MessagePortMain.emit (node:events:519:28)
	at MessagePortMain.emit (node:domain:488:12)
	at MessagePortMain._internalPort.emit (node:electron/js2c/utility_init:2:2949) setContext undefined
2024-12-04 20:15:50.102 [error] Canceled: Canceled
	at new tT (file:///usr/share/code/resources/app/out/vs/workbench/api/node/extensionHostProcess.js:31:108738)
	at py.U (file:///usr/share/code/resources/app/out/vs/workbench/api/node/extensionHostProcess.js:31:113348)
	at s.<computed>.n.charCodeAt.s.<computed> (file:///usr/share/code/resources/app/out/vs/workbench/api/node/extensionHostProcess.js:31:110842)
	at Y0.g (file:///usr/share/code/resources/app/out/vs/workbench/api/node/extensionHostProcess.js:114:32313)
	at Y0.executeCommand (file:///usr/share/code/resources/app/out/vs/workbench/api/node/extensionHostProcess.js:114:31817)
	at r.registerCommand.description (file:///usr/share/code/resources/app/out/vs/workbench/api/node/extensionHostProcess.js:114:31147)
	at Y0.h (file:///usr/share/code/resources/app/out/vs/workbench/api/node/extensionHostProcess.js:114:32833)
	at Y0.g (file:///usr/share/code/resources/app/out/vs/workbench/api/node/extensionHostProcess.js:114:31910)
	at Y0.executeCommand (file:///usr/share/code/resources/app/out/vs/workbench/api/node/extensionHostProcess.js:114:31817)
	at Object.executeCommand (file:///usr/share/code/resources/app/out/vs/workbench/api/node/extensionHostProcess.js:156:37246)
	at f (/home/statick/.vscode/extensions/eamodio.gitlens-2024.12.304/dist/gitlens.js:1484:14096)
	at c (/home/statick/.vscode/extensions/eamodio.gitlens-2024.12.304/dist/gitlens.js:1484:18656)
	at ActionRunners._updateContextKeys (/home/statick/.vscode/extensions/eamodio.gitlens-2024.12.304/dist/gitlens.js:1107:65661)
	at s (/home/statick/.vscode/extensions/eamodio.gitlens-2024.12.304/dist/gitlens.js:1107:64105)
	at RegisteredActionRunner.unregister (/home/statick/.vscode/extensions/eamodio.gitlens-2024.12.304/dist/gitlens.js:1107:64248)
	at RegisteredActionRunner.dispose (/home/statick/.vscode/extensions/eamodio.gitlens-2024.12.304/dist/gitlens.js:1107:62902)
	at ActionRunners.dispose (/home/statick/.vscode/extensions/eamodio.gitlens-2024.12.304/dist/gitlens.js:1107:63688)
	at /home/statick/.vscode/extensions/eamodio.gitlens-2024.12.304/dist/gitlens.js:1430:14975
	at Array.forEach (<anonymous>)
	at Object.dispose (/home/statick/.vscode/extensions/eamodio.gitlens-2024.12.304/dist/gitlens.js:1430:14957)
	at ci (file:///usr/share/code/resources/app/out/vs/workbench/api/node/extensionHostProcess.js:24:699)
	at file:///usr/share/code/resources/app/out/vs/workbench/api/node/extensionHostProcess.js:118:14992
	at file:///usr/share/code/resources/app/out/vs/workbench/api/node/extensionHostProcess.js:24:1009
	at Object.dispose (file:///usr/share/code/resources/app/out/vs/workbench/api/node/extensionHostProcess.js:7:2146)
	at z_.eb (file:///usr/share/code/resources/app/out/vs/workbench/api/node/extensionHostProcess.js:118:11919)
	at file:///usr/share/code/resources/app/out/vs/workbench/api/node/extensionHostProcess.js:118:9874
	at Array.map (<anonymous>)
	at z_.$ (file:///usr/share/code/resources/app/out/vs/workbench/api/node/extensionHostProcess.js:118:9862)
	at z_.terminate (file:///usr/share/code/resources/app/out/vs/workbench/api/node/extensionHostProcess.js:118:10105)
	at EC.terminate (file:///usr/share/code/resources/app/out/vs/workbench/api/node/extensionHostProcess.js:119:1424)
	at Zi (file:///usr/share/code/resources/app/out/vs/workbench/api/node/extensionHostProcess.js:174:15084)
	at MessagePortMain.<anonymous> (file:///usr/share/code/resources/app/out/vs/workbench/api/node/extensionHostProcess.js:174:11632)
	at MessagePortMain.emit (node:events:519:28)
	at MessagePortMain.emit (node:domain:488:12)
	at MessagePortMain._internalPort.emit (node:electron/js2c/utility_init:2:2949) setContext undefined
2024-12-04 20:15:50.107 [info] Extension host with pid 12557 exiting with code 0
