[1733361316781] INFO  (ext): SQLTools is starting
[1733361316788] INFO  (ext): initializing language client...
[1733361316794] INFO  (ext): Registering client for languages [{"scheme":"sqltools"},{"language":"sql","scheme":"untitled"},{"language":"sql","scheme":"file"},{"language":"sql","scheme":"sqltools"}]
    ns: "lc"
[1733361316814] INFO  (ext): loading plugins...
[1733361316815] INFO  (ext): registering Formatter Plugin.
    plugin: {
      "name": "Formatter Plugin"
    }
[1733361316816] INFO  (ext): registering Connection Manager Plugin.
    plugin: {
      "name": "Connection Manager Plugin"
    }
[1733361316817] INFO  (ext): registering CodeLens Plugin.
    plugin: {
      "name": "CodeLens Plugin",
      "registeredLanguages": []
    }
[1733361316822] INFO  (ext): registering Dependency Manager Plugin.
    plugin: {
      "name": "Dependency Manager Plugin",
      "installingDrivers": []
    }
[1733361316830] INFO  (ext): Connection explorer changed. Will be updated.
    ns: "conn-man:explorer"
[1733361316831] INFO  (ext): registering History Manager Plugin.
    plugin: {
      "name": "History Manager Plugin"
    }
[1733361316833] INFO  (ext): registering Bookmarks Manager Plugin.
    plugin: {
      "name": "Bookmarks Manager Plugin"
    }
[1733361316837] INFO  (ext): registering Authentication Provider Plugin.
    plugin: {
      "name": "Authentication Provider Plugin",
      "isRegistered": false
    }
[1733361316837] INFO  (ext): registering Object Drop-in Provider (plugin).
    plugin: {
      "type": "plugin",
      "name": "Object Drop-in Provider",
      "isRegistered": false
    }
[1733361316842] INFO  (ext): SQLTools activation completed. 60.617579 ms
[1733361316842] INFO  (ext): Formatter Plugin registered!
[1733361316843] INFO  (ext): CodeLens Plugin registered!
[1733361316843] INFO  (ext): Dependency Manager Plugin registered!
[1733361316843] INFO  (ext): Connection Manager Plugin registered!
[1733361316844] INFO  (ext): History Manager Plugin registered!
[1733361316844] INFO  (ext): Bookmarks Manager Plugin registered!
[1733361316844] INFO  (ext): Authentication Provider Plugin registered!
[1733361316844] INFO  (ext): Object Drop-in Provider (plugin) registered!
[1733361316950] INFO  (ext): registering PostgreSQL/Cockroach Plugin (driver).
    plugin: {
      "extensionId": "mtxr.sqltools-driver-pg",
      "name": "PostgreSQL/Cockroach Plugin",
      "type": "driver"
    }
[1733361316955] INFO  (ext): registering SQLite Plugin (driver).
    plugin: {
      "extensionId": "mtxr.sqltools-driver-sqlite",
      "name": "SQLite Plugin",
      "type": "driver"
    }
[1733361317598] INFO  (ls): SQLTools Server started!
===============================
Using node runtime?: no
ExecPath: /usr/share/code/code 
===============================
[1733361317677] INFO  (ext): LanguageClient ready
    ns: "lc"
[1733361317668] INFO  (ls): Initialized with node version:v20.18.0
[1733361317685] INFO  (ls): REQUEST RECEIVED => ls/RegisterPlugin
[1733361317686] INFO  (ls): request to register plugin: "/home/statick/.vscode/extensions/mtxr.sqltools-driver-pg-0.5.4/out/ls/plugin.js"
[1733361317833] INFO  (ls): Driver postgresql registered!
    place: "driver-map"
    ns: "ls-context"
[1733361317834] INFO  (ls): Driver aws redshift registered!
    place: "driver-map"
    ns: "ls-context"
[1733361317835] INFO  (ls): Driver cockroachdb registered!
    place: "driver-map"
    ns: "ls-context"
[1733361317835] INFO  (ls): REQUEST RECEIVED => ls/RegisterPlugin
[1733361317836] INFO  (ls): request to register plugin: "/home/statick/.vscode/extensions/mtxr.sqltools-driver-sqlite-0.5.1/out/ls/plugin.js"
[1733361317933] INFO  (ls): Driver sqlite registered!
    place: "driver-map"
    ns: "ls-context"
[1733361320076] INFO  (ext): PostgreSQL/Cockroach Plugin (driver) registered!
[1733361320078] INFO  (ext): Connection explorer changed. Will be updated.
    ns: "conn-man:explorer"
[1733361320555] INFO  (ext): SQLite Plugin (driver) registered!
[1733361321557] INFO  (ext): EXECUTING COMMAND => sqltools.refreshTree
[1733361321557] INFO  (ext): Connection explorer changed. Will be updated.
    ns: "conn-man:explorer"
