2024-12-03 14:46:07.024 [info] Started local extension host with pid 3649.
2024-12-03 14:46:07.578 [info] Settings Sync: Updating due to initialize
2024-12-03 14:46:07.578 [info] Settings Sync: Updating authentication providers. Authentication Providers from store: [{"id":"github","scopes":["user:email"]},{"id":"microsoft","scopes":["openid","profile","email","offline_access"]}]
2024-12-03 14:46:07.578 [info] Settings Sync: Authentication providers updated ["github","microsoft"]
2024-12-03 14:46:09.644 [info] [perf] Render performance baseline is 23ms
2024-12-03 14:47:45.071 [info] Started local extension host with pid 4503.
2024-12-03 14:47:45.075 [warning] extension BISECT active [["dart-code.dart-code",true],["dart-code.flutter",true],["esbenp.prettier-vscode",true],["ms-ceintl.vscode-language-pack-es",true],["pkief.material-icon-theme",true]]
2024-12-03 14:47:45.677 [info] Settings Sync: Updating due to initialize
2024-12-03 14:47:45.677 [info] Settings Sync: Updating authentication providers. Authentication Providers from store: [{"id":"github","scopes":["user:email"]},{"id":"microsoft","scopes":["openid","profile","email","offline_access"]}]
2024-12-03 14:47:45.678 [info] Settings Sync: Authentication providers updated ["github","microsoft"]
2024-12-03 14:47:47.737 [info] [perf] Render performance baseline is 28ms
2024-12-03 15:01:19.970 [error] [network] #13: https://marketplace.visualstudio.com/_apis/public/gallery/extensionquery - error POST Canceled
2024-12-03 15:07:26.025 [error] [network] #41: https://marketplace.visualstudio.com/_apis/public/gallery/extensionquery - error POST Canceled
2024-12-03 15:17:55.421 [error] [Extension Host] [Postman VS Code Extension](2024-12-03T20:17:55.399Z) [extension:commands] Error in executing the command Error: Webview is disposed
	at VB.c (file:///usr/share/code/resources/app/out/vs/workbench/api/node/extensionHostProcess.js:156:20667)
	at get webview (file:///usr/share/code/resources/app/out/vs/workbench/api/node/extensionHostProcess.js:156:19834)
	at ap.sendMessageToWebview (/home/statick/.vscode/extensions/postman.postman-for-vscode-1.5.0/dist/extension.js:2:6888579)
	at /home/statick/.vscode/extensions/postman.postman-for-vscode-1.5.0/dist/extension.js:2:7122647
	at Map.forEach (<anonymous>)
	at $_.broadcast (/home/statick/.vscode/extensions/postman.postman-for-vscode-1.5.0/dist/extension.js:2:7122632)
	at /home/statick/.vscode/extensions/postman.postman-for-vscode-1.5.0/dist/extension.js:2:7163545
	at Y0.h (file:///usr/share/code/resources/app/out/vs/workbench/api/node/extensionHostProcess.js:114:32833)
	at Y0.g (file:///usr/share/code/resources/app/out/vs/workbench/api/node/extensionHostProcess.js:114:31910)
	at Y0.executeCommand (file:///usr/share/code/resources/app/out/vs/workbench/api/node/extensionHostProcess.js:114:31817)
	at Object.executeCommand (file:///usr/share/code/resources/app/out/vs/workbench/api/node/extensionHostProcess.js:156:37246)
	at h.<anonymous> (/home/statick/.vscode/extensions/postman.postman-for-vscode-1.5.0/dist/extension.js:2:6592914)
	at Generator.next (<anonymous>)
	at /home/statick/.vscode/extensions/postman.postman-for-vscode-1.5.0/dist/extension.js:2:6586903
	at new Promise (<anonymous>)
	at r (/home/statick/.vscode/extensions/postman.postman-for-vscode-1.5.0/dist/extension.js:2:6586637)
	at h.executeVSCodeCommand (/home/statick/.vscode/extensions/postman.postman-for-vscode-1.5.0/dist/extension.js:2:6592798)
	at Object.onDidTabClose (/home/statick/.vscode/extensions/postman.postman-for-vscode-1.5.0/dist/extension.js:2:7128374)
	at mh.value (/home/statick/.vscode/extensions/postman.postman-for-vscode-1.5.0/dist/extension.js:2:6887195)
	at D.B (file:///usr/share/code/resources/app/out/vs/workbench/api/node/extensionHostProcess.js:29:746)
	at D.fire (file:///usr/share/code/resources/app/out/vs/workbench/api/node/extensionHostProcess.js:29:964)
	at VB.dispose (file:///usr/share/code/resources/app/out/vs/workbench/api/node/extensionHostProcess.js:156:19733)
	at ap.dispose (/home/statick/.vscode/extensions/postman.postman-for-vscode-1.5.0/dist/extension.js:2:6887646)
	at $_._untrackTab (/home/statick/.vscode/extensions/postman.postman-for-vscode-1.5.0/dist/extension.js:2:7122393)
	at /home/statick/.vscode/extensions/postman.postman-for-vscode-1.5.0/dist/extension.js:2:7122568
	at Map.forEach (<anonymous>)
	at $_.dispose (/home/statick/.vscode/extensions/postman.postman-for-vscode-1.5.0/dist/extension.js:2:7122550)
	at $_.closeAllTabs (/home/statick/.vscode/extensions/postman.postman-for-vscode-1.5.0/dist/extension.js:2:7122519)
	at /home/statick/.vscode/extensions/postman.postman-for-vscode-1.5.0/dist/extension.js:2:7165053
	at Generator.next (<anonymous>)
	at o (/home/statick/.vscode/extensions/postman.postman-for-vscode-1.5.0/dist/extension.js:2:6586694)
2024-12-03 15:27:24.792 [error] [text file model] handleSaveError(10) - exit - resulted in a save error: Error: No se puede escribir el archivo "vscode-userdata:/home/statick/.config/Code/User/profiles/22ae70b/settings.json" (Error: Archivo Modificado Desde) vscode-userdata:/home/statick/.config/Code/User/profiles/22ae70b/settings.json
2024-12-03 15:27:35.550 [error] [text file model] handleSaveError(10) - exit - resulted in a save error: Error: No se puede escribir el archivo "vscode-userdata:/home/statick/.config/Code/User/profiles/22ae70b/settings.json" (Error: Archivo Modificado Desde) vscode-userdata:/home/statick/.config/Code/User/profiles/22ae70b/settings.json
