2024-12-03 14:46:06.844 [info] Added views:outline in workbench.view.explorer
2024-12-03 14:46:06.844 [info] Added views:workbench.view.search in workbench.view.search
2024-12-03 14:46:06.844 [info] Added views:workbench.scm in workbench.view.scm
2024-12-03 14:46:06.844 [info] Added views:workbench.panel.markers.view in workbench.panel.markers
2024-12-03 14:46:06.844 [info] Added views:workbench.panel.output in workbench.panel.output
2024-12-03 14:46:06.844 [info] Added views:terminal in terminal
2024-12-03 14:46:06.844 [info] Added views:timeline in workbench.view.explorer
2024-12-03 14:46:06.844 [info] Added views:workbench.explorer.fileView in workbench.view.explorer
2024-12-03 14:46:06.909 [info] Added views:workbench.debug.welcome in workbench.view.debug
2024-12-03 14:46:07.576 [info] Added views:~remote.forwardedPorts in ~remote.forwardedPortsContainer
2024-12-03 14:46:07.593 [info] Added views:workbench.panel.repl.view in workbench.panel.repl
2024-12-03 14:47:34.692 [info] Added views:workbench.views.extensions.installed,workbench.views.extensions.popular,extensions.recommendedList in workbench.view.extensions
2024-12-03 14:47:34.694 [info] Removed views:workbench.views.extensions.popular from workbench.view.extensions
2024-12-03 14:47:45.033 [info] Added views:outline in workbench.view.explorer
2024-12-03 14:47:45.033 [info] Added views:workbench.view.search in workbench.view.search
2024-12-03 14:47:45.033 [info] Added views:workbench.scm in workbench.view.scm
2024-12-03 14:47:45.033 [info] Added views:workbench.panel.markers.view in workbench.panel.markers
2024-12-03 14:47:45.033 [info] Added views:workbench.panel.output in workbench.panel.output
2024-12-03 14:47:45.033 [info] Added views:terminal in terminal
2024-12-03 14:47:45.033 [info] Added views:timeline in workbench.view.explorer
2024-12-03 14:47:45.033 [info] Added views:workbench.explorer.fileView in workbench.view.explorer
2024-12-03 14:47:45.492 [info] Added views:workbench.debug.welcome in workbench.view.debug
2024-12-03 14:47:45.518 [info] Added views:workbench.panel.repl.view in workbench.panel.repl
2024-12-03 14:47:45.581 [info] Added views:workbench.views.extensions.installed,extensions.recommendedList in workbench.view.extensions
2024-12-03 14:47:45.676 [info] Added views:~remote.forwardedPorts in ~remote.forwardedPortsContainer
2024-12-03 14:57:52.213 [info] Removed views:extensions.recommendedList,workbench.views.extensions.installed from workbench.view.extensions
2024-12-03 14:57:52.219 [info] Added views:workbench.views.extensions.marketplace in workbench.view.extensions
2024-12-03 15:01:19.139 [info] Removed views:workbench.views.extensions.marketplace from workbench.view.extensions
2024-12-03 15:01:19.147 [info] Added views:workbench.views.extensions.installed,extensions.recommendedList in workbench.view.extensions
2024-12-03 15:01:19.962 [info] Removed views:extensions.recommendedList,workbench.views.extensions.installed from workbench.view.extensions
2024-12-03 15:01:19.970 [info] Added views:workbench.views.extensions.marketplace in workbench.view.extensions
2024-12-03 15:01:30.632 [info] Removed views:workbench.views.extensions.marketplace from workbench.view.extensions
2024-12-03 15:01:30.642 [info] Added views:workbench.views.extensions.installed,extensions.recommendedList in workbench.view.extensions
2024-12-03 15:01:31.541 [info] Removed views:extensions.recommendedList,workbench.views.extensions.installed from workbench.view.extensions
2024-12-03 15:01:31.549 [info] Added views:workbench.views.extensions.marketplace in workbench.view.extensions
2024-12-03 15:01:59.054 [info] Removed views:workbench.views.extensions.marketplace from workbench.view.extensions
2024-12-03 15:01:59.063 [info] Added views:workbench.views.extensions.installed,extensions.recommendedList in workbench.view.extensions
2024-12-03 15:02:09.848 [info] Removed views:extensions.recommendedList,workbench.views.extensions.installed from workbench.view.extensions
2024-12-03 15:02:09.853 [info] Added views:workbench.views.extensions.marketplace in workbench.view.extensions
2024-12-03 15:02:15.771 [info] Removed views:workbench.views.extensions.marketplace from workbench.view.extensions
2024-12-03 15:02:15.777 [info] Added views:workbench.views.extensions.installed,extensions.recommendedList in workbench.view.extensions
2024-12-03 15:02:19.824 [info] Removed views:extensions.recommendedList,workbench.views.extensions.installed from workbench.view.extensions
2024-12-03 15:02:19.830 [info] Added views:workbench.views.extensions.marketplace in workbench.view.extensions
2024-12-03 15:07:25.157 [info] Removed views:workbench.views.extensions.marketplace from workbench.view.extensions
2024-12-03 15:07:25.163 [info] Added views:workbench.views.extensions.installed,extensions.recommendedList in workbench.view.extensions
2024-12-03 15:07:26.018 [info] Removed views:extensions.recommendedList,workbench.views.extensions.installed from workbench.view.extensions
2024-12-03 15:07:26.024 [info] Added views:workbench.views.extensions.marketplace in workbench.view.extensions
2024-12-03 15:07:35.015 [info] Removed views:workbench.views.extensions.marketplace from workbench.view.extensions
2024-12-03 15:07:35.021 [info] Added views:workbench.views.extensions.installed,extensions.recommendedList in workbench.view.extensions
2024-12-03 15:07:36.622 [info] Removed views:extensions.recommendedList,workbench.views.extensions.installed from workbench.view.extensions
2024-12-03 15:07:36.627 [info] Added views:workbench.views.extensions.marketplace in workbench.view.extensions
2024-12-03 15:07:41.252 [info] Removed views:workbench.views.extensions.marketplace from workbench.view.extensions
2024-12-03 15:07:41.258 [info] Added views:workbench.views.extensions.installed,extensions.recommendedList in workbench.view.extensions
2024-12-03 15:07:43.250 [info] Removed views:extensions.recommendedList,workbench.views.extensions.installed from workbench.view.extensions
2024-12-03 15:07:43.255 [info] Added views:workbench.views.extensions.marketplace in workbench.view.extensions
2024-12-03 15:08:17.854 [info] Removed views:workbench.views.extensions.marketplace from workbench.view.extensions
2024-12-03 15:08:17.880 [info] Added views:workbench.views.extensions.installed,extensions.recommendedList in workbench.view.extensions
2024-12-03 15:08:19.220 [info] Removed views:extensions.recommendedList,workbench.views.extensions.installed from workbench.view.extensions
2024-12-03 15:08:19.224 [info] Added views:workbench.views.extensions.marketplace in workbench.view.extensions
2024-12-03 15:08:38.017 [info] Removed views:workbench.views.extensions.marketplace from workbench.view.extensions
2024-12-03 15:08:38.043 [info] Added views:workbench.views.extensions.installed,extensions.recommendedList in workbench.view.extensions
2024-12-03 15:08:40.152 [info] Removed views:extensions.recommendedList,workbench.views.extensions.installed from workbench.view.extensions
2024-12-03 15:08:40.156 [info] Added views:workbench.views.extensions.marketplace in workbench.view.extensions
2024-12-03 15:08:49.349 [info] Removed views:workbench.views.extensions.marketplace from workbench.view.extensions
2024-12-03 15:08:49.356 [info] Added views:workbench.views.extensions.installed,extensions.recommendedList in workbench.view.extensions
2024-12-03 15:08:50.795 [info] Removed views:extensions.recommendedList,workbench.views.extensions.installed from workbench.view.extensions
2024-12-03 15:08:50.799 [info] Added views:workbench.views.extensions.marketplace in workbench.view.extensions
2024-12-03 15:08:52.688 [info] Removed views:workbench.views.extensions.marketplace from workbench.view.extensions
2024-12-03 15:08:52.693 [info] Added views:workbench.views.extensions.installed,extensions.recommendedList in workbench.view.extensions
2024-12-03 15:08:56.595 [info] Removed views:extensions.recommendedList,workbench.views.extensions.installed from workbench.view.extensions
2024-12-03 15:08:56.600 [info] Added views:workbench.views.extensions.marketplace in workbench.view.extensions
2024-12-03 15:09:14.046 [info] Removed views:workbench.views.extensions.marketplace from workbench.view.extensions
2024-12-03 15:09:14.053 [info] Added views:workbench.views.extensions.installed,extensions.recommendedList in workbench.view.extensions
2024-12-03 15:09:14.938 [info] Removed views:extensions.recommendedList,workbench.views.extensions.installed from workbench.view.extensions
2024-12-03 15:09:14.944 [info] Added views:workbench.views.extensions.marketplace in workbench.view.extensions
2024-12-03 15:09:44.743 [info] Removed views:workbench.views.extensions.marketplace from workbench.view.extensions
2024-12-03 15:09:44.750 [info] Added views:workbench.views.extensions.installed,extensions.recommendedList in workbench.view.extensions
2024-12-03 15:09:46.044 [info] Removed views:extensions.recommendedList,workbench.views.extensions.installed from workbench.view.extensions
2024-12-03 15:09:46.049 [info] Added views:workbench.views.extensions.marketplace in workbench.view.extensions
2024-12-03 15:09:52.986 [info] Removed views:workbench.views.extensions.marketplace from workbench.view.extensions
2024-12-03 15:09:52.991 [info] Added views:workbench.views.extensions.installed,extensions.recommendedList in workbench.view.extensions
2024-12-03 15:09:54.243 [info] Removed views:extensions.recommendedList,workbench.views.extensions.installed from workbench.view.extensions
2024-12-03 15:09:54.248 [info] Added views:workbench.views.extensions.marketplace in workbench.view.extensions
2024-12-03 15:10:07.425 [info] Removed views:workbench.views.extensions.marketplace from workbench.view.extensions
2024-12-03 15:10:07.431 [info] Added views:workbench.views.extensions.installed,extensions.recommendedList in workbench.view.extensions
2024-12-03 15:10:08.737 [info] Removed views:extensions.recommendedList,workbench.views.extensions.installed from workbench.view.extensions
2024-12-03 15:10:08.742 [info] Added views:workbench.views.extensions.marketplace in workbench.view.extensions
2024-12-03 15:10:29.621 [info] Removed views:workbench.views.extensions.marketplace from workbench.view.extensions
2024-12-03 15:10:29.627 [info] Added views:workbench.views.extensions.installed,extensions.recommendedList in workbench.view.extensions
2024-12-03 15:10:31.029 [info] Removed views:extensions.recommendedList,workbench.views.extensions.installed from workbench.view.extensions
2024-12-03 15:10:31.034 [info] Added views:workbench.views.extensions.marketplace in workbench.view.extensions
2024-12-03 15:13:11.744 [info] Removed views:workbench.views.extensions.marketplace from workbench.view.extensions
2024-12-03 15:13:11.750 [info] Added views:workbench.views.extensions.installed,extensions.recommendedList in workbench.view.extensions
2024-12-03 15:17:25.986 [info] Removed views:extensions.recommendedList,workbench.views.extensions.installed from workbench.view.extensions
2024-12-03 15:17:25.990 [info] Added views:workbench.views.extensions.marketplace in workbench.view.extensions
2024-12-03 15:17:36.357 [info] Added views:postman-for-vscode.sidebar-panel in workbench.view.extension.sidebar-panel
2024-12-03 15:17:36.358 [info] Added views:postman-console-view in workbench.view.extension.postman-console-view-container
2024-12-03 15:56:37.813 [info] Removed views:workbench.views.extensions.marketplace from workbench.view.extensions
2024-12-03 15:56:37.825 [info] Added views:workbench.views.extensions.installed,extensions.recommendedList in workbench.view.extensions
