2024-12-04 12:05:39.044 [info] Reading sessions from keychain...
2024-12-04 12:05:39.044 [info] Getting sessions for all scopes...
2024-12-04 12:05:39.044 [info] Getting sessions for all scopes...
2024-12-04 12:05:39.044 [info] Getting sessions for all scopes...
2024-12-04 12:05:39.044 [info] Getting sessions for user:email...
2024-12-04 12:05:39.048 [info] Getting sessions for user:email...
2024-12-04 12:05:39.048 [info] Getting sessions for user:email...
2024-12-04 12:05:39.051 [info] Got stored sessions!
2024-12-04 12:05:39.051 [info] Got 2 verified sessions.
2024-12-04 12:05:39.051 [info] Got 2 sessions for ...
2024-12-04 12:05:39.051 [info] Got 2 sessions for ...
2024-12-04 12:05:39.051 [info] Got 2 sessions for ...
2024-12-04 12:05:39.051 [info] Got 1 sessions for user:email...
2024-12-04 12:05:39.051 [info] Got 1 sessions for user:email...
2024-12-04 12:05:39.051 [info] Got 1 sessions for user:email...
2024-12-04 12:05:40.299 [info] Getting sessions for all scopes...
2024-12-04 12:05:40.299 [info] Got 2 sessions for ...
2024-12-04 12:05:40.759 [info] Getting sessions for read:user,repo,user:email...
2024-12-04 12:05:40.760 [info] Got 0 sessions for read:user,repo,user:email...
2024-12-04 12:05:40.760 [info] Getting sessions for read:user,repo,user:email,workflow...
2024-12-04 12:05:40.760 [info] Got 1 sessions for read:user,repo,user:email,workflow...
2024-12-04 12:05:40.760 [info] Getting sessions for all scopes...
2024-12-04 12:05:40.760 [info] Got 2 sessions for ...
2024-12-04 12:05:40.760 [info] Getting sessions for all scopes...
2024-12-04 12:05:40.760 [info] Got 2 sessions for ...
2024-12-04 12:05:40.900 [info] Getting sessions for read:user,repo,user:email,workflow...
2024-12-04 12:05:40.900 [info] Got 1 sessions for read:user,repo,user:email,workflow...
2024-12-04 12:05:42.185 [info] Getting sessions for all scopes...
2024-12-04 12:05:42.185 [info] Got 2 sessions for ...
2024-12-04 12:05:42.185 [info] Getting sessions for all scopes...
2024-12-04 12:05:42.186 [info] Got 2 sessions for ...
2024-12-04 12:05:42.186 [info] Getting sessions for read:user,repo,user:email,workflow...
2024-12-04 12:05:42.186 [info] Got 1 sessions for read:user,repo,user:email,workflow...
2024-12-04 12:05:42.323 [info] Getting sessions for read:user,repo,user:email,workflow...
2024-12-04 12:05:42.323 [info] Got 1 sessions for read:user,repo,user:email,workflow...
2024-12-04 12:05:42.754 [info] Getting sessions for read:user,repo,user:email,workflow...
2024-12-04 12:05:42.754 [info] Got 1 sessions for read:user,repo,user:email,workflow...
2024-12-04 12:05:43.276 [info] Getting sessions for all scopes...
2024-12-04 12:05:43.276 [info] Got 2 sessions for ...
2024-12-04 12:05:43.292 [info] Getting sessions for all scopes...
2024-12-04 12:05:43.292 [info] Got 2 sessions for ...
2024-12-04 12:05:43.293 [info] Getting sessions for read:user,repo,user:email,workflow...
2024-12-04 12:05:43.293 [info] Got 1 sessions for read:user,repo,user:email,workflow...
2024-12-04 12:05:43.295 [info] Getting sessions for all scopes...
2024-12-04 12:05:43.295 [info] Got 2 sessions for ...
2024-12-04 12:05:43.295 [info] Getting sessions for read:user,repo,user:email,workflow...
2024-12-04 12:05:43.295 [info] Got 1 sessions for read:user,repo,user:email,workflow...
2024-12-04 12:05:43.373 [info] Getting sessions for all scopes...
2024-12-04 12:05:43.373 [info] Got 2 sessions for ...
2024-12-04 12:05:43.382 [info] Getting sessions for read:user,repo,user:email,workflow...
2024-12-04 12:05:43.382 [info] Got 1 sessions for read:user,repo,user:email,workflow...
2024-12-04 12:20:44.063 [info] Getting sessions for all scopes...
2024-12-04 12:20:44.063 [info] Got 2 sessions for ...
2024-12-04 12:20:44.065 [info] Getting sessions for read:user,repo,user:email,workflow...
2024-12-04 12:20:44.065 [info] Got 1 sessions for read:user,repo,user:email,workflow...
2024-12-04 12:20:44.098 [info] Getting sessions for all scopes...
2024-12-04 12:20:44.098 [info] Got 2 sessions for ...
2024-12-04 12:20:44.099 [info] Getting sessions for read:user,repo,user:email,workflow...
2024-12-04 12:20:44.099 [info] Got 1 sessions for read:user,repo,user:email,workflow...
2024-12-04 12:30:42.630 [info] Getting sessions for read:user,repo,user:email,workflow...
2024-12-04 12:30:42.630 [info] Got 1 sessions for read:user,repo,user:email,workflow...
2024-12-04 12:30:43.240 [info] Getting sessions for all scopes...
2024-12-04 12:30:43.240 [info] Got 2 sessions for ...
2024-12-04 12:30:43.243 [info] Getting sessions for read:user,repo,user:email,workflow...
2024-12-04 12:30:43.243 [info] Got 1 sessions for read:user,repo,user:email,workflow...
2024-12-04 12:30:44.212 [info] Getting sessions for all scopes...
2024-12-04 12:30:44.212 [info] Got 2 sessions for ...
2024-12-04 12:30:44.212 [info] Getting sessions for all scopes...
2024-12-04 12:30:44.212 [info] Got 2 sessions for ...
2024-12-04 12:30:44.214 [info] Getting sessions for read:user,repo,user:email,workflow...
2024-12-04 12:30:44.214 [info] Got 1 sessions for read:user,repo,user:email,workflow...
2024-12-04 12:30:44.216 [info] Getting sessions for all scopes...
2024-12-04 12:30:44.217 [info] Got 2 sessions for ...
2024-12-04 12:30:44.218 [info] Getting sessions for read:user,repo,user:email,workflow...
2024-12-04 12:30:44.218 [info] Got 1 sessions for read:user,repo,user:email,workflow...
2024-12-04 12:30:44.230 [info] Getting sessions for all scopes...
2024-12-04 12:30:44.230 [info] Got 2 sessions for ...
2024-12-04 12:30:44.242 [info] Getting sessions for read:user,repo,user:email,workflow...
2024-12-04 12:30:44.242 [info] Got 1 sessions for read:user,repo,user:email,workflow...
2024-12-04 12:35:44.629 [info] Getting sessions for all scopes...
2024-12-04 12:35:44.629 [info] Got 2 sessions for ...
2024-12-04 12:35:44.632 [info] Getting sessions for read:user,repo,user:email,workflow...
2024-12-04 12:35:44.632 [info] Got 1 sessions for read:user,repo,user:email,workflow...
2024-12-04 12:35:44.635 [info] Getting sessions for all scopes...
2024-12-04 12:35:44.635 [info] Got 2 sessions for ...
2024-12-04 12:35:44.637 [info] Getting sessions for read:user,repo,user:email,workflow...
2024-12-04 12:35:44.637 [info] Got 1 sessions for read:user,repo,user:email,workflow...
2024-12-04 12:45:44.248 [info] Getting sessions for all scopes...
2024-12-04 12:45:44.248 [info] Got 2 sessions for ...
2024-12-04 12:45:44.249 [info] Getting sessions for read:user,repo,user:email,workflow...
2024-12-04 12:45:44.249 [info] Got 1 sessions for read:user,repo,user:email,workflow...
2024-12-04 12:50:45.196 [info] Getting sessions for all scopes...
2024-12-04 12:50:45.196 [info] Got 2 sessions for ...
2024-12-04 12:50:45.198 [info] Getting sessions for read:user,repo,user:email,workflow...
2024-12-04 12:50:45.198 [info] Got 1 sessions for read:user,repo,user:email,workflow...
2024-12-04 12:50:45.201 [info] Getting sessions for all scopes...
2024-12-04 12:50:45.201 [info] Got 2 sessions for ...
2024-12-04 12:50:45.203 [info] Getting sessions for read:user,repo,user:email,workflow...
2024-12-04 12:50:45.203 [info] Got 1 sessions for read:user,repo,user:email,workflow...
2024-12-04 12:55:43.090 [info] Getting sessions for read:user,repo,user:email,workflow...
2024-12-04 12:55:43.090 [info] Got 1 sessions for read:user,repo,user:email,workflow...
2024-12-04 12:55:44.212 [info] Getting sessions for all scopes...
2024-12-04 12:55:44.212 [info] Got 2 sessions for ...
2024-12-04 12:55:44.214 [info] Getting sessions for read:user,repo,user:email,workflow...
2024-12-04 12:55:44.214 [info] Got 1 sessions for read:user,repo,user:email,workflow...
2024-12-04 12:55:45.296 [info] Getting sessions for all scopes...
2024-12-04 12:55:45.296 [info] Got 2 sessions for ...
2024-12-04 12:55:45.296 [info] Getting sessions for all scopes...
2024-12-04 12:55:45.296 [info] Got 2 sessions for ...
2024-12-04 12:55:45.298 [info] Getting sessions for read:user,repo,user:email,workflow...
2024-12-04 12:55:45.298 [info] Got 1 sessions for read:user,repo,user:email,workflow...
2024-12-04 12:55:45.300 [info] Getting sessions for all scopes...
2024-12-04 12:55:45.300 [info] Got 2 sessions for ...
2024-12-04 12:55:45.302 [info] Getting sessions for read:user,repo,user:email,workflow...
2024-12-04 12:55:45.302 [info] Got 1 sessions for read:user,repo,user:email,workflow...
2024-12-04 12:55:45.309 [info] Getting sessions for all scopes...
2024-12-04 12:55:45.309 [info] Got 2 sessions for ...
2024-12-04 12:55:45.321 [info] Getting sessions for read:user,repo,user:email,workflow...
2024-12-04 12:55:45.321 [info] Got 1 sessions for read:user,repo,user:email,workflow...
2024-12-04 13:00:44.251 [info] Getting sessions for all scopes...
2024-12-04 13:00:44.251 [info] Got 2 sessions for ...
2024-12-04 13:00:44.252 [info] Getting sessions for read:user,repo,user:email,workflow...
2024-12-04 13:00:44.252 [info] Got 1 sessions for read:user,repo,user:email,workflow...
2024-12-04 13:05:45.757 [info] Getting sessions for all scopes...
2024-12-04 13:05:45.758 [info] Got 2 sessions for ...
2024-12-04 13:05:45.760 [info] Getting sessions for read:user,repo,user:email,workflow...
2024-12-04 13:05:45.760 [info] Got 1 sessions for read:user,repo,user:email,workflow...
2024-12-04 13:05:45.763 [info] Getting sessions for all scopes...
2024-12-04 13:05:45.763 [info] Got 2 sessions for ...
2024-12-04 13:05:45.765 [info] Getting sessions for read:user,repo,user:email,workflow...
2024-12-04 13:05:45.765 [info] Got 1 sessions for read:user,repo,user:email,workflow...
2024-12-04 13:10:45.328 [info] Getting sessions for all scopes...
2024-12-04 13:10:45.328 [info] Got 2 sessions for ...
2024-12-04 13:10:45.329 [info] Getting sessions for read:user,repo,user:email,workflow...
2024-12-04 13:10:45.329 [info] Got 1 sessions for read:user,repo,user:email,workflow...
2024-12-04 13:15:44.253 [info] Getting sessions for all scopes...
2024-12-04 13:15:44.253 [info] Got 2 sessions for ...
2024-12-04 13:15:44.254 [info] Getting sessions for read:user,repo,user:email,workflow...
2024-12-04 13:15:44.254 [info] Got 1 sessions for read:user,repo,user:email,workflow...
2024-12-04 13:20:43.526 [info] Getting sessions for read:user,repo,user:email,workflow...
2024-12-04 13:20:43.526 [info] Got 1 sessions for read:user,repo,user:email,workflow...
2024-12-04 13:20:45.295 [info] Getting sessions for all scopes...
2024-12-04 13:20:45.295 [info] Got 2 sessions for ...
2024-12-04 13:20:45.297 [info] Getting sessions for read:user,repo,user:email,workflow...
2024-12-04 13:20:45.297 [info] Got 1 sessions for read:user,repo,user:email,workflow...
2024-12-04 13:20:46.242 [info] Getting sessions for all scopes...
2024-12-04 13:20:46.242 [info] Got 2 sessions for ...
2024-12-04 13:20:46.242 [info] Getting sessions for all scopes...
2024-12-04 13:20:46.242 [info] Got 2 sessions for ...
2024-12-04 13:20:46.242 [info] Getting sessions for read:user,repo,user:email,workflow...
2024-12-04 13:20:46.242 [info] Got 1 sessions for read:user,repo,user:email,workflow...
2024-12-04 13:20:46.243 [info] Getting sessions for all scopes...
2024-12-04 13:20:46.243 [info] Got 2 sessions for ...
2024-12-04 13:20:46.243 [info] Getting sessions for read:user,repo,user:email,workflow...
2024-12-04 13:20:46.244 [info] Got 1 sessions for read:user,repo,user:email,workflow...
2024-12-04 13:20:46.246 [info] Getting sessions for all scopes...
2024-12-04 13:20:46.246 [info] Got 2 sessions for ...
2024-12-04 13:20:46.257 [info] Getting sessions for read:user,repo,user:email,workflow...
2024-12-04 13:20:46.258 [info] Got 1 sessions for read:user,repo,user:email,workflow...
2024-12-04 13:20:46.260 [info] Getting sessions for all scopes...
2024-12-04 13:20:46.260 [info] Got 2 sessions for ...
2024-12-04 13:20:46.260 [info] Getting sessions for read:user,repo,user:email,workflow...
2024-12-04 13:20:46.260 [info] Got 1 sessions for read:user,repo,user:email,workflow...
2024-12-04 13:20:46.295 [info] Getting sessions for all scopes...
2024-12-04 13:20:46.295 [info] Got 2 sessions for ...
2024-12-04 13:20:46.297 [info] Getting sessions for read:user,repo,user:email,workflow...
2024-12-04 13:20:46.297 [info] Got 1 sessions for read:user,repo,user:email,workflow...
2024-12-04 13:25:13.846 [info] Reading sessions from keychain...
2024-12-04 13:25:13.846 [info] Getting sessions for all scopes...
2024-12-04 13:25:13.846 [info] Getting sessions for all scopes...
2024-12-04 13:25:13.846 [info] Getting sessions for all scopes...
2024-12-04 13:25:13.846 [info] Getting sessions for user:email...
2024-12-04 13:25:13.846 [info] Got stored sessions!
2024-12-04 13:25:13.846 [info] Got 2 verified sessions.
2024-12-04 13:25:13.846 [info] Got 2 sessions for ...
2024-12-04 13:25:13.846 [info] Got 2 sessions for ...
2024-12-04 13:25:13.846 [info] Got 2 sessions for ...
2024-12-04 13:25:13.846 [info] Got 1 sessions for user:email...
2024-12-04 13:25:14.149 [info] Getting sessions for read:user,repo,user:email,workflow...
2024-12-04 13:25:14.149 [info] Got 1 sessions for read:user,repo,user:email,workflow...
2024-12-04 13:25:14.858 [info] Getting sessions for read:user,repo,user:email...
2024-12-04 13:25:14.858 [info] Got 0 sessions for read:user,repo,user:email...
2024-12-04 13:25:15.186 [info] Getting sessions for read:user,repo,user:email,workflow...
2024-12-04 13:25:15.186 [info] Got 1 sessions for read:user,repo,user:email,workflow...
2024-12-04 13:47:42.382 [info] Reading sessions from keychain...
2024-12-04 13:47:42.382 [info] Getting sessions for all scopes...
2024-12-04 13:47:42.382 [info] Getting sessions for all scopes...
2024-12-04 13:47:42.382 [info] Getting sessions for all scopes...
2024-12-04 13:47:42.382 [info] Getting sessions for user:email...
2024-12-04 13:47:42.382 [info] Got stored sessions!
2024-12-04 13:47:42.382 [info] Got 2 verified sessions.
2024-12-04 13:47:42.382 [info] Got 2 sessions for ...
2024-12-04 13:47:42.382 [info] Got 2 sessions for ...
2024-12-04 13:47:42.382 [info] Got 2 sessions for ...
2024-12-04 13:47:42.382 [info] Got 1 sessions for user:email...
2024-12-04 13:47:43.672 [info] Getting sessions for read:user,repo,user:email,workflow...
2024-12-04 13:47:43.672 [info] Got 1 sessions for read:user,repo,user:email,workflow...
2024-12-04 13:47:44.121 [info] Getting sessions for read:user,repo,user:email,workflow...
2024-12-04 13:47:44.121 [info] Got 1 sessions for read:user,repo,user:email,workflow...
