Initializing document watcher...
ejercicios/1_hello_world.dart: {}
ejercicios/1_hello_world.dart: {}
ejercicios/1_hello_world.dart: {}
ejercicios/1_hello_world.dart: {}
ejercicios/2_variables.dart: {}
ejercicios/2_variables.dart: Using EditorConfig core...
ejercicios/2_variables.dart: Using EditorConfig core...
ejercicios/2_variables.dart: {}
ejercicios/2_variables.dart: {}
ejercicios/2_variables.dart: {}
ejercicios/2_variables.dart: {}
ejercicios/2_variables.dart: {}
ejercicios/2_variables.dart: Using EditorConfig core...
ejercicios/2_variables.dart: Using EditorConfig core...
ejercicios/2_variables.dart: Using EditorConfig core...
ejercicios/2_variables.dart: Using EditorConfig core...
ejercicios/2_variables.dart: Using EditorConfig core...
ejercicios/2_variables.dart: Using EditorConfig core...
ejercicios/2_variables.dart: Using EditorConfig core...
ejercicios/2_variables.dart: Using EditorConfig core...
ejercicios/2_variables.dart: Using EditorConfig core...
ejercicios/2_variables.dart: Using EditorConfig core...
ejercicios/2_variables.dart: Using EditorConfig core...
ejercicios/2_variables.dart: Using EditorConfig core...
ejercicios/2_variables.dart: Using EditorConfig core...
ejercicios/2_variables.dart: Using EditorConfig core...
ejercicios/2_variables.dart: Using EditorConfig core...
ejercicios/2_variables.dart: Using EditorConfig core...
ejercicios/2_variables.dart: Using EditorConfig core...
ejercicios/2_variables.dart: {}
ejercicios/2_variables.dart: {}
ejercicios/2_variables.dart: Using EditorConfig core...
ejercicios/2_variables.dart: Using EditorConfig core...
ejercicios/2_variables.dart: Using EditorConfig core...
ejercicios/2_variables.dart: Using EditorConfig core...
ejercicios/2_variables.dart: Using EditorConfig core...
ejercicios/2_variables.dart: Using EditorConfig core...
ejercicios/2_variables.dart: Using EditorConfig core...
ejercicios/2_variables.dart: Using EditorConfig core...
No more open editors.
No more open editors.
ejercicios/2_variables.dart: {}
