2024-12-03 14:45:54.059 [info] Using settings sync service https://vscode-sync.trafficmanager.net/
2024-12-03 14:45:54.059 [info] Auto Sync is enabled.
2024-12-03 14:45:54.059 [info] Auto Sync: Suspended until auth token is available.
2024-12-03 14:45:54.741 [info] Auto Sync: Triggered by Interval
2024-12-03 14:45:54.741 [info] Sync started.
2024-12-03 14:45:55.507 [info] Settings: No changes found during synchronizing settings.
2024-12-03 14:45:55.520 [info] Keybindings: No changes found during synchronizing keybindings.
2024-12-03 14:45:55.522 [info] Snippets: No changes found during synchronizing snippets.
2024-12-03 14:45:55.525 [info] Tasks: No changes found during synchronizing tasks.
2024-12-03 14:45:55.529 [info] GlobalState: No changes found during synchronizing ui state.
2024-12-03 14:45:55.582 [info] Extensions: No changes found during synchronizing extensions.
2024-12-03 14:45:55.589 [info] Profiles: No changes found during synchronizing profiles.
2024-12-03 14:45:55.590 [info] Syncing profile. Classroo-Github
2024-12-03 14:45:55.627 [info] Settings (Classroo-Github): No changes found during synchronizing settings.
2024-12-03 14:45:55.631 [info] Keybindings (Classroo-Github): No changes found during synchronizing keybindings.
2024-12-03 14:45:55.632 [info] Snippets (Classroo-Github): No changes found during synchronizing snippets.
2024-12-03 14:45:55.634 [info] Tasks (Classroo-Github): No changes found during synchronizing tasks.
2024-12-03 14:45:55.645 [info] GlobalState (Classroo-Github): No changes found during synchronizing ui state.
2024-12-03 14:45:55.666 [info] Extensions (Classroo-Github): No changes found during synchronizing extensions.
2024-12-03 14:45:55.667 [info] Syncing profile. development
2024-12-03 14:45:55.739 [info] Settings (development): No changes found during synchronizing settings.
2024-12-03 14:45:55.758 [info] Keybindings (development): No changes found during synchronizing keybindings.
2024-12-03 14:45:55.763 [info] Snippets (development): No changes found during synchronizing snippets.
2024-12-03 14:45:55.764 [info] Tasks (development): No changes found during synchronizing tasks.
2024-12-03 14:45:55.779 [info] GlobalState (development): No changes found during synchronizing ui state.
2024-12-03 14:45:55.800 [info] Extensions (development): No changes found during synchronizing extensions.
2024-12-03 14:45:55.801 [info] Syncing profile. docker
2024-12-03 14:45:55.840 [info] Settings (docker): No changes found during synchronizing settings.
2024-12-03 14:45:55.880 [info] Keybindings (docker): No changes found during synchronizing keybindings.
2024-12-03 14:45:55.881 [info] Snippets (docker): No changes found during synchronizing snippets.
2024-12-03 14:45:55.882 [info] Tasks (docker): No changes found during synchronizing tasks.
2024-12-03 14:45:55.896 [info] GlobalState (docker): No changes found during synchronizing ui state.
2024-12-03 14:45:55.918 [info] Extensions (docker): No changes found during synchronizing extensions.
2024-12-03 14:45:55.920 [info] Syncing profile. flutter
2024-12-03 14:45:55.954 [info] Settings (flutter): No changes found during synchronizing settings.
2024-12-03 14:45:55.957 [info] Keybindings (flutter): No changes found during synchronizing keybindings.
2024-12-03 14:45:55.959 [info] Snippets (flutter): No changes found during synchronizing snippets.
2024-12-03 14:45:55.960 [info] Tasks (flutter): No changes found during synchronizing tasks.
2024-12-03 14:45:55.969 [info] GlobalState (flutter): No changes found during synchronizing ui state.
2024-12-03 14:45:55.987 [info] Extensions (flutter): No changes found during synchronizing extensions.
2024-12-03 14:45:55.988 [info] Syncing profile. javascript
2024-12-03 14:45:56.040 [info] Settings (javascript): No changes found during synchronizing settings.
2024-12-03 14:45:56.046 [info] Keybindings (javascript): No changes found during synchronizing keybindings.
2024-12-03 14:45:56.048 [info] Snippets (javascript): No changes found during synchronizing snippets.
2024-12-03 14:45:56.051 [info] Tasks (javascript): No changes found during synchronizing tasks.
2024-12-03 14:45:56.073 [info] GlobalState (javascript): No changes found during synchronizing ui state.
2024-12-03 14:45:56.150 [info] Extensions (javascript): No changes found during synchronizing extensions.
2024-12-03 14:45:56.153 [info] Syncing profile. python
2024-12-03 14:45:56.286 [info] Settings (python): No changes found during synchronizing settings.
2024-12-03 14:45:56.289 [info] Keybindings (python): No changes found during synchronizing keybindings.
2024-12-03 14:45:56.291 [info] Snippets (python): No changes found during synchronizing snippets.
2024-12-03 14:45:56.293 [info] Tasks (python): No changes found during synchronizing tasks.
2024-12-03 14:45:56.320 [info] GlobalState (python): No changes found during synchronizing ui state.
2024-12-03 14:45:56.353 [info] Extensions (python): No changes found during synchronizing extensions.
2024-12-03 14:45:56.354 [info] Syncing profile. quarto
2024-12-03 14:45:56.395 [info] Settings (quarto): No changes found during synchronizing settings.
2024-12-03 14:45:56.398 [info] Keybindings (quarto): No changes found during synchronizing keybindings.
2024-12-03 14:45:56.399 [info] Snippets (quarto): No changes found during synchronizing snippets.
2024-12-03 14:45:56.400 [info] Tasks (quarto): No changes found during synchronizing tasks.
2024-12-03 14:45:56.414 [info] GlobalState (quarto): No changes found during synchronizing ui state.
2024-12-03 14:45:56.432 [info] Extensions (quarto): No changes found during synchronizing extensions.
2024-12-03 14:45:56.434 [info] Syncing profile. react
2024-12-03 14:45:56.466 [info] Settings (react): No changes found during synchronizing settings.
2024-12-03 14:45:56.469 [info] Keybindings (react): No changes found during synchronizing keybindings.
2024-12-03 14:45:56.470 [info] Snippets (react): No changes found during synchronizing snippets.
2024-12-03 14:45:56.471 [info] Tasks (react): No changes found during synchronizing tasks.
2024-12-03 14:45:56.484 [info] GlobalState (react): No changes found during synchronizing ui state.
2024-12-03 14:45:56.504 [info] Extensions (react): No changes found during synchronizing extensions.
2024-12-03 14:45:56.506 [info] Syncing profile. revealjs
2024-12-03 14:45:56.544 [info] Settings (revealjs): No changes found during synchronizing settings.
2024-12-03 14:45:56.546 [info] Keybindings (revealjs): No changes found during synchronizing keybindings.
2024-12-03 14:45:56.547 [info] Snippets (revealjs): No changes found during synchronizing snippets.
2024-12-03 14:45:56.548 [info] Tasks (revealjs): No changes found during synchronizing tasks.
2024-12-03 14:45:56.560 [info] GlobalState (revealjs): No changes found during synchronizing ui state.
2024-12-03 14:45:56.578 [info] Extensions (revealjs): No changes found during synchronizing extensions.
2024-12-03 14:45:56.580 [info] Sync done. Took 1838ms
