2024-12-05 10:31:07.697 [info] Reading sessions from keychain...
2024-12-05 10:31:07.697 [info] Getting sessions for all scopes...
2024-12-05 10:31:07.697 [info] Getting sessions for all scopes...
2024-12-05 10:31:07.697 [info] Getting sessions for user:email...
2024-12-05 10:31:07.697 [info] Getting sessions for all scopes...
2024-12-05 10:31:07.697 [info] Got stored sessions!
2024-12-05 10:31:07.697 [info] Got 2 verified sessions.
2024-12-05 10:31:07.697 [info] Got 2 sessions for ...
2024-12-05 10:31:07.697 [info] Got 2 sessions for ...
2024-12-05 10:31:07.697 [info] Got 1 sessions for user:email...
2024-12-05 10:31:07.697 [info] Got 2 sessions for ...
2024-12-05 10:31:07.697 [info] Getting sessions for user:email...
2024-12-05 10:31:07.697 [info] Got 1 sessions for user:email...
2024-12-05 10:31:07.697 [info] Getting sessions for user:email...
2024-12-05 10:31:07.697 [info] Got 1 sessions for user:email...
2024-12-05 10:31:07.697 [info] Getting sessions for read:user,repo,user:email...
2024-12-05 10:31:07.697 [info] Got 0 sessions for read:user,repo,user:email...
2024-12-05 10:31:08.339 [info] Getting sessions for all scopes...
2024-12-05 10:31:08.339 [info] Got 2 sessions for ...
2024-12-05 10:31:24.941 [info] Reading sessions from keychain...
2024-12-05 10:31:24.941 [info] Getting sessions for all scopes...
2024-12-05 10:31:24.941 [info] Getting sessions for all scopes...
2024-12-05 10:31:24.945 [info] Getting sessions for user:email...
2024-12-05 10:31:24.999 [info] Got stored sessions!
2024-12-05 10:31:24.999 [info] Got 2 verified sessions.
2024-12-05 10:31:24.999 [info] Got 2 sessions for ...
2024-12-05 10:31:24.999 [info] Got 2 sessions for ...
2024-12-05 10:31:24.999 [info] Got 1 sessions for user:email...
2024-12-05 10:31:25.858 [info] Getting sessions for read:user,repo,user:email,workflow...
2024-12-05 10:31:25.858 [info] Got 1 sessions for read:user,repo,user:email,workflow...
2024-12-05 10:31:26.374 [info] Getting sessions for read:user,repo,user:email,workflow...
2024-12-05 10:31:26.374 [info] Got 1 sessions for read:user,repo,user:email,workflow...
2024-12-05 10:31:26.776 [info] Getting sessions for all scopes...
2024-12-05 10:31:26.776 [info] Got 2 sessions for ...
