2024-12-05 06:24:39.630 [info] Started local extension host with pid 3618.
2024-12-05 06:24:40.396 [warning] [ms-toolsai.vscode-jupyter-cell-tags]: Contenedor de vistas ' jupyter-variables ' no existe y todas las vistas registradas se agregarán al 'Explorer'.
2024-12-05 06:24:41.284 [info] Settings Sync: Updating due to initialize
2024-12-05 06:24:41.285 [info] Settings Sync: Updating authentication providers. Authentication Providers from store: [{"id":"github","scopes":["user:email"]},{"id":"microsoft","scopes":["openid","profile","email","offline_access"]}]
2024-12-05 06:24:41.285 [info] Settings Sync: Authentication providers updated []
2024-12-05 06:24:41.304 [info] Settings Sync: Updating authentication providers. Authentication Providers from store: [{"id":"github","scopes":["user:email"]},{"id":"microsoft","scopes":["openid","profile","email","offline_access"]}]
2024-12-05 06:24:41.305 [info] Settings Sync: Authentication providers updated ["github"]
2024-12-05 06:24:41.305 [info] Settings Sync: Updating authentication providers. Authentication Providers from store: [{"id":"github","scopes":["user:email"]},{"id":"microsoft","scopes":["openid","profile","email","offline_access"]}]
2024-12-05 06:24:41.305 [info] Settings Sync: Authentication providers updated ["github"]
2024-12-05 06:24:41.305 [info] Settings Sync: Updating authentication providers. Authentication Providers from store: [{"id":"github","scopes":["user:email"]},{"id":"microsoft","scopes":["openid","profile","email","offline_access"]}]
2024-12-05 06:24:41.305 [info] Settings Sync: Authentication providers updated ["github","microsoft"]
2024-12-05 06:24:41.305 [info] Settings Sync: Updating authentication providers. Authentication Providers from store: [{"id":"github","scopes":["user:email"]},{"id":"microsoft","scopes":["openid","profile","email","offline_access"]}]
2024-12-05 06:24:41.306 [info] Settings Sync: Authentication providers updated ["github","microsoft"]
2024-12-05 06:24:41.318 [info] Settings Sync: Updating due to declared authentication providers changed
2024-12-05 06:24:41.318 [info] Settings Sync: Updating authentication providers. Authentication Providers from store: [{"id":"github","scopes":["user:email"]},{"id":"microsoft","scopes":["openid","profile","email","offline_access"]}]
2024-12-05 06:24:41.318 [info] Settings Sync: Authentication providers updated ["github","microsoft"]
2024-12-05 06:24:41.319 [info] Settings Sync: Updating due to declared authentication providers changed
2024-12-05 06:24:41.319 [info] Settings Sync: Updating authentication providers. Authentication Providers from store: [{"id":"github","scopes":["user:email"]},{"id":"microsoft","scopes":["openid","profile","email","offline_access"]}]
2024-12-05 06:24:41.319 [info] Settings Sync: Authentication providers updated ["github","microsoft"]
2024-12-05 06:24:41.736 [info] Settings Sync: Updating authentication providers. Authentication Providers from store: [{"id":"github","scopes":["user:email"]},{"id":"microsoft","scopes":["openid","profile","email","offline_access"]}]
2024-12-05 06:24:41.736 [info] Settings Sync: Authentication providers updated ["github","microsoft"]
2024-12-05 06:24:42.339 [info] [perf] Render performance baseline is 24ms
2024-12-05 06:25:49.876 [warning] [backup tracker] suspended, ignoring unregister event file:///home/statick/workspaces/practicas/python/farmacia2/package.json 
