2024-12-05 06:24:39.489 [info] Added views:outline in workbench.view.explorer
2024-12-05 06:24:39.489 [info] Added views:workbench.view.search in workbench.view.search
2024-12-05 06:24:39.489 [info] Added views:workbench.scm in workbench.view.scm
2024-12-05 06:24:39.489 [info] Added views:workbench.panel.markers.view in workbench.panel.markers
2024-12-05 06:24:39.489 [info] Added views:workbench.panel.output in workbench.panel.output
2024-12-05 06:24:39.489 [info] Added views:terminal in terminal
2024-12-05 06:24:39.489 [info] Added views:timeline in workbench.view.explorer
2024-12-05 06:24:39.489 [info] Added views:workbench.explorer.fileView in workbench.view.explorer
2024-12-05 06:24:39.693 [info] Added views:workbench.debug.welcome in workbench.view.debug
2024-12-05 06:24:40.398 [info] Added views:gitlens.views.home,gitlens.views.launchpad,gitlens.views.workspaces in workbench.view.extension.gitlens
2024-12-05 06:24:40.398 [info] Added views:gitlens.views.commitDetails,gitlens.views.lineHistory,gitlens.views.fileHistory,gitlens.views.searchAndCompare in workbench.view.extension.gitlensInspect
2024-12-05 06:24:40.399 [info] Added views:gitlens.views.scm.grouped in workbench.view.scm
2024-12-05 06:24:40.399 [info] Added views:github-actions.empty-view in workbench.view.extension.github-actions
2024-12-05 06:24:40.399 [info] Added views:dockerContainers,dockerImages,dockerRegistries,dockerNetworks,dockerVolumes,vscode-docker.views.dockerContexts,vscode-docker.views.help in workbench.view.extension.dockerView
2024-12-05 06:24:40.400 [info] Added views:sqltoolsViewConnectionExplorer,sqltoolsViewBookmarksExplorer,sqltoolsViewHistoryExplorer in workbench.view.extension.sqltoolsActivityBarContainer
2024-12-05 06:24:40.400 [info] Added views:sqltoolsViewConsoleMessages in workbench.view.extension.sqltoolsPanelContainer
2024-12-05 06:24:40.400 [info] Added views:postman-for-vscode.sidebar-panel in workbench.view.extension.sidebar-panel
2024-12-05 06:24:40.400 [info] Added views:postman-console-view in workbench.view.extension.postman-console-view-container
2024-12-05 06:24:40.401 [info] Added views:thunder-client-sidebar in workbench.view.extension.thunder-client
2024-12-05 06:24:40.679 [info] Added views:workbench.panel.repl.view in workbench.panel.repl
2024-12-05 06:24:41.282 [info] Added views:~remote.forwardedPorts in ~remote.forwardedPortsContainer
2024-12-05 06:24:41.540 [info] Added views:workbench.view.testing in workbench.view.extension.test
2024-12-05 06:24:42.517 [info] Added views:gitlens.views.drafts in workbench.view.extension.gitlens
2024-12-05 06:24:42.651 [info] Added views:workbench.scm.history in workbench.view.scm
2024-12-05 06:24:43.016 [info] Added views:gitlens.views.graph,gitlens.views.graphDetails in workbench.view.extension.gitlensPanel
2024-12-05 06:24:43.016 [info] Added views:gitlens.views.timeline in workbench.view.extension.gitlensInspect
2024-12-05 06:25:49.870 [info] Removed views:workbench.scm.history from workbench.view.scm
2024-12-05 06:25:49.872 [info] Removed views:workbench.view.testing from workbench.view.extension.test
