2024-12-04 20:15:59.784 [info] Extension host with pid 13434 started
2024-12-04 20:15:59.784 [info] Skipping acquiring lock for /home/statick/.config/Code/User/workspaceStorage/a4e153c670d7270e805e939dc83dd04c.
2024-12-04 20:16:02.015 [info] ExtensionService#_doActivateExtension vscode.git-base, startup: true, activationEvent: '*', root cause: vscode.git
2024-12-04 20:16:02.019 [info] ExtensionService#_doActivateExtension mtxr.sqltools, startup: true, activationEvent: '*'
2024-12-04 20:16:03.035 [info] ExtensionService#_doActivateExtension mtxr.sqltools-driver-pg, startup: true, activationEvent: '*'
2024-12-04 20:16:03.065 [info] ExtensionService#_doActivateExtension mtxr.sqltools-driver-sqlite, startup: true, activationEvent: '*'
2024-12-04 20:16:04.035 [info] ExtensionService#_doActivateExtension vscode.git, startup: true, activationEvent: '*'
2024-12-04 20:16:04.044 [info] ExtensionService#_doActivateExtension vscode.github, startup: true, activationEvent: '*'
2024-12-04 20:16:05.490 [info] Eager extensions activated
2024-12-04 20:16:05.694 [info] ExtensionService#_doActivateExtension vscode.debug-auto-launch, startup: false, activationEvent: 'onStartupFinished'
2024-12-04 20:16:05.698 [info] ExtensionService#_doActivateExtension vscode.merge-conflict, startup: false, activationEvent: 'onStartupFinished'
2024-12-04 20:16:05.699 [info] ExtensionService#_doActivateExtension eamodio.gitlens, startup: false, activationEvent: 'onStartupFinished'
2024-12-04 20:16:06.324 [info] ExtensionService#_doActivateExtension esbenp.prettier-vscode, startup: false, activationEvent: 'onStartupFinished'
2024-12-04 20:16:06.623 [info] ExtensionService#_doActivateExtension Gruntfuggly.activitusbar, startup: false, activationEvent: 'onStartupFinished'
2024-12-04 20:16:06.630 [info] ExtensionService#_doActivateExtension PKief.material-icon-theme, startup: false, activationEvent: 'onStartupFinished'
2024-12-04 20:16:06.704 [info] ExtensionService#_doActivateExtension Postman.postman-for-vscode, startup: false, activationEvent: 'onStartupFinished'
2024-12-04 20:16:08.730 [info] ExtensionService#_doActivateExtension ritwickdey.LiveServer, startup: false, activationEvent: 'onStartupFinished'
2024-12-04 20:16:09.737 [info] ExtensionService#_doActivateExtension vscode.github-authentication, startup: false, activationEvent: 'onAuthenticationRequest:github'
2024-12-04 20:16:10.963 [info] ExtensionService#_doActivateExtension vscode.configuration-editing, startup: false, activationEvent: 'onLanguage:jsonc'
2024-12-04 20:16:10.964 [info] ExtensionService#_doActivateExtension vscode.json-language-features, startup: false, activationEvent: 'onLanguage:jsonc'
2024-12-04 20:16:10.964 [info] ExtensionService#_doActivateExtension vscode.typescript-language-features, startup: false, activationEvent: 'onLanguage:jsonc'
2024-12-04 20:16:10.966 [info] ExtensionService#_doActivateExtension vscode.emmet, startup: false, activationEvent: 'onLanguage'
2024-12-04 20:18:17.014 [info] ExtensionService#_doActivateExtension vscode.extension-editing, startup: false, activationEvent: 'onLanguage:markdown'
2024-12-04 20:18:17.025 [info] ExtensionService#_doActivateExtension vscode.markdown-language-features, startup: false, activationEvent: 'onLanguage:markdown'
2024-12-04 20:18:18.690 [info] ExtensionService#_doActivateExtension vscode.markdown-math, startup: false, activationEvent: 'api', root cause: vscode.markdown-language-features
2024-12-04 20:20:06.147 [info] ExtensionService#_doActivateExtension vscode.npm, startup: false, activationEvent: 'onTerminalQuickFixRequest:ms-vscode.npm-command'
2024-12-04 20:20:35.487 [info] ExtensionService#_doActivateExtension ms-python.python, startup: false, activationEvent: 'onLanguage:python', root cause: ms-python.autopep8
2024-12-04 20:20:37.844 [info] ExtensionService#_doActivateExtension ms-python.autopep8, startup: false, activationEvent: 'onLanguage:python'
2024-12-04 20:20:38.062 [info] ExtensionService#_doActivateExtension ms-python.debugpy, startup: false, activationEvent: 'onLanguage:python'
2024-12-04 20:20:38.063 [info] ExtensionService#_doActivateExtension ms-python.vscode-pylance, startup: false, activationEvent: 'onLanguage:python'
2024-12-04 20:20:40.097 [warning] Using default string since no string found in i18n bundle that has the key: Open logs
2024-12-04 20:26:40.593 [info] ExtensionService#_doActivateExtension qwtel.sqlite-viewer, startup: false, activationEvent: 'onCustomEditor:sqlite-viewer.view'
2024-12-04 20:27:42.904 [info] ExtensionService#_doActivateExtension vscode.simple-browser, startup: false, activationEvent: 'onOpenExternalUri:http'
2024-12-04 20:46:26.830 [info] ExtensionService#_doActivateExtension vscode.html-language-features, startup: false, activationEvent: 'onLanguage:html'
2024-12-04 20:48:34.693 [info] ExtensionService#_doActivateExtension batisteo.vscode-django, startup: false, activationEvent: 'onLanguage:django-html'
2024-12-04 22:37:00.023 [warning] [Decorations] CAPPING events from decorations provider vscode.git 1851
2024-12-04 22:37:05.596 [warning] [Decorations] CAPPING events from decorations provider vscode.git 1851
2024-12-04 22:37:12.075 [warning] [Decorations] CAPPING events from decorations provider vscode.git 1851
2024-12-04 22:38:25.222 [warning] [Decorations] CAPPING events from decorations provider vscode.git 1851
2024-12-04 22:40:26.999 [warning] [Decorations] CAPPING events from decorations provider vscode.git 1852
2024-12-04 22:41:07.454 [warning] [Decorations] CAPPING events from decorations provider vscode.git 1853
2024-12-04 22:41:13.146 [warning] [Decorations] CAPPING events from decorations provider vscode.git 1853
2024-12-04 22:41:18.791 [warning] [Decorations] CAPPING events from decorations provider vscode.git 1853
2024-12-04 22:42:48.050 [warning] [Decorations] CAPPING events from decorations provider vscode.git 1854
2024-12-04 22:42:58.193 [warning] [Decorations] CAPPING events from decorations provider vscode.git 1855
2024-12-04 22:43:11.261 [warning] [Decorations] CAPPING events from decorations provider vscode.git 1855
2024-12-04 22:43:24.858 [warning] [Decorations] CAPPING events from decorations provider vscode.git 1856
2024-12-04 22:43:43.215 [warning] [Decorations] CAPPING events from decorations provider vscode.git 1857
2024-12-04 22:44:07.551 [warning] [Decorations] CAPPING events from decorations provider vscode.git 1858
2024-12-04 22:44:24.178 [warning] [Decorations] CAPPING events from decorations provider vscode.git 1858
2024-12-04 22:45:09.626 [warning] [Decorations] CAPPING events from decorations provider vscode.git 1859
2024-12-04 22:45:55.119 [warning] [Decorations] CAPPING events from decorations provider vscode.git 1859
2024-12-04 22:46:11.606 [warning] [Decorations] CAPPING events from decorations provider vscode.git 1860
2024-12-04 22:46:24.808 [warning] [Decorations] CAPPING events from decorations provider vscode.git 1860
2024-12-04 22:46:36.723 [warning] [Decorations] CAPPING events from decorations provider vscode.git 1861
2024-12-04 22:46:51.884 [warning] [Decorations] CAPPING events from decorations provider vscode.git 1861
2024-12-04 22:47:49.220 [warning] [Decorations] CAPPING events from decorations provider vscode.git 1861
2024-12-04 22:48:48.728 [warning] [Decorations] CAPPING events from decorations provider vscode.git 1861
2024-12-04 22:50:28.173 [warning] [Decorations] CAPPING events from decorations provider vscode.git 1861
2024-12-04 22:50:46.035 [warning] [Decorations] CAPPING events from decorations provider vscode.git 1861
2024-12-04 22:52:02.088 [warning] [Decorations] CAPPING events from decorations provider vscode.git 1862
2024-12-04 22:52:42.918 [warning] [Decorations] CAPPING events from decorations provider vscode.git 1861
2024-12-04 22:52:56.811 [warning] [Decorations] CAPPING events from decorations provider vscode.git 1862
2024-12-04 22:57:06.760 [warning] [Decorations] CAPPING events from decorations provider vscode.git 1861
2024-12-04 22:57:45.035 [warning] [Decorations] CAPPING events from decorations provider vscode.git 1861
2024-12-04 22:58:03.571 [warning] [Decorations] CAPPING events from decorations provider vscode.git 1861
2024-12-04 22:59:12.117 [warning] [Decorations] CAPPING events from decorations provider vscode.git 1861
2024-12-04 22:59:49.929 [warning] [Decorations] CAPPING events from decorations provider vscode.git 1861
2024-12-04 23:00:07.228 [warning] [Decorations] CAPPING events from decorations provider vscode.git 1861
2024-12-04 23:01:15.345 [warning] [Decorations] CAPPING events from decorations provider vscode.git 1861
2024-12-04 23:04:13.937 [warning] [Decorations] CAPPING events from decorations provider vscode.git 1861
2024-12-04 23:04:33.887 [warning] [Decorations] CAPPING events from decorations provider vscode.git 1861
2024-12-04 23:05:51.262 [warning] [Decorations] CAPPING events from decorations provider vscode.git 1861
2024-12-04 23:05:56.319 [warning] [Decorations] CAPPING events from decorations provider vscode.git 1861
2024-12-04 23:06:17.358 [warning] [Decorations] CAPPING events from decorations provider vscode.git 1861
2024-12-04 23:06:51.668 [warning] [Decorations] CAPPING events from decorations provider vscode.git 1861
2024-12-04 23:07:55.198 [warning] [Decorations] CAPPING events from decorations provider vscode.git 1861
2024-12-04 23:08:44.829 [warning] [Decorations] CAPPING events from decorations provider vscode.git 1861
2024-12-04 23:10:24.253 [warning] [Decorations] CAPPING events from decorations provider vscode.git 1861
2024-12-04 23:10:55.368 [warning] TextEditor is closed/disposed
2024-12-04 23:10:56.500 [warning] [Decorations] CAPPING events from decorations provider vscode.git 1863
2024-12-04 23:11:01.571 [warning] [Decorations] CAPPING events from decorations provider vscode.git 1863
2024-12-04 23:11:10.528 [warning] [Decorations] CAPPING events from decorations provider vscode.git 1863
2024-12-04 23:11:15.952 [warning] [Decorations] CAPPING events from decorations provider vscode.git 1862
2024-12-04 23:13:02.352 [warning] [Decorations] CAPPING events from decorations provider vscode.git 1862
2024-12-04 23:13:33.609 [warning] [Decorations] CAPPING events from decorations provider vscode.git 1862
2024-12-04 23:14:31.061 [warning] [Decorations] CAPPING events from decorations provider vscode.git 1862
2024-12-04 23:17:51.033 [warning] [Decorations] CAPPING events from decorations provider vscode.git 1862
2024-12-04 23:17:57.136 [warning] [Decorations] CAPPING events from decorations provider vscode.git 1862
2024-12-04 23:19:38.667 [warning] [Decorations] CAPPING events from decorations provider vscode.git 1862
2024-12-04 23:19:47.381 [warning] [Decorations] CAPPING events from decorations provider vscode.git 1862
2024-12-04 23:20:41.301 [warning] [Decorations] CAPPING events from decorations provider vscode.git 1862
2024-12-04 23:21:41.107 [warning] [Decorations] CAPPING events from decorations provider vscode.git 1862
2024-12-04 23:23:09.579 [warning] [Decorations] CAPPING events from decorations provider vscode.git 1862
2024-12-04 23:23:56.887 [warning] [Decorations] CAPPING events from decorations provider vscode.git 1862
2024-12-04 23:24:01.951 [warning] [Decorations] CAPPING events from decorations provider vscode.git 1862
2024-12-04 23:24:09.253 [warning] [Decorations] CAPPING events from decorations provider vscode.git 1862
2024-12-04 23:25:06.410 [warning] [Decorations] CAPPING events from decorations provider vscode.git 1862
2024-12-04 23:25:09.136 [warning] TextEditor is closed/disposed
2024-12-04 23:25:51.989 [warning] [Decorations] CAPPING events from decorations provider vscode.git 1862
2024-12-04 23:25:57.057 [warning] [Decorations] CAPPING events from decorations provider vscode.git 1862
2024-12-04 23:26:20.749 [warning] [Decorations] CAPPING events from decorations provider vscode.git 1862
