2024-12-03 14:57:53.961 [info] Getting Manifest... gruntfuggly.activitusbar
2024-12-03 14:57:54.046 [info] Installing extension: gruntfuggly.activitusbar {"isMachineScoped":false,"profileLocation":{"$mid":1,"external":"vscode-userdata:/home/statick/.config/Code/User/profiles/22ae70b/extensions.json","path":"/home/statick/.config/Code/User/profiles/22ae70b/extensions.json","scheme":"vscode-userdata"},"installOnlyNewlyAddedFromExtensionPack":true,"isApplicationScoped":false,"productVersion":{"version":"1.95.3","date":"2024-11-13T14:50:04.152Z"}}
2024-12-03 14:57:55.602 [info] Extension signature verification result for gruntfuggly.activitusbar: UnknownError. Executed: true. Duration: 12ms.
2024-12-03 14:57:55.619 [info] Extension installed successfully: gruntfuggly.activitusbar vscode-userdata:/home/statick/.config/Code/User/profiles/22ae70b/extensions.json
2024-12-03 15:01:35.518 [info] Getting Manifest... usernamehw.errorlens
2024-12-03 15:01:35.788 [info] Installing extension: usernamehw.errorlens {"isMachineScoped":false,"installPreReleaseVersion":false,"pinned":false,"profileLocation":{"$mid":1,"external":"vscode-userdata:/home/statick/.config/Code/User/profiles/22ae70b/extensions.json","path":"/home/statick/.config/Code/User/profiles/22ae70b/extensions.json","scheme":"vscode-userdata"},"installOnlyNewlyAddedFromExtensionPack":true,"isApplicationScoped":false,"productVersion":{"version":"1.95.3","date":"2024-11-13T14:50:04.152Z"}}
2024-12-03 15:01:36.484 [info] Extension signature verification result for usernamehw.errorlens: UnknownError. Executed: true. Duration: 6ms.
2024-12-03 15:01:36.501 [info] Extension installed successfully: usernamehw.errorlens vscode-userdata:/home/statick/.config/Code/User/profiles/22ae70b/extensions.json
2024-12-03 15:01:56.893 [info] Getting Manifest... quicktype.quicktype
2024-12-03 15:01:56.965 [info] Installing extension: quicktype.quicktype {"isMachineScoped":false,"installPreReleaseVersion":false,"pinned":false,"profileLocation":{"$mid":1,"external":"vscode-userdata:/home/statick/.config/Code/User/profiles/22ae70b/extensions.json","path":"/home/statick/.config/Code/User/profiles/22ae70b/extensions.json","scheme":"vscode-userdata"},"installOnlyNewlyAddedFromExtensionPack":true,"isApplicationScoped":false,"productVersion":{"version":"1.95.3","date":"2024-11-13T14:50:04.152Z"}}
2024-12-03 15:01:57.860 [info] Extension signature verification result for quicktype.quicktype: UnknownError. Executed: true. Duration: 11ms.
2024-12-03 15:01:57.875 [info] Extension installed successfully: quicktype.quicktype vscode-userdata:/home/statick/.config/Code/User/profiles/22ae70b/extensions.json
2024-12-03 15:02:22.519 [info] Getting Manifest... aaron-bond.better-comments
2024-12-03 15:02:22.596 [info] Installing extension: aaron-bond.better-comments {"isMachineScoped":false,"installPreReleaseVersion":false,"pinned":false,"profileLocation":{"$mid":1,"external":"vscode-userdata:/home/statick/.config/Code/User/profiles/22ae70b/extensions.json","path":"/home/statick/.config/Code/User/profiles/22ae70b/extensions.json","scheme":"vscode-userdata"},"installOnlyNewlyAddedFromExtensionPack":true,"isApplicationScoped":false,"productVersion":{"version":"1.95.3","date":"2024-11-13T14:50:04.152Z"}}
2024-12-03 15:02:23.032 [info] Extension signature verification result for aaron-bond.better-comments: UnknownError. Executed: true. Duration: 8ms.
2024-12-03 15:02:23.049 [info] Extracted extension to file:///home/statick/.vscode/extensions/aaron-bond.better-comments-3.0.2: aaron-bond.better-comments
2024-12-03 15:02:23.054 [info] Renamed to /home/statick/.vscode/extensions/aaron-bond.better-comments-3.0.2
2024-12-03 15:02:23.067 [info] Extension installed successfully: aaron-bond.better-comments vscode-userdata:/home/statick/.config/Code/User/profiles/22ae70b/extensions.json
2024-12-03 15:08:44.251 [info] Getting Manifest... formulahendry.terminal
2024-12-03 15:08:44.322 [info] Installing extension: formulahendry.terminal {"isMachineScoped":false,"installPreReleaseVersion":false,"pinned":false,"profileLocation":{"$mid":1,"external":"vscode-userdata:/home/statick/.config/Code/User/profiles/22ae70b/extensions.json","path":"/home/statick/.config/Code/User/profiles/22ae70b/extensions.json","scheme":"vscode-userdata"},"installOnlyNewlyAddedFromExtensionPack":true,"isApplicationScoped":false,"productVersion":{"version":"1.95.3","date":"2024-11-13T14:50:04.152Z"}}
2024-12-03 15:08:44.445 [info] Extension signature verification result for formulahendry.terminal: UnknownError. Executed: true. Duration: 7ms.
2024-12-03 15:08:44.462 [info] Extension installed successfully: formulahendry.terminal vscode-userdata:/home/statick/.config/Code/User/profiles/22ae70b/extensions.json
2024-12-03 15:08:58.962 [info] Getting Manifest... nash.awesome-flutter-snippets
2024-12-03 15:08:59.029 [info] Installing extension: nash.awesome-flutter-snippets {"isMachineScoped":false,"installPreReleaseVersion":false,"pinned":false,"profileLocation":{"$mid":1,"external":"vscode-userdata:/home/statick/.config/Code/User/profiles/22ae70b/extensions.json","path":"/home/statick/.config/Code/User/profiles/22ae70b/extensions.json","scheme":"vscode-userdata"},"installOnlyNewlyAddedFromExtensionPack":true,"isApplicationScoped":false,"productVersion":{"version":"1.95.3","date":"2024-11-13T14:50:04.152Z"}}
2024-12-03 15:08:59.716 [info] Extension signature verification result for nash.awesome-flutter-snippets: UnknownError. Executed: true. Duration: 14ms.
2024-12-03 15:08:59.728 [info] Extracted extension to file:///home/statick/.vscode/extensions/nash.awesome-flutter-snippets-4.0.1: nash.awesome-flutter-snippets
2024-12-03 15:08:59.731 [info] Renamed to /home/statick/.vscode/extensions/nash.awesome-flutter-snippets-4.0.1
2024-12-03 15:08:59.744 [info] Extension installed successfully: nash.awesome-flutter-snippets vscode-userdata:/home/statick/.config/Code/User/profiles/22ae70b/extensions.json
2024-12-03 15:09:17.230 [info] Getting Manifest... felixangelov.bloc
2024-12-03 15:09:17.304 [info] Installing extension: felixangelov.bloc {"isMachineScoped":false,"installPreReleaseVersion":false,"pinned":false,"profileLocation":{"$mid":1,"external":"vscode-userdata:/home/statick/.config/Code/User/profiles/22ae70b/extensions.json","path":"/home/statick/.config/Code/User/profiles/22ae70b/extensions.json","scheme":"vscode-userdata"},"installOnlyNewlyAddedFromExtensionPack":true,"isApplicationScoped":false,"productVersion":{"version":"1.95.3","date":"2024-11-13T14:50:04.152Z"}}
2024-12-03 15:09:17.881 [info] Extension signature verification result for felixangelov.bloc: UnknownError. Executed: true. Duration: 6ms.
2024-12-03 15:09:17.914 [info] Extracted extension to file:///home/statick/.vscode/extensions/felixangelov.bloc-6.6.6: felixangelov.bloc
2024-12-03 15:09:17.918 [info] Renamed to /home/statick/.vscode/extensions/felixangelov.bloc-6.6.6
2024-12-03 15:09:17.930 [info] Extension installed successfully: felixangelov.bloc vscode-userdata:/home/statick/.config/Code/User/profiles/22ae70b/extensions.json
2024-12-03 15:10:01.580 [info] Getting Manifest... jeroen-meijer.pubspec-assist
2024-12-03 15:10:01.656 [info] Installing extension: jeroen-meijer.pubspec-assist {"isMachineScoped":false,"installPreReleaseVersion":false,"pinned":false,"profileLocation":{"$mid":1,"external":"vscode-userdata:/home/statick/.config/Code/User/profiles/22ae70b/extensions.json","path":"/home/statick/.config/Code/User/profiles/22ae70b/extensions.json","scheme":"vscode-userdata"},"installOnlyNewlyAddedFromExtensionPack":true,"isApplicationScoped":false,"productVersion":{"version":"1.95.3","date":"2024-11-13T14:50:04.152Z"}}
2024-12-03 15:10:02.209 [info] Extension signature verification result for jeroen-meijer.pubspec-assist: UnknownError. Executed: true. Duration: 7ms.
2024-12-03 15:10:02.439 [info] Extracted extension to file:///home/statick/.vscode/extensions/jeroen-meijer.pubspec-assist-2.3.2: jeroen-meijer.pubspec-assist
2024-12-03 15:10:02.442 [info] Renamed to /home/statick/.vscode/extensions/jeroen-meijer.pubspec-assist-2.3.2
2024-12-03 15:10:02.456 [info] Extension installed successfully: jeroen-meijer.pubspec-assist vscode-userdata:/home/statick/.config/Code/User/profiles/22ae70b/extensions.json
2024-12-03 15:10:16.030 [info] Getting Manifest... tyriar.lorem-ipsum
2024-12-03 15:10:16.102 [info] Installing extension: tyriar.lorem-ipsum {"isMachineScoped":false,"installPreReleaseVersion":false,"pinned":false,"profileLocation":{"$mid":1,"external":"vscode-userdata:/home/statick/.config/Code/User/profiles/22ae70b/extensions.json","path":"/home/statick/.config/Code/User/profiles/22ae70b/extensions.json","scheme":"vscode-userdata"},"installOnlyNewlyAddedFromExtensionPack":true,"isApplicationScoped":false,"productVersion":{"version":"1.95.3","date":"2024-11-13T14:50:04.152Z"}}
2024-12-03 15:10:16.537 [info] Extension signature verification result for tyriar.lorem-ipsum: UnknownError. Executed: true. Duration: 9ms.
2024-12-03 15:10:16.554 [info] Extension installed successfully: tyriar.lorem-ipsum vscode-userdata:/home/statick/.config/Code/User/profiles/22ae70b/extensions.json
2024-12-03 15:10:42.701 [info] Getting Manifest... daltonmenezes.aura-theme
2024-12-03 15:10:42.772 [info] Installing extension: daltonmenezes.aura-theme {"isMachineScoped":false,"installPreReleaseVersion":false,"pinned":false,"profileLocation":{"$mid":1,"external":"vscode-userdata:/home/statick/.config/Code/User/profiles/22ae70b/extensions.json","path":"/home/statick/.config/Code/User/profiles/22ae70b/extensions.json","scheme":"vscode-userdata"},"installOnlyNewlyAddedFromExtensionPack":true,"isApplicationScoped":false,"productVersion":{"version":"1.95.3","date":"2024-11-13T14:50:04.152Z"}}
2024-12-03 15:10:43.214 [info] Extension signature verification result for daltonmenezes.aura-theme: UnknownError. Executed: true. Duration: 12ms.
2024-12-03 15:10:43.231 [info] Extension installed successfully: daltonmenezes.aura-theme vscode-userdata:/home/statick/.config/Code/User/profiles/22ae70b/extensions.json
2024-12-03 15:17:35.493 [info] Getting Manifest... postman.postman-for-vscode
2024-12-03 15:17:35.814 [info] Installing extension: postman.postman-for-vscode {"isMachineScoped":false,"installPreReleaseVersion":false,"pinned":false,"profileLocation":{"$mid":1,"external":"vscode-userdata:/home/statick/.config/Code/User/profiles/22ae70b/extensions.json","path":"/home/statick/.config/Code/User/profiles/22ae70b/extensions.json","scheme":"vscode-userdata"},"installOnlyNewlyAddedFromExtensionPack":true,"isApplicationScoped":false,"productVersion":{"version":"1.95.3","date":"2024-11-13T14:50:04.152Z"}}
2024-12-03 15:17:36.213 [info] Extension signature verification result for postman.postman-for-vscode: UnknownError. Executed: true. Duration: 7ms.
2024-12-03 15:17:36.327 [info] Extension installed successfully: postman.postman-for-vscode vscode-userdata:/home/statick/.config/Code/User/profiles/22ae70b/extensions.json
2024-12-03 15:28:17.233 [error] [uncaught exception in sharedProcess]: Can not add index to parent of type string: Error: Can not add index to parent of type string
    at ol (file:///usr/share/code/resources/app/out/vs/code/electron-utility/sharedProcess/sharedProcessMain.js:43:1764)
    at Gt (file:///usr/share/code/resources/app/out/vs/code/electron-utility/sharedProcess/sharedProcessMain.js:98:63108)
    at qs (file:///usr/share/code/resources/app/out/vs/code/electron-utility/sharedProcess/sharedProcessMain.js:98:84248)
    at Mg (file:///usr/share/code/resources/app/out/vs/code/electron-utility/sharedProcess/sharedProcessMain.js:98:84435)
    at ka.ub (file:///usr/share/code/resources/app/out/vs/code/electron-utility/sharedProcess/sharedProcessMain.js:98:92127)
    at async ka.R (file:///usr/share/code/resources/app/out/vs/code/electron-utility/sharedProcess/sharedProcessMain.js:98:32437)
