2024-12-03 14:46:08.850 [info] l10n: Configured to file:///home/statick/.vscode/extensions/ms-ceintl.vscode-language-pack-es-1.95.2024102309/translations/extensions/vscode.json-language-features.i18n.json
2024-12-03 15:10:46.784 [info] l10n: Configured to file:///home/statick/.vscode/extensions/ms-ceintl.vscode-language-pack-es-1.95.2024102309/translations/extensions/vscode.json-language-features.i18n.json
2024-12-03 15:26:37.367 [info] read schema from vscode: vscode://schemas/settings/profile
2024-12-03 15:26:37.486 [info] read schema from vscode: vscode://schemas/settings/resourceLanguage
2024-12-03 15:26:37.492 [info] read schema from vscode: vscode://schemas/launch
2024-12-03 15:26:37.494 [info] read schema from vscode: vscode://schemas/token-styling
2024-12-03 15:26:37.494 [info] read schema from vscode: vscode://schemas/textmate-colors
2024-12-03 15:26:37.495 [info] read schema from vscode: vscode://schemas/workbench-colors
2024-12-03 15:26:37.569 [info] schema change detected vscode://schemas/settings/profile
2024-12-03 15:26:37.623 [info] cancelled
2024-12-03 15:26:37.624 [info] read schema from vscode: vscode://schemas/settings/profile
2024-12-03 15:26:37.624 [info] cancelled
2024-12-03 15:26:40.832 [info] schema change detected vscode://schemas/workbench-colors
2024-12-03 15:26:40.835 [info] read schema from vscode: vscode://schemas/settings/profile
2024-12-03 15:26:40.908 [info] read schema from vscode: vscode://schemas/workbench-colors
2024-12-03 15:27:27.152 [info] schema change detected vscode://schemas/settings/profile
2024-12-03 15:27:27.154 [info] read schema from vscode: vscode://schemas/settings/profile
2024-12-03 15:27:34.384 [info] schema change detected vscode://schemas/settings/profile
2024-12-03 15:27:34.386 [info] read schema from vscode: vscode://schemas/settings/profile
2024-12-03 15:27:38.257 [info] schema change detected vscode://schemas/workbench-colors
2024-12-03 15:27:38.258 [info] read schema from vscode: vscode://schemas/settings/profile
2024-12-03 15:27:38.325 [info] read schema from vscode: vscode://schemas/workbench-colors
2024-12-03 15:28:17.441 [info] schema change detected vscode://schemas/workbench-colors
2024-12-03 15:28:17.444 [info] read schema from vscode: vscode://schemas/settings/profile
2024-12-03 15:28:17.549 [info] read schema from vscode: vscode://schemas/workbench-colors
2024-12-03 15:28:26.965 [info] schema change detected vscode://schemas/workbench-colors
2024-12-03 15:28:26.967 [info] read schema from vscode: vscode://schemas/settings/profile
2024-12-03 15:28:27.076 [info] read schema from vscode: vscode://schemas/workbench-colors
2024-12-03 15:29:10.063 [info] schema change detected vscode://schemas/settings/profile
2024-12-03 15:29:10.068 [info] read schema from vscode: vscode://schemas/settings/profile
2024-12-03 15:29:12.095 [info] schema change detected vscode://schemas/settings/profile
2024-12-03 15:55:26.386 [info] schema change detected vscode://schemas/launch
