2024-12-03 14:46:07.772 [info] Reading sessions from keychain...
2024-12-03 14:46:07.772 [info] Getting sessions for all scopes...
2024-12-03 14:46:07.772 [info] Getting sessions for all scopes...
2024-12-03 14:46:07.772 [info] Getting sessions for all scopes...
2024-12-03 14:46:07.773 [info] Got stored sessions!
2024-12-03 14:46:07.773 [info] Got 1 verified sessions.
2024-12-03 14:46:07.773 [info] Got 1 sessions for ...
2024-12-03 14:46:07.773 [info] Got 1 sessions for ...
2024-12-03 14:46:07.773 [info] Got 1 sessions for ...
2024-12-03 14:46:07.773 [info] Getting sessions for user:email...
2024-12-03 14:46:07.773 [info] Got 1 sessions for user:email...
2024-12-03 14:46:09.533 [info] Getting sessions for all scopes...
2024-12-03 14:46:09.533 [info] Got 1 sessions for ...
2024-12-03 14:47:46.004 [info] Reading sessions from keychain...
2024-12-03 14:47:46.004 [info] Getting sessions for all scopes...
2024-12-03 14:47:46.004 [info] Getting sessions for all scopes...
2024-12-03 14:47:46.004 [info] Getting sessions for all scopes...
2024-12-03 14:47:46.004 [info] Got stored sessions!
2024-12-03 14:47:46.004 [info] Got 1 verified sessions.
2024-12-03 14:47:46.004 [info] Got 1 sessions for ...
2024-12-03 14:47:46.004 [info] Got 1 sessions for ...
2024-12-03 14:47:46.004 [info] Got 1 sessions for ...
2024-12-03 14:47:46.004 [info] Getting sessions for user:email...
2024-12-03 14:47:46.004 [info] Got 1 sessions for user:email...
2024-12-03 14:47:47.571 [info] Getting sessions for all scopes...
2024-12-03 14:47:47.571 [info] Got 1 sessions for ...
