2024-12-04 08:35:08.977 [info] Reading sessions from keychain...
2024-12-04 08:35:08.977 [info] Getting sessions for all scopes...
2024-12-04 08:35:08.977 [info] Getting sessions for all scopes...
2024-12-04 08:35:08.977 [info] Getting sessions for all scopes...
2024-12-04 08:35:08.977 [info] Getting sessions for user:email...
2024-12-04 08:35:08.977 [info] Getting sessions for user:email...
2024-12-04 08:35:08.977 [info] Getting sessions for user:email...
2024-12-04 08:35:08.977 [info] Got stored sessions!
2024-12-04 08:35:08.977 [info] Got 1 verified sessions.
2024-12-04 08:35:08.977 [info] Got 1 sessions for ...
2024-12-04 08:35:08.977 [info] Got 1 sessions for ...
2024-12-04 08:35:08.977 [info] Got 1 sessions for ...
2024-12-04 08:35:08.977 [info] Got 1 sessions for user:email...
2024-12-04 08:35:08.977 [info] Got 1 sessions for user:email...
2024-12-04 08:35:08.977 [info] Got 1 sessions for user:email...
2024-12-04 08:35:08.977 [info] Getting sessions for read:user,repo,user:email...
2024-12-04 08:35:08.977 [info] Got 0 sessions for read:user,repo,user:email...
2024-12-04 08:35:08.977 [info] Getting sessions for read:user,repo,user:email,workflow...
2024-12-04 08:35:08.977 [info] Got 0 sessions for read:user,repo,user:email,workflow...
2024-12-04 08:35:08.977 [info] Getting sessions for all scopes...
2024-12-04 08:35:08.977 [info] Got 1 sessions for ...
2024-12-04 08:35:08.977 [info] Getting sessions for all scopes...
2024-12-04 08:35:08.977 [info] Got 1 sessions for ...
2024-12-04 08:35:08.977 [info] Getting sessions for read:user...
2024-12-04 08:35:08.977 [info] Got 0 sessions for read:user...
2024-12-04 08:35:08.978 [info] Getting sessions for read:user,repo,user:email,workflow...
2024-12-04 08:35:08.978 [info] Got 0 sessions for read:user,repo,user:email,workflow...
2024-12-04 08:35:09.032 [info] Getting sessions for user:email...
2024-12-04 08:35:09.032 [info] Got 1 sessions for user:email...
2024-12-04 08:35:09.033 [info] Getting sessions for user:email...
2024-12-04 08:35:09.033 [info] Got 1 sessions for user:email...
2024-12-04 08:35:09.152 [info] Getting sessions for all scopes...
2024-12-04 08:35:09.152 [info] Got 1 sessions for ...
2024-12-04 08:35:10.226 [info] Getting sessions for read:user,repo,user:email,workflow...
2024-12-04 08:35:10.226 [info] Got 0 sessions for read:user,repo,user:email,workflow...
2024-12-04 08:35:10.278 [info] Getting sessions for user:email...
2024-12-04 08:35:10.278 [info] Got 1 sessions for user:email...
2024-12-04 08:35:10.281 [info] Getting sessions for all scopes...
2024-12-04 08:35:10.281 [info] Got 1 sessions for ...
2024-12-04 08:35:10.474 [info] Getting sessions for all scopes...
2024-12-04 08:35:10.474 [info] Got 1 sessions for ...
2024-12-04 08:35:10.508 [info] Getting sessions for read:user,repo,user:email,workflow...
2024-12-04 08:35:10.508 [info] Got 0 sessions for read:user,repo,user:email,workflow...
2024-12-04 08:35:10.514 [info] Getting sessions for user:email...
2024-12-04 08:35:10.514 [info] Got 1 sessions for user:email...
2024-12-04 08:35:11.285 [info] Getting sessions for all scopes...
2024-12-04 08:35:11.285 [info] Got 1 sessions for ...
2024-12-04 08:35:11.285 [info] Getting sessions for all scopes...
2024-12-04 08:35:11.285 [info] Got 1 sessions for ...
2024-12-04 08:35:11.304 [info] Getting sessions for read:user,repo,user:email,workflow...
2024-12-04 08:35:11.304 [info] Got 0 sessions for read:user,repo,user:email,workflow...
2024-12-04 08:35:11.305 [info] Getting sessions for user:email...
2024-12-04 08:35:11.305 [info] Got 1 sessions for user:email...
2024-12-04 08:35:11.307 [info] Getting sessions for all scopes...
2024-12-04 08:35:11.307 [info] Got 1 sessions for ...
2024-12-04 08:35:11.308 [info] Getting sessions for read:user,repo,user:email,workflow...
2024-12-04 08:35:11.308 [info] Got 0 sessions for read:user,repo,user:email,workflow...
2024-12-04 08:35:11.309 [info] Getting sessions for user:email...
2024-12-04 08:35:11.309 [info] Got 1 sessions for user:email...
2024-12-04 08:35:11.358 [info] Getting sessions for all scopes...
2024-12-04 08:35:11.358 [info] Got 1 sessions for ...
2024-12-04 08:35:11.362 [info] Getting sessions for read:user,repo,user:email,workflow...
2024-12-04 08:35:11.362 [info] Got 0 sessions for read:user,repo,user:email,workflow...
2024-12-04 08:35:11.367 [info] Getting sessions for user:email...
2024-12-04 08:35:11.367 [info] Got 1 sessions for user:email...
2024-12-04 08:35:21.307 [info] Reading sessions from keychain...
2024-12-04 08:35:21.307 [info] Getting sessions for all scopes...
2024-12-04 08:35:21.307 [info] Getting sessions for all scopes...
2024-12-04 08:35:21.307 [info] Getting sessions for all scopes...
2024-12-04 08:35:21.312 [info] Got stored sessions!
2024-12-04 08:35:21.312 [info] Got 1 verified sessions.
2024-12-04 08:35:21.312 [info] Got 1 sessions for ...
2024-12-04 08:35:21.312 [info] Got 1 sessions for ...
2024-12-04 08:35:21.312 [info] Got 1 sessions for ...
2024-12-04 08:35:21.318 [info] Getting sessions for user:email...
2024-12-04 08:35:21.318 [info] Got 1 sessions for user:email...
2024-12-04 08:35:22.903 [info] Getting sessions for all scopes...
2024-12-04 08:35:22.903 [info] Got 1 sessions for ...
2024-12-04 08:35:22.918 [info] Getting sessions for read:user,repo,user:email...
2024-12-04 08:35:22.918 [info] Got 0 sessions for read:user,repo,user:email...
2024-12-04 08:35:22.918 [info] Getting sessions for read:user,repo,user:email,workflow...
2024-12-04 08:35:22.918 [info] Got 0 sessions for read:user,repo,user:email,workflow...
2024-12-04 08:35:22.918 [info] Getting sessions for all scopes...
2024-12-04 08:35:22.918 [info] Got 1 sessions for ...
2024-12-04 08:35:22.918 [info] Getting sessions for all scopes...
2024-12-04 08:35:22.918 [info] Got 1 sessions for ...
2024-12-04 08:35:22.943 [info] Getting sessions for read:user...
2024-12-04 08:35:22.943 [info] Got 0 sessions for read:user...
2024-12-04 08:35:22.943 [info] Getting sessions for read:user,repo,user:email,workflow...
2024-12-04 08:35:22.943 [info] Got 0 sessions for read:user,repo,user:email,workflow...
2024-12-04 08:35:22.999 [info] Getting sessions for user:email...
2024-12-04 08:35:22.999 [info] Got 1 sessions for user:email...
2024-12-04 08:35:23.001 [info] Getting sessions for user:email...
2024-12-04 08:35:23.001 [info] Got 1 sessions for user:email...
2024-12-04 08:35:23.132 [info] Getting sessions for all scopes...
2024-12-04 08:35:23.132 [info] Got 1 sessions for ...
2024-12-04 08:35:23.137 [info] Getting sessions for read:user,repo,user:email,workflow...
2024-12-04 08:35:23.137 [info] Got 0 sessions for read:user,repo,user:email,workflow...
2024-12-04 08:35:24.091 [info] Getting sessions for user:email...
2024-12-04 08:35:24.092 [info] Got 1 sessions for user:email...
2024-12-04 08:35:24.093 [info] Getting sessions for all scopes...
2024-12-04 08:35:24.093 [info] Got 1 sessions for ...
2024-12-04 08:35:24.093 [info] Getting sessions for read:user,repo,user:email,workflow...
2024-12-04 08:35:24.093 [info] Got 0 sessions for read:user,repo,user:email,workflow...
2024-12-04 08:35:24.094 [info] Getting sessions for user:email...
2024-12-04 08:35:24.094 [info] Got 1 sessions for user:email...
2024-12-04 08:35:24.686 [info] Getting sessions for all scopes...
2024-12-04 08:35:24.686 [info] Got 1 sessions for ...
2024-12-04 08:35:24.686 [info] Getting sessions for all scopes...
2024-12-04 08:35:24.686 [info] Got 1 sessions for ...
2024-12-04 08:35:24.704 [info] Getting sessions for read:user,repo,user:email,workflow...
2024-12-04 08:35:24.704 [info] Got 0 sessions for read:user,repo,user:email,workflow...
2024-12-04 08:35:24.704 [info] Getting sessions for user:email...
2024-12-04 08:35:24.704 [info] Got 1 sessions for user:email...
2024-12-04 08:35:24.706 [info] Getting sessions for all scopes...
2024-12-04 08:35:24.707 [info] Got 1 sessions for ...
2024-12-04 08:35:24.707 [info] Getting sessions for read:user,repo,user:email,workflow...
2024-12-04 08:35:24.707 [info] Got 0 sessions for read:user,repo,user:email,workflow...
2024-12-04 08:35:24.708 [info] Getting sessions for user:email...
2024-12-04 08:35:24.708 [info] Got 1 sessions for user:email...
2024-12-04 08:35:24.769 [info] Getting sessions for all scopes...
2024-12-04 08:35:24.769 [info] Got 1 sessions for ...
2024-12-04 08:35:24.770 [info] Getting sessions for read:user,repo,user:email,workflow...
2024-12-04 08:35:24.770 [info] Got 0 sessions for read:user,repo,user:email,workflow...
2024-12-04 08:35:24.771 [info] Getting sessions for user:email...
2024-12-04 08:35:24.771 [info] Got 1 sessions for user:email...
2024-12-04 08:35:36.883 [info] Reading sessions from keychain...
2024-12-04 08:35:36.883 [info] Getting sessions for all scopes...
2024-12-04 08:35:36.883 [info] Getting sessions for all scopes...
2024-12-04 08:35:36.883 [info] Getting sessions for user:email...
2024-12-04 08:35:36.883 [info] Getting sessions for all scopes...
2024-12-04 08:35:36.883 [info] Got stored sessions!
2024-12-04 08:35:36.883 [info] Got 1 verified sessions.
2024-12-04 08:35:36.883 [info] Got 1 sessions for ...
2024-12-04 08:35:36.883 [info] Got 1 sessions for ...
2024-12-04 08:35:36.883 [info] Got 1 sessions for user:email...
2024-12-04 08:35:36.883 [info] Got 1 sessions for ...
2024-12-04 08:35:36.883 [info] Getting sessions for user:email...
2024-12-04 08:35:36.883 [info] Got 1 sessions for user:email...
2024-12-04 08:35:36.883 [info] Getting sessions for user:email...
2024-12-04 08:35:36.883 [info] Got 1 sessions for user:email...
2024-12-04 08:35:36.883 [info] Getting sessions for read:user,repo,user:email...
2024-12-04 08:35:36.883 [info] Got 0 sessions for read:user,repo,user:email...
2024-12-04 08:35:36.883 [info] Getting sessions for read:user,repo,user:email,workflow...
2024-12-04 08:35:36.883 [info] Got 0 sessions for read:user,repo,user:email,workflow...
2024-12-04 08:35:36.883 [info] Getting sessions for all scopes...
2024-12-04 08:35:36.883 [info] Got 1 sessions for ...
2024-12-04 08:35:36.883 [info] Getting sessions for all scopes...
2024-12-04 08:35:36.883 [info] Got 1 sessions for ...
2024-12-04 08:35:36.922 [info] Getting sessions for read:user...
2024-12-04 08:35:36.922 [info] Got 0 sessions for read:user...
2024-12-04 08:35:36.922 [info] Getting sessions for read:user,repo,user:email,workflow...
2024-12-04 08:35:36.922 [info] Got 0 sessions for read:user,repo,user:email,workflow...
2024-12-04 08:35:36.979 [info] Getting sessions for user:email...
2024-12-04 08:35:36.979 [info] Got 1 sessions for user:email...
2024-12-04 08:35:36.980 [info] Getting sessions for user:email...
2024-12-04 08:35:36.980 [info] Got 1 sessions for user:email...
2024-12-04 08:35:37.114 [info] Getting sessions for all scopes...
2024-12-04 08:35:37.115 [info] Got 1 sessions for ...
2024-12-04 08:35:38.461 [info] Getting sessions for read:user,repo,user:email,workflow...
2024-12-04 08:35:38.461 [info] Got 0 sessions for read:user,repo,user:email,workflow...
2024-12-04 08:35:38.475 [info] Getting sessions for user:email...
2024-12-04 08:35:38.475 [info] Got 1 sessions for user:email...
2024-12-04 08:35:38.477 [info] Getting sessions for all scopes...
2024-12-04 08:35:38.477 [info] Got 1 sessions for ...
2024-12-04 08:35:38.477 [info] Getting sessions for read:user,repo,user:email,workflow...
2024-12-04 08:35:38.477 [info] Got 0 sessions for read:user,repo,user:email,workflow...
2024-12-04 08:35:38.478 [info] Getting sessions for user:email...
2024-12-04 08:35:38.478 [info] Got 1 sessions for user:email...
2024-12-04 08:35:39.130 [info] Getting sessions for all scopes...
2024-12-04 08:35:39.130 [info] Got 1 sessions for ...
2024-12-04 08:35:39.138 [info] Getting sessions for all scopes...
2024-12-04 08:35:39.138 [info] Got 1 sessions for ...
2024-12-04 08:35:39.139 [info] Getting sessions for read:user,repo,user:email,workflow...
2024-12-04 08:35:39.139 [info] Got 0 sessions for read:user,repo,user:email,workflow...
2024-12-04 08:35:39.140 [info] Getting sessions for user:email...
2024-12-04 08:35:39.140 [info] Got 1 sessions for user:email...
2024-12-04 08:35:39.142 [info] Getting sessions for all scopes...
2024-12-04 08:35:39.142 [info] Got 1 sessions for ...
2024-12-04 08:35:39.142 [info] Getting sessions for read:user,repo,user:email,workflow...
2024-12-04 08:35:39.142 [info] Got 0 sessions for read:user,repo,user:email,workflow...
2024-12-04 08:35:39.143 [info] Getting sessions for user:email...
2024-12-04 08:35:39.143 [info] Got 1 sessions for user:email...
2024-12-04 08:35:39.220 [info] Getting sessions for all scopes...
2024-12-04 08:35:39.220 [info] Got 1 sessions for ...
2024-12-04 08:35:39.232 [info] Getting sessions for read:user,repo,user:email,workflow...
2024-12-04 08:35:39.232 [info] Got 0 sessions for read:user,repo,user:email,workflow...
2024-12-04 08:35:39.233 [info] Getting sessions for user:email...
2024-12-04 08:35:39.233 [info] Got 1 sessions for user:email...
2024-12-04 08:40:40.671 [info] Reading sessions from keychain...
2024-12-04 08:40:40.671 [info] Getting sessions for all scopes...
2024-12-04 08:40:40.671 [info] Getting sessions for all scopes...
2024-12-04 08:40:40.671 [info] Getting sessions for user:email...
2024-12-04 08:40:40.671 [info] Getting sessions for all scopes...
2024-12-04 08:40:40.671 [info] Got stored sessions!
2024-12-04 08:40:40.671 [info] Got 1 verified sessions.
2024-12-04 08:40:40.671 [info] Got 1 sessions for ...
2024-12-04 08:40:40.671 [info] Got 1 sessions for ...
2024-12-04 08:40:40.671 [info] Got 1 sessions for user:email...
2024-12-04 08:40:40.671 [info] Got 1 sessions for ...
2024-12-04 08:40:42.721 [info] Getting sessions for read:user,repo,user:email...
2024-12-04 08:40:42.721 [info] Got 0 sessions for read:user,repo,user:email...
2024-12-04 08:40:42.721 [info] Getting sessions for all scopes...
2024-12-04 08:40:42.721 [info] Got 1 sessions for ...
2024-12-04 08:40:42.721 [info] Getting sessions for all scopes...
2024-12-04 08:40:42.721 [info] Got 1 sessions for ...
2024-12-04 08:40:42.748 [info] Getting sessions for read:user,repo,user:email,workflow...
2024-12-04 08:40:42.748 [info] Got 0 sessions for read:user,repo,user:email,workflow...
2024-12-04 08:40:42.757 [info] Getting sessions for user:email...
2024-12-04 08:40:42.757 [info] Got 1 sessions for user:email...
2024-12-04 08:40:42.760 [info] Getting sessions for all scopes...
2024-12-04 08:40:42.760 [info] Got 1 sessions for ...
2024-12-04 08:40:42.760 [info] Getting sessions for all scopes...
2024-12-04 08:40:42.760 [info] Got 1 sessions for ...
2024-12-04 08:40:42.776 [info] Getting sessions for read:user,repo,user:email,workflow...
2024-12-04 08:40:42.776 [info] Got 0 sessions for read:user,repo,user:email,workflow...
2024-12-04 08:40:42.776 [info] Getting sessions for user:email...
2024-12-04 08:40:42.776 [info] Got 1 sessions for user:email...
2024-12-04 08:40:43.587 [info] Getting sessions for all scopes...
2024-12-04 08:40:43.587 [info] Got 1 sessions for ...
2024-12-04 08:40:43.587 [info] Getting sessions for all scopes...
2024-12-04 08:40:43.587 [info] Got 1 sessions for ...
2024-12-04 08:40:43.602 [info] Getting sessions for read:user,repo,user:email,workflow...
2024-12-04 08:40:43.602 [info] Got 0 sessions for read:user,repo,user:email,workflow...
2024-12-04 08:40:43.603 [info] Getting sessions for user:email...
2024-12-04 08:40:43.603 [info] Got 1 sessions for user:email...
2024-12-04 08:40:43.604 [info] Getting sessions for all scopes...
2024-12-04 08:40:43.604 [info] Got 1 sessions for ...
2024-12-04 08:40:43.605 [info] Getting sessions for read:user,repo,user:email,workflow...
2024-12-04 08:40:43.605 [info] Got 0 sessions for read:user,repo,user:email,workflow...
2024-12-04 08:40:43.605 [info] Getting sessions for user:email...
2024-12-04 08:40:43.605 [info] Got 1 sessions for user:email...
2024-12-04 08:40:43.639 [info] Getting sessions for all scopes...
2024-12-04 08:40:43.639 [info] Got 1 sessions for ...
2024-12-04 08:40:43.639 [info] Getting sessions for read:user,repo,user:email,workflow...
2024-12-04 08:40:43.639 [info] Got 0 sessions for read:user,repo,user:email,workflow...
2024-12-04 08:40:43.640 [info] Getting sessions for user:email...
2024-12-04 08:40:43.640 [info] Got 1 sessions for user:email...
2024-12-04 08:40:46.653 [info] Getting sessions for read:user,repo,user:email,workflow...
2024-12-04 08:40:46.653 [info] Got 0 sessions for read:user,repo,user:email,workflow...
2024-12-04 08:40:48.082 [info] Logging in with 'any' account...
2024-12-04 08:40:48.082 [info] Logging in for the following scopes: read:user repo user:email workflow
2024-12-04 08:40:48.084 [info] Trying without local server... (read:user repo user:email workflow)
2024-12-04 08:41:08.742 [info] Exchanging code for token...
2024-12-04 08:41:09.134 [info] Token exchange success!
2024-12-04 08:41:09.136 [info] Getting user info...
2024-12-04 08:41:09.611 [info] Got account info!
2024-12-04 08:41:09.611 [info] Storing 2 sessions...
2024-12-04 08:41:09.613 [info] Reading sessions from keychain...
2024-12-04 08:41:09.613 [info] Stored 2 sessions!
2024-12-04 08:41:09.613 [info] Login success!
2024-12-04 08:41:09.614 [info] Getting sessions for user:email...
2024-12-04 08:41:09.615 [info] Got stored sessions!
2024-12-04 08:41:09.615 [info] Got 2 verified sessions.
2024-12-04 08:41:09.615 [info] Got 1 sessions for user:email...
2024-12-04 08:41:09.615 [info] Getting sessions for user:email...
2024-12-04 08:41:09.615 [info] Got 1 sessions for user:email...
2024-12-04 08:41:09.616 [info] Getting sessions for all scopes...
2024-12-04 08:41:09.616 [info] Got 2 sessions for ...
2024-12-04 08:41:09.617 [info] Getting sessions for all scopes...
2024-12-04 08:41:09.617 [info] Got 2 sessions for ...
2024-12-04 08:41:09.617 [info] Getting sessions for read:user,repo,user:email...
2024-12-04 08:41:09.617 [info] Got 0 sessions for read:user,repo,user:email...
2024-12-04 08:41:09.617 [info] Getting sessions for read:user,repo,user:email,workflow...
2024-12-04 08:41:09.617 [info] Got 1 sessions for read:user,repo,user:email,workflow...
2024-12-04 08:41:09.638 [info] Getting sessions for read:user,repo,user:email,workflow...
2024-12-04 08:41:09.638 [info] Got 1 sessions for read:user,repo,user:email,workflow...
2024-12-04 08:41:09.639 [info] Getting sessions for read:user,repo,user:email...
2024-12-04 08:41:09.639 [info] Got 0 sessions for read:user,repo,user:email...
2024-12-04 08:41:09.639 [info] Getting sessions for all scopes...
2024-12-04 08:41:09.639 [info] Got 2 sessions for ...
2024-12-04 08:41:09.640 [info] Getting sessions for read:user,repo,user:email,workflow...
2024-12-04 08:41:09.640 [info] Got 1 sessions for read:user,repo,user:email,workflow...
2024-12-04 08:41:09.640 [info] Getting sessions for all scopes...
2024-12-04 08:41:09.640 [info] Got 2 sessions for ...
2024-12-04 08:41:09.641 [info] Getting sessions for read:user,repo,user:email,workflow...
2024-12-04 08:41:09.641 [info] Got 1 sessions for read:user,repo,user:email,workflow...
2024-12-04 08:41:10.561 [info] Getting sessions for all scopes...
2024-12-04 08:41:10.561 [info] Got 2 sessions for ...
2024-12-04 08:41:10.572 [info] Getting sessions for all scopes...
2024-12-04 08:41:10.572 [info] Got 2 sessions for ...
2024-12-04 08:41:10.572 [info] Getting sessions for read:user,repo,user:email,workflow...
2024-12-04 08:41:10.572 [info] Got 1 sessions for read:user,repo,user:email,workflow...
2024-12-04 08:41:10.573 [info] Getting sessions for all scopes...
2024-12-04 08:41:10.573 [info] Got 2 sessions for ...
2024-12-04 08:41:10.574 [info] Getting sessions for read:user,repo,user:email,workflow...
2024-12-04 08:41:10.574 [info] Got 1 sessions for read:user,repo,user:email,workflow...
2024-12-04 08:41:10.576 [info] Getting sessions for all scopes...
2024-12-04 08:41:10.576 [info] Got 2 sessions for ...
2024-12-04 08:41:10.577 [info] Getting sessions for read:user,repo,user:email,workflow...
2024-12-04 08:41:10.577 [info] Got 1 sessions for read:user,repo,user:email,workflow...
2024-12-04 08:55:44.389 [info] Getting sessions for all scopes...
2024-12-04 08:55:44.389 [info] Got 2 sessions for ...
2024-12-04 08:55:44.391 [info] Getting sessions for read:user,repo,user:email,workflow...
2024-12-04 08:55:44.391 [info] Got 1 sessions for read:user,repo,user:email,workflow...
2024-12-04 08:55:44.394 [info] Getting sessions for all scopes...
2024-12-04 08:55:44.394 [info] Got 2 sessions for ...
2024-12-04 08:55:44.396 [info] Getting sessions for read:user,repo,user:email,workflow...
2024-12-04 08:55:44.396 [info] Got 1 sessions for read:user,repo,user:email,workflow...
2024-12-04 08:56:10.582 [info] Getting sessions for all scopes...
2024-12-04 08:56:10.582 [info] Got 2 sessions for ...
2024-12-04 08:56:10.583 [info] Getting sessions for read:user,repo,user:email,workflow...
2024-12-04 08:56:10.583 [info] Got 1 sessions for read:user,repo,user:email,workflow...
2024-12-04 09:06:10.127 [info] Getting sessions for read:user,repo,user:email,workflow...
2024-12-04 09:06:10.127 [info] Got 1 sessions for read:user,repo,user:email,workflow...
2024-12-04 09:06:10.552 [info] Getting sessions for all scopes...
2024-12-04 09:06:10.552 [info] Got 2 sessions for ...
2024-12-04 09:06:10.552 [info] Getting sessions for read:user,repo,user:email,workflow...
2024-12-04 09:06:10.552 [info] Got 1 sessions for read:user,repo,user:email,workflow...
2024-12-04 09:06:11.590 [info] Getting sessions for all scopes...
2024-12-04 09:06:11.590 [info] Got 2 sessions for ...
2024-12-04 09:06:11.591 [info] Getting sessions for all scopes...
2024-12-04 09:06:11.591 [info] Got 2 sessions for ...
2024-12-04 09:06:11.593 [info] Getting sessions for read:user,repo,user:email,workflow...
2024-12-04 09:06:11.593 [info] Got 1 sessions for read:user,repo,user:email,workflow...
2024-12-04 09:06:11.595 [info] Getting sessions for all scopes...
2024-12-04 09:06:11.595 [info] Got 2 sessions for ...
2024-12-04 09:06:11.596 [info] Getting sessions for read:user,repo,user:email,workflow...
2024-12-04 09:06:11.596 [info] Got 1 sessions for read:user,repo,user:email,workflow...
2024-12-04 09:06:11.608 [info] Getting sessions for all scopes...
2024-12-04 09:06:11.608 [info] Got 2 sessions for ...
2024-12-04 09:06:11.634 [info] Getting sessions for read:user,repo,user:email,workflow...
2024-12-04 09:06:11.634 [info] Got 1 sessions for read:user,repo,user:email,workflow...
2024-12-04 09:06:11.642 [info] Getting sessions for all scopes...
2024-12-04 09:06:11.642 [info] Got 2 sessions for ...
2024-12-04 09:06:11.644 [info] Getting sessions for read:user,repo,user:email,workflow...
2024-12-04 09:06:11.644 [info] Got 1 sessions for read:user,repo,user:email,workflow...
2024-12-04 09:10:44.922 [info] Getting sessions for all scopes...
2024-12-04 09:10:44.922 [info] Got 2 sessions for ...
2024-12-04 09:10:44.925 [info] Getting sessions for read:user,repo,user:email,workflow...
2024-12-04 09:10:44.925 [info] Got 1 sessions for read:user,repo,user:email,workflow...
2024-12-04 09:11:10.596 [info] Getting sessions for all scopes...
2024-12-04 09:11:10.596 [info] Got 2 sessions for ...
2024-12-04 09:11:10.597 [info] Getting sessions for read:user,repo,user:email,workflow...
2024-12-04 09:11:10.597 [info] Got 1 sessions for read:user,repo,user:email,workflow...
2024-12-04 09:21:12.187 [info] Getting sessions for all scopes...
2024-12-04 09:21:12.187 [info] Got 2 sessions for ...
2024-12-04 09:21:12.188 [info] Getting sessions for read:user,repo,user:email,workflow...
2024-12-04 09:21:12.188 [info] Got 1 sessions for read:user,repo,user:email,workflow...
2024-12-04 09:21:12.189 [info] Getting sessions for all scopes...
2024-12-04 09:21:12.189 [info] Got 2 sessions for ...
2024-12-04 09:21:12.190 [info] Getting sessions for read:user,repo,user:email,workflow...
2024-12-04 09:21:12.190 [info] Got 1 sessions for read:user,repo,user:email,workflow...
2024-12-04 09:25:44.929 [info] Getting sessions for all scopes...
2024-12-04 09:25:44.929 [info] Got 2 sessions for ...
2024-12-04 09:25:44.930 [info] Getting sessions for read:user,repo,user:email,workflow...
2024-12-04 09:25:44.930 [info] Got 1 sessions for read:user,repo,user:email,workflow...
2024-12-04 09:26:10.600 [info] Getting sessions for all scopes...
2024-12-04 09:26:10.600 [info] Got 2 sessions for ...
2024-12-04 09:26:10.601 [info] Getting sessions for read:user,repo,user:email,workflow...
2024-12-04 09:26:10.601 [info] Got 1 sessions for read:user,repo,user:email,workflow...
2024-12-04 09:31:10.674 [info] Getting sessions for read:user,repo,user:email,workflow...
2024-12-04 09:31:10.674 [info] Got 1 sessions for read:user,repo,user:email,workflow...
2024-12-04 09:31:11.590 [info] Getting sessions for all scopes...
2024-12-04 09:31:11.590 [info] Got 2 sessions for ...
2024-12-04 09:31:11.592 [info] Getting sessions for read:user,repo,user:email,workflow...
2024-12-04 09:31:11.592 [info] Got 1 sessions for read:user,repo,user:email,workflow...
2024-12-04 09:31:12.613 [info] Getting sessions for all scopes...
2024-12-04 09:31:12.613 [info] Got 2 sessions for ...
2024-12-04 09:31:12.613 [info] Getting sessions for all scopes...
2024-12-04 09:31:12.613 [info] Got 2 sessions for ...
2024-12-04 09:31:12.614 [info] Getting sessions for read:user,repo,user:email,workflow...
2024-12-04 09:31:12.614 [info] Got 1 sessions for read:user,repo,user:email,workflow...
2024-12-04 09:31:12.614 [info] Getting sessions for all scopes...
2024-12-04 09:31:12.614 [info] Got 2 sessions for ...
2024-12-04 09:31:12.615 [info] Getting sessions for read:user,repo,user:email,workflow...
2024-12-04 09:31:12.615 [info] Got 1 sessions for read:user,repo,user:email,workflow...
2024-12-04 09:31:12.619 [info] Getting sessions for all scopes...
2024-12-04 09:31:12.619 [info] Got 2 sessions for ...
2024-12-04 09:31:12.628 [info] Getting sessions for read:user,repo,user:email,workflow...
2024-12-04 09:31:12.628 [info] Got 1 sessions for read:user,repo,user:email,workflow...
2024-12-04 09:36:12.726 [info] Getting sessions for all scopes...
2024-12-04 09:36:12.726 [info] Got 2 sessions for ...
2024-12-04 09:36:12.728 [info] Getting sessions for read:user,repo,user:email,workflow...
2024-12-04 09:36:12.728 [info] Got 1 sessions for read:user,repo,user:email,workflow...
2024-12-04 09:36:12.732 [info] Getting sessions for all scopes...
2024-12-04 09:36:12.732 [info] Got 2 sessions for ...
2024-12-04 09:36:12.734 [info] Getting sessions for read:user,repo,user:email,workflow...
2024-12-04 09:36:12.734 [info] Got 1 sessions for read:user,repo,user:email,workflow...
2024-12-04 09:40:44.934 [info] Getting sessions for all scopes...
2024-12-04 09:40:44.934 [info] Got 2 sessions for ...
2024-12-04 09:40:44.936 [info] Getting sessions for read:user,repo,user:email,workflow...
2024-12-04 09:40:44.936 [info] Got 1 sessions for read:user,repo,user:email,workflow...
2024-12-04 09:41:10.603 [info] Getting sessions for all scopes...
2024-12-04 09:41:10.603 [info] Got 2 sessions for ...
2024-12-04 09:41:10.604 [info] Getting sessions for read:user,repo,user:email,workflow...
2024-12-04 09:41:10.604 [info] Got 1 sessions for read:user,repo,user:email,workflow...
2024-12-04 09:46:12.654 [info] Getting sessions for all scopes...
2024-12-04 09:46:12.654 [info] Got 2 sessions for ...
2024-12-04 09:46:12.655 [info] Getting sessions for read:user,repo,user:email,workflow...
2024-12-04 09:46:12.655 [info] Got 1 sessions for read:user,repo,user:email,workflow...
2024-12-04 09:51:13.287 [info] Getting sessions for all scopes...
2024-12-04 09:51:13.287 [info] Got 2 sessions for ...
2024-12-04 09:51:13.288 [info] Getting sessions for read:user,repo,user:email,workflow...
2024-12-04 09:51:13.288 [info] Got 1 sessions for read:user,repo,user:email,workflow...
2024-12-04 09:51:13.289 [info] Getting sessions for all scopes...
2024-12-04 09:51:13.289 [info] Got 2 sessions for ...
2024-12-04 09:51:13.289 [info] Getting sessions for read:user,repo,user:email,workflow...
2024-12-04 09:51:13.290 [info] Got 1 sessions for read:user,repo,user:email,workflow...
2024-12-04 09:55:44.940 [info] Getting sessions for all scopes...
2024-12-04 09:55:44.940 [info] Got 2 sessions for ...
2024-12-04 09:55:44.942 [info] Getting sessions for read:user,repo,user:email,workflow...
2024-12-04 09:55:44.942 [info] Got 1 sessions for read:user,repo,user:email,workflow...
2024-12-04 09:56:10.612 [info] Getting sessions for all scopes...
2024-12-04 09:56:10.612 [info] Got 2 sessions for ...
2024-12-04 09:56:10.613 [info] Getting sessions for read:user,repo,user:email,workflow...
2024-12-04 09:56:10.613 [info] Got 1 sessions for read:user,repo,user:email,workflow...
2024-12-04 09:56:11.138 [info] Getting sessions for read:user,repo,user:email,workflow...
2024-12-04 09:56:11.138 [info] Got 1 sessions for read:user,repo,user:email,workflow...
2024-12-04 09:56:12.614 [info] Getting sessions for all scopes...
2024-12-04 09:56:12.614 [info] Got 2 sessions for ...
2024-12-04 09:56:12.615 [info] Getting sessions for read:user,repo,user:email,workflow...
2024-12-04 09:56:12.615 [info] Got 1 sessions for read:user,repo,user:email,workflow...
2024-12-04 09:56:17.561 [info] Getting sessions for all scopes...
2024-12-04 09:56:17.562 [info] Got 2 sessions for ...
2024-12-04 09:56:17.562 [info] Getting sessions for all scopes...
2024-12-04 09:56:17.562 [info] Got 2 sessions for ...
2024-12-04 09:56:17.563 [info] Getting sessions for read:user,repo,user:email,workflow...
2024-12-04 09:56:17.563 [info] Got 1 sessions for read:user,repo,user:email,workflow...
2024-12-04 09:56:17.565 [info] Getting sessions for all scopes...
2024-12-04 09:56:17.565 [info] Got 2 sessions for ...
2024-12-04 09:56:17.566 [info] Getting sessions for read:user,repo,user:email,workflow...
2024-12-04 09:56:17.566 [info] Got 1 sessions for read:user,repo,user:email,workflow...
2024-12-04 09:56:17.573 [info] Getting sessions for all scopes...
2024-12-04 09:56:17.573 [info] Got 2 sessions for ...
2024-12-04 09:56:17.594 [info] Getting sessions for read:user,repo,user:email,workflow...
2024-12-04 09:56:17.594 [info] Got 1 sessions for read:user,repo,user:email,workflow...
2024-12-04 10:01:12.659 [info] Getting sessions for all scopes...
2024-12-04 10:01:12.659 [info] Got 2 sessions for ...
2024-12-04 10:01:12.662 [info] Getting sessions for read:user,repo,user:email,workflow...
2024-12-04 10:01:12.662 [info] Got 1 sessions for read:user,repo,user:email,workflow...
2024-12-04 10:06:21.166 [info] Getting sessions for all scopes...
2024-12-04 10:06:21.166 [info] Got 2 sessions for ...
2024-12-04 10:06:21.168 [info] Getting sessions for read:user,repo,user:email,workflow...
2024-12-04 10:06:21.168 [info] Got 1 sessions for read:user,repo,user:email,workflow...
2024-12-04 10:06:21.174 [info] Getting sessions for all scopes...
2024-12-04 10:06:21.174 [info] Got 2 sessions for ...
2024-12-04 10:06:21.177 [info] Getting sessions for read:user,repo,user:email,workflow...
2024-12-04 10:06:21.177 [info] Got 1 sessions for read:user,repo,user:email,workflow...
2024-12-04 10:10:44.986 [info] Getting sessions for all scopes...
2024-12-04 10:10:44.987 [info] Got 2 sessions for ...
2024-12-04 10:10:45.012 [info] Getting sessions for read:user,repo,user:email,workflow...
2024-12-04 10:10:45.012 [info] Got 1 sessions for read:user,repo,user:email,workflow...
2024-12-04 10:11:10.628 [info] Getting sessions for all scopes...
2024-12-04 10:11:10.628 [info] Got 2 sessions for ...
2024-12-04 10:11:10.630 [info] Getting sessions for read:user,repo,user:email,workflow...
2024-12-04 10:11:10.630 [info] Got 1 sessions for read:user,repo,user:email,workflow...
2024-12-04 10:11:17.605 [info] Getting sessions for all scopes...
2024-12-04 10:11:17.606 [info] Got 2 sessions for ...
2024-12-04 10:11:17.607 [info] Getting sessions for read:user,repo,user:email,workflow...
2024-12-04 10:11:17.607 [info] Got 1 sessions for read:user,repo,user:email,workflow...
2024-12-04 10:16:12.692 [info] Getting sessions for all scopes...
2024-12-04 10:16:12.692 [info] Got 2 sessions for ...
2024-12-04 10:16:12.693 [info] Getting sessions for read:user,repo,user:email,workflow...
2024-12-04 10:16:12.693 [info] Got 1 sessions for read:user,repo,user:email,workflow...
2024-12-04 10:21:16.949 [info] Getting sessions for read:user,repo,user:email,workflow...
2024-12-04 10:21:16.949 [info] Got 1 sessions for read:user,repo,user:email,workflow...
2024-12-04 10:21:17.562 [info] Getting sessions for all scopes...
2024-12-04 10:21:17.562 [info] Got 2 sessions for ...
2024-12-04 10:21:17.564 [info] Getting sessions for read:user,repo,user:email,workflow...
2024-12-04 10:21:17.564 [info] Got 1 sessions for read:user,repo,user:email,workflow...
2024-12-04 10:21:18.478 [info] Getting sessions for all scopes...
2024-12-04 10:21:18.478 [info] Got 2 sessions for ...
2024-12-04 10:21:18.478 [info] Getting sessions for all scopes...
2024-12-04 10:21:18.478 [info] Got 2 sessions for ...
2024-12-04 10:21:18.479 [info] Getting sessions for read:user,repo,user:email,workflow...
2024-12-04 10:21:18.479 [info] Got 1 sessions for read:user,repo,user:email,workflow...
2024-12-04 10:21:18.481 [info] Getting sessions for all scopes...
2024-12-04 10:21:18.481 [info] Got 2 sessions for ...
2024-12-04 10:21:18.482 [info] Getting sessions for read:user,repo,user:email,workflow...
2024-12-04 10:21:18.482 [info] Got 1 sessions for read:user,repo,user:email,workflow...
2024-12-04 10:21:18.490 [info] Getting sessions for all scopes...
2024-12-04 10:21:18.490 [info] Got 2 sessions for ...
2024-12-04 10:21:18.513 [info] Getting sessions for read:user,repo,user:email,workflow...
2024-12-04 10:21:18.514 [info] Got 1 sessions for read:user,repo,user:email,workflow...
2024-12-04 10:21:18.517 [info] Getting sessions for all scopes...
2024-12-04 10:21:18.518 [info] Got 2 sessions for ...
2024-12-04 10:21:18.519 [info] Getting sessions for read:user,repo,user:email,workflow...
2024-12-04 10:21:18.519 [info] Got 1 sessions for read:user,repo,user:email,workflow...
2024-12-04 10:21:21.727 [info] Getting sessions for all scopes...
2024-12-04 10:21:21.727 [info] Got 2 sessions for ...
2024-12-04 10:21:21.729 [info] Getting sessions for read:user,repo,user:email,workflow...
2024-12-04 10:21:21.729 [info] Got 1 sessions for read:user,repo,user:email,workflow...
2024-12-04 10:25:45.024 [info] Getting sessions for all scopes...
2024-12-04 10:25:45.024 [info] Got 2 sessions for ...
2024-12-04 10:25:45.026 [info] Getting sessions for read:user,repo,user:email,workflow...
2024-12-04 10:25:45.026 [info] Got 1 sessions for read:user,repo,user:email,workflow...
2024-12-04 10:26:10.634 [info] Getting sessions for all scopes...
2024-12-04 10:26:10.634 [info] Got 2 sessions for ...
2024-12-04 10:26:10.635 [info] Getting sessions for read:user,repo,user:email,workflow...
2024-12-04 10:26:10.635 [info] Got 1 sessions for read:user,repo,user:email,workflow...
2024-12-04 10:26:17.609 [info] Getting sessions for all scopes...
2024-12-04 10:26:17.609 [info] Got 2 sessions for ...
2024-12-04 10:26:17.611 [info] Getting sessions for read:user,repo,user:email,workflow...
2024-12-04 10:26:17.611 [info] Got 1 sessions for read:user,repo,user:email,workflow...
2024-12-04 10:31:12.696 [info] Getting sessions for all scopes...
2024-12-04 10:31:12.696 [info] Got 2 sessions for ...
2024-12-04 10:31:12.698 [info] Getting sessions for read:user,repo,user:email,workflow...
2024-12-04 10:31:12.698 [info] Got 1 sessions for read:user,repo,user:email,workflow...
