2024-12-04 20:12:24.157 [info] Using settings sync service https://vscode-sync.trafficmanager.net/
2024-12-04 20:12:24.157 [info] Auto Sync is enabled.
2024-12-04 20:12:24.157 [info] Auto Sync: Suspended until auth token is available.
2024-12-04 20:12:33.937 [info] Auto Sync: Triggered by Interval
2024-12-04 20:12:33.941 [info] Sync started.
2024-12-04 20:12:35.542 [info] Settings: No changes found during synchronizing settings.
2024-12-04 20:12:35.649 [info] Keybindings: No changes found during synchronizing keybindings.
2024-12-04 20:12:35.696 [info] Snippets: No changes found during synchronizing snippets.
2024-12-04 20:12:35.754 [info] Tasks: No changes found during synchronizing tasks.
2024-12-04 20:12:35.873 [info] GlobalState: No changes found during synchronizing ui state.
2024-12-04 20:12:36.344 [info] Extensions: No changes found during synchronizing extensions.
2024-12-04 20:12:36.439 [info] Profiles: No changes found during synchronizing profiles.
2024-12-04 20:12:36.453 [info] Syncing profile. Classroo-Github
2024-12-04 20:12:36.906 [info] Settings (Classroo-Github): No changes found during synchronizing settings.
2024-12-04 20:12:36.994 [info] Keybindings (Classroo-Github): No changes found during synchronizing keybindings.
2024-12-04 20:12:37.025 [info] Snippets (Classroo-Github): No changes found during synchronizing snippets.
2024-12-04 20:12:37.036 [info] Tasks (Classroo-Github): No changes found during synchronizing tasks.
2024-12-04 20:12:37.074 [info] GlobalState (Classroo-Github): No changes found during synchronizing ui state.
2024-12-04 20:12:37.194 [info] Extensions (Classroo-Github): No changes found during synchronizing extensions.
2024-12-04 20:12:37.200 [info] Syncing profile. development
2024-12-04 20:12:37.401 [info] Settings (development): No changes found during synchronizing settings.
2024-12-04 20:12:37.417 [info] Keybindings (development): No changes found during synchronizing keybindings.
2024-12-04 20:12:37.421 [info] Snippets (development): No changes found during synchronizing snippets.
2024-12-04 20:12:37.425 [info] Tasks (development): No changes found during synchronizing tasks.
2024-12-04 20:12:37.452 [info] GlobalState (development): No changes found during synchronizing ui state.
2024-12-04 20:12:37.517 [info] Extensions (development): No changes found during synchronizing extensions.
2024-12-04 20:12:37.520 [info] Syncing profile. docker
2024-12-04 20:12:37.709 [info] Settings (docker): No changes found during synchronizing settings.
2024-12-04 20:12:37.727 [info] Keybindings (docker): No changes found during synchronizing keybindings.
2024-12-04 20:12:37.735 [info] Snippets (docker): No changes found during synchronizing snippets.
2024-12-04 20:12:37.740 [info] Tasks (docker): No changes found during synchronizing tasks.
2024-12-04 20:12:37.775 [info] GlobalState (docker): No changes found during synchronizing ui state.
2024-12-04 20:12:37.873 [info] Extensions (docker): No changes found during synchronizing extensions.
2024-12-04 20:12:37.883 [info] Syncing profile. flutter
2024-12-04 20:12:38.221 [info] Settings (flutter): Updated remote settings
2024-12-04 20:12:38.231 [info] Settings (flutter): Updated last synchronized settings
2024-12-04 20:12:38.242 [info] Keybindings (flutter): No changes found during synchronizing keybindings.
2024-12-04 20:12:38.248 [info] Snippets (flutter): No changes found during synchronizing snippets.
2024-12-04 20:12:38.255 [info] Tasks (flutter): No changes found during synchronizing tasks.
2024-12-04 20:12:38.266 [info] GlobalState (flutter): No changes found during synchronizing ui state.
2024-12-04 20:12:38.342 [info] Extensions (flutter): No changes found during synchronizing extensions.
2024-12-04 20:12:38.346 [info] Syncing profile. javascript
2024-12-04 20:12:38.534 [info] Settings (javascript): No changes found during synchronizing settings.
2024-12-04 20:12:38.543 [info] Keybindings (javascript): No changes found during synchronizing keybindings.
2024-12-04 20:12:38.549 [info] Snippets (javascript): No changes found during synchronizing snippets.
2024-12-04 20:12:38.554 [info] Tasks (javascript): No changes found during synchronizing tasks.
2024-12-04 20:12:38.582 [info] GlobalState (javascript): No changes found during synchronizing ui state.
2024-12-04 20:12:38.725 [info] Extensions (javascript): No changes found during synchronizing extensions.
2024-12-04 20:12:38.734 [info] Syncing profile. python
2024-12-04 20:12:38.906 [info] Settings (python): No changes found during synchronizing settings.
2024-12-04 20:12:38.919 [info] Keybindings (python): No changes found during synchronizing keybindings.
2024-12-04 20:12:38.934 [info] Snippets (python): No changes found during synchronizing snippets.
2024-12-04 20:12:38.941 [info] Tasks (python): No changes found during synchronizing tasks.
2024-12-04 20:12:39.020 [info] GlobalState (python): No changes found during synchronizing ui state.
2024-12-04 20:12:39.118 [info] Extensions (python): No changes found during synchronizing extensions.
2024-12-04 20:12:39.121 [info] Syncing profile. quarto
2024-12-04 20:12:39.326 [info] Settings (quarto): No changes found during synchronizing settings.
2024-12-04 20:12:39.339 [info] Keybindings (quarto): No changes found during synchronizing keybindings.
2024-12-04 20:12:39.343 [info] Snippets (quarto): No changes found during synchronizing snippets.
2024-12-04 20:12:39.349 [info] Tasks (quarto): No changes found during synchronizing tasks.
2024-12-04 20:12:39.377 [info] GlobalState (quarto): No changes found during synchronizing ui state.
2024-12-04 20:12:39.452 [info] Extensions (quarto): No changes found during synchronizing extensions.
2024-12-04 20:12:39.456 [info] Syncing profile. react
2024-12-04 20:12:39.589 [info] Settings (react): No changes found during synchronizing settings.
2024-12-04 20:12:39.603 [info] Keybindings (react): No changes found during synchronizing keybindings.
2024-12-04 20:12:39.609 [info] Snippets (react): No changes found during synchronizing snippets.
2024-12-04 20:12:39.613 [info] Tasks (react): No changes found during synchronizing tasks.
2024-12-04 20:12:39.640 [info] GlobalState (react): No changes found during synchronizing ui state.
2024-12-04 20:12:39.703 [info] Extensions (react): No changes found during synchronizing extensions.
2024-12-04 20:12:39.706 [info] Syncing profile. revealjs
2024-12-04 20:12:39.850 [info] Settings (revealjs): No changes found during synchronizing settings.
2024-12-04 20:12:39.862 [info] Keybindings (revealjs): No changes found during synchronizing keybindings.
2024-12-04 20:12:39.869 [info] Snippets (revealjs): No changes found during synchronizing snippets.
2024-12-04 20:12:39.875 [info] Tasks (revealjs): No changes found during synchronizing tasks.
2024-12-04 20:12:39.897 [info] GlobalState (revealjs): No changes found during synchronizing ui state.
2024-12-04 20:12:39.973 [info] Extensions (revealjs): No changes found during synchronizing extensions.
2024-12-04 20:12:39.977 [info] Sync done. Took 6056ms
2024-12-04 20:13:25.227 [info] Auto Sync: Triggered by Activity
2024-12-04 20:13:25.228 [info] Sync started.
2024-12-04 20:13:25.464 [info] Settings: No changes found during synchronizing settings.
2024-12-04 20:13:25.482 [info] Keybindings: No changes found during synchronizing keybindings.
2024-12-04 20:13:25.495 [info] Snippets: No changes found during synchronizing snippets.
2024-12-04 20:13:25.503 [info] Tasks: No changes found during synchronizing tasks.
2024-12-04 20:13:25.517 [info] GlobalState: No changes found during synchronizing ui state.
2024-12-04 20:13:25.966 [info] Extensions: No changes found during synchronizing extensions.
2024-12-04 20:13:25.970 [info] Profiles: No changes found during synchronizing profiles.
2024-12-04 20:13:25.975 [info] Syncing profile. Classroo-Github
2024-12-04 20:13:25.982 [info] Settings (Classroo-Github): No changes found during synchronizing settings.
2024-12-04 20:13:25.992 [info] Keybindings (Classroo-Github): No changes found during synchronizing keybindings.
2024-12-04 20:13:26.007 [info] Snippets (Classroo-Github): No changes found during synchronizing snippets.
2024-12-04 20:13:26.019 [info] Tasks (Classroo-Github): No changes found during synchronizing tasks.
2024-12-04 20:13:26.025 [info] GlobalState (Classroo-Github): No changes found during synchronizing ui state.
2024-12-04 20:13:26.223 [info] Extensions (Classroo-Github): No changes found during synchronizing extensions.
2024-12-04 20:13:26.243 [info] Syncing profile. development
2024-12-04 20:13:26.257 [info] Settings (development): No changes found during synchronizing settings.
2024-12-04 20:13:26.298 [info] Keybindings (development): No changes found during synchronizing keybindings.
2024-12-04 20:13:26.473 [info] Snippets (development): No changes found during synchronizing snippets.
2024-12-04 20:13:26.509 [info] Tasks (development): No changes found during synchronizing tasks.
2024-12-04 20:13:26.535 [info] GlobalState (development): No changes found during synchronizing ui state.
2024-12-04 20:13:26.727 [info] Extensions (development): No changes found during synchronizing extensions.
2024-12-04 20:13:26.741 [info] Syncing profile. docker
2024-12-04 20:13:26.772 [info] Settings (docker): No changes found during synchronizing settings.
2024-12-04 20:13:26.848 [info] Keybindings (docker): No changes found during synchronizing keybindings.
2024-12-04 20:13:28.550 [info] Snippets (docker): No changes found during synchronizing snippets.
2024-12-04 20:13:28.566 [info] Tasks (docker): No changes found during synchronizing tasks.
2024-12-04 20:13:28.587 [info] GlobalState (docker): No changes found during synchronizing ui state.
2024-12-04 20:13:29.042 [info] Extensions (docker): No changes found during synchronizing extensions.
2024-12-04 20:13:29.056 [info] Syncing profile. flutter
2024-12-04 20:13:29.098 [info] Settings (flutter): No changes found during synchronizing settings.
2024-12-04 20:13:29.132 [info] Keybindings (flutter): No changes found during synchronizing keybindings.
2024-12-04 20:13:29.156 [info] Snippets (flutter): No changes found during synchronizing snippets.
2024-12-04 20:13:29.166 [info] Tasks (flutter): No changes found during synchronizing tasks.
2024-12-04 20:13:29.180 [info] GlobalState (flutter): No changes found during synchronizing ui state.
2024-12-04 20:13:29.388 [info] Extensions (flutter): No changes found during synchronizing extensions.
2024-12-04 20:13:29.398 [info] Syncing profile. javascript
2024-12-04 20:13:29.453 [info] Settings (javascript): No changes found during synchronizing settings.
2024-12-04 20:13:29.476 [info] Keybindings (javascript): No changes found during synchronizing keybindings.
2024-12-04 20:13:29.493 [info] Snippets (javascript): No changes found during synchronizing snippets.
2024-12-04 20:13:29.519 [info] Tasks (javascript): No changes found during synchronizing tasks.
2024-12-04 20:13:29.575 [info] GlobalState (javascript): No changes found during synchronizing ui state.
2024-12-04 20:13:30.053 [info] Extensions (javascript): No changes found during synchronizing extensions.
2024-12-04 20:13:30.059 [info] Syncing profile. python
2024-12-04 20:13:30.075 [info] Settings (python): No changes found during synchronizing settings.
2024-12-04 20:13:30.084 [info] Keybindings (python): No changes found during synchronizing keybindings.
2024-12-04 20:13:30.097 [info] Snippets (python): No changes found during synchronizing snippets.
2024-12-04 20:13:30.107 [info] Tasks (python): No changes found during synchronizing tasks.
2024-12-04 20:13:30.116 [info] GlobalState (python): No changes found during synchronizing ui state.
2024-12-04 20:13:30.309 [info] Extensions (python): No changes found during synchronizing extensions.
2024-12-04 20:13:30.312 [info] Syncing profile. quarto
2024-12-04 20:13:30.320 [info] Settings (quarto): No changes found during synchronizing settings.
2024-12-04 20:13:30.328 [info] Keybindings (quarto): No changes found during synchronizing keybindings.
2024-12-04 20:13:30.338 [info] Snippets (quarto): No changes found during synchronizing snippets.
2024-12-04 20:13:30.347 [info] Tasks (quarto): No changes found during synchronizing tasks.
2024-12-04 20:13:30.359 [info] GlobalState (quarto): No changes found during synchronizing ui state.
2024-12-04 20:13:30.500 [info] Extensions (quarto): No changes found during synchronizing extensions.
2024-12-04 20:13:30.504 [info] Syncing profile. react
2024-12-04 20:13:30.511 [info] Settings (react): No changes found during synchronizing settings.
2024-12-04 20:13:30.522 [info] Keybindings (react): No changes found during synchronizing keybindings.
2024-12-04 20:13:30.533 [info] Snippets (react): No changes found during synchronizing snippets.
2024-12-04 20:13:30.551 [info] Tasks (react): No changes found during synchronizing tasks.
2024-12-04 20:13:30.573 [info] GlobalState (react): No changes found during synchronizing ui state.
2024-12-04 20:13:30.721 [info] Extensions (react): No changes found during synchronizing extensions.
2024-12-04 20:13:30.726 [info] Syncing profile. revealjs
2024-12-04 20:13:30.732 [info] Settings (revealjs): No changes found during synchronizing settings.
2024-12-04 20:13:30.744 [info] Keybindings (revealjs): No changes found during synchronizing keybindings.
2024-12-04 20:13:30.752 [info] Snippets (revealjs): No changes found during synchronizing snippets.
2024-12-04 20:13:30.759 [info] Tasks (revealjs): No changes found during synchronizing tasks.
2024-12-04 20:13:30.765 [info] GlobalState (revealjs): No changes found during synchronizing ui state.
2024-12-04 20:13:30.889 [info] Extensions (revealjs): No changes found during synchronizing extensions.
2024-12-04 20:13:30.893 [info] Sync done. Took 5665ms
2024-12-04 20:13:46.358 [info] Auto Sync: Triggered by Activity
2024-12-04 20:13:46.401 [info] Sync started.
2024-12-04 20:13:46.534 [info] Settings: No changes found during synchronizing settings.
2024-12-04 20:13:46.614 [info] Keybindings: No changes found during synchronizing keybindings.
2024-12-04 20:13:46.665 [info] Snippets: No changes found during synchronizing snippets.
2024-12-04 20:13:46.733 [info] Tasks: No changes found during synchronizing tasks.
2024-12-04 20:13:46.755 [info] GlobalState: No changes found during synchronizing ui state.
2024-12-04 20:13:47.087 [info] Extensions: No changes found during synchronizing extensions.
2024-12-04 20:13:47.114 [info] Profiles: No changes found during synchronizing profiles.
2024-12-04 20:13:47.120 [info] Syncing profile. Classroo-Github
2024-12-04 20:13:47.146 [info] Settings (Classroo-Github): No changes found during synchronizing settings.
2024-12-04 20:13:47.180 [info] Keybindings (Classroo-Github): No changes found during synchronizing keybindings.
2024-12-04 20:13:47.187 [info] Snippets (Classroo-Github): No changes found during synchronizing snippets.
2024-12-04 20:13:47.207 [info] Tasks (Classroo-Github): No changes found during synchronizing tasks.
2024-12-04 20:13:47.212 [info] GlobalState (Classroo-Github): No changes found during synchronizing ui state.
2024-12-04 20:13:48.490 [info] Extensions (Classroo-Github): No changes found during synchronizing extensions.
2024-12-04 20:13:48.513 [info] Syncing profile. development
2024-12-04 20:13:48.624 [info] Settings (development): No changes found during synchronizing settings.
2024-12-04 20:13:49.125 [info] Keybindings (development): No changes found during synchronizing keybindings.
2024-12-04 20:13:49.192 [info] Snippets (development): No changes found during synchronizing snippets.
2024-12-04 20:13:49.244 [info] Tasks (development): No changes found during synchronizing tasks.
2024-12-04 20:13:49.260 [info] GlobalState (development): No changes found during synchronizing ui state.
2024-12-04 20:13:49.622 [info] Extensions (development): No changes found during synchronizing extensions.
2024-12-04 20:13:49.670 [info] Syncing profile. docker
2024-12-04 20:13:49.720 [info] Settings (docker): No changes found during synchronizing settings.
2024-12-04 20:13:49.750 [info] Keybindings (docker): No changes found during synchronizing keybindings.
2024-12-04 20:13:49.802 [info] Snippets (docker): No changes found during synchronizing snippets.
2024-12-04 20:13:50.112 [info] Tasks (docker): No changes found during synchronizing tasks.
2024-12-04 20:13:50.189 [info] GlobalState (docker): No changes found during synchronizing ui state.
2024-12-04 20:13:50.814 [info] Extensions (docker): No changes found during synchronizing extensions.
2024-12-04 20:13:50.823 [info] Syncing profile. flutter
2024-12-04 20:13:50.849 [info] Settings (flutter): No changes found during synchronizing settings.
2024-12-04 20:13:50.857 [info] Keybindings (flutter): No changes found during synchronizing keybindings.
2024-12-04 20:13:50.873 [info] Snippets (flutter): No changes found during synchronizing snippets.
2024-12-04 20:13:50.883 [info] Tasks (flutter): No changes found during synchronizing tasks.
2024-12-04 20:13:50.891 [info] GlobalState (flutter): No changes found during synchronizing ui state.
2024-12-04 20:13:51.166 [info] Extensions (flutter): No changes found during synchronizing extensions.
2024-12-04 20:13:51.267 [info] Syncing profile. javascript
2024-12-04 20:13:51.309 [info] Settings (javascript): No changes found during synchronizing settings.
2024-12-04 20:13:51.330 [info] Keybindings (javascript): No changes found during synchronizing keybindings.
2024-12-04 20:13:51.343 [info] Snippets (javascript): No changes found during synchronizing snippets.
2024-12-04 20:13:51.355 [info] Tasks (javascript): No changes found during synchronizing tasks.
2024-12-04 20:13:51.362 [info] GlobalState (javascript): No changes found during synchronizing ui state.
2024-12-04 20:13:51.941 [info] Extensions (javascript): No changes found during synchronizing extensions.
2024-12-04 20:13:51.950 [info] Syncing profile. python
2024-12-04 20:13:51.987 [info] Settings (python): No changes found during synchronizing settings.
2024-12-04 20:13:52.163 [info] Keybindings (python): No changes found during synchronizing keybindings.
2024-12-04 20:13:52.174 [info] Snippets (python): No changes found during synchronizing snippets.
2024-12-04 20:13:52.186 [info] Tasks (python): No changes found during synchronizing tasks.
2024-12-04 20:13:52.205 [info] GlobalState (python): No changes found during synchronizing ui state.
2024-12-04 20:13:52.563 [info] Extensions (python): No changes found during synchronizing extensions.
2024-12-04 20:13:52.566 [info] Syncing profile. quarto
2024-12-04 20:13:52.577 [info] Settings (quarto): No changes found during synchronizing settings.
2024-12-04 20:13:52.594 [info] Keybindings (quarto): No changes found during synchronizing keybindings.
2024-12-04 20:13:52.597 [info] Snippets (quarto): No changes found during synchronizing snippets.
2024-12-04 20:13:52.606 [info] Tasks (quarto): No changes found during synchronizing tasks.
2024-12-04 20:13:52.618 [info] GlobalState (quarto): No changes found during synchronizing ui state.
2024-12-04 20:13:52.743 [info] Extensions (quarto): No changes found during synchronizing extensions.
2024-12-04 20:13:52.745 [info] Syncing profile. react
2024-12-04 20:13:52.750 [info] Settings (react): No changes found during synchronizing settings.
2024-12-04 20:13:52.759 [info] Keybindings (react): No changes found during synchronizing keybindings.
2024-12-04 20:13:52.769 [info] Snippets (react): No changes found during synchronizing snippets.
2024-12-04 20:13:52.778 [info] Tasks (react): No changes found during synchronizing tasks.
2024-12-04 20:13:52.790 [info] GlobalState (react): No changes found during synchronizing ui state.
2024-12-04 20:13:52.966 [info] Extensions (react): No changes found during synchronizing extensions.
2024-12-04 20:13:52.967 [info] Syncing profile. revealjs
2024-12-04 20:13:52.972 [info] Settings (revealjs): No changes found during synchronizing settings.
2024-12-04 20:13:52.988 [info] Keybindings (revealjs): No changes found during synchronizing keybindings.
2024-12-04 20:13:53.001 [info] Snippets (revealjs): No changes found during synchronizing snippets.
2024-12-04 20:13:53.021 [info] Tasks (revealjs): No changes found during synchronizing tasks.
2024-12-04 20:13:53.035 [info] GlobalState (revealjs): No changes found during synchronizing ui state.
2024-12-04 20:13:53.214 [info] Extensions (revealjs): No changes found during synchronizing extensions.
2024-12-04 20:13:53.229 [info] Sync done. Took 6909ms
2024-12-04 20:14:04.143 [info] Auto Sync: Triggered by Activity
2024-12-04 20:14:04.144 [info] Sync started.
2024-12-04 20:14:04.264 [info] Settings: No changes found during synchronizing settings.
2024-12-04 20:14:04.268 [info] Keybindings: No changes found during synchronizing keybindings.
2024-12-04 20:14:04.274 [info] Snippets: No changes found during synchronizing snippets.
2024-12-04 20:14:04.278 [info] Tasks: No changes found during synchronizing tasks.
2024-12-04 20:14:04.286 [info] GlobalState: No changes found during synchronizing ui state.
2024-12-04 20:14:04.476 [info] Extensions: No changes found during synchronizing extensions.
2024-12-04 20:14:04.480 [info] Profiles: No changes found during synchronizing profiles.
2024-12-04 20:14:04.481 [info] Syncing profile. Classroo-Github
2024-12-04 20:14:04.485 [info] Settings (Classroo-Github): No changes found during synchronizing settings.
2024-12-04 20:14:04.490 [info] Keybindings (Classroo-Github): No changes found during synchronizing keybindings.
2024-12-04 20:14:04.495 [info] Snippets (Classroo-Github): No changes found during synchronizing snippets.
2024-12-04 20:14:04.499 [info] Tasks (Classroo-Github): No changes found during synchronizing tasks.
2024-12-04 20:14:04.501 [info] GlobalState (Classroo-Github): No changes found during synchronizing ui state.
2024-12-04 20:14:04.572 [info] Extensions (Classroo-Github): No changes found during synchronizing extensions.
2024-12-04 20:14:04.573 [info] Syncing profile. development
2024-12-04 20:14:04.579 [info] Settings (development): No changes found during synchronizing settings.
2024-12-04 20:14:04.587 [info] Keybindings (development): No changes found during synchronizing keybindings.
2024-12-04 20:14:04.591 [info] Snippets (development): No changes found during synchronizing snippets.
2024-12-04 20:14:04.597 [info] Tasks (development): No changes found during synchronizing tasks.
2024-12-04 20:14:04.601 [info] GlobalState (development): No changes found during synchronizing ui state.
2024-12-04 20:14:04.689 [info] Extensions (development): No changes found during synchronizing extensions.
2024-12-04 20:14:04.691 [info] Syncing profile. docker
2024-12-04 20:14:04.698 [info] Settings (docker): No changes found during synchronizing settings.
2024-12-04 20:14:04.702 [info] Keybindings (docker): No changes found during synchronizing keybindings.
2024-12-04 20:14:04.706 [info] Snippets (docker): No changes found during synchronizing snippets.
2024-12-04 20:14:04.710 [info] Tasks (docker): No changes found during synchronizing tasks.
2024-12-04 20:14:04.716 [info] GlobalState (docker): No changes found during synchronizing ui state.
2024-12-04 20:14:04.800 [info] Extensions (docker): No changes found during synchronizing extensions.
2024-12-04 20:14:04.801 [info] Syncing profile. flutter
2024-12-04 20:14:04.807 [info] Settings (flutter): No changes found during synchronizing settings.
2024-12-04 20:14:04.814 [info] Keybindings (flutter): No changes found during synchronizing keybindings.
2024-12-04 20:14:04.819 [info] Snippets (flutter): No changes found during synchronizing snippets.
2024-12-04 20:14:04.824 [info] Tasks (flutter): No changes found during synchronizing tasks.
2024-12-04 20:14:04.830 [info] GlobalState (flutter): No changes found during synchronizing ui state.
2024-12-04 20:14:04.910 [info] Extensions (flutter): No changes found during synchronizing extensions.
2024-12-04 20:14:04.911 [info] Syncing profile. javascript
2024-12-04 20:14:04.923 [info] Settings (javascript): No changes found during synchronizing settings.
2024-12-04 20:14:04.931 [info] Keybindings (javascript): No changes found during synchronizing keybindings.
2024-12-04 20:14:04.936 [info] Snippets (javascript): No changes found during synchronizing snippets.
2024-12-04 20:14:04.942 [info] Tasks (javascript): No changes found during synchronizing tasks.
2024-12-04 20:14:04.949 [info] GlobalState (javascript): No changes found during synchronizing ui state.
2024-12-04 20:14:05.090 [info] Extensions (javascript): No changes found during synchronizing extensions.
2024-12-04 20:14:05.099 [info] Syncing profile. python
2024-12-04 20:14:05.104 [info] Settings (python): No changes found during synchronizing settings.
2024-12-04 20:14:05.109 [info] Keybindings (python): No changes found during synchronizing keybindings.
2024-12-04 20:14:05.116 [info] Snippets (python): No changes found during synchronizing snippets.
2024-12-04 20:14:05.119 [info] Tasks (python): No changes found during synchronizing tasks.
2024-12-04 20:14:05.125 [info] GlobalState (python): No changes found during synchronizing ui state.
2024-12-04 20:14:05.307 [info] Extensions (python): No changes found during synchronizing extensions.
2024-12-04 20:14:05.307 [info] Syncing profile. quarto
2024-12-04 20:14:05.312 [info] Settings (quarto): No changes found during synchronizing settings.
2024-12-04 20:14:05.317 [info] Keybindings (quarto): No changes found during synchronizing keybindings.
2024-12-04 20:14:05.323 [info] Snippets (quarto): No changes found during synchronizing snippets.
2024-12-04 20:14:05.334 [info] Tasks (quarto): No changes found during synchronizing tasks.
2024-12-04 20:14:05.341 [info] GlobalState (quarto): No changes found during synchronizing ui state.
2024-12-04 20:14:05.472 [info] Extensions (quarto): No changes found during synchronizing extensions.
2024-12-04 20:14:05.474 [info] Syncing profile. react
2024-12-04 20:14:05.480 [info] Settings (react): No changes found during synchronizing settings.
2024-12-04 20:14:05.491 [info] Keybindings (react): No changes found during synchronizing keybindings.
2024-12-04 20:14:05.496 [info] Snippets (react): No changes found during synchronizing snippets.
2024-12-04 20:14:05.500 [info] Tasks (react): No changes found during synchronizing tasks.
2024-12-04 20:14:05.507 [info] GlobalState (react): No changes found during synchronizing ui state.
2024-12-04 20:14:05.593 [info] Extensions (react): No changes found during synchronizing extensions.
2024-12-04 20:14:05.595 [info] Syncing profile. revealjs
2024-12-04 20:14:05.600 [info] Settings (revealjs): No changes found during synchronizing settings.
2024-12-04 20:14:05.604 [info] Keybindings (revealjs): No changes found during synchronizing keybindings.
2024-12-04 20:14:05.609 [info] Snippets (revealjs): No changes found during synchronizing snippets.
2024-12-04 20:14:05.612 [info] Tasks (revealjs): No changes found during synchronizing tasks.
2024-12-04 20:14:05.616 [info] GlobalState (revealjs): No changes found during synchronizing ui state.
2024-12-04 20:14:05.716 [info] Extensions (revealjs): No changes found during synchronizing extensions.
2024-12-04 20:14:05.719 [info] Sync done. Took 1576ms
2024-12-04 20:14:15.841 [info] Auto Sync: Triggered by Activity
2024-12-04 20:14:15.841 [info] Sync started.
2024-12-04 20:14:15.944 [info] Settings: No changes found during synchronizing settings.
2024-12-04 20:14:15.948 [info] Keybindings: No changes found during synchronizing keybindings.
2024-12-04 20:14:15.950 [info] Snippets: No changes found during synchronizing snippets.
2024-12-04 20:14:15.953 [info] Tasks: No changes found during synchronizing tasks.
2024-12-04 20:14:15.957 [info] GlobalState: No changes found during synchronizing ui state.
2024-12-04 20:14:16.063 [info] Extensions: No changes found during synchronizing extensions.
2024-12-04 20:14:16.069 [info] Profiles: No changes found during synchronizing profiles.
2024-12-04 20:14:16.071 [info] Syncing profile. Classroo-Github
2024-12-04 20:14:16.073 [info] Settings (Classroo-Github): No changes found during synchronizing settings.
2024-12-04 20:14:16.077 [info] Keybindings (Classroo-Github): No changes found during synchronizing keybindings.
2024-12-04 20:14:16.078 [info] Snippets (Classroo-Github): No changes found during synchronizing snippets.
2024-12-04 20:14:16.081 [info] Tasks (Classroo-Github): No changes found during synchronizing tasks.
2024-12-04 20:14:16.083 [info] GlobalState (Classroo-Github): No changes found during synchronizing ui state.
2024-12-04 20:14:16.131 [info] Extensions (Classroo-Github): No changes found during synchronizing extensions.
2024-12-04 20:14:16.132 [info] Syncing profile. development
2024-12-04 20:14:16.134 [info] Settings (development): No changes found during synchronizing settings.
2024-12-04 20:14:16.137 [info] Keybindings (development): No changes found during synchronizing keybindings.
2024-12-04 20:14:16.140 [info] Snippets (development): No changes found during synchronizing snippets.
2024-12-04 20:14:16.142 [info] Tasks (development): No changes found during synchronizing tasks.
2024-12-04 20:14:16.145 [info] GlobalState (development): No changes found during synchronizing ui state.
2024-12-04 20:14:16.196 [info] Extensions (development): No changes found during synchronizing extensions.
2024-12-04 20:14:16.197 [info] Syncing profile. docker
2024-12-04 20:14:16.204 [info] Settings (docker): No changes found during synchronizing settings.
2024-12-04 20:14:16.207 [info] Keybindings (docker): No changes found during synchronizing keybindings.
2024-12-04 20:14:16.210 [info] Snippets (docker): No changes found during synchronizing snippets.
2024-12-04 20:14:16.213 [info] Tasks (docker): No changes found during synchronizing tasks.
2024-12-04 20:14:16.218 [info] GlobalState (docker): No changes found during synchronizing ui state.
2024-12-04 20:14:16.272 [info] Extensions (docker): No changes found during synchronizing extensions.
2024-12-04 20:14:16.275 [info] Syncing profile. flutter
2024-12-04 20:14:16.281 [info] Settings (flutter): No changes found during synchronizing settings.
2024-12-04 20:14:16.285 [info] Keybindings (flutter): No changes found during synchronizing keybindings.
2024-12-04 20:14:16.288 [info] Snippets (flutter): No changes found during synchronizing snippets.
2024-12-04 20:14:16.291 [info] Tasks (flutter): No changes found during synchronizing tasks.
2024-12-04 20:14:16.295 [info] GlobalState (flutter): No changes found during synchronizing ui state.
2024-12-04 20:14:16.357 [info] Extensions (flutter): No changes found during synchronizing extensions.
2024-12-04 20:14:16.358 [info] Syncing profile. javascript
2024-12-04 20:14:16.365 [info] Settings (javascript): No changes found during synchronizing settings.
2024-12-04 20:14:16.369 [info] Keybindings (javascript): No changes found during synchronizing keybindings.
2024-12-04 20:14:16.372 [info] Snippets (javascript): No changes found during synchronizing snippets.
2024-12-04 20:14:16.375 [info] Tasks (javascript): No changes found during synchronizing tasks.
2024-12-04 20:14:16.380 [info] GlobalState (javascript): No changes found during synchronizing ui state.
2024-12-04 20:14:16.505 [info] Extensions (javascript): No changes found during synchronizing extensions.
2024-12-04 20:14:16.506 [info] Syncing profile. python
2024-12-04 20:14:16.512 [info] Settings (python): No changes found during synchronizing settings.
2024-12-04 20:14:16.517 [info] Keybindings (python): No changes found during synchronizing keybindings.
2024-12-04 20:14:16.522 [info] Snippets (python): No changes found during synchronizing snippets.
2024-12-04 20:14:16.527 [info] Tasks (python): No changes found during synchronizing tasks.
2024-12-04 20:14:16.532 [info] GlobalState (python): No changes found during synchronizing ui state.
2024-12-04 20:14:16.640 [info] Extensions (python): No changes found during synchronizing extensions.
2024-12-04 20:14:16.643 [info] Syncing profile. quarto
2024-12-04 20:14:16.648 [info] Settings (quarto): No changes found during synchronizing settings.
2024-12-04 20:14:16.663 [info] Keybindings (quarto): No changes found during synchronizing keybindings.
2024-12-04 20:14:16.672 [info] Snippets (quarto): No changes found during synchronizing snippets.
2024-12-04 20:14:16.692 [info] Tasks (quarto): No changes found during synchronizing tasks.
2024-12-04 20:14:16.700 [info] GlobalState (quarto): No changes found during synchronizing ui state.
2024-12-04 20:14:16.799 [info] Extensions (quarto): No changes found during synchronizing extensions.
2024-12-04 20:14:16.800 [info] Syncing profile. react
2024-12-04 20:14:16.804 [info] Settings (react): No changes found during synchronizing settings.
2024-12-04 20:14:16.821 [info] Keybindings (react): No changes found during synchronizing keybindings.
2024-12-04 20:14:16.849 [info] Snippets (react): No changes found during synchronizing snippets.
2024-12-04 20:14:16.858 [info] Tasks (react): No changes found during synchronizing tasks.
2024-12-04 20:14:16.885 [info] GlobalState (react): No changes found during synchronizing ui state.
2024-12-04 20:14:17.013 [info] Extensions (react): No changes found during synchronizing extensions.
2024-12-04 20:14:17.029 [info] Syncing profile. revealjs
2024-12-04 20:14:17.037 [info] Settings (revealjs): No changes found during synchronizing settings.
2024-12-04 20:14:17.050 [info] Keybindings (revealjs): No changes found during synchronizing keybindings.
2024-12-04 20:14:17.063 [info] Snippets (revealjs): No changes found during synchronizing snippets.
2024-12-04 20:14:17.075 [info] Tasks (revealjs): No changes found during synchronizing tasks.
2024-12-04 20:14:17.090 [info] GlobalState (revealjs): No changes found during synchronizing ui state.
2024-12-04 20:14:17.209 [info] Extensions (revealjs): No changes found during synchronizing extensions.
2024-12-04 20:14:17.214 [info] Sync done. Took 1371ms
2024-12-04 20:15:16.062 [info] Auto Sync: Triggered by Activity
2024-12-04 20:15:16.063 [info] Sync started.
2024-12-04 20:15:16.195 [info] Settings: No changes found during synchronizing settings.
2024-12-04 20:15:16.200 [info] Keybindings: No changes found during synchronizing keybindings.
2024-12-04 20:15:16.207 [info] Snippets: No changes found during synchronizing snippets.
2024-12-04 20:15:16.211 [info] Tasks: No changes found during synchronizing tasks.
2024-12-04 20:15:16.219 [info] GlobalState: No changes found during synchronizing ui state.
2024-12-04 20:15:16.509 [info] Extensions: No changes found during synchronizing extensions.
2024-12-04 20:15:16.541 [info] Profiles: No changes found during synchronizing profiles.
2024-12-04 20:15:16.543 [info] Syncing profile. Classroo-Github
2024-12-04 20:15:16.561 [info] Settings (Classroo-Github): No changes found during synchronizing settings.
2024-12-04 20:15:16.575 [info] Keybindings (Classroo-Github): No changes found during synchronizing keybindings.
2024-12-04 20:15:16.582 [info] Snippets (Classroo-Github): No changes found during synchronizing snippets.
2024-12-04 20:15:16.590 [info] Tasks (Classroo-Github): No changes found during synchronizing tasks.
2024-12-04 20:15:16.594 [info] GlobalState (Classroo-Github): No changes found during synchronizing ui state.
2024-12-04 20:15:16.690 [info] Extensions (Classroo-Github): No changes found during synchronizing extensions.
2024-12-04 20:15:16.692 [info] Syncing profile. development
2024-12-04 20:15:16.696 [info] Settings (development): No changes found during synchronizing settings.
2024-12-04 20:15:16.701 [info] Keybindings (development): No changes found during synchronizing keybindings.
2024-12-04 20:15:16.705 [info] Snippets (development): No changes found during synchronizing snippets.
2024-12-04 20:15:16.710 [info] Tasks (development): No changes found during synchronizing tasks.
2024-12-04 20:15:16.714 [info] GlobalState (development): No changes found during synchronizing ui state.
2024-12-04 20:15:16.831 [info] Extensions (development): No changes found during synchronizing extensions.
2024-12-04 20:15:16.833 [info] Syncing profile. docker
2024-12-04 20:15:16.847 [info] Settings (docker): No changes found during synchronizing settings.
2024-12-04 20:15:16.862 [info] Keybindings (docker): No changes found during synchronizing keybindings.
2024-12-04 20:15:16.872 [info] Snippets (docker): No changes found during synchronizing snippets.
2024-12-04 20:15:16.878 [info] Tasks (docker): No changes found during synchronizing tasks.
2024-12-04 20:15:16.885 [info] GlobalState (docker): No changes found during synchronizing ui state.
2024-12-04 20:15:17.042 [info] Extensions (docker): No changes found during synchronizing extensions.
2024-12-04 20:15:17.043 [info] Syncing profile. flutter
2024-12-04 20:15:17.055 [info] Settings (flutter): No changes found during synchronizing settings.
2024-12-04 20:15:17.066 [info] Keybindings (flutter): No changes found during synchronizing keybindings.
2024-12-04 20:15:17.071 [info] Snippets (flutter): No changes found during synchronizing snippets.
2024-12-04 20:15:17.077 [info] Tasks (flutter): No changes found during synchronizing tasks.
2024-12-04 20:15:17.084 [info] GlobalState (flutter): No changes found during synchronizing ui state.
2024-12-04 20:15:17.220 [info] Extensions (flutter): No changes found during synchronizing extensions.
2024-12-04 20:15:17.224 [info] Syncing profile. javascript
2024-12-04 20:15:17.245 [info] Settings (javascript): No changes found during synchronizing settings.
2024-12-04 20:15:17.275 [info] Keybindings (javascript): No changes found during synchronizing keybindings.
2024-12-04 20:15:17.284 [info] Snippets (javascript): No changes found during synchronizing snippets.
2024-12-04 20:15:17.292 [info] Tasks (javascript): No changes found during synchronizing tasks.
2024-12-04 20:15:17.303 [info] GlobalState (javascript): No changes found during synchronizing ui state.
2024-12-04 20:15:17.525 [info] Extensions (javascript): No changes found during synchronizing extensions.
2024-12-04 20:15:17.533 [info] Syncing profile. python
2024-12-04 20:15:17.548 [info] Settings (python): No changes found during synchronizing settings.
2024-12-04 20:15:17.562 [info] Keybindings (python): No changes found during synchronizing keybindings.
2024-12-04 20:15:17.569 [info] Snippets (python): No changes found during synchronizing snippets.
2024-12-04 20:15:17.619 [info] Tasks (python): No changes found during synchronizing tasks.
2024-12-04 20:15:17.989 [info] GlobalState (python): Updated remote ui state. Updated: workbench.panel.pinnedPanels,workbench.activity.pinnedViewlets2,workbench.welcomePage.walkthroughMetadata.
2024-12-04 20:15:17.998 [info] GlobalState (python): Updated last synchronized ui state
2024-12-04 20:15:18.130 [info] Extensions (python): No changes found during synchronizing extensions.
2024-12-04 20:15:18.134 [info] Syncing profile. quarto
2024-12-04 20:15:18.138 [info] Settings (quarto): No changes found during synchronizing settings.
2024-12-04 20:15:18.143 [info] Keybindings (quarto): No changes found during synchronizing keybindings.
2024-12-04 20:15:18.148 [info] Snippets (quarto): No changes found during synchronizing snippets.
2024-12-04 20:15:18.156 [info] Tasks (quarto): No changes found during synchronizing tasks.
2024-12-04 20:15:18.163 [info] GlobalState (quarto): No changes found during synchronizing ui state.
2024-12-04 20:15:18.338 [info] Extensions (quarto): No changes found during synchronizing extensions.
2024-12-04 20:15:18.339 [info] Syncing profile. react
2024-12-04 20:15:18.344 [info] Settings (react): No changes found during synchronizing settings.
2024-12-04 20:15:18.350 [info] Keybindings (react): No changes found during synchronizing keybindings.
2024-12-04 20:15:18.357 [info] Snippets (react): No changes found during synchronizing snippets.
2024-12-04 20:15:18.366 [info] Tasks (react): No changes found during synchronizing tasks.
2024-12-04 20:15:18.376 [info] GlobalState (react): No changes found during synchronizing ui state.
2024-12-04 20:15:18.615 [info] Extensions (react): No changes found during synchronizing extensions.
2024-12-04 20:15:18.616 [info] Syncing profile. revealjs
2024-12-04 20:15:18.622 [info] Settings (revealjs): No changes found during synchronizing settings.
2024-12-04 20:15:18.671 [info] Keybindings (revealjs): No changes found during synchronizing keybindings.
2024-12-04 20:15:18.680 [info] Snippets (revealjs): No changes found during synchronizing snippets.
2024-12-04 20:15:18.691 [info] Tasks (revealjs): No changes found during synchronizing tasks.
2024-12-04 20:15:18.698 [info] GlobalState (revealjs): No changes found during synchronizing ui state.
2024-12-04 20:15:18.858 [info] Extensions (revealjs): No changes found during synchronizing extensions.
2024-12-04 20:15:18.864 [info] Sync done. Took 2801ms
