2024-12-04 20:12:35.005 [info] Reading sessions from keychain...
2024-12-04 20:12:35.005 [info] Getting sessions for all scopes...
2024-12-04 20:12:35.005 [info] Getting sessions for all scopes...
2024-12-04 20:12:35.005 [info] Getting sessions for all scopes...
2024-12-04 20:12:35.005 [info] Getting sessions for user:email...
2024-12-04 20:12:35.005 [info] Got stored sessions!
2024-12-04 20:12:35.005 [info] Got 2 verified sessions.
2024-12-04 20:12:35.005 [info] Got 2 sessions for ...
2024-12-04 20:12:35.005 [info] Got 2 sessions for ...
2024-12-04 20:12:35.005 [info] Got 2 sessions for ...
2024-12-04 20:12:35.005 [info] Got 1 sessions for user:email...
2024-12-04 20:12:35.005 [info] Getting sessions for user:email...
2024-12-04 20:12:35.005 [info] Got 1 sessions for user:email...
2024-12-04 20:12:35.005 [info] Getting sessions for user:email...
2024-12-04 20:12:35.005 [info] Got 1 sessions for user:email...
2024-12-04 20:12:35.774 [info] Getting sessions for read:user,repo,user:email,workflow...
2024-12-04 20:12:35.774 [info] Got 1 sessions for read:user,repo,user:email,workflow...
2024-12-04 20:12:36.725 [info] Getting sessions for read:user,repo,user:email,workflow...
2024-12-04 20:12:36.726 [info] Got 1 sessions for read:user,repo,user:email,workflow...
2024-12-04 20:13:50.862 [info] Reading sessions from keychain...
2024-12-04 20:13:50.863 [info] Getting sessions for all scopes...
2024-12-04 20:13:50.863 [info] Getting sessions for all scopes...
2024-12-04 20:13:50.863 [info] Getting sessions for all scopes...
2024-12-04 20:13:50.863 [info] Got stored sessions!
2024-12-04 20:13:50.863 [info] Got 2 verified sessions.
2024-12-04 20:13:50.863 [info] Got 2 sessions for ...
2024-12-04 20:13:50.863 [info] Got 2 sessions for ...
2024-12-04 20:13:50.863 [info] Got 2 sessions for ...
2024-12-04 20:13:50.863 [info] Getting sessions for user:email...
2024-12-04 20:13:50.863 [info] Got 1 sessions for user:email...
2024-12-04 20:13:54.126 [info] Getting sessions for all scopes...
2024-12-04 20:13:54.126 [info] Got 2 sessions for ...
2024-12-04 20:15:16.960 [info] Reading sessions from keychain...
2024-12-04 20:15:16.960 [info] Getting sessions for all scopes...
2024-12-04 20:15:16.960 [info] Getting sessions for all scopes...
2024-12-04 20:15:16.960 [info] Getting sessions for all scopes...
2024-12-04 20:15:16.960 [info] Getting sessions for user:email...
2024-12-04 20:15:16.960 [info] Got stored sessions!
2024-12-04 20:15:16.960 [info] Got 2 verified sessions.
2024-12-04 20:15:16.960 [info] Got 2 sessions for ...
2024-12-04 20:15:16.960 [info] Got 2 sessions for ...
2024-12-04 20:15:16.960 [info] Got 2 sessions for ...
2024-12-04 20:15:16.960 [info] Got 1 sessions for user:email...
2024-12-04 20:15:20.861 [info] Getting sessions for read:user,repo,user:email...
2024-12-04 20:15:20.861 [info] Got 0 sessions for read:user,repo,user:email...
