2024-12-04 20:16:05.634 [info] [main] Nivel de registro: Info
2024-12-04 20:16:05.634 [info] [main] Validando git encontrado en: "git"
2024-12-04 20:16:05.634 [info] [main] Usando git "2.47.1" de "git"
2024-12-04 20:16:05.634 [info] [Model][doInitialScan] Initial repository scan started
2024-12-04 20:16:05.634 [info] > git rev-parse --show-toplevel [11ms]
2024-12-04 20:16:05.634 [info] fatal: not a git repository (or any parent up to mount point /)
Stopping at filesystem boundary (GIT_DISCOVERY_ACROSS_FILESYSTEM not set).
2024-12-04 20:16:05.634 [info] > git rev-parse --show-toplevel [13ms]
2024-12-04 20:16:05.635 [info] fatal: not a git repository (or any parent up to mount point /)
Stopping at filesystem boundary (GIT_DISCOVERY_ACROSS_FILESYSTEM not set).
2024-12-04 20:16:05.635 [info] [Model][doInitialScan] Initial repository scan completed - repositories (0), closed repositories (0), parent repositories (0), unsafe repositories (0)
2024-12-04 20:16:09.773 [info] > git rev-parse --show-toplevel [349ms]
2024-12-04 20:16:09.773 [info] fatal: not a git repository (or any parent up to mount point /)
Stopping at filesystem boundary (GIT_DISCOVERY_ACROSS_FILESYSTEM not set).
2024-12-04 20:16:09.840 [info] > git rev-parse --show-toplevel [7ms]
2024-12-04 20:16:09.840 [info] fatal: not a git repository (or any parent up to mount point /)
Stopping at filesystem boundary (GIT_DISCOVERY_ACROSS_FILESYSTEM not set).
2024-12-04 20:16:09.867 [info] > git rev-parse --show-toplevel [2ms]
2024-12-04 20:16:09.867 [info] fatal: not a git repository (or any parent up to mount point /)
Stopping at filesystem boundary (GIT_DISCOVERY_ACROSS_FILESYSTEM not set).
2024-12-04 20:16:09.892 [info] > git rev-parse --show-toplevel [7ms]
2024-12-04 20:16:09.892 [info] fatal: not a git repository (or any parent up to mount point /)
Stopping at filesystem boundary (GIT_DISCOVERY_ACROSS_FILESYSTEM not set).
2024-12-04 20:18:02.805 [info] > git rev-parse --show-toplevel [2ms]
2024-12-04 20:18:02.806 [info] fatal: not a git repository (or any parent up to mount point /)
Stopping at filesystem boundary (GIT_DISCOVERY_ACROSS_FILESYSTEM not set).
2024-12-04 20:18:16.964 [info] > git rev-parse --show-toplevel [4ms]
2024-12-04 20:18:16.964 [info] fatal: not a git repository (or any parent up to mount point /)
Stopping at filesystem boundary (GIT_DISCOVERY_ACROSS_FILESYSTEM not set).
2024-12-04 20:18:42.527 [info] > git rev-parse --show-toplevel [3ms]
2024-12-04 20:18:42.527 [info] fatal: not a git repository (or any parent up to mount point /)
Stopping at filesystem boundary (GIT_DISCOVERY_ACROSS_FILESYSTEM not set).
2024-12-04 20:18:54.569 [info] > git rev-parse --show-toplevel [3ms]
2024-12-04 20:18:54.569 [info] fatal: not a git repository (or any parent up to mount point /)
Stopping at filesystem boundary (GIT_DISCOVERY_ACROSS_FILESYSTEM not set).
2024-12-04 20:19:05.175 [info] > git rev-parse --show-toplevel [3ms]
2024-12-04 20:19:05.175 [info] fatal: not a git repository (or any parent up to mount point /)
Stopping at filesystem boundary (GIT_DISCOVERY_ACROSS_FILESYSTEM not set).
2024-12-04 20:20:34.795 [info] > git rev-parse --show-toplevel [11ms]
2024-12-04 20:20:34.795 [info] fatal: not a git repository (or any parent up to mount point /)
Stopping at filesystem boundary (GIT_DISCOVERY_ACROSS_FILESYSTEM not set).
2024-12-04 20:21:48.303 [info] > git rev-parse --show-toplevel [7ms]
2024-12-04 20:21:48.303 [info] fatal: not a git repository (or any parent up to mount point /)
Stopping at filesystem boundary (GIT_DISCOVERY_ACROSS_FILESYSTEM not set).
2024-12-04 20:25:33.853 [info] > git rev-parse --show-toplevel [5ms]
2024-12-04 20:25:33.853 [info] fatal: not a git repository (or any parent up to mount point /)
Stopping at filesystem boundary (GIT_DISCOVERY_ACROSS_FILESYSTEM not set).
2024-12-04 20:26:36.058 [info] > git rev-parse --show-toplevel [12ms]
2024-12-04 20:26:36.058 [info] fatal: not a git repository (or any parent up to mount point /)
Stopping at filesystem boundary (GIT_DISCOVERY_ACROSS_FILESYSTEM not set).
2024-12-04 20:26:37.109 [info] > git rev-parse --show-toplevel [2ms]
2024-12-04 20:26:37.109 [info] fatal: not a git repository (or any parent up to mount point /)
Stopping at filesystem boundary (GIT_DISCOVERY_ACROSS_FILESYSTEM not set).
2024-12-04 20:28:28.802 [info] > git rev-parse --show-toplevel [3ms]
2024-12-04 20:28:28.802 [info] fatal: not a git repository (or any parent up to mount point /)
Stopping at filesystem boundary (GIT_DISCOVERY_ACROSS_FILESYSTEM not set).
2024-12-04 20:28:29.216 [info] > git rev-parse --show-toplevel [2ms]
2024-12-04 20:28:29.217 [info] fatal: not a git repository (or any parent up to mount point /)
Stopping at filesystem boundary (GIT_DISCOVERY_ACROSS_FILESYSTEM not set).
2024-12-04 20:28:29.595 [info] > git rev-parse --show-toplevel [4ms]
2024-12-04 20:28:29.595 [info] fatal: not a git repository (or any parent up to mount point /)
Stopping at filesystem boundary (GIT_DISCOVERY_ACROSS_FILESYSTEM not set).
2024-12-04 20:31:59.597 [info] > git rev-parse --show-toplevel [4ms]
2024-12-04 20:31:59.597 [info] fatal: not a git repository (or any parent up to mount point /)
Stopping at filesystem boundary (GIT_DISCOVERY_ACROSS_FILESYSTEM not set).
2024-12-04 20:38:31.490 [info] > git rev-parse --show-toplevel [3ms]
2024-12-04 20:38:31.490 [info] fatal: not a git repository (or any parent up to mount point /)
Stopping at filesystem boundary (GIT_DISCOVERY_ACROSS_FILESYSTEM not set).
2024-12-04 20:46:26.744 [info] > git rev-parse --show-toplevel [3ms]
2024-12-04 20:46:26.744 [info] fatal: not a git repository (or any parent up to mount point /)
Stopping at filesystem boundary (GIT_DISCOVERY_ACROSS_FILESYSTEM not set).
2024-12-04 20:48:33.953 [info] > git rev-parse --show-toplevel [3ms]
2024-12-04 20:48:33.953 [info] fatal: not a git repository (or any parent up to mount point /)
Stopping at filesystem boundary (GIT_DISCOVERY_ACROSS_FILESYSTEM not set).
2024-12-04 20:48:37.446 [info] > git rev-parse --show-toplevel [9ms]
2024-12-04 20:48:37.446 [info] fatal: not a git repository (or any parent up to mount point /)
Stopping at filesystem boundary (GIT_DISCOVERY_ACROSS_FILESYSTEM not set).
2024-12-04 20:51:11.052 [info] > git rev-parse --show-toplevel [2ms]
2024-12-04 20:51:11.052 [info] fatal: not a git repository (or any parent up to mount point /)
Stopping at filesystem boundary (GIT_DISCOVERY_ACROSS_FILESYSTEM not set).
2024-12-04 20:51:54.224 [info] > git rev-parse --show-toplevel [3ms]
2024-12-04 20:51:54.224 [info] fatal: not a git repository (or any parent up to mount point /)
Stopping at filesystem boundary (GIT_DISCOVERY_ACROSS_FILESYSTEM not set).
2024-12-04 20:53:49.125 [info] > git rev-parse --show-toplevel [2ms]
2024-12-04 20:53:49.125 [info] fatal: not a git repository (or any parent up to mount point /)
Stopping at filesystem boundary (GIT_DISCOVERY_ACROSS_FILESYSTEM not set).
2024-12-04 20:55:06.882 [info] > git rev-parse --show-toplevel [3ms]
2024-12-04 20:55:06.882 [info] fatal: not a git repository (or any parent up to mount point /)
Stopping at filesystem boundary (GIT_DISCOVERY_ACROSS_FILESYSTEM not set).
2024-12-04 20:56:02.830 [info] > git rev-parse --show-toplevel [2ms]
2024-12-04 20:56:02.830 [info] fatal: not a git repository (or any parent up to mount point /)
Stopping at filesystem boundary (GIT_DISCOVERY_ACROSS_FILESYSTEM not set).
2024-12-04 20:56:45.441 [info] > git rev-parse --show-toplevel [2ms]
2024-12-04 20:56:45.441 [info] fatal: not a git repository (or any parent up to mount point /)
Stopping at filesystem boundary (GIT_DISCOVERY_ACROSS_FILESYSTEM not set).
2024-12-04 20:58:23.299 [info] > git rev-parse --show-toplevel [2ms]
2024-12-04 20:58:23.299 [info] fatal: not a git repository (or any parent up to mount point /)
Stopping at filesystem boundary (GIT_DISCOVERY_ACROSS_FILESYSTEM not set).
2024-12-04 21:00:31.763 [info] > git rev-parse --show-toplevel [3ms]
2024-12-04 21:00:31.763 [info] fatal: not a git repository (or any parent up to mount point /)
Stopping at filesystem boundary (GIT_DISCOVERY_ACROSS_FILESYSTEM not set).
2024-12-04 21:01:32.880 [info] > git rev-parse --show-toplevel [1ms]
2024-12-04 21:01:32.880 [info] fatal: not a git repository (or any parent up to mount point /)
Stopping at filesystem boundary (GIT_DISCOVERY_ACROSS_FILESYSTEM not set).
2024-12-04 21:02:18.594 [info] > git rev-parse --show-toplevel [2ms]
2024-12-04 21:02:18.594 [info] fatal: not a git repository (or any parent up to mount point /)
Stopping at filesystem boundary (GIT_DISCOVERY_ACROSS_FILESYSTEM not set).
2024-12-04 21:08:54.544 [info] > git rev-parse --show-toplevel [3ms]
2024-12-04 21:08:54.544 [info] fatal: not a git repository (or any parent up to mount point /)
Stopping at filesystem boundary (GIT_DISCOVERY_ACROSS_FILESYSTEM not set).
2024-12-04 21:11:37.431 [info] > git rev-parse --show-toplevel [3ms]
2024-12-04 21:11:37.431 [info] fatal: not a git repository (or any parent up to mount point /)
Stopping at filesystem boundary (GIT_DISCOVERY_ACROSS_FILESYSTEM not set).
2024-12-04 21:12:36.133 [info] > git rev-parse --show-toplevel [2ms]
2024-12-04 21:12:36.133 [info] fatal: not a git repository (or any parent up to mount point /)
Stopping at filesystem boundary (GIT_DISCOVERY_ACROSS_FILESYSTEM not set).
2024-12-04 21:12:38.180 [info] > git rev-parse --show-toplevel [1ms]
2024-12-04 21:12:38.180 [info] fatal: not a git repository (or any parent up to mount point /)
Stopping at filesystem boundary (GIT_DISCOVERY_ACROSS_FILESYSTEM not set).
2024-12-04 21:12:39.535 [info] > git rev-parse --show-toplevel [1ms]
2024-12-04 21:12:39.536 [info] fatal: not a git repository (or any parent up to mount point /)
Stopping at filesystem boundary (GIT_DISCOVERY_ACROSS_FILESYSTEM not set).
2024-12-04 21:14:43.924 [info] > git rev-parse --show-toplevel [2ms]
2024-12-04 21:14:43.924 [info] fatal: not a git repository (or any parent up to mount point /)
Stopping at filesystem boundary (GIT_DISCOVERY_ACROSS_FILESYSTEM not set).
2024-12-04 21:15:19.090 [info] > git rev-parse --show-toplevel [5ms]
2024-12-04 21:15:19.090 [info] fatal: not a git repository (or any parent up to mount point /)
Stopping at filesystem boundary (GIT_DISCOVERY_ACROSS_FILESYSTEM not set).
2024-12-04 21:15:50.671 [info] > git rev-parse --show-toplevel [2ms]
2024-12-04 21:15:50.671 [info] fatal: not a git repository (or any parent up to mount point /)
Stopping at filesystem boundary (GIT_DISCOVERY_ACROSS_FILESYSTEM not set).
2024-12-04 21:16:02.952 [info] > git rev-parse --show-toplevel [2ms]
2024-12-04 21:16:02.952 [info] fatal: not a git repository (or any parent up to mount point /)
Stopping at filesystem boundary (GIT_DISCOVERY_ACROSS_FILESYSTEM not set).
2024-12-04 21:16:09.014 [info] > git rev-parse --show-toplevel [4ms]
2024-12-04 21:16:09.014 [info] fatal: not a git repository (or any parent up to mount point /)
Stopping at filesystem boundary (GIT_DISCOVERY_ACROSS_FILESYSTEM not set).
2024-12-04 21:16:12.819 [info] > git rev-parse --show-toplevel [3ms]
2024-12-04 21:16:12.819 [info] fatal: not a git repository (or any parent up to mount point /)
Stopping at filesystem boundary (GIT_DISCOVERY_ACROSS_FILESYSTEM not set).
2024-12-04 21:16:34.312 [info] > git rev-parse --show-toplevel [3ms]
2024-12-04 21:16:34.312 [info] fatal: not a git repository (or any parent up to mount point /)
Stopping at filesystem boundary (GIT_DISCOVERY_ACROSS_FILESYSTEM not set).
2024-12-04 21:16:57.571 [info] > git rev-parse --show-toplevel [4ms]
2024-12-04 21:16:57.571 [info] fatal: not a git repository (or any parent up to mount point /)
Stopping at filesystem boundary (GIT_DISCOVERY_ACROSS_FILESYSTEM not set).
2024-12-04 21:17:00.903 [info] > git rev-parse --show-toplevel [2ms]
2024-12-04 21:17:00.903 [info] fatal: not a git repository (or any parent up to mount point /)
Stopping at filesystem boundary (GIT_DISCOVERY_ACROSS_FILESYSTEM not set).
2024-12-04 21:21:20.015 [info] > git rev-parse --show-toplevel [9ms]
2024-12-04 21:21:20.015 [info] fatal: not a git repository (or any parent up to mount point /)
Stopping at filesystem boundary (GIT_DISCOVERY_ACROSS_FILESYSTEM not set).
2024-12-04 21:25:51.707 [info] > git rev-parse --show-toplevel [1ms]
2024-12-04 21:25:51.707 [info] fatal: not a git repository (or any parent up to mount point /)
Stopping at filesystem boundary (GIT_DISCOVERY_ACROSS_FILESYSTEM not set).
2024-12-04 21:25:58.597 [info] > git rev-parse --show-toplevel [2ms]
2024-12-04 21:25:58.597 [info] fatal: not a git repository (or any parent up to mount point /)
Stopping at filesystem boundary (GIT_DISCOVERY_ACROSS_FILESYSTEM not set).
2024-12-04 21:26:18.371 [info] > git rev-parse --show-toplevel [2ms]
2024-12-04 21:26:18.371 [info] fatal: not a git repository (or any parent up to mount point /)
Stopping at filesystem boundary (GIT_DISCOVERY_ACROSS_FILESYSTEM not set).
2024-12-04 21:26:20.628 [info] > git rev-parse --show-toplevel [2ms]
2024-12-04 21:26:20.628 [info] fatal: not a git repository (or any parent up to mount point /)
Stopping at filesystem boundary (GIT_DISCOVERY_ACROSS_FILESYSTEM not set).
2024-12-04 21:26:47.992 [info] > git rev-parse --show-toplevel [2ms]
2024-12-04 21:26:47.992 [info] fatal: not a git repository (or any parent up to mount point /)
Stopping at filesystem boundary (GIT_DISCOVERY_ACROSS_FILESYSTEM not set).
2024-12-04 21:29:59.630 [info] > git rev-parse --show-toplevel [2ms]
2024-12-04 21:29:59.630 [info] fatal: not a git repository (or any parent up to mount point /)
Stopping at filesystem boundary (GIT_DISCOVERY_ACROSS_FILESYSTEM not set).
2024-12-04 21:40:41.314 [info] > git rev-parse --show-toplevel [2ms]
2024-12-04 21:40:41.314 [info] fatal: not a git repository (or any parent up to mount point /)
Stopping at filesystem boundary (GIT_DISCOVERY_ACROSS_FILESYSTEM not set).
2024-12-04 21:43:38.372 [info] > git rev-parse --show-toplevel [3ms]
2024-12-04 21:43:38.372 [info] fatal: not a git repository (or any parent up to mount point /)
Stopping at filesystem boundary (GIT_DISCOVERY_ACROSS_FILESYSTEM not set).
2024-12-04 21:43:39.897 [info] > git rev-parse --show-toplevel [2ms]
2024-12-04 21:43:39.897 [info] fatal: not a git repository (or any parent up to mount point /)
Stopping at filesystem boundary (GIT_DISCOVERY_ACROSS_FILESYSTEM not set).
2024-12-04 21:43:42.709 [info] > git rev-parse --show-toplevel [2ms]
2024-12-04 21:43:42.709 [info] fatal: not a git repository (or any parent up to mount point /)
Stopping at filesystem boundary (GIT_DISCOVERY_ACROSS_FILESYSTEM not set).
2024-12-04 21:43:42.852 [info] > git rev-parse --show-toplevel [2ms]
2024-12-04 21:43:42.852 [info] fatal: not a git repository (or any parent up to mount point /)
Stopping at filesystem boundary (GIT_DISCOVERY_ACROSS_FILESYSTEM not set).
2024-12-04 21:46:37.533 [info] > git rev-parse --show-toplevel [2ms]
2024-12-04 21:46:37.533 [info] fatal: not a git repository (or any parent up to mount point /)
Stopping at filesystem boundary (GIT_DISCOVERY_ACROSS_FILESYSTEM not set).
2024-12-04 21:47:17.374 [info] > git rev-parse --show-toplevel [3ms]
2024-12-04 21:47:17.374 [info] fatal: not a git repository (or any parent up to mount point /)
Stopping at filesystem boundary (GIT_DISCOVERY_ACROSS_FILESYSTEM not set).
2024-12-04 21:47:23.565 [info] > git rev-parse --show-toplevel [3ms]
2024-12-04 21:47:23.565 [info] fatal: not a git repository (or any parent up to mount point /)
Stopping at filesystem boundary (GIT_DISCOVERY_ACROSS_FILESYSTEM not set).
2024-12-04 21:48:37.009 [info] > git rev-parse --show-toplevel [2ms]
2024-12-04 21:48:37.009 [info] fatal: not a git repository (or any parent up to mount point /)
Stopping at filesystem boundary (GIT_DISCOVERY_ACROSS_FILESYSTEM not set).
2024-12-04 21:49:07.822 [info] > git rev-parse --show-toplevel [2ms]
2024-12-04 21:49:07.822 [info] fatal: not a git repository (or any parent up to mount point /)
Stopping at filesystem boundary (GIT_DISCOVERY_ACROSS_FILESYSTEM not set).
2024-12-04 21:49:41.630 [info] > git rev-parse --show-toplevel [2ms]
2024-12-04 21:49:41.630 [info] fatal: not a git repository (or any parent up to mount point /)
Stopping at filesystem boundary (GIT_DISCOVERY_ACROSS_FILESYSTEM not set).
2024-12-04 21:49:48.063 [info] > git rev-parse --show-toplevel [2ms]
2024-12-04 21:49:48.063 [info] fatal: not a git repository (or any parent up to mount point /)
Stopping at filesystem boundary (GIT_DISCOVERY_ACROSS_FILESYSTEM not set).
2024-12-04 21:50:47.850 [info] > git rev-parse --show-toplevel [2ms]
2024-12-04 21:50:47.850 [info] fatal: not a git repository (or any parent up to mount point /)
Stopping at filesystem boundary (GIT_DISCOVERY_ACROSS_FILESYSTEM not set).
2024-12-04 21:56:38.498 [info] > git rev-parse --show-toplevel [2ms]
2024-12-04 21:56:38.498 [info] fatal: not a git repository (or any parent up to mount point /)
Stopping at filesystem boundary (GIT_DISCOVERY_ACROSS_FILESYSTEM not set).
2024-12-04 21:56:47.042 [info] > git rev-parse --show-toplevel [2ms]
2024-12-04 21:56:47.042 [info] fatal: not a git repository (or any parent up to mount point /)
Stopping at filesystem boundary (GIT_DISCOVERY_ACROSS_FILESYSTEM not set).
2024-12-04 21:57:06.944 [info] > git rev-parse --show-toplevel [2ms]
2024-12-04 21:57:06.945 [info] fatal: not a git repository (or any parent up to mount point /)
Stopping at filesystem boundary (GIT_DISCOVERY_ACROSS_FILESYSTEM not set).
2024-12-04 21:57:11.395 [info] > git rev-parse --show-toplevel [4ms]
2024-12-04 21:57:11.395 [info] fatal: not a git repository (or any parent up to mount point /)
Stopping at filesystem boundary (GIT_DISCOVERY_ACROSS_FILESYSTEM not set).
2024-12-04 21:57:24.452 [info] > git rev-parse --show-toplevel [3ms]
2024-12-04 21:57:24.452 [info] fatal: not a git repository (or any parent up to mount point /)
Stopping at filesystem boundary (GIT_DISCOVERY_ACROSS_FILESYSTEM not set).
2024-12-04 21:57:35.798 [info] > git rev-parse --show-toplevel [4ms]
2024-12-04 21:57:35.798 [info] fatal: not a git repository (or any parent up to mount point /)
Stopping at filesystem boundary (GIT_DISCOVERY_ACROSS_FILESYSTEM not set).
2024-12-04 21:58:57.358 [info] > git rev-parse --show-toplevel [2ms]
2024-12-04 21:58:57.359 [info] fatal: not a git repository (or any parent up to mount point /)
Stopping at filesystem boundary (GIT_DISCOVERY_ACROSS_FILESYSTEM not set).
2024-12-04 21:59:00.282 [info] > git rev-parse --show-toplevel [2ms]
2024-12-04 21:59:00.282 [info] fatal: not a git repository (or any parent up to mount point /)
Stopping at filesystem boundary (GIT_DISCOVERY_ACROSS_FILESYSTEM not set).
2024-12-04 21:59:05.703 [info] > git rev-parse --show-toplevel [5ms]
2024-12-04 21:59:05.703 [info] fatal: not a git repository (or any parent up to mount point /)
Stopping at filesystem boundary (GIT_DISCOVERY_ACROSS_FILESYSTEM not set).
2024-12-04 22:00:00.918 [info] > git rev-parse --show-toplevel [5ms]
2024-12-04 22:00:01.074 [info] > git rev-parse --git-dir --git-common-dir [34ms]
2024-12-04 22:00:01.113 [info] [Model][openRepository] Opened repository: /home/statick/workspaces/practicas/python/farmacia2
2024-12-04 22:00:01.179 [info] > git config --get commit.template [6ms]
2024-12-04 22:00:01.217 [info] [Git][getRemotes] No remotes found in the git config file
2024-12-04 22:00:01.222 [info] > git for-each-ref --format=%(refname)%00%(upstream:short)%00%(objectname)%00%(upstream:track)%00%(upstream:remotename)%00%(upstream:remoteref) refs/heads/master refs/remotes/master [7ms]
2024-12-04 22:00:01.223 [warning] [Git][getBranch] No such branch: master
2024-12-04 22:00:01.299 [info] > git status -z -uall [48ms]
2024-12-04 22:00:01.300 [info] > git for-each-ref --sort -committerdate --format %(refname) %(objectname) %(*objectname) [10ms]
2024-12-04 22:00:01.379 [info] > git for-each-ref --format=%(refname)%00%(upstream:short)%00%(objectname)%00%(upstream:track)%00%(upstream:remotename)%00%(upstream:remoteref) refs/heads/master refs/remotes/master [34ms]
2024-12-04 22:00:01.379 [warning] [Git][getBranch] No such branch: master
2024-12-04 22:00:01.381 [error] [GitHistoryProvider][resolveHEADMergeBase] Failed to resolve merge base for master: Error: No such branch: master.
2024-12-04 22:00:01.389 [info] > git config --get commit.template [11ms]
2024-12-04 22:00:01.421 [info] [Git][getRemotes] No remotes found in the git config file
2024-12-04 22:00:01.442 [info] > git for-each-ref --format=%(refname)%00%(upstream:short)%00%(objectname)%00%(upstream:track)%00%(upstream:remotename)%00%(upstream:remoteref) refs/heads/master refs/remotes/master [21ms]
2024-12-04 22:00:01.442 [warning] [Git][getBranch] No such branch: master
2024-12-04 22:00:01.492 [info] > git status -z -uall [29ms]
2024-12-04 22:00:01.492 [info] > git for-each-ref --sort -committerdate --format %(refname) %(objectname) %(*objectname) [10ms]
2024-12-04 22:00:01.832 [info] > git show --textconv :farmacia/urls.py [29ms]
2024-12-04 22:00:01.870 [info] > git check-ignore -v -z --stdin [3ms]
2024-12-04 22:00:01.872 [info] > git ls-files --stage -- /home/statick/workspaces/practicas/python/farmacia2/farmacia/urls.py [41ms]
2024-12-04 22:00:03.767 [info] [Git][getRemotes] No remotes found in the git config file
2024-12-04 22:00:03.771 [info] > git config --get commit.template [22ms]
2024-12-04 22:00:03.772 [info] > git for-each-ref --format=%(refname)%00%(upstream:short)%00%(objectname)%00%(upstream:track)%00%(upstream:remotename)%00%(upstream:remoteref) refs/heads/master refs/remotes/master [5ms]
2024-12-04 22:00:03.772 [warning] [Git][getBranch] No such branch: master
2024-12-04 22:00:03.805 [info] > git status -z -uall [18ms]
2024-12-04 22:00:03.806 [info] > git for-each-ref --sort -committerdate --format %(refname) %(objectname) %(*objectname) [3ms]
2024-12-04 22:00:04.744 [info] [Git][getRemotes] No remotes found in the git config file
2024-12-04 22:00:04.745 [info] > git config --get commit.template [21ms]
2024-12-04 22:00:04.746 [info] > git for-each-ref --format=%(refname)%00%(upstream:short)%00%(objectname)%00%(upstream:track)%00%(upstream:remotename)%00%(upstream:remoteref) refs/heads/master refs/remotes/master [3ms]
2024-12-04 22:00:04.746 [warning] [Git][getBranch] No such branch: master
2024-12-04 22:00:04.781 [info] > git status -z -uall [17ms]
2024-12-04 22:00:04.782 [info] > git for-each-ref --sort -committerdate --format %(refname) %(objectname) %(*objectname) [2ms]
2024-12-04 22:00:04.833 [info] > git ls-files --stage -- /home/statick/workspaces/practicas/python/farmacia2/farmacia/urls.py [2ms]
2024-12-04 22:00:04.852 [info] > git cat-file -s 35e96663355037c06941faf37eadea4f3b1594ef [2ms]
2024-12-04 22:00:04.873 [info] > git show --textconv :farmacia/urls.py [2ms]
2024-12-04 22:00:06.519 [info] [Git][getRemotes] No remotes found in the git config file
2024-12-04 22:00:06.519 [info] > git config --get commit.template [14ms]
2024-12-04 22:00:06.520 [info] > git for-each-ref --format=%(refname)%00%(upstream:short)%00%(objectname)%00%(upstream:track)%00%(upstream:remotename)%00%(upstream:remoteref) refs/heads/master refs/remotes/master [2ms]
2024-12-04 22:00:06.555 [info] > git status -z -uall [16ms]
2024-12-04 22:00:06.557 [info] > git for-each-ref --sort -committerdate --format %(refname) %(objectname) %(*objectname) [2ms]
2024-12-04 22:00:07.587 [info] > git ls-files --stage -- /home/statick/workspaces/practicas/python/farmacia2/farmacia/urls.py [1ms]
2024-12-04 22:00:07.611 [info] > git cat-file -s 35e96663355037c06941faf37eadea4f3b1594ef [6ms]
2024-12-04 22:00:07.630 [info] > git show --textconv :farmacia/urls.py [2ms]
2024-12-04 22:00:09.803 [info] > git config --get commit.template [2ms]
2024-12-04 22:00:09.820 [info] [Git][getRemotes] No remotes found in the git config file
2024-12-04 22:00:09.823 [info] > git for-each-ref --format=%(refname)%00%(upstream:short)%00%(objectname)%00%(upstream:track)%00%(upstream:remotename)%00%(upstream:remoteref) refs/heads/master refs/remotes/master [3ms]
2024-12-04 22:00:09.852 [info] > git status -z -uall [16ms]
2024-12-04 22:00:09.853 [info] > git for-each-ref --sort -committerdate --format %(refname) %(objectname) %(*objectname) [2ms]
2024-12-04 22:11:37.118 [info] > git config --get commit.template [0ms]
2024-12-04 22:11:37.135 [info] > git ls-files --stage -- /home/statick/workspaces/practicas/python/farmacia2/farmacia/urls.py [8ms]
2024-12-04 22:11:37.143 [info] > git for-each-ref --format=%(refname)%00%(upstream:short)%00%(objectname)%00%(upstream:track)%00%(upstream:remotename)%00%(upstream:remoteref) refs/heads/main refs/remotes/main [8ms]
2024-12-04 22:11:37.163 [info] > git status -z -uall [10ms]
2024-12-04 22:11:37.163 [info] > git cat-file -s 35e96663355037c06941faf37eadea4f3b1594ef [20ms]
2024-12-04 22:11:37.164 [info] > git for-each-ref --sort -committerdate --format %(refname) %(objectname) %(*objectname) [2ms]
2024-12-04 22:11:37.188 [info] > git show --textconv :farmacia/urls.py [1ms]
2024-12-04 22:11:37.188 [info] > git for-each-ref --format=%(refname)%00%(upstream:short)%00%(objectname)%00%(upstream:track)%00%(upstream:remotename)%00%(upstream:remoteref) refs/heads/main refs/remotes/main [12ms]
2024-12-04 22:11:37.198 [info] > git config --local branch.main.vscode-merge-base [1ms]
2024-12-04 22:11:37.198 [warning] [Git][config] git config failed: Failed to execute git
2024-12-04 22:11:37.207 [info] > git reflog main --grep-reflog=branch: Created from *. [1ms]
2024-12-04 22:11:37.215 [info] > git symbolic-ref --short refs/remotes/origin/HEAD [1ms]
2024-12-04 22:11:37.215 [info] fatal: ref refs/remotes/origin/HEAD is not a symbolic ref
2024-12-04 22:11:37.215 [warning] [Repository][getDefaultBranch] Failed to get default branch details: Failed to execute git.
2024-12-04 22:11:37.224 [info] > git merge-base refs/heads/main refs/remotes/origin/main [1ms]
2024-12-04 22:11:37.235 [info] > git diff --name-status -z --diff-filter=ADMR 856fd4c237cd10470086685579aec7b799a38625...refs/remotes/origin/main [1ms]
2024-12-04 22:11:38.488 [info] > git check-ignore -v -z --stdin [2ms]
2024-12-04 22:11:42.209 [info] > git config --get commit.template [15ms]
2024-12-04 22:11:42.210 [info] > git for-each-ref --format=%(refname)%00%(upstream:short)%00%(objectname)%00%(upstream:track)%00%(upstream:remotename)%00%(upstream:remoteref) refs/heads/main refs/remotes/main [2ms]
2024-12-04 22:11:42.231 [info] > git status -z -uall [10ms]
2024-12-04 22:11:42.232 [info] > git for-each-ref --sort -committerdate --format %(refname) %(objectname) %(*objectname) [1ms]
2024-12-04 22:11:55.894 [info] > git config --get commit.template [15ms]
2024-12-04 22:11:55.895 [info] > git for-each-ref --format=%(refname)%00%(upstream:short)%00%(objectname)%00%(upstream:track)%00%(upstream:remotename)%00%(upstream:remoteref) refs/heads/main refs/remotes/main [2ms]
2024-12-04 22:11:55.914 [info] > git status -z -uall [9ms]
2024-12-04 22:11:55.915 [info] > git for-each-ref --sort -committerdate --format %(refname) %(objectname) %(*objectname) [1ms]
2024-12-04 22:12:45.415 [info] > git config --get commit.template [9ms]
2024-12-04 22:12:45.415 [info] > git for-each-ref --format=%(refname)%00%(upstream:short)%00%(objectname)%00%(upstream:track)%00%(upstream:remotename)%00%(upstream:remoteref) refs/heads/main refs/remotes/main [1ms]
2024-12-04 22:12:45.433 [info] > git status -z -uall [9ms]
2024-12-04 22:12:45.433 [info] > git for-each-ref --sort -committerdate --format %(refname) %(objectname) %(*objectname) [1ms]
2024-12-04 22:16:13.426 [info] > git config --get commit.template [3ms]
2024-12-04 22:16:13.443 [info] > git for-each-ref --format=%(refname)%00%(upstream:short)%00%(objectname)%00%(upstream:track)%00%(upstream:remotename)%00%(upstream:remoteref) refs/heads/main refs/remotes/main [2ms]
2024-12-04 22:16:13.468 [info] > git status -z -uall [13ms]
2024-12-04 22:16:13.469 [info] > git for-each-ref --sort -committerdate --format %(refname) %(objectname) %(*objectname) [1ms]
2024-12-04 22:16:18.503 [info] > git config --get commit.template [16ms]
2024-12-04 22:16:18.504 [info] > git for-each-ref --format=%(refname)%00%(upstream:short)%00%(objectname)%00%(upstream:track)%00%(upstream:remotename)%00%(upstream:remoteref) refs/heads/main refs/remotes/main [2ms]
2024-12-04 22:16:18.526 [info] > git status -z -uall [10ms]
2024-12-04 22:16:18.526 [info] > git for-each-ref --sort -committerdate --format %(refname) %(objectname) %(*objectname) [1ms]
2024-12-04 22:16:23.197 [info] > git config --get commit.template [8ms]
2024-12-04 22:16:23.197 [info] > git for-each-ref --format=%(refname)%00%(upstream:short)%00%(objectname)%00%(upstream:track)%00%(upstream:remotename)%00%(upstream:remoteref) refs/heads/main refs/remotes/main [0ms]
2024-12-04 22:16:23.214 [info] > git status -z -uall [8ms]
2024-12-04 22:16:23.215 [info] > git for-each-ref --sort -committerdate --format %(refname) %(objectname) %(*objectname) [1ms]
2024-12-04 22:16:24.207 [info] > git config --get commit.template [14ms]
2024-12-04 22:16:24.208 [info] > git for-each-ref --format=%(refname)%00%(upstream:short)%00%(objectname)%00%(upstream:track)%00%(upstream:remotename)%00%(upstream:remoteref) refs/heads/main refs/remotes/main [1ms]
2024-12-04 22:16:24.225 [info] > git status -z -uall [8ms]
2024-12-04 22:16:24.225 [info] > git for-each-ref --sort -committerdate --format %(refname) %(objectname) %(*objectname) [1ms]
2024-12-04 22:16:24.295 [info] > git ls-files --stage -- /home/statick/workspaces/practicas/python/farmacia2/farmacia/urls.py [3ms]
2024-12-04 22:16:24.309 [info] > git cat-file -s cb84e07c2fd8a807549676bca7383d1873a1400d [2ms]
2024-12-04 22:16:24.323 [info] > git show --textconv :farmacia/urls.py [1ms]
2024-12-04 22:16:37.758 [info] > git config --get commit.template [8ms]
2024-12-04 22:16:37.759 [info] > git for-each-ref --format=%(refname)%00%(upstream:short)%00%(objectname)%00%(upstream:track)%00%(upstream:remotename)%00%(upstream:remoteref) refs/heads/main refs/remotes/main [1ms]
2024-12-04 22:16:37.776 [info] > git status -z -uall [9ms]
2024-12-04 22:16:37.777 [info] > git for-each-ref --sort -committerdate --format %(refname) %(objectname) %(*objectname) [1ms]
2024-12-04 22:16:37.787 [info] > git merge-base refs/heads/main refs/remotes/origin/main [1ms]
2024-12-04 22:16:37.796 [info] > git diff --name-status -z --diff-filter=ADMR 856fd4c237cd10470086685579aec7b799a38625...refs/remotes/origin/main [1ms]
2024-12-04 22:16:38.774 [info] > git config --get commit.template [15ms]
2024-12-04 22:16:38.776 [info] > git for-each-ref --format=%(refname)%00%(upstream:short)%00%(objectname)%00%(upstream:track)%00%(upstream:remotename)%00%(upstream:remoteref) refs/heads/main refs/remotes/main [3ms]
2024-12-04 22:16:38.797 [info] > git status -z -uall [10ms]
2024-12-04 22:16:38.798 [info] > git for-each-ref --sort -committerdate --format %(refname) %(objectname) %(*objectname) [1ms]
2024-12-04 22:16:38.855 [info] > git ls-files --stage -- /home/statick/workspaces/practicas/python/farmacia2/farmacia/urls.py [1ms]
2024-12-04 22:16:38.865 [info] > git cat-file -s cb84e07c2fd8a807549676bca7383d1873a1400d [1ms]
2024-12-04 22:16:38.881 [info] > git show --textconv :farmacia/urls.py [2ms]
2024-12-04 22:20:38.979 [info] > git show --textconv :farmacia/views.py [12ms]
2024-12-04 22:20:38.980 [info] > git ls-files --stage -- /home/statick/workspaces/practicas/python/farmacia2/farmacia/views.py [3ms]
2024-12-04 22:20:38.991 [info] > git cat-file -s df78fb426761c74b82e2e2960ba830a69f650b92 [1ms]
2024-12-04 22:21:31.395 [info] > git config --get commit.template [9ms]
2024-12-04 22:21:31.395 [info] > git for-each-ref --format=%(refname)%00%(upstream:short)%00%(objectname)%00%(upstream:track)%00%(upstream:remotename)%00%(upstream:remoteref) refs/heads/main refs/remotes/main [1ms]
2024-12-04 22:21:31.413 [info] > git status -z -uall [9ms]
2024-12-04 22:21:31.413 [info] > git for-each-ref --sort -committerdate --format %(refname) %(objectname) %(*objectname) [1ms]
2024-12-04 22:21:36.433 [info] > git config --get commit.template [9ms]
2024-12-04 22:21:36.433 [info] > git for-each-ref --format=%(refname)%00%(upstream:short)%00%(objectname)%00%(upstream:track)%00%(upstream:remotename)%00%(upstream:remoteref) refs/heads/main refs/remotes/main [1ms]
2024-12-04 22:21:36.449 [info] > git status -z -uall [8ms]
2024-12-04 22:21:36.450 [info] > git for-each-ref --sort -committerdate --format %(refname) %(objectname) %(*objectname) [1ms]
2024-12-04 22:22:24.230 [info] > git config --get commit.template [9ms]
2024-12-04 22:22:24.230 [info] > git for-each-ref --format=%(refname)%00%(upstream:short)%00%(objectname)%00%(upstream:track)%00%(upstream:remotename)%00%(upstream:remoteref) refs/heads/main refs/remotes/main [1ms]
2024-12-04 22:22:24.249 [info] > git status -z -uall [10ms]
2024-12-04 22:22:24.250 [info] > git for-each-ref --sort -committerdate --format %(refname) %(objectname) %(*objectname) [2ms]
2024-12-04 22:22:29.284 [info] > git config --get commit.template [14ms]
2024-12-04 22:22:29.285 [info] > git for-each-ref --format=%(refname)%00%(upstream:short)%00%(objectname)%00%(upstream:track)%00%(upstream:remotename)%00%(upstream:remoteref) refs/heads/main refs/remotes/main [2ms]
2024-12-04 22:22:29.304 [info] > git status -z -uall [9ms]
2024-12-04 22:22:29.305 [info] > git for-each-ref --sort -committerdate --format %(refname) %(objectname) %(*objectname) [1ms]
2024-12-04 22:22:31.920 [info] > git config --get commit.template [9ms]
2024-12-04 22:22:31.921 [info] > git for-each-ref --format=%(refname)%00%(upstream:short)%00%(objectname)%00%(upstream:track)%00%(upstream:remotename)%00%(upstream:remoteref) refs/heads/main refs/remotes/main [1ms]
2024-12-04 22:22:31.937 [info] > git status -z -uall [9ms]
2024-12-04 22:22:31.937 [info] > git for-each-ref --sort -committerdate --format %(refname) %(objectname) %(*objectname) [1ms]
2024-12-04 22:22:32.994 [info] > git ls-files --stage -- /home/statick/workspaces/practicas/python/farmacia2/farmacia/views.py [2ms]
2024-12-04 22:22:33.008 [info] > git cat-file -s 1ccbaa2c7fa9a20ecdf671d51b3a2d9e850727f9 [1ms]
2024-12-04 22:22:33.020 [info] > git show --textconv :farmacia/views.py [1ms]
2024-12-04 22:22:34.340 [info] > git config --get commit.template [16ms]
2024-12-04 22:22:34.342 [info] > git for-each-ref --format=%(refname)%00%(upstream:short)%00%(objectname)%00%(upstream:track)%00%(upstream:remotename)%00%(upstream:remoteref) refs/heads/main refs/remotes/main [3ms]
2024-12-04 22:22:34.366 [info] > git status -z -uall [12ms]
2024-12-04 22:22:34.367 [info] > git for-each-ref --sort -committerdate --format %(refname) %(objectname) %(*objectname) [1ms]
2024-12-04 22:22:38.194 [info] > git config --get commit.template [1ms]
2024-12-04 22:22:38.204 [info] > git for-each-ref --format=%(refname)%00%(upstream:short)%00%(objectname)%00%(upstream:track)%00%(upstream:remotename)%00%(upstream:remoteref) refs/heads/main refs/remotes/main [1ms]
2024-12-04 22:22:38.225 [info] > git status -z -uall [11ms]
2024-12-04 22:22:38.226 [info] > git for-each-ref --sort -committerdate --format %(refname) %(objectname) %(*objectname) [1ms]
2024-12-04 22:22:38.239 [info] > git merge-base refs/heads/main refs/remotes/origin/main [1ms]
2024-12-04 22:22:38.250 [info] > git diff --name-status -z --diff-filter=ADMR 856fd4c237cd10470086685579aec7b799a38625...refs/remotes/origin/main [1ms]
2024-12-04 22:22:39.316 [info] > git ls-files --stage -- /home/statick/workspaces/practicas/python/farmacia2/farmacia/views.py [2ms]
2024-12-04 22:22:39.330 [info] > git cat-file -s 1ccbaa2c7fa9a20ecdf671d51b3a2d9e850727f9 [1ms]
2024-12-04 22:22:39.343 [info] > git show --textconv :farmacia/views.py [1ms]
2024-12-04 22:22:44.098 [info] > git config --get commit.template [8ms]
2024-12-04 22:22:44.099 [info] > git for-each-ref --format=%(refname)%00%(upstream:short)%00%(objectname)%00%(upstream:track)%00%(upstream:remotename)%00%(upstream:remoteref) refs/heads/main refs/remotes/main [1ms]
2024-12-04 22:22:44.115 [info] > git status -z -uall [8ms]
2024-12-04 22:22:44.116 [info] > git for-each-ref --sort -committerdate --format %(refname) %(objectname) %(*objectname) [1ms]
2024-12-04 22:22:44.128 [info] > git merge-base refs/heads/main refs/remotes/origin/main [2ms]
2024-12-04 22:22:44.137 [info] > git diff --name-status -z --diff-filter=ADMR a32e4d507c8ec11ebb7ef656bc23f69d5b3bae96...refs/remotes/origin/main [1ms]
2024-12-04 22:33:18.749 [info] > git show --textconv :farmacia/models.py [9ms]
2024-12-04 22:33:18.750 [info] > git ls-files --stage -- /home/statick/workspaces/practicas/python/farmacia2/farmacia/models.py [1ms]
2024-12-04 22:33:18.758 [info] > git cat-file -s a250268b389c4bc290dd30aa6f718d0b18b94165 [1ms]
2024-12-04 22:36:59.986 [info] > git config --get commit.template [12ms]
2024-12-04 22:36:59.987 [info] > git for-each-ref --format=%(refname)%00%(upstream:short)%00%(objectname)%00%(upstream:track)%00%(upstream:remotename)%00%(upstream:remoteref) refs/heads/main refs/remotes/main [1ms]
2024-12-04 22:37:00.008 [info] > git status -z -uall [13ms]
2024-12-04 22:37:00.013 [info] > git for-each-ref --sort -committerdate --format %(refname) %(objectname) %(*objectname) [7ms]
2024-12-04 22:37:05.562 [info] > git config --get commit.template [10ms]
2024-12-04 22:37:05.562 [info] > git for-each-ref --format=%(refname)%00%(upstream:short)%00%(objectname)%00%(upstream:track)%00%(upstream:remotename)%00%(upstream:remoteref) refs/heads/main refs/remotes/main [1ms]
2024-12-04 22:37:05.583 [info] > git status -z -uall [12ms]
2024-12-04 22:37:05.589 [info] > git for-each-ref --sort -committerdate --format %(refname) %(objectname) %(*objectname) [5ms]
2024-12-04 22:37:12.043 [info] > git config --get commit.template [9ms]
2024-12-04 22:37:12.043 [info] > git for-each-ref --format=%(refname)%00%(upstream:short)%00%(objectname)%00%(upstream:track)%00%(upstream:remotename)%00%(upstream:remoteref) refs/heads/main refs/remotes/main [0ms]
2024-12-04 22:37:12.062 [info] > git status -z -uall [9ms]
2024-12-04 22:37:12.067 [info] > git for-each-ref --sort -committerdate --format %(refname) %(objectname) %(*objectname) [6ms]
2024-12-04 22:38:25.187 [info] > git config --get commit.template [8ms]
2024-12-04 22:38:25.188 [info] > git for-each-ref --format=%(refname)%00%(upstream:short)%00%(objectname)%00%(upstream:track)%00%(upstream:remotename)%00%(upstream:remoteref) refs/heads/main refs/remotes/main [1ms]
2024-12-04 22:38:25.207 [info] > git status -z -uall [11ms]
2024-12-04 22:38:25.217 [info] > git for-each-ref --sort -committerdate --format %(refname) %(objectname) %(*objectname) [11ms]
2024-12-04 22:38:25.225 [info] > git ls-files --stage -- /home/statick/workspaces/practicas/python/farmacia2/farmacia/models.py [9ms]
2024-12-04 22:38:25.235 [info] > git cat-file -s a250268b389c4bc290dd30aa6f718d0b18b94165 [2ms]
2024-12-04 22:38:25.245 [info] > git show --textconv :farmacia/models.py [1ms]
2024-12-04 22:39:13.463 [info] > git config --get commit.template [12ms]
2024-12-04 22:39:13.464 [info] > git for-each-ref --format=%(refname)%00%(upstream:short)%00%(objectname)%00%(upstream:track)%00%(upstream:remotename)%00%(upstream:remoteref) refs/heads/main refs/remotes/main [1ms]
2024-12-04 22:39:13.486 [info] > git status -z -uall [12ms]
2024-12-04 22:39:13.487 [info] > git for-each-ref --sort -committerdate --format %(refname) %(objectname) %(*objectname) [2ms]
2024-12-04 22:39:44.480 [info] > git config --get commit.template [14ms]
2024-12-04 22:39:44.481 [info] > git for-each-ref --format=%(refname)%00%(upstream:short)%00%(objectname)%00%(upstream:track)%00%(upstream:remotename)%00%(upstream:remoteref) refs/heads/main refs/remotes/main [2ms]
2024-12-04 22:39:44.507 [info] > git status -z -uall [13ms]
2024-12-04 22:39:44.508 [info] > git for-each-ref --sort -committerdate --format %(refname) %(objectname) %(*objectname) [2ms]
2024-12-04 22:39:50.337 [info] > git config --get commit.template [2ms]
2024-12-04 22:39:50.356 [info] > git for-each-ref --format=%(refname)%00%(upstream:short)%00%(objectname)%00%(upstream:track)%00%(upstream:remotename)%00%(upstream:remoteref) refs/heads/main refs/remotes/main [1ms]
2024-12-04 22:39:50.402 [info] > git status -z -uall [22ms]
2024-12-04 22:39:50.405 [info] > git for-each-ref --sort -committerdate --format %(refname) %(objectname) %(*objectname) [4ms]
2024-12-04 22:40:03.083 [info] > git config --get commit.template [13ms]
2024-12-04 22:40:03.084 [info] > git for-each-ref --format=%(refname)%00%(upstream:short)%00%(objectname)%00%(upstream:track)%00%(upstream:remotename)%00%(upstream:remoteref) refs/heads/main refs/remotes/main [1ms]
2024-12-04 22:40:03.111 [info] > git status -z -uall [14ms]
2024-12-04 22:40:03.112 [info] > git for-each-ref --sort -committerdate --format %(refname) %(objectname) %(*objectname) [2ms]
2024-12-04 22:40:26.936 [info] > git config --get commit.template [2ms]
2024-12-04 22:40:26.957 [info] > git for-each-ref --format=%(refname)%00%(upstream:short)%00%(objectname)%00%(upstream:track)%00%(upstream:remotename)%00%(upstream:remoteref) refs/heads/main refs/remotes/main [1ms]
2024-12-04 22:40:26.986 [info] > git status -z -uall [15ms]
2024-12-04 22:40:26.992 [info] > git for-each-ref --sort -committerdate --format %(refname) %(objectname) %(*objectname) [6ms]
2024-12-04 22:41:07.420 [info] > git config --get commit.template [9ms]
2024-12-04 22:41:07.420 [info] > git for-each-ref --format=%(refname)%00%(upstream:short)%00%(objectname)%00%(upstream:track)%00%(upstream:remotename)%00%(upstream:remoteref) refs/heads/main refs/remotes/main [1ms]
2024-12-04 22:41:07.441 [info] > git status -z -uall [12ms]
2024-12-04 22:41:07.441 [info] > git for-each-ref --sort -committerdate --format %(refname) %(objectname) %(*objectname) [3ms]
2024-12-04 22:41:13.111 [info] > git config --get commit.template [12ms]
2024-12-04 22:41:13.111 [info] > git for-each-ref --format=%(refname)%00%(upstream:short)%00%(objectname)%00%(upstream:track)%00%(upstream:remotename)%00%(upstream:remoteref) refs/heads/main refs/remotes/main [1ms]
2024-12-04 22:41:13.133 [info] > git status -z -uall [11ms]
2024-12-04 22:41:13.138 [info] > git for-each-ref --sort -committerdate --format %(refname) %(objectname) %(*objectname) [6ms]
2024-12-04 22:41:18.757 [info] > git config --get commit.template [10ms]
2024-12-04 22:41:18.758 [info] > git for-each-ref --format=%(refname)%00%(upstream:short)%00%(objectname)%00%(upstream:track)%00%(upstream:remotename)%00%(upstream:remoteref) refs/heads/main refs/remotes/main [1ms]
2024-12-04 22:41:18.777 [info] > git status -z -uall [11ms]
2024-12-04 22:41:18.783 [info] > git for-each-ref --sort -committerdate --format %(refname) %(objectname) %(*objectname) [6ms]
2024-12-04 22:42:48.017 [info] > git config --get commit.template [10ms]
2024-12-04 22:42:48.017 [info] > git for-each-ref --format=%(refname)%00%(upstream:short)%00%(objectname)%00%(upstream:track)%00%(upstream:remotename)%00%(upstream:remoteref) refs/heads/main refs/remotes/main [1ms]
2024-12-04 22:42:48.037 [info] > git status -z -uall [10ms]
2024-12-04 22:42:48.043 [info] > git for-each-ref --sort -committerdate --format %(refname) %(objectname) %(*objectname) [7ms]
2024-12-04 22:42:56.460 [info] > git check-ignore -v -z --stdin [1ms]
2024-12-04 22:42:58.160 [info] > git config --get commit.template [10ms]
2024-12-04 22:42:58.160 [info] > git for-each-ref --format=%(refname)%00%(upstream:short)%00%(objectname)%00%(upstream:track)%00%(upstream:remotename)%00%(upstream:remoteref) refs/heads/main refs/remotes/main [1ms]
2024-12-04 22:42:58.179 [info] > git status -z -uall [10ms]
2024-12-04 22:42:58.184 [info] > git for-each-ref --sort -committerdate --format %(refname) %(objectname) %(*objectname) [5ms]
2024-12-04 22:43:11.230 [info] > git config --get commit.template [9ms]
2024-12-04 22:43:11.230 [info] > git for-each-ref --format=%(refname)%00%(upstream:short)%00%(objectname)%00%(upstream:track)%00%(upstream:remotename)%00%(upstream:remoteref) refs/heads/main refs/remotes/main [1ms]
2024-12-04 22:43:11.248 [info] > git status -z -uall [9ms]
2024-12-04 22:43:11.254 [info] > git for-each-ref --sort -committerdate --format %(refname) %(objectname) %(*objectname) [7ms]
2024-12-04 22:43:24.804 [info] > git for-each-ref --format=%(refname)%00%(upstream:short)%00%(objectname)%00%(upstream:track)%00%(upstream:remotename)%00%(upstream:remoteref) refs/heads/main refs/remotes/main [4ms]
2024-12-04 22:43:24.804 [info] > git config --get commit.template [15ms]
2024-12-04 22:43:24.839 [info] > git status -z -uall [21ms]
2024-12-04 22:43:24.839 [info] > git for-each-ref --sort -committerdate --format %(refname) %(objectname) %(*objectname) [1ms]
2024-12-04 22:43:42.068 [info] > git check-ignore -v -z --stdin [1ms]
2024-12-04 22:43:43.182 [info] > git config --get commit.template [10ms]
2024-12-04 22:43:43.183 [info] > git for-each-ref --format=%(refname)%00%(upstream:short)%00%(objectname)%00%(upstream:track)%00%(upstream:remotename)%00%(upstream:remoteref) refs/heads/main refs/remotes/main [1ms]
2024-12-04 22:43:43.202 [info] > git status -z -uall [10ms]
2024-12-04 22:43:43.207 [info] > git for-each-ref --sort -committerdate --format %(refname) %(objectname) %(*objectname) [6ms]
2024-12-04 22:44:07.519 [info] > git config --get commit.template [10ms]
2024-12-04 22:44:07.519 [info] > git for-each-ref --format=%(refname)%00%(upstream:short)%00%(objectname)%00%(upstream:track)%00%(upstream:remotename)%00%(upstream:remoteref) refs/heads/main refs/remotes/main [1ms]
2024-12-04 22:44:07.536 [info] > git status -z -uall [9ms]
2024-12-04 22:44:07.543 [info] > git for-each-ref --sort -committerdate --format %(refname) %(objectname) %(*objectname) [8ms]
2024-12-04 22:44:24.145 [info] > git config --get commit.template [11ms]
2024-12-04 22:44:24.146 [info] > git for-each-ref --format=%(refname)%00%(upstream:short)%00%(objectname)%00%(upstream:track)%00%(upstream:remotename)%00%(upstream:remoteref) refs/heads/main refs/remotes/main [1ms]
2024-12-04 22:44:24.165 [info] > git status -z -uall [10ms]
2024-12-04 22:44:24.170 [info] > git for-each-ref --sort -committerdate --format %(refname) %(objectname) %(*objectname) [6ms]
2024-12-04 22:45:09.591 [info] > git config --get commit.template [9ms]
2024-12-04 22:45:09.592 [info] > git for-each-ref --format=%(refname)%00%(upstream:short)%00%(objectname)%00%(upstream:track)%00%(upstream:remotename)%00%(upstream:remoteref) refs/heads/main refs/remotes/main [1ms]
2024-12-04 22:45:09.612 [info] > git status -z -uall [11ms]
2024-12-04 22:45:09.612 [info] > git for-each-ref --sort -committerdate --format %(refname) %(objectname) %(*objectname) [2ms]
2024-12-04 22:45:55.049 [info] > git config --get commit.template [14ms]
2024-12-04 22:45:55.051 [info] > git for-each-ref --format=%(refname)%00%(upstream:short)%00%(objectname)%00%(upstream:track)%00%(upstream:remotename)%00%(upstream:remoteref) refs/heads/main refs/remotes/main [3ms]
2024-12-04 22:45:55.081 [info] > git status -z -uall [16ms]
2024-12-04 22:45:55.101 [info] > git for-each-ref --sort -committerdate --format %(refname) %(objectname) %(*objectname) [21ms]
2024-12-04 22:46:11.536 [info] > git config --get commit.template [19ms]
2024-12-04 22:46:11.537 [info] > git for-each-ref --format=%(refname)%00%(upstream:short)%00%(objectname)%00%(upstream:track)%00%(upstream:remotename)%00%(upstream:remoteref) refs/heads/main refs/remotes/main [2ms]
2024-12-04 22:46:11.573 [info] > git status -z -uall [19ms]
2024-12-04 22:46:11.586 [info] > git for-each-ref --sort -committerdate --format %(refname) %(objectname) %(*objectname) [15ms]
2024-12-04 22:46:24.745 [info] > git config --get commit.template [15ms]
2024-12-04 22:46:24.745 [info] > git for-each-ref --format=%(refname)%00%(upstream:short)%00%(objectname)%00%(upstream:track)%00%(upstream:remotename)%00%(upstream:remoteref) refs/heads/main refs/remotes/main [2ms]
2024-12-04 22:46:24.779 [info] > git status -z -uall [19ms]
2024-12-04 22:46:24.792 [info] > git for-each-ref --sort -committerdate --format %(refname) %(objectname) %(*objectname) [14ms]
2024-12-04 22:46:36.682 [info] > git config --get commit.template [1ms]
2024-12-04 22:46:36.691 [info] > git for-each-ref --format=%(refname)%00%(upstream:short)%00%(objectname)%00%(upstream:track)%00%(upstream:remotename)%00%(upstream:remoteref) refs/heads/main refs/remotes/main [1ms]
2024-12-04 22:46:36.710 [info] > git status -z -uall [9ms]
2024-12-04 22:46:36.715 [info] > git for-each-ref --sort -committerdate --format %(refname) %(objectname) %(*objectname) [6ms]
2024-12-04 22:46:51.851 [info] > git config --get commit.template [10ms]
2024-12-04 22:46:51.851 [info] > git for-each-ref --format=%(refname)%00%(upstream:short)%00%(objectname)%00%(upstream:track)%00%(upstream:remotename)%00%(upstream:remoteref) refs/heads/main refs/remotes/main [1ms]
2024-12-04 22:46:51.872 [info] > git status -z -uall [12ms]
2024-12-04 22:46:51.877 [info] > git for-each-ref --sort -committerdate --format %(refname) %(objectname) %(*objectname) [6ms]
2024-12-04 22:47:49.176 [info] > git config --get commit.template [2ms]
2024-12-04 22:47:49.189 [info] > git for-each-ref --format=%(refname)%00%(upstream:short)%00%(objectname)%00%(upstream:track)%00%(upstream:remotename)%00%(upstream:remoteref) refs/heads/main refs/remotes/main [2ms]
2024-12-04 22:47:49.207 [info] > git status -z -uall [9ms]
2024-12-04 22:47:49.213 [info] > git for-each-ref --sort -committerdate --format %(refname) %(objectname) %(*objectname) [6ms]
2024-12-04 22:48:48.668 [info] > git config --get commit.template [1ms]
2024-12-04 22:48:48.682 [info] > git for-each-ref --format=%(refname)%00%(upstream:short)%00%(objectname)%00%(upstream:track)%00%(upstream:remotename)%00%(upstream:remoteref) refs/heads/main refs/remotes/main [2ms]
2024-12-04 22:48:48.710 [info] > git status -z -uall [10ms]
2024-12-04 22:48:48.718 [info] > git for-each-ref --sort -committerdate --format %(refname) %(objectname) %(*objectname) [9ms]
2024-12-04 22:50:28.133 [info] > git config --get commit.template [14ms]
2024-12-04 22:50:28.134 [info] > git for-each-ref --format=%(refname)%00%(upstream:short)%00%(objectname)%00%(upstream:track)%00%(upstream:remotename)%00%(upstream:remoteref) refs/heads/main refs/remotes/main [1ms]
2024-12-04 22:50:28.159 [info] > git status -z -uall [15ms]
2024-12-04 22:50:28.166 [info] > git for-each-ref --sort -committerdate --format %(refname) %(objectname) %(*objectname) [6ms]
2024-12-04 22:50:46.003 [info] > git config --get commit.template [10ms]
2024-12-04 22:50:46.004 [info] > git for-each-ref --format=%(refname)%00%(upstream:short)%00%(objectname)%00%(upstream:track)%00%(upstream:remotename)%00%(upstream:remoteref) refs/heads/main refs/remotes/main [1ms]
2024-12-04 22:50:46.023 [info] > git status -z -uall [10ms]
2024-12-04 22:50:46.028 [info] > git for-each-ref --sort -committerdate --format %(refname) %(objectname) %(*objectname) [6ms]
2024-12-04 22:51:48.056 [info] > git show --textconv :farmacia/templates/farmacia/base.html [9ms]
2024-12-04 22:51:48.057 [info] > git ls-files --stage -- /home/statick/workspaces/practicas/python/farmacia2/farmacia/templates/farmacia/base.html [1ms]
2024-12-04 22:51:48.331 [info] > git check-ignore -v -z --stdin [2ms]
2024-12-04 22:51:51.214 [info] > git show --textconv :farmacia/templates/base.html [11ms]
2024-12-04 22:51:51.215 [info] > git ls-files --stage -- /home/statick/workspaces/practicas/python/farmacia2/farmacia/templates/base.html [1ms]
2024-12-04 22:51:51.494 [info] > git check-ignore -v -z --stdin [2ms]
2024-12-04 22:52:02.056 [info] > git config --get commit.template [10ms]
2024-12-04 22:52:02.056 [info] > git for-each-ref --format=%(refname)%00%(upstream:short)%00%(objectname)%00%(upstream:track)%00%(upstream:remotename)%00%(upstream:remoteref) refs/heads/main refs/remotes/main [1ms]
2024-12-04 22:52:02.074 [info] > git status -z -uall [9ms]
2024-12-04 22:52:02.080 [info] > git for-each-ref --sort -committerdate --format %(refname) %(objectname) %(*objectname) [7ms]
2024-12-04 22:52:42.885 [info] > git config --get commit.template [12ms]
2024-12-04 22:52:42.885 [info] > git for-each-ref --format=%(refname)%00%(upstream:short)%00%(objectname)%00%(upstream:track)%00%(upstream:remotename)%00%(upstream:remoteref) refs/heads/main refs/remotes/main [1ms]
2024-12-04 22:52:42.905 [info] > git status -z -uall [9ms]
2024-12-04 22:52:42.911 [info] > git for-each-ref --sort -committerdate --format %(refname) %(objectname) %(*objectname) [7ms]
2024-12-04 22:52:54.429 [info] > git show --textconv :farmacia/templates/farmacia/base.html [20ms]
2024-12-04 22:52:54.431 [info] > git ls-files --stage -- /home/statick/workspaces/practicas/python/farmacia2/farmacia/templates/farmacia/base.html [3ms]
2024-12-04 22:52:56.719 [info] > git config --get commit.template [17ms]
2024-12-04 22:52:56.720 [info] > git for-each-ref --format=%(refname)%00%(upstream:short)%00%(objectname)%00%(upstream:track)%00%(upstream:remotename)%00%(upstream:remoteref) refs/heads/main refs/remotes/main [2ms]
2024-12-04 22:52:56.770 [info] > git status -z -uall [26ms]
2024-12-04 22:52:56.789 [info] > git for-each-ref --sort -committerdate --format %(refname) %(objectname) %(*objectname) [20ms]
2024-12-04 22:57:06.730 [info] > git config --get commit.template [11ms]
2024-12-04 22:57:06.730 [info] > git for-each-ref --format=%(refname)%00%(upstream:short)%00%(objectname)%00%(upstream:track)%00%(upstream:remotename)%00%(upstream:remoteref) refs/heads/main refs/remotes/main [1ms]
2024-12-04 22:57:06.748 [info] > git status -z -uall [10ms]
2024-12-04 22:57:06.753 [info] > git for-each-ref --sort -committerdate --format %(refname) %(objectname) %(*objectname) [6ms]
2024-12-04 22:57:45.003 [info] > git config --get commit.template [9ms]
2024-12-04 22:57:45.003 [info] > git for-each-ref --format=%(refname)%00%(upstream:short)%00%(objectname)%00%(upstream:track)%00%(upstream:remotename)%00%(upstream:remoteref) refs/heads/main refs/remotes/main [1ms]
2024-12-04 22:57:45.022 [info] > git status -z -uall [9ms]
2024-12-04 22:57:45.028 [info] > git for-each-ref --sort -committerdate --format %(refname) %(objectname) %(*objectname) [7ms]
2024-12-04 22:58:03.538 [info] > git config --get commit.template [10ms]
2024-12-04 22:58:03.538 [info] > git for-each-ref --format=%(refname)%00%(upstream:short)%00%(objectname)%00%(upstream:track)%00%(upstream:remotename)%00%(upstream:remoteref) refs/heads/main refs/remotes/main [1ms]
2024-12-04 22:58:03.556 [info] > git status -z -uall [10ms]
2024-12-04 22:58:03.563 [info] > git for-each-ref --sort -committerdate --format %(refname) %(objectname) %(*objectname) [7ms]
2024-12-04 22:59:12.086 [info] > git config --get commit.template [9ms]
2024-12-04 22:59:12.087 [info] > git for-each-ref --format=%(refname)%00%(upstream:short)%00%(objectname)%00%(upstream:track)%00%(upstream:remotename)%00%(upstream:remoteref) refs/heads/main refs/remotes/main [1ms]
2024-12-04 22:59:12.105 [info] > git status -z -uall [9ms]
2024-12-04 22:59:12.110 [info] > git for-each-ref --sort -committerdate --format %(refname) %(objectname) %(*objectname) [6ms]
2024-12-04 22:59:49.898 [info] > git config --get commit.template [12ms]
2024-12-04 22:59:49.898 [info] > git for-each-ref --format=%(refname)%00%(upstream:short)%00%(objectname)%00%(upstream:track)%00%(upstream:remotename)%00%(upstream:remoteref) refs/heads/main refs/remotes/main [1ms]
2024-12-04 22:59:49.917 [info] > git status -z -uall [11ms]
2024-12-04 22:59:49.921 [info] > git for-each-ref --sort -committerdate --format %(refname) %(objectname) %(*objectname) [6ms]
2024-12-04 23:00:07.196 [info] > git config --get commit.template [10ms]
2024-12-04 23:00:07.197 [info] > git for-each-ref --format=%(refname)%00%(upstream:short)%00%(objectname)%00%(upstream:track)%00%(upstream:remotename)%00%(upstream:remoteref) refs/heads/main refs/remotes/main [1ms]
2024-12-04 23:00:07.215 [info] > git status -z -uall [9ms]
2024-12-04 23:00:07.220 [info] > git for-each-ref --sort -committerdate --format %(refname) %(objectname) %(*objectname) [5ms]
2024-12-04 23:01:15.313 [info] > git config --get commit.template [9ms]
2024-12-04 23:01:15.313 [info] > git for-each-ref --format=%(refname)%00%(upstream:short)%00%(objectname)%00%(upstream:track)%00%(upstream:remotename)%00%(upstream:remoteref) refs/heads/main refs/remotes/main [1ms]
2024-12-04 23:01:15.333 [info] > git status -z -uall [10ms]
2024-12-04 23:01:15.338 [info] > git for-each-ref --sort -committerdate --format %(refname) %(objectname) %(*objectname) [6ms]
2024-12-04 23:04:13.906 [info] > git config --get commit.template [10ms]
2024-12-04 23:04:13.906 [info] > git for-each-ref --format=%(refname)%00%(upstream:short)%00%(objectname)%00%(upstream:track)%00%(upstream:remotename)%00%(upstream:remoteref) refs/heads/main refs/remotes/main [1ms]
2024-12-04 23:04:13.925 [info] > git status -z -uall [9ms]
2024-12-04 23:04:13.930 [info] > git for-each-ref --sort -committerdate --format %(refname) %(objectname) %(*objectname) [6ms]
2024-12-04 23:04:33.856 [info] > git config --get commit.template [10ms]
2024-12-04 23:04:33.856 [info] > git for-each-ref --format=%(refname)%00%(upstream:short)%00%(objectname)%00%(upstream:track)%00%(upstream:remotename)%00%(upstream:remoteref) refs/heads/main refs/remotes/main [1ms]
2024-12-04 23:04:33.874 [info] > git status -z -uall [9ms]
2024-12-04 23:04:33.880 [info] > git for-each-ref --sort -committerdate --format %(refname) %(objectname) %(*objectname) [7ms]
2024-12-04 23:05:51.229 [info] > git config --get commit.template [9ms]
2024-12-04 23:05:51.230 [info] > git for-each-ref --format=%(refname)%00%(upstream:short)%00%(objectname)%00%(upstream:track)%00%(upstream:remotename)%00%(upstream:remoteref) refs/heads/main refs/remotes/main [1ms]
2024-12-04 23:05:51.248 [info] > git status -z -uall [10ms]
2024-12-04 23:05:51.254 [info] > git for-each-ref --sort -committerdate --format %(refname) %(objectname) %(*objectname) [7ms]
2024-12-04 23:05:56.290 [info] > git config --get commit.template [10ms]
2024-12-04 23:05:56.291 [info] > git for-each-ref --format=%(refname)%00%(upstream:short)%00%(objectname)%00%(upstream:track)%00%(upstream:remotename)%00%(upstream:remoteref) refs/heads/main refs/remotes/main [1ms]
2024-12-04 23:05:56.308 [info] > git status -z -uall [9ms]
2024-12-04 23:05:56.312 [info] > git for-each-ref --sort -committerdate --format %(refname) %(objectname) %(*objectname) [5ms]
2024-12-04 23:06:17.326 [info] > git config --get commit.template [10ms]
2024-12-04 23:06:17.327 [info] > git for-each-ref --format=%(refname)%00%(upstream:short)%00%(objectname)%00%(upstream:track)%00%(upstream:remotename)%00%(upstream:remoteref) refs/heads/main refs/remotes/main [1ms]
2024-12-04 23:06:17.345 [info] > git status -z -uall [11ms]
2024-12-04 23:06:17.350 [info] > git for-each-ref --sort -committerdate --format %(refname) %(objectname) %(*objectname) [5ms]
2024-12-04 23:06:51.633 [info] > git config --get commit.template [11ms]
2024-12-04 23:06:51.633 [info] > git for-each-ref --format=%(refname)%00%(upstream:short)%00%(objectname)%00%(upstream:track)%00%(upstream:remotename)%00%(upstream:remoteref) refs/heads/main refs/remotes/main [1ms]
2024-12-04 23:06:51.654 [info] > git status -z -uall [11ms]
2024-12-04 23:06:51.661 [info] > git for-each-ref --sort -committerdate --format %(refname) %(objectname) %(*objectname) [8ms]
2024-12-04 23:07:55.164 [info] > git config --get commit.template [10ms]
2024-12-04 23:07:55.165 [info] > git for-each-ref --format=%(refname)%00%(upstream:short)%00%(objectname)%00%(upstream:track)%00%(upstream:remotename)%00%(upstream:remoteref) refs/heads/main refs/remotes/main [1ms]
2024-12-04 23:07:55.184 [info] > git status -z -uall [9ms]
2024-12-04 23:07:55.191 [info] > git for-each-ref --sort -committerdate --format %(refname) %(objectname) %(*objectname) [8ms]
2024-12-04 23:08:44.795 [info] > git config --get commit.template [11ms]
2024-12-04 23:08:44.795 [info] > git for-each-ref --format=%(refname)%00%(upstream:short)%00%(objectname)%00%(upstream:track)%00%(upstream:remotename)%00%(upstream:remoteref) refs/heads/main refs/remotes/main [0ms]
2024-12-04 23:08:44.814 [info] > git status -z -uall [10ms]
2024-12-04 23:08:44.820 [info] > git for-each-ref --sort -committerdate --format %(refname) %(objectname) %(*objectname) [7ms]
2024-12-04 23:10:24.199 [info] > git config --get commit.template [10ms]
2024-12-04 23:10:24.199 [info] > git for-each-ref --format=%(refname)%00%(upstream:short)%00%(objectname)%00%(upstream:track)%00%(upstream:remotename)%00%(upstream:remoteref) refs/heads/main refs/remotes/main [1ms]
2024-12-04 23:10:24.230 [info] > git status -z -uall [17ms]
2024-12-04 23:10:24.239 [info] > git for-each-ref --sort -committerdate --format %(refname) %(objectname) %(*objectname) [11ms]
2024-12-04 23:10:53.695 [info] > git show --textconv :farmacia/migrations/0001_initial.py [21ms]
2024-12-04 23:10:53.698 [info] > git ls-files --stage -- /home/statick/workspaces/practicas/python/farmacia2/farmacia/migrations/0001_initial.py [3ms]
2024-12-04 23:10:53.720 [info] > git cat-file -s 119ef42958aadd5e6dac3f52ad07d9a5be53e631 [3ms]
2024-12-04 23:10:55.631 [info] > git show --textconv :farmacia/models.py [16ms]
2024-12-04 23:10:55.632 [info] > git ls-files --stage -- /home/statick/workspaces/practicas/python/farmacia2/farmacia/models.py [2ms]
2024-12-04 23:10:55.644 [info] > git cat-file -s a250268b389c4bc290dd30aa6f718d0b18b94165 [1ms]
2024-12-04 23:10:56.466 [info] > git config --get commit.template [12ms]
2024-12-04 23:10:56.466 [info] > git for-each-ref --format=%(refname)%00%(upstream:short)%00%(objectname)%00%(upstream:track)%00%(upstream:remotename)%00%(upstream:remoteref) refs/heads/main refs/remotes/main [1ms]
2024-12-04 23:10:56.486 [info] > git status -z -uall [10ms]
2024-12-04 23:10:56.490 [info] > git for-each-ref --sort -committerdate --format %(refname) %(objectname) %(*objectname) [6ms]
2024-12-04 23:10:57.207 [info] > git check-ignore -v -z --stdin [2ms]
2024-12-04 23:10:59.751 [info] > git show --textconv :farmacia/models.py [10ms]
2024-12-04 23:10:59.752 [info] > git ls-files --stage -- /home/statick/workspaces/practicas/python/farmacia2/farmacia/models.py [1ms]
2024-12-04 23:10:59.761 [info] > git cat-file -s a250268b389c4bc290dd30aa6f718d0b18b94165 [1ms]
2024-12-04 23:11:01.540 [info] > git config --get commit.template [17ms]
2024-12-04 23:11:01.541 [info] > git for-each-ref --format=%(refname)%00%(upstream:short)%00%(objectname)%00%(upstream:track)%00%(upstream:remotename)%00%(upstream:remoteref) refs/heads/main refs/remotes/main [2ms]
2024-12-04 23:11:01.559 [info] > git status -z -uall [9ms]
2024-12-04 23:11:01.564 [info] > git for-each-ref --sort -committerdate --format %(refname) %(objectname) %(*objectname) [5ms]
2024-12-04 23:11:10.496 [info] > git config --get commit.template [15ms]
2024-12-04 23:11:10.497 [info] > git for-each-ref --format=%(refname)%00%(upstream:short)%00%(objectname)%00%(upstream:track)%00%(upstream:remotename)%00%(upstream:remoteref) refs/heads/main refs/remotes/main [1ms]
2024-12-04 23:11:10.516 [info] > git status -z -uall [10ms]
2024-12-04 23:11:10.520 [info] > git for-each-ref --sort -committerdate --format %(refname) %(objectname) %(*objectname) [5ms]
2024-12-04 23:11:15.921 [info] > git config --get commit.template [14ms]
2024-12-04 23:11:15.922 [info] > git for-each-ref --format=%(refname)%00%(upstream:short)%00%(objectname)%00%(upstream:track)%00%(upstream:remotename)%00%(upstream:remoteref) refs/heads/main refs/remotes/main [2ms]
2024-12-04 23:11:15.940 [info] > git status -z -uall [8ms]
2024-12-04 23:11:15.945 [info] > git for-each-ref --sort -committerdate --format %(refname) %(objectname) %(*objectname) [5ms]
2024-12-04 23:13:02.317 [info] > git config --get commit.template [11ms]
2024-12-04 23:13:02.318 [info] > git for-each-ref --format=%(refname)%00%(upstream:short)%00%(objectname)%00%(upstream:track)%00%(upstream:remotename)%00%(upstream:remoteref) refs/heads/main refs/remotes/main [1ms]
2024-12-04 23:13:02.339 [info] > git status -z -uall [9ms]
2024-12-04 23:13:02.345 [info] > git for-each-ref --sort -committerdate --format %(refname) %(objectname) %(*objectname) [6ms]
2024-12-04 23:13:33.576 [info] > git config --get commit.template [11ms]
2024-12-04 23:13:33.576 [info] > git for-each-ref --format=%(refname)%00%(upstream:short)%00%(objectname)%00%(upstream:track)%00%(upstream:remotename)%00%(upstream:remoteref) refs/heads/main refs/remotes/main [1ms]
2024-12-04 23:13:33.596 [info] > git status -z -uall [12ms]
2024-12-04 23:13:33.600 [info] > git for-each-ref --sort -committerdate --format %(refname) %(objectname) %(*objectname) [5ms]
2024-12-04 23:14:31.020 [info] > git config --get commit.template [2ms]
2024-12-04 23:14:31.031 [info] > git for-each-ref --format=%(refname)%00%(upstream:short)%00%(objectname)%00%(upstream:track)%00%(upstream:remotename)%00%(upstream:remoteref) refs/heads/main refs/remotes/main [1ms]
2024-12-04 23:14:31.049 [info] > git status -z -uall [10ms]
2024-12-04 23:14:31.053 [info] > git for-each-ref --sort -committerdate --format %(refname) %(objectname) %(*objectname) [5ms]
2024-12-04 23:17:50.997 [info] > git config --get commit.template [11ms]
2024-12-04 23:17:50.998 [info] > git for-each-ref --format=%(refname)%00%(upstream:short)%00%(objectname)%00%(upstream:track)%00%(upstream:remotename)%00%(upstream:remoteref) refs/heads/main refs/remotes/main [1ms]
2024-12-04 23:17:51.021 [info] > git status -z -uall [11ms]
2024-12-04 23:17:51.026 [info] > git for-each-ref --sort -committerdate --format %(refname) %(objectname) %(*objectname) [6ms]
2024-12-04 23:17:57.102 [info] > git config --get commit.template [11ms]
2024-12-04 23:17:57.103 [info] > git for-each-ref --format=%(refname)%00%(upstream:short)%00%(objectname)%00%(upstream:track)%00%(upstream:remotename)%00%(upstream:remoteref) refs/heads/main refs/remotes/main [2ms]
2024-12-04 23:17:57.122 [info] > git status -z -uall [10ms]
2024-12-04 23:17:57.129 [info] > git for-each-ref --sort -committerdate --format %(refname) %(objectname) %(*objectname) [7ms]
2024-12-04 23:18:19.901 [info] > git show --textconv :farmacia/urls.py [10ms]
2024-12-04 23:18:19.903 [info] > git ls-files --stage -- /home/statick/workspaces/practicas/python/farmacia2/farmacia/urls.py [2ms]
2024-12-04 23:18:19.912 [info] > git cat-file -s e599c9de45b1de1fc8472c46da9ff6bc49f7e245 [1ms]
2024-12-04 23:19:38.579 [info] > git config --get commit.template [21ms]
2024-12-04 23:19:38.580 [info] > git for-each-ref --format=%(refname)%00%(upstream:short)%00%(objectname)%00%(upstream:track)%00%(upstream:remotename)%00%(upstream:remoteref) refs/heads/main refs/remotes/main [2ms]
2024-12-04 23:19:38.627 [info] > git status -z -uall [26ms]
2024-12-04 23:19:38.646 [info] > git for-each-ref --sort -committerdate --format %(refname) %(objectname) %(*objectname) [23ms]
2024-12-04 23:19:47.347 [info] > git config --get commit.template [10ms]
2024-12-04 23:19:47.348 [info] > git for-each-ref --format=%(refname)%00%(upstream:short)%00%(objectname)%00%(upstream:track)%00%(upstream:remotename)%00%(upstream:remoteref) refs/heads/main refs/remotes/main [2ms]
2024-12-04 23:19:47.369 [info] > git status -z -uall [12ms]
2024-12-04 23:19:47.369 [info] > git for-each-ref --sort -committerdate --format %(refname) %(objectname) %(*objectname) [2ms]
2024-12-04 23:20:41.266 [info] > git config --get commit.template [9ms]
2024-12-04 23:20:41.267 [info] > git for-each-ref --format=%(refname)%00%(upstream:short)%00%(objectname)%00%(upstream:track)%00%(upstream:remotename)%00%(upstream:remoteref) refs/heads/main refs/remotes/main [1ms]
2024-12-04 23:20:41.287 [info] > git status -z -uall [10ms]
2024-12-04 23:20:41.293 [info] > git for-each-ref --sort -committerdate --format %(refname) %(objectname) %(*objectname) [7ms]
2024-12-04 23:21:41.055 [info] > git config --get commit.template [14ms]
2024-12-04 23:21:41.055 [info] > git for-each-ref --format=%(refname)%00%(upstream:short)%00%(objectname)%00%(upstream:track)%00%(upstream:remotename)%00%(upstream:remoteref) refs/heads/main refs/remotes/main [1ms]
2024-12-04 23:21:41.081 [info] > git status -z -uall [14ms]
2024-12-04 23:21:41.094 [info] > git for-each-ref --sort -committerdate --format %(refname) %(objectname) %(*objectname) [14ms]
2024-12-04 23:23:09.506 [info] > git config --get commit.template [3ms]
2024-12-04 23:23:09.531 [info] > git for-each-ref --format=%(refname)%00%(upstream:short)%00%(objectname)%00%(upstream:track)%00%(upstream:remotename)%00%(upstream:remoteref) refs/heads/main refs/remotes/main [2ms]
2024-12-04 23:23:09.565 [info] > git status -z -uall [18ms]
2024-12-04 23:23:09.571 [info] > git for-each-ref --sort -committerdate --format %(refname) %(objectname) %(*objectname) [9ms]
2024-12-04 23:23:56.853 [info] > git config --get commit.template [9ms]
2024-12-04 23:23:56.853 [info] > git for-each-ref --format=%(refname)%00%(upstream:short)%00%(objectname)%00%(upstream:track)%00%(upstream:remotename)%00%(upstream:remoteref) refs/heads/main refs/remotes/main [1ms]
2024-12-04 23:23:56.872 [info] > git status -z -uall [10ms]
2024-12-04 23:23:56.879 [info] > git for-each-ref --sort -committerdate --format %(refname) %(objectname) %(*objectname) [8ms]
2024-12-04 23:23:59.853 [info] > git show --textconv :farmacia/templates/farmacia/crear_medicamento.html [12ms]
2024-12-04 23:23:59.854 [info] > git ls-files --stage -- /home/statick/workspaces/practicas/python/farmacia2/farmacia/templates/farmacia/crear_medicamento.html [2ms]
2024-12-04 23:23:59.865 [info] > git cat-file -s a5346607d40c51dec6a1cde82e5cf837adf7d6f1 [1ms]
2024-12-04 23:24:01.919 [info] > git config --get commit.template [13ms]
2024-12-04 23:24:01.920 [info] > git for-each-ref --format=%(refname)%00%(upstream:short)%00%(objectname)%00%(upstream:track)%00%(upstream:remotename)%00%(upstream:remoteref) refs/heads/main refs/remotes/main [2ms]
2024-12-04 23:24:01.939 [info] > git status -z -uall [9ms]
2024-12-04 23:24:01.943 [info] > git for-each-ref --sort -committerdate --format %(refname) %(objectname) %(*objectname) [5ms]
2024-12-04 23:24:09.220 [info] > git config --get commit.template [13ms]
2024-12-04 23:24:09.221 [info] > git for-each-ref --format=%(refname)%00%(upstream:short)%00%(objectname)%00%(upstream:track)%00%(upstream:remotename)%00%(upstream:remoteref) refs/heads/main refs/remotes/main [2ms]
2024-12-04 23:24:09.241 [info] > git status -z -uall [10ms]
2024-12-04 23:24:09.245 [info] > git for-each-ref --sort -committerdate --format %(refname) %(objectname) %(*objectname) [5ms]
2024-12-04 23:25:06.369 [info] > git config --get commit.template [2ms]
2024-12-04 23:25:06.379 [info] > git for-each-ref --format=%(refname)%00%(upstream:short)%00%(objectname)%00%(upstream:track)%00%(upstream:remotename)%00%(upstream:remoteref) refs/heads/main refs/remotes/main [1ms]
2024-12-04 23:25:06.397 [info] > git status -z -uall [10ms]
2024-12-04 23:25:06.402 [info] > git for-each-ref --sort -committerdate --format %(refname) %(objectname) %(*objectname) [5ms]
2024-12-04 23:25:09.371 [info] > git show --textconv :farmacia/templates/farmacia/detalle_medicamento.html [9ms]
2024-12-04 23:25:09.372 [info] > git ls-files --stage -- /home/statick/workspaces/practicas/python/farmacia2/farmacia/templates/farmacia/detalle_medicamento.html [2ms]
2024-12-04 23:25:09.380 [info] > git cat-file -s 2195c7f6b222480cc688f75fcafa7f389a3fa3ba [1ms]
2024-12-04 23:25:20.422 [info] > git show --textconv :farmacia/templates/farmacia/editar_medicamento.html [10ms]
2024-12-04 23:25:20.423 [info] > git ls-files --stage -- /home/statick/workspaces/practicas/python/farmacia2/farmacia/templates/farmacia/editar_medicamento.html [1ms]
2024-12-04 23:25:20.433 [info] > git cat-file -s 9ea0b8c20bbedeb287eeb1c0bea1f9413ebe7b88 [1ms]
2024-12-04 23:25:51.947 [info] > git config --get commit.template [1ms]
2024-12-04 23:25:51.956 [info] > git for-each-ref --format=%(refname)%00%(upstream:short)%00%(objectname)%00%(upstream:track)%00%(upstream:remotename)%00%(upstream:remoteref) refs/heads/main refs/remotes/main [1ms]
2024-12-04 23:25:51.976 [info] > git status -z -uall [10ms]
2024-12-04 23:25:51.981 [info] > git for-each-ref --sort -committerdate --format %(refname) %(objectname) %(*objectname) [5ms]
2024-12-04 23:25:57.019 [info] > git config --get commit.template [12ms]
2024-12-04 23:25:57.020 [info] > git for-each-ref --format=%(refname)%00%(upstream:short)%00%(objectname)%00%(upstream:track)%00%(upstream:remotename)%00%(upstream:remoteref) refs/heads/main refs/remotes/main [2ms]
2024-12-04 23:25:57.043 [info] > git status -z -uall [10ms]
2024-12-04 23:25:57.049 [info] > git for-each-ref --sort -committerdate --format %(refname) %(objectname) %(*objectname) [6ms]
2024-12-04 23:26:20.711 [info] > git config --get commit.template [12ms]
2024-12-04 23:26:20.711 [info] > git for-each-ref --format=%(refname)%00%(upstream:short)%00%(objectname)%00%(upstream:track)%00%(upstream:remotename)%00%(upstream:remoteref) refs/heads/main refs/remotes/main [1ms]
2024-12-04 23:26:20.731 [info] > git status -z -uall [10ms]
2024-12-04 23:26:20.743 [info] > git for-each-ref --sort -committerdate --format %(refname) %(objectname) %(*objectname) [13ms]
2024-12-04 23:26:20.765 [info] > git ls-files --stage -- /home/statick/workspaces/practicas/python/farmacia2/farmacia/templates/farmacia/editar_medicamento.html [23ms]
2024-12-04 23:26:20.779 [info] > git cat-file -s e64a6ea4c9ea2332fb2326f6cf91de0bfda95899 [2ms]
2024-12-04 23:26:20.779 [info] > git merge-base refs/heads/main refs/remotes/origin/main [15ms]
2024-12-04 23:26:20.798 [info] > git diff --name-status -z --diff-filter=ADMR a32e4d507c8ec11ebb7ef656bc23f69d5b3bae96...refs/remotes/origin/main [9ms]
2024-12-04 23:26:20.799 [info] > git show --textconv :farmacia/templates/farmacia/editar_medicamento.html [1ms]
2024-12-04 23:26:25.790 [info] > git for-each-ref --format=%(refname)%00%(upstream:short)%00%(objectname)%00%(upstream:track)%00%(upstream:remotename)%00%(upstream:remoteref) refs/heads/main refs/remotes/main [2ms]
2024-12-04 23:26:25.790 [info] > git config --get commit.template [14ms]
2024-12-04 23:26:25.813 [info] > git status -z -uall [13ms]
2024-12-04 23:26:25.813 [info] > git for-each-ref --sort -committerdate --format %(refname) %(objectname) %(*objectname) [1ms]
2024-12-04 23:26:25.825 [info] > git merge-base refs/heads/main refs/remotes/origin/main [1ms]
2024-12-04 23:26:25.834 [info] > git diff --name-status -z --diff-filter=ADMR 98b36d92998827a0eefc30eb57fa04fb3c24dfc4...refs/remotes/origin/main [2ms]
