2024-12-05 10:31:07.578 [info] [main] Nivel de registro: Info
2024-12-05 10:31:07.578 [info] [main] Validando git encontrado en: "git"
2024-12-05 10:31:07.578 [info] [main] Usando git "2.47.1" de "git"
2024-12-05 10:31:07.578 [info] [Model][doInitialScan] Initial repository scan started
2024-12-05 10:31:07.578 [info] [Model][doInitialScan] Initial repository scan completed - repositories (0), closed repositories (0), parent repositories (0), unsafe repositories (0)
2024-12-05 10:31:25.706 [info] [main] Nivel de registro: Info
2024-12-05 10:31:25.706 [info] [main] Validando git encontrado en: "git"
2024-12-05 10:31:25.706 [info] [main] Usando git "2.47.1" de "git"
2024-12-05 10:31:25.706 [info] [Model][doInitialScan] Initial repository scan started
2024-12-05 10:31:25.706 [info] > git rev-parse --show-toplevel [5ms]
2024-12-05 10:31:25.750 [info] > git rev-parse --git-dir --git-common-dir [37ms]
2024-12-05 10:31:25.757 [info] [Model][openRepository] Opened repository: /home/statick/workspaces/practicas/python/farmacia
2024-12-05 10:31:25.773 [info] > git rev-parse --show-toplevel [2ms]
2024-12-05 10:31:25.774 [info] > git config --get commit.template [7ms]
2024-12-05 10:31:25.789 [info] > git for-each-ref --format %(refname) %(objectname) %(*objectname) refs/tags [1ms]
2024-12-05 10:31:25.801 [info] > git rev-parse --show-toplevel [20ms]
2024-12-05 10:31:25.808 [info] > git status -z -uall [13ms]
2024-12-05 10:31:25.809 [info] > git rev-parse --show-toplevel [1ms]
2024-12-05 10:31:25.810 [info] > git for-each-ref --sort -committerdate --format %(refname) %(objectname) %(*objectname) [9ms]
2024-12-05 10:31:25.852 [info] > git config --get commit.template [3ms]
2024-12-05 10:31:25.852 [info] > git rev-parse --show-toplevel [10ms]
2024-12-05 10:31:25.854 [info] [Model][doInitialScan] Initial repository scan completed - repositories (1), closed repositories (0), parent repositories (0), unsafe repositories (0)
2024-12-05 10:31:25.908 [info] > git for-each-ref --format %(refname) %(objectname) %(*objectname) refs/tags [43ms]
2024-12-05 10:31:25.920 [info] > git status -z -uall [7ms]
2024-12-05 10:31:25.920 [info] > git for-each-ref --sort -committerdate --format %(refname) %(objectname) %(*objectname) [2ms]
2024-12-05 10:31:26.284 [info] > git check-ignore -v -z --stdin [2ms]
2024-12-05 10:31:30.797 [info] > git check-ignore -v -z --stdin [2ms]
2024-12-05 10:31:31.829 [info] > git check-ignore -v -z --stdin [2ms]
2024-12-05 10:31:32.562 [info] > git show --textconv :farmacia/templates/farmacia/crear_medicamento.html [7ms]
2024-12-05 10:31:32.563 [info] > git ls-files --stage -- /home/statick/workspaces/practicas/python/farmacia/farmacia/templates/farmacia/crear_medicamento.html [1ms]
2024-12-05 10:31:32.571 [info] > git cat-file -s a5346607d40c51dec6a1cde82e5cf837adf7d6f1 [2ms]
2024-12-05 10:31:36.077 [info] > git config --get commit.template [7ms]
2024-12-05 10:31:36.077 [info] > git for-each-ref --format %(refname) %(objectname) %(*objectname) refs/tags [1ms]
2024-12-05 10:31:36.092 [info] > git status -z -uall [8ms]
2024-12-05 10:31:36.093 [info] > git for-each-ref --sort -committerdate --format %(refname) %(objectname) %(*objectname) [4ms]
2024-12-05 10:31:46.019 [info] > git config --get commit.template [13ms]
2024-12-05 10:31:46.020 [info] > git for-each-ref --format %(refname) %(objectname) %(*objectname) refs/tags [3ms]
2024-12-05 10:31:46.036 [info] > git status -z -uall [8ms]
2024-12-05 10:31:46.037 [info] > git for-each-ref --sort -committerdate --format %(refname) %(objectname) %(*objectname) [1ms]
2024-12-05 10:31:47.601 [info] > git show --textconv :farmacia/templates/farmacia/detalle_medicamento.html [9ms]
2024-12-05 10:31:47.602 [info] > git ls-files --stage -- /home/statick/workspaces/practicas/python/farmacia/farmacia/templates/farmacia/detalle_medicamento.html [2ms]
2024-12-05 10:31:47.611 [info] > git cat-file -s 2195c7f6b222480cc688f75fcafa7f389a3fa3ba [2ms]
2024-12-05 10:31:51.314 [info] > git show --textconv :farmacia/templates/farmacia/editar_medicamento.html [9ms]
2024-12-05 10:31:51.315 [info] > git ls-files --stage -- /home/statick/workspaces/practicas/python/farmacia/farmacia/templates/farmacia/editar_medicamento.html [2ms]
2024-12-05 10:31:51.324 [info] > git cat-file -s 9ea0b8c20bbedeb287eeb1c0bea1f9413ebe7b88 [1ms]
2024-12-05 10:31:58.800 [info] > git show --textconv :farmacia/templates/farmacia/eliminar_medicamento.html [9ms]
2024-12-05 10:31:58.801 [info] > git ls-files --stage -- /home/statick/workspaces/practicas/python/farmacia/farmacia/templates/farmacia/eliminar_medicamento.html [2ms]
2024-12-05 10:32:02.018 [info] > git show --textconv :farmacia/templates/farmacia/lista_medicamentos.html [9ms]
2024-12-05 10:32:02.019 [info] > git ls-files --stage -- /home/statick/workspaces/practicas/python/farmacia/farmacia/templates/farmacia/lista_medicamentos.html [2ms]
2024-12-05 10:32:02.026 [info] > git cat-file -s 56f6a08d75c1249e35a7d4c51137790a8ccc5866 [1ms]
2024-12-05 10:32:44.301 [info] > git config --get commit.template [7ms]
2024-12-05 10:32:44.302 [info] > git for-each-ref --format %(refname) %(objectname) %(*objectname) refs/tags [2ms]
2024-12-05 10:32:44.314 [info] > git status -z -uall [6ms]
2024-12-05 10:32:44.314 [info] > git for-each-ref --sort -committerdate --format %(refname) %(objectname) %(*objectname) [1ms]
2024-12-05 10:33:06.872 [info] > git config --get commit.template [1ms]
2024-12-05 10:33:06.880 [info] > git for-each-ref --format %(refname) %(objectname) %(*objectname) refs/tags [1ms]
2024-12-05 10:33:06.893 [info] > git status -z -uall [6ms]
2024-12-05 10:33:06.894 [info] > git for-each-ref --sort -committerdate --format %(refname) %(objectname) %(*objectname) [1ms]
2024-12-05 10:33:10.549 [info] > git show --textconv :farmacia/templates/farmacia/detalle_medicamento.html [11ms]
2024-12-05 10:33:10.550 [info] > git ls-files --stage -- /home/statick/workspaces/practicas/python/farmacia/farmacia/templates/farmacia/detalle_medicamento.html [2ms]
2024-12-05 10:33:10.558 [info] > git cat-file -s 2195c7f6b222480cc688f75fcafa7f389a3fa3ba [1ms]
2024-12-05 10:33:11.923 [info] > git config --get commit.template [12ms]
2024-12-05 10:33:11.923 [info] > git for-each-ref --format %(refname) %(objectname) %(*objectname) refs/tags [1ms]
2024-12-05 10:33:11.936 [info] > git status -z -uall [7ms]
2024-12-05 10:33:11.937 [info] > git for-each-ref --sort -committerdate --format %(refname) %(objectname) %(*objectname) [2ms]
2024-12-05 10:33:15.746 [info] > git show --textconv :farmacia/templates/farmacia/editar_medicamento.html [9ms]
2024-12-05 10:33:15.747 [info] > git ls-files --stage -- /home/statick/workspaces/practicas/python/farmacia/farmacia/templates/farmacia/editar_medicamento.html [2ms]
2024-12-05 10:33:15.755 [info] > git cat-file -s 9ea0b8c20bbedeb287eeb1c0bea1f9413ebe7b88 [1ms]
2024-12-05 10:34:11.722 [info] > git show --textconv :farmacia/templates/farmacia/base.html [7ms]
2024-12-05 10:34:11.723 [info] > git ls-files --stage -- /home/statick/workspaces/practicas/python/farmacia/farmacia/templates/farmacia/base.html [2ms]
2024-12-05 10:35:00.727 [info] > git show --textconv :farmacia/templates/farmacia/editar_medicamento.html [8ms]
2024-12-05 10:35:00.728 [info] > git ls-files --stage -- /home/statick/workspaces/practicas/python/farmacia/farmacia/templates/farmacia/editar_medicamento.html [1ms]
2024-12-05 10:35:00.735 [info] > git cat-file -s 9ea0b8c20bbedeb287eeb1c0bea1f9413ebe7b88 [1ms]
2024-12-05 10:35:47.518 [info] > git config --get commit.template [8ms]
2024-12-05 10:35:47.518 [info] > git for-each-ref --format %(refname) %(objectname) %(*objectname) refs/tags [1ms]
2024-12-05 10:35:47.533 [info] > git status -z -uall [9ms]
2024-12-05 10:35:47.535 [info] > git for-each-ref --sort -committerdate --format %(refname) %(objectname) %(*objectname) [1ms]
2024-12-05 10:35:58.388 [info] > git show --textconv :farmacia/templates/farmacia/eliminar_medicamento.html [8ms]
2024-12-05 10:35:58.389 [info] > git ls-files --stage -- /home/statick/workspaces/practicas/python/farmacia/farmacia/templates/farmacia/eliminar_medicamento.html [1ms]
2024-12-05 10:35:58.992 [info] > git show --textconv :farmacia/templates/farmacia/editar_medicamento.html [11ms]
2024-12-05 10:35:58.993 [info] > git ls-files --stage -- /home/statick/workspaces/practicas/python/farmacia/farmacia/templates/farmacia/editar_medicamento.html [1ms]
2024-12-05 10:35:59.002 [info] > git cat-file -s 9ea0b8c20bbedeb287eeb1c0bea1f9413ebe7b88 [2ms]
2024-12-05 10:36:02.171 [info] > git config --get commit.template [16ms]
2024-12-05 10:36:02.171 [info] > git for-each-ref --format %(refname) %(objectname) %(*objectname) refs/tags [2ms]
2024-12-05 10:36:02.190 [info] > git status -z -uall [9ms]
2024-12-05 10:36:02.191 [info] > git for-each-ref --sort -committerdate --format %(refname) %(objectname) %(*objectname) [1ms]
2024-12-05 10:36:15.643 [info] > git config --get commit.template [1ms]
2024-12-05 10:36:15.650 [info] > git for-each-ref --format %(refname) %(objectname) %(*objectname) refs/tags [1ms]
2024-12-05 10:36:15.663 [info] > git status -z -uall [7ms]
2024-12-05 10:36:15.664 [info] > git for-each-ref --sort -committerdate --format %(refname) %(objectname) %(*objectname) [1ms]
2024-12-05 10:37:17.436 [info] > git config --get commit.template [9ms]
2024-12-05 10:37:17.436 [info] > git for-each-ref --format %(refname) %(objectname) %(*objectname) refs/tags [1ms]
2024-12-05 10:37:17.450 [info] > git status -z -uall [7ms]
2024-12-05 10:37:17.451 [info] > git for-each-ref --sort -committerdate --format %(refname) %(objectname) %(*objectname) [1ms]
2024-12-05 10:39:56.714 [info] > git config --get commit.template [8ms]
2024-12-05 10:39:56.714 [info] > git for-each-ref --format %(refname) %(objectname) %(*objectname) refs/tags [0ms]
2024-12-05 10:39:56.729 [info] > git status -z -uall [7ms]
2024-12-05 10:39:56.730 [info] > git for-each-ref --sort -committerdate --format %(refname) %(objectname) %(*objectname) [2ms]
2024-12-05 10:40:17.403 [info] > git show --textconv :farmacia/templates/farmacia/base.html [11ms]
2024-12-05 10:40:17.404 [info] > git ls-files --stage -- /home/statick/workspaces/practicas/python/farmacia/farmacia/templates/farmacia/base.html [2ms]
2024-12-05 10:40:30.170 [info] > git config --get commit.template [2ms]
2024-12-05 10:40:30.177 [info] > git for-each-ref --format %(refname) %(objectname) %(*objectname) refs/tags [1ms]
2024-12-05 10:40:30.191 [info] > git status -z -uall [7ms]
2024-12-05 10:40:30.192 [info] > git for-each-ref --sort -committerdate --format %(refname) %(objectname) %(*objectname) [1ms]
2024-12-05 10:41:29.741 [info] > git for-each-ref --format %(refname) %(objectname) %(*objectname) refs/tags [1ms]
2024-12-05 10:41:29.741 [info] > git config --get commit.template [9ms]
2024-12-05 10:41:29.758 [info] > git status -z -uall [9ms]
2024-12-05 10:41:29.758 [info] > git for-each-ref --sort -committerdate --format %(refname) %(objectname) %(*objectname) [2ms]
2024-12-05 10:43:02.933 [info] > git config --get commit.template [7ms]
2024-12-05 10:43:02.933 [info] > git for-each-ref --format %(refname) %(objectname) %(*objectname) refs/tags [1ms]
2024-12-05 10:43:02.948 [info] > git status -z -uall [7ms]
2024-12-05 10:43:02.948 [info] > git for-each-ref --sort -committerdate --format %(refname) %(objectname) %(*objectname) [1ms]
2024-12-05 10:43:26.180 [info] > git config --get commit.template [9ms]
2024-12-05 10:43:26.180 [info] > git for-each-ref --format %(refname) %(objectname) %(*objectname) refs/tags [0ms]
2024-12-05 10:43:26.194 [info] > git status -z -uall [8ms]
2024-12-05 10:43:26.195 [info] > git for-each-ref --sort -committerdate --format %(refname) %(objectname) %(*objectname) [2ms]
2024-12-05 10:44:39.209 [info] > git config --get commit.template [6ms]
2024-12-05 10:44:39.209 [info] > git for-each-ref --format %(refname) %(objectname) %(*objectname) refs/tags [0ms]
2024-12-05 10:44:39.222 [info] > git status -z -uall [7ms]
2024-12-05 10:44:39.222 [info] > git for-each-ref --sort -committerdate --format %(refname) %(objectname) %(*objectname) [1ms]
2024-12-05 10:44:44.249 [info] > git config --get commit.template [12ms]
2024-12-05 10:44:44.250 [info] > git for-each-ref --format %(refname) %(objectname) %(*objectname) refs/tags [2ms]
2024-12-05 10:44:44.272 [info] > git status -z -uall [10ms]
2024-12-05 10:44:44.274 [info] > git for-each-ref --sort -committerdate --format %(refname) %(objectname) %(*objectname) [3ms]
2024-12-05 10:49:36.344 [info] > git config --get commit.template [8ms]
2024-12-05 10:49:36.344 [info] > git for-each-ref --format %(refname) %(objectname) %(*objectname) refs/tags [1ms]
2024-12-05 10:49:36.358 [info] > git status -z -uall [7ms]
2024-12-05 10:49:36.359 [info] > git for-each-ref --sort -committerdate --format %(refname) %(objectname) %(*objectname) [1ms]
2024-12-05 10:54:29.941 [info] > git check-ignore -v -z --stdin [2ms]
2024-12-05 11:52:03.092 [info] > git config --get commit.template [9ms]
2024-12-05 11:52:03.092 [info] > git for-each-ref --format %(refname) %(objectname) %(*objectname) refs/tags [1ms]
2024-12-05 11:52:03.116 [info] > git for-each-ref --sort -committerdate --format %(refname) %(objectname) %(*objectname) [3ms]
2024-12-05 11:52:03.142 [info] > git ls-files --stage -- /home/statick/workspaces/practicas/python/farmacia/farmacia/templates/farmacia/base.html [3ms]
2024-12-05 11:52:03.157 [info] > git cat-file -s 7b2acd6f6c9396849bfe1ac56f151e8c79240526 [1ms]
2024-12-05 11:52:03.173 [info] > git show --textconv :farmacia/templates/farmacia/base.html [3ms]
2024-12-05 11:52:03.188 [info] > git status -z -uall [87ms]
2024-12-05 11:53:28.338 [info] > git config --get commit.template [15ms]
2024-12-05 11:53:28.339 [info] > git for-each-ref --format %(refname) %(objectname) %(*objectname) refs/tags [2ms]
2024-12-05 11:53:28.370 [info] > git for-each-ref --sort -committerdate --format %(refname) %(objectname) %(*objectname) [2ms]
2024-12-05 11:53:28.472 [info] > git status -z -uall [116ms]
