00:00:00.000228 main     VirtualBox XPCOM Server 7.1.4 r165100 linux.amd64 (Oct 10 2024 18:39:09) release log
00:00:00.000230 main     Log opened 2024-12-04T15:53:53.994900000Z
00:00:00.000231 main     Build Type: release
00:00:00.000233 main     OS Product: Linux
00:00:00.000233 main     OS Release: 6.11.10-300.fc41.x86_64
00:00:00.000234 main     OS Version: #1 SMP PREEMPT_DYNAMIC Sat Nov 23 00:51:20 UTC 2024
00:00:00.000251 main     DMI Product Name: 20X2S1L200
00:00:00.000255 main     DMI Product Version: ThinkPad L14 Gen 2
00:00:00.000260 main     Firmware type: UEFI
00:00:00.000712 main     Secure Boot: Disabled
00:00:00.000741 main     Host RAM: 47825MB (46.7GB) total, 42087MB (41.1GB) available
00:00:00.000744 main     Executable: /usr/lib/virtualbox/VBoxSVC
00:00:00.000745 main     Process ID: 85220
00:00:00.000745 main     Package type: LINUX_64BITS_FEDORA_40
00:00:00.001871 main     IPC socket path: /tmp/.vbox-statick-ipc/ipcd
00:00:00.007659 DCon01   VirtualBox: object creation starts
00:00:00.007715 DCon01   Home directory: '/home/statick/.config/VirtualBox'
00:00:00.007814 DCon01   Loading settings file "/home/statick/.config/VirtualBox/VirtualBox.xml" with version "1.12-linux"
00:00:00.013363 DCon01   NetIfAdpCtlOut: VBoxNetAdpCtl: Error while retrieving link speed for wlp9s0: VBoxNetAdpCtl: ioctl failed: Operation not supported
00:00:00.014428 DCon01   HostDnsMonitor: initializing
00:00:00.014623 DCon01   NAT: resolv.conf: nameserver 127.0.0.53
00:00:00.014634 DCon01   NAT: resolv.conf: ignoring "options edns0 trust-ad"
00:00:00.014647 DCon01   HostDnsMonitor: updating information
00:00:00.014659 DCon01   HostDnsMonitor: old information
00:00:00.014663 DCon01     no server entries
00:00:00.014665 DCon01     no domain set
00:00:00.014668 DCon01     no search string entries
00:00:00.014670 DCon01   HostDnsMonitor: new information
00:00:00.014673 DCon01     server 1: 127.0.0.53
00:00:00.014675 DCon01     domain: .
00:00:00.014677 DCon01     search string 1: .
00:00:00.016585 DCon01   VD: VDInit finished with VINF_SUCCESS
00:00:00.016988 DCon01   Platform architecture set to 'x86'
00:00:00.017344 DCon01   Loading settings file "/home/statick/VirtualBox VMs/Window 11/Window 11.vbox" with version "1.19-linux"
00:00:00.017561 DCon01   Platform architecture set to 'x86'
00:00:00.018250 DCon01   VirtualBox: object created
00:00:00.094350 DCon03   Saving settings file "/home/statick/.config/VirtualBox/VirtualBox.xml" with version "1.12-linux"
00:00:00.104678 DCon03   Finished saving settings file "/home/statick/.config/VirtualBox/VirtualBox.xml"
00:00:00.104898 DCon03   Saving settings file "/home/statick/.config/VirtualBox/VirtualBox.xml" with version "1.12-linux"
00:00:00.114148 DCon03   Finished saving settings file "/home/statick/.config/VirtualBox/VirtualBox.xml"
00:00:00.114475 DCon03   Saving settings file "/home/statick/.config/VirtualBox/VirtualBox.xml" with version "1.12-linux"
00:00:00.123068 DCon03   Finished saving settings file "/home/statick/.config/VirtualBox/VirtualBox.xml"
00:00:00.499988 DCon04   WARNING [COM]: aRC=NS_ERROR_FAILURE (0x80004005) aIID={d5dcece0-b202-4416-a138-03502784cc07} aComponent={HostWrap} aText={VirtualBox is not currently allowed to access USB devices.  You can change this by adding your user to the 'vboxusers' group.  Please see the user manual for a more detailed explanation}, preserve=true aResultDetail=0
00:00:00.500559 DCon04   WARNING [COM]: aRC=NS_ERROR_FAILURE (0x80004005) aIID={d5dcece0-b202-4416-a138-03502784cc07} aComponent={HostWrap} aText={VirtualBox is not currently allowed to access USB devices.  You can change this by adding your user to the 'vboxusers' group.  Please see the user manual for a more detailed explanation}, preserve=false aResultDetail=0
00:00:00.783603 DCon02   ERROR [COM]: aRC=VBOX_E_INVALID_VM_STATE (0x80bb0002) aIID={e36a5081-a82a-40bd-9e4e-42a44d6ce50f} aComponent={MachineWrap} aText={The machine is not mutable, saved or running (state is Saved)}, preserve=false aResultDetail=0
00:00:00.838882 DCon02   WARNING [COM]: aRC=NS_ERROR_FAILURE (0x80004005) aIID={d5dcece0-b202-4416-a138-03502784cc07} aComponent={HostWrap} aText={VirtualBox is not currently allowed to access USB devices.  You can change this by adding your user to the 'vboxusers' group.  Please see the user manual for a more detailed explanation}, preserve=true aResultDetail=0
00:00:00.839660 DCon02   WARNING [COM]: aRC=NS_ERROR_FAILURE (0x80004005) aIID={d5dcece0-b202-4416-a138-03502784cc07} aComponent={HostWrap} aText={VirtualBox is not currently allowed to access USB devices.  You can change this by adding your user to the 'vboxusers' group.  Please see the user manual for a more detailed explanation}, preserve=true aResultDetail=0
00:00:01.321624 DCon02   Saving settings file "/home/statick/.config/VirtualBox/VirtualBox.xml" with version "1.12-linux"
00:00:01.332452 DCon02   Finished saving settings file "/home/statick/.config/VirtualBox/VirtualBox.xml"
00:00:05.833964 DCon03   Saving settings file "/home/statick/.config/VirtualBox/VirtualBox.xml" with version "1.12-linux"
00:00:05.844866 DCon03   Finished saving settings file "/home/statick/.config/VirtualBox/VirtualBox.xml"
00:00:36.688536 DCon03   Saving settings file "/home/statick/.config/VirtualBox/VirtualBox.xml" with version "1.12-linux"
00:00:36.696667 DCon03   Finished saving settings file "/home/statick/.config/VirtualBox/VirtualBox.xml"
00:01:06.847702 createBase Saving settings file "/home/statick/.config/VirtualBox/VirtualBox.xml" with version "1.12-linux"
00:01:06.856005 createBase Finished saving settings file "/home/statick/.config/VirtualBox/VirtualBox.xml"
00:01:06.858514 DCon07   Platform architecture set to 'x86'
00:01:06.858576 DCon07   Platform architecture set to 'x86'
00:01:06.858582 DCon07   Platform architecture set to 'x86'
00:01:06.858724 DCon07   WARNING [COM]: aRC=NS_ERROR_FAILURE (0x80004005) aIID={d5dcece0-b202-4416-a138-03502784cc07} aComponent={HostWrap} aText={VirtualBox is not currently allowed to access USB devices.  You can change this by adding your user to the 'vboxusers' group.  Please see the user manual for a more detailed explanation}, preserve=true aResultDetail=0
00:01:06.858741 DCon07   Platform architecture set to 'x86'
00:01:06.859193 DCon07   Saving settings file "/home/statick/VirtualBox VMs/Ubuntu LTS 24.04.1/Ubuntu LTS 24.04.1.vbox" with version "1.19-linux"
00:01:06.872608 DCon07   Finished saving settings file "/home/statick/VirtualBox VMs/Ubuntu LTS 24.04.1/Ubuntu LTS 24.04.1.vbox"
00:01:06.872705 DCon07   Saving settings file "/home/statick/.config/VirtualBox/VirtualBox.xml" with version "1.12-linux"
00:01:06.884973 DCon07   Finished saving settings file "/home/statick/.config/VirtualBox/VirtualBox.xml"
00:01:06.885561 DCon07   Platform architecture set to 'x86'
00:01:06.886309 DCon07   Saving settings file "/home/statick/.config/VirtualBox/VirtualBox.xml" with version "1.12-linux"
00:01:06.897497 DCon07   Finished saving settings file "/home/statick/.config/VirtualBox/VirtualBox.xml"
00:01:06.899517 DCon07   Saving settings file "/home/statick/.config/VirtualBox/VirtualBox.xml" with version "1.12-linux"
00:01:06.908552 DCon07   Finished saving settings file "/home/statick/.config/VirtualBox/VirtualBox.xml"
00:01:06.908925 DCon06   Saving settings file "/home/statick/VirtualBox VMs/Ubuntu LTS 24.04.1/Ubuntu LTS 24.04.1.vbox" with version "1.19-linux"
00:01:06.918064 DCon06   Finished saving settings file "/home/statick/VirtualBox VMs/Ubuntu LTS 24.04.1/Ubuntu LTS 24.04.1.vbox"
00:01:06.934413 DCon07   Saving settings file "/home/statick/.config/VirtualBox/VirtualBox.xml" with version "1.12-linux"
00:01:06.945339 DCon07   Finished saving settings file "/home/statick/.config/VirtualBox/VirtualBox.xml"
00:01:06.979052 DCon02   WARNING [COM]: aRC=NS_ERROR_FAILURE (0x80004005) aIID={d5dcece0-b202-4416-a138-03502784cc07} aComponent={HostWrap} aText={VirtualBox is not currently allowed to access USB devices.  You can change this by adding your user to the 'vboxusers' group.  Please see the user manual for a more detailed explanation}, preserve=true aResultDetail=0
00:01:07.018435 DCon02   ERROR [COM]: aRC=VBOX_E_OBJECT_NOT_FOUND (0x80bb0001) aIID={5bfd8965-b81b-469f-8649-f717ce97a5d5} aComponent={NvramStoreWrap} aText={The UEFI NVRAM file is not existing for this machine}, preserve=false aResultDetail=0
00:01:07.044008 DCon02   ERROR [COM]: aRC=VBOX_E_INVALID_VM_STATE (0x80bb0002) aIID={e36a5081-a82a-40bd-9e4e-42a44d6ce50f} aComponent={MachineWrap} aText={The machine is not mutable, saved or running (state is PoweredOff)}, preserve=false aResultDetail=0
00:01:07.079306 DCon02   WARNING [COM]: aRC=NS_ERROR_FAILURE (0x80004005) aIID={d5dcece0-b202-4416-a138-03502784cc07} aComponent={HostWrap} aText={VirtualBox is not currently allowed to access USB devices.  You can change this by adding your user to the 'vboxusers' group.  Please see the user manual for a more detailed explanation}, preserve=true aResultDetail=0
00:01:07.079916 DCon02   WARNING [COM]: aRC=NS_ERROR_FAILURE (0x80004005) aIID={d5dcece0-b202-4416-a138-03502784cc07} aComponent={HostWrap} aText={VirtualBox is not currently allowed to access USB devices.  You can change this by adding your user to the 'vboxusers' group.  Please see the user manual for a more detailed explanation}, preserve=true aResultDetail=0
00:01:07.734425 DCon02   Saving settings file "/home/statick/.config/VirtualBox/VirtualBox.xml" with version "1.12-linux"
00:01:07.744846 DCon02   Finished saving settings file "/home/statick/.config/VirtualBox/VirtualBox.xml"
00:01:14.003817 DCon06   Launched VM: 2080387632 pid: 85571 (0x14e43) frontend: GUI/Qt name: Ubuntu LTS 24.04.1
00:01:14.028647 DCon03   ERROR [COM]: aRC=VBOX_E_OBJECT_NOT_FOUND (0x80bb0001) aIID={5bfd8965-b81b-469f-8649-f717ce97a5d5} aComponent={NvramStoreWrap} aText={The UEFI NVRAM file is not existing for this machine}, preserve=false aResultDetail=0
00:01:14.041970 DCon07   ERROR [COM]: aRC=VBOX_E_INVALID_VM_STATE (0x80bb0002) aIID={e36a5081-a82a-40bd-9e4e-42a44d6ce50f} aComponent={MachineWrap} aText={The machine is not mutable, saved or running (state is PoweredOff)}, preserve=false aResultDetail=0
00:01:14.082000 DCon07   WARNING [COM]: aRC=NS_ERROR_FAILURE (0x80004005) aIID={d5dcece0-b202-4416-a138-03502784cc07} aComponent={HostWrap} aText={VirtualBox is not currently allowed to access USB devices.  You can change this by adding your user to the 'vboxusers' group.  Please see the user manual for a more detailed explanation}, preserve=true aResultDetail=0
00:01:14.082727 DCon07   WARNING [COM]: aRC=NS_ERROR_FAILURE (0x80004005) aIID={d5dcece0-b202-4416-a138-03502784cc07} aComponent={HostWrap} aText={VirtualBox is not currently allowed to access USB devices.  You can change this by adding your user to the 'vboxusers' group.  Please see the user manual for a more detailed explanation}, preserve=true aResultDetail=0
00:01:14.163408 DCon03   Platform architecture set to 'x86'
00:01:14.174981 DCon10   ERROR [COM]: aRC=VBOX_E_OBJECT_NOT_FOUND (0x80bb0001) aIID={5bfd8965-b81b-469f-8649-f717ce97a5d5} aComponent={NvramStoreWrap} aText={The UEFI NVRAM file is not existing for this machine}, preserve=false aResultDetail=0
00:01:14.177693 DCon10   ERROR [COM]: aRC=VBOX_E_INVALID_VM_STATE (0x80bb0002) aIID={e36a5081-a82a-40bd-9e4e-42a44d6ce50f} aComponent={MachineWrap} aText={The machine is not mutable, saved or running (state is PoweredOff)}, preserve=false aResultDetail=0
00:01:14.184005 DCon10   WARNING [COM]: aRC=NS_ERROR_FAILURE (0x80004005) aIID={d5dcece0-b202-4416-a138-03502784cc07} aComponent={HostWrap} aText={VirtualBox is not currently allowed to access USB devices.  You can change this by adding your user to the 'vboxusers' group.  Please see the user manual for a more detailed explanation}, preserve=true aResultDetail=0
00:01:14.184583 DCon10   WARNING [COM]: aRC=NS_ERROR_FAILURE (0x80004005) aIID={d5dcece0-b202-4416-a138-03502784cc07} aComponent={HostWrap} aText={VirtualBox is not currently allowed to access USB devices.  You can change this by adding your user to the 'vboxusers' group.  Please see the user manual for a more detailed explanation}, preserve=true aResultDetail=0
00:01:14.545506 DCon10   WARNING [COM]: aRC=NS_ERROR_FAILURE (0x80004005) aIID={d5dcece0-b202-4416-a138-03502784cc07} aComponent={HostWrap} aText={VirtualBox is not currently allowed to access USB devices.  You can change this by adding your user to the 'vboxusers' group.  Please see the user manual for a more detailed explanation}, preserve=true aResultDetail=0
00:01:14.546151 DCon10   WARNING [COM]: aRC=NS_ERROR_FAILURE (0x80004005) aIID={d5dcece0-b202-4416-a138-03502784cc07} aComponent={HostWrap} aText={VirtualBox is not currently allowed to access USB devices.  You can change this by adding your user to the 'vboxusers' group.  Please see the user manual for a more detailed explanation}, preserve=true aResultDetail=0
00:01:14.546314 DCon10   ERROR [COM]: aRC=VBOX_E_OBJECT_NOT_FOUND (0x80bb0001) aIID={70401eef-c8e9-466b-9660-45cb3e9979e4} aComponent={ExtPackManagerWrap} aText={No extension pack by the name 'Oracle VirtualBox Extension Pack' was found}, preserve=false aResultDetail=0
00:01:14.581867 DCon10   WARNING [COM]: aRC=NS_ERROR_FAILURE (0x80004005) aIID={d5dcece0-b202-4416-a138-03502784cc07} aComponent={HostWrap} aText={VirtualBox is not currently allowed to access USB devices.  You can change this by adding your user to the 'vboxusers' group.  Please see the user manual for a more detailed explanation}, preserve=true aResultDetail=0
00:01:14.582267 DCon10   WARNING [COM]: aRC=NS_ERROR_FAILURE (0x80004005) aIID={d5dcece0-b202-4416-a138-03502784cc07} aComponent={HostWrap} aText={VirtualBox is not currently allowed to access USB devices.  You can change this by adding your user to the 'vboxusers' group.  Please see the user manual for a more detailed explanation}, preserve=true aResultDetail=0
00:01:14.584680 DCon10   ERROR [COM]: aRC=NS_ERROR_FAILURE (0x80004005) aIID={bea3ef5c-de2f-4b74-aa3a-15d6249371a0} aComponent={RecordingSettingsWrap} aText={Recording not started}, preserve=false aResultDetail=0
00:01:14.609640 DCon08   NetIfAdpCtlOut: VBoxNetAdpCtl: Error while retrieving link speed for wlp9s0: VBoxNetAdpCtl: ioctl failed: Operation not supported
00:01:14.612596 DCon08   WARNING [COM]: aRC=NS_ERROR_FAILURE (0x80004005) aIID={d5dcece0-b202-4416-a138-03502784cc07} aComponent={HostWrap} aText={VirtualBox is not currently allowed to access USB devices.  You can change this by adding your user to the 'vboxusers' group.  Please see the user manual for a more detailed explanation}, preserve=false aResultDetail=0
00:01:14.614996 DCon08   WARNING [COM]: aRC=NS_ERROR_FAILURE (0x80004005) aIID={d5dcece0-b202-4416-a138-03502784cc07} aComponent={HostWrap} aText={VirtualBox is not currently allowed to access USB devices.  You can change this by adding your user to the 'vboxusers' group.  Please see the user manual for a more detailed explanation}, preserve=true aResultDetail=0
00:01:14.615150 DCon08   WARNING [COM]: aRC=NS_ERROR_FAILURE (0x80004005) aIID={d5dcece0-b202-4416-a138-03502784cc07} aComponent={HostWrap} aText={VirtualBox is not currently allowed to access USB devices.  You can change this by adding your user to the 'vboxusers' group.  Please see the user manual for a more detailed explanation}, preserve=true aResultDetail=0
00:01:14.638426 DCon08   WARNING [COM]: aRC=NS_ERROR_FAILURE (0x80004005) aIID={d5dcece0-b202-4416-a138-03502784cc07} aComponent={HostWrap} aText={VirtualBox is not currently allowed to access USB devices.  You can change this by adding your user to the 'vboxusers' group.  Please see the user manual for a more detailed explanation}, preserve=true aResultDetail=0
00:01:14.647437 DCon08   WARNING [COM]: aRC=NS_ERROR_FAILURE (0x80004005) aIID={d5dcece0-b202-4416-a138-03502784cc07} aComponent={HostWrap} aText={VirtualBox is not currently allowed to access USB devices.  You can change this by adding your user to the 'vboxusers' group.  Please see the user manual for a more detailed explanation}, preserve=true aResultDetail=0
00:01:14.693561 DCon08   WARNING [COM]: aRC=NS_ERROR_FAILURE (0x80004005) aIID={d5dcece0-b202-4416-a138-03502784cc07} aComponent={HostWrap} aText={VirtualBox is not currently allowed to access USB devices.  You can change this by adding your user to the 'vboxusers' group.  Please see the user manual for a more detailed explanation}, preserve=true aResultDetail=0
00:01:14.694028 DCon08   WARNING [COM]: aRC=NS_ERROR_FAILURE (0x80004005) aIID={d5dcece0-b202-4416-a138-03502784cc07} aComponent={HostWrap} aText={VirtualBox is not currently allowed to access USB devices.  You can change this by adding your user to the 'vboxusers' group.  Please see the user manual for a more detailed explanation}, preserve=true aResultDetail=0
00:01:14.694776 DCon08   ERROR [COM]: aRC=NS_ERROR_FAILURE (0x80004005) aIID={bea3ef5c-de2f-4b74-aa3a-15d6249371a0} aComponent={RecordingSettingsWrap} aText={Recording not started}, preserve=false aResultDetail=0
00:01:14.695889 DCon02   ERROR [COM]: aRC=VBOX_E_OBJECT_NOT_FOUND (0x80bb0001) aIID={5bfd8965-b81b-469f-8649-f717ce97a5d5} aComponent={NvramStoreWrap} aText={The UEFI NVRAM file is not existing for this machine}, preserve=false aResultDetail=0
00:01:14.706961 DCon02   ERROR [COM]: aRC=VBOX_E_INVALID_VM_STATE (0x80bb0002) aIID={e36a5081-a82a-40bd-9e4e-42a44d6ce50f} aComponent={MachineWrap} aText={The machine is not mutable, saved or running (state is Starting)}, preserve=false aResultDetail=0
00:01:14.723036 DCon02   ERROR [COM]: aRC=VBOX_E_OBJECT_NOT_FOUND (0x80bb0001) aIID={7d510820-a678-4730-a862-818dcd3fbed0} aComponent={MediumWrap} aText={Property 'CRYPT/KeyId' does not exist}, preserve=false aResultDetail=0
00:01:14.723871 DCon02   ERROR [COM]: aRC=VBOX_E_OBJECT_NOT_FOUND (0x80bb0001) aIID={7d510820-a678-4730-a862-818dcd3fbed0} aComponent={MediumWrap} aText={Property 'CRYPT/KeyId' does not exist}, preserve=false aResultDetail=0
00:01:14.725371 DCon02   HostDnsMonitorProxy::GetDomainName: .
00:01:14.725503 DCon02   HostDnsMonitorProxy::GetNameServers:
00:01:14.725518 DCon02     name server 1: 127.0.0.53
00:01:14.725806 DCon02   HostDnsMonitorProxy::GetSearchStrings:
00:01:14.725812 DCon02     search string 1: .
00:01:14.747635 DCon08   WARNING [COM]: aRC=NS_ERROR_FAILURE (0x80004005) aIID={d5dcece0-b202-4416-a138-03502784cc07} aComponent={HostWrap} aText={VirtualBox is not currently allowed to access USB devices.  You can change this by adding your user to the 'vboxusers' group.  Please see the user manual for a more detailed explanation}, preserve=true aResultDetail=0
00:01:14.748306 DCon06   WARNING [COM]: aRC=NS_ERROR_FAILURE (0x80004005) aIID={d5dcece0-b202-4416-a138-03502784cc07} aComponent={HostWrap} aText={VirtualBox is not currently allowed to access USB devices.  You can change this by adding your user to the 'vboxusers' group.  Please see the user manual for a more detailed explanation}, preserve=true aResultDetail=0
00:01:14.749360 DCon06   ERROR [COM]: aRC=NS_ERROR_FAILURE (0x80004005) aIID={bea3ef5c-de2f-4b74-aa3a-15d6249371a0} aComponent={RecordingSettingsWrap} aText={Recording not started}, preserve=false aResultDetail=0
00:01:14.786243 DCon06   WARNING [COM]: aRC=NS_ERROR_FAILURE (0x80004005) aIID={d5dcece0-b202-4416-a138-03502784cc07} aComponent={HostWrap} aText={VirtualBox is not currently allowed to access USB devices.  You can change this by adding your user to the 'vboxusers' group.  Please see the user manual for a more detailed explanation}, preserve=true aResultDetail=0
00:01:14.797955 DCon06   ERROR [COM]: aRC=VBOX_E_OBJECT_NOT_FOUND (0x80bb0001) aIID={5bfd8965-b81b-469f-8649-f717ce97a5d5} aComponent={NvramStoreWrap} aText={The UEFI NVRAM file is not existing for this machine}, preserve=false aResultDetail=0
00:01:14.817635 DCon06   ERROR [COM]: aRC=VBOX_E_INVALID_VM_STATE (0x80bb0002) aIID={e36a5081-a82a-40bd-9e4e-42a44d6ce50f} aComponent={MachineWrap} aText={The machine is not mutable, saved or running (state is Running)}, preserve=false aResultDetail=0
00:01:14.834042 DCon06   WARNING [COM]: aRC=NS_ERROR_FAILURE (0x80004005) aIID={d5dcece0-b202-4416-a138-03502784cc07} aComponent={HostWrap} aText={VirtualBox is not currently allowed to access USB devices.  You can change this by adding your user to the 'vboxusers' group.  Please see the user manual for a more detailed explanation}, preserve=true aResultDetail=0
00:01:14.834564 DCon06   WARNING [COM]: aRC=NS_ERROR_FAILURE (0x80004005) aIID={d5dcece0-b202-4416-a138-03502784cc07} aComponent={HostWrap} aText={VirtualBox is not currently allowed to access USB devices.  You can change this by adding your user to the 'vboxusers' group.  Please see the user manual for a more detailed explanation}, preserve=true aResultDetail=0
00:01:14.933152 DCon06   Saving settings file "/home/statick/.config/VirtualBox/VirtualBox.xml" with version "1.12-linux"
00:01:14.943623 DCon06   Finished saving settings file "/home/statick/.config/VirtualBox/VirtualBox.xml"
00:01:15.422748 DCon07   Saving settings file "/home/statick/VirtualBox VMs/Ubuntu LTS 24.04.1/Ubuntu LTS 24.04.1.vbox" with version "1.19-linux"
00:01:15.432033 DCon07   Finished saving settings file "/home/statick/VirtualBox VMs/Ubuntu LTS 24.04.1/Ubuntu LTS 24.04.1.vbox"
00:01:15.439193 DCon01   ERROR [COM]: aRC=VBOX_E_OBJECT_NOT_FOUND (0x80bb0001) aIID={5bfd8965-b81b-469f-8649-f717ce97a5d5} aComponent={NvramStoreWrap} aText={The UEFI NVRAM file is not existing for this machine}, preserve=false aResultDetail=0
00:01:15.445993 DCon07   ERROR [COM]: aRC=VBOX_E_INVALID_VM_STATE (0x80bb0002) aIID={e36a5081-a82a-40bd-9e4e-42a44d6ce50f} aComponent={MachineWrap} aText={The machine is not mutable, saved or running (state is Running)}, preserve=false aResultDetail=0
00:01:15.450804 DCon07   WARNING [COM]: aRC=NS_ERROR_FAILURE (0x80004005) aIID={d5dcece0-b202-4416-a138-03502784cc07} aComponent={HostWrap} aText={VirtualBox is not currently allowed to access USB devices.  You can change this by adding your user to the 'vboxusers' group.  Please see the user manual for a more detailed explanation}, preserve=true aResultDetail=0
00:01:15.451319 DCon07   WARNING [COM]: aRC=NS_ERROR_FAILURE (0x80004005) aIID={d5dcece0-b202-4416-a138-03502784cc07} aComponent={HostWrap} aText={VirtualBox is not currently allowed to access USB devices.  You can change this by adding your user to the 'vboxusers' group.  Please see the user manual for a more detailed explanation}, preserve=true aResultDetail=0
00:01:17.934390 DCon01   Saving settings file "/home/statick/VirtualBox VMs/Ubuntu LTS 24.04.1/Ubuntu LTS 24.04.1.vbox" with version "1.19-linux"
00:01:17.943692 DCon01   Finished saving settings file "/home/statick/VirtualBox VMs/Ubuntu LTS 24.04.1/Ubuntu LTS 24.04.1.vbox"
00:01:17.949310 DCon12   ERROR [COM]: aRC=VBOX_E_OBJECT_NOT_FOUND (0x80bb0001) aIID={5bfd8965-b81b-469f-8649-f717ce97a5d5} aComponent={NvramStoreWrap} aText={The UEFI NVRAM file is not existing for this machine}, preserve=false aResultDetail=0
00:01:17.955938 DCon12   ERROR [COM]: aRC=VBOX_E_INVALID_VM_STATE (0x80bb0002) aIID={e36a5081-a82a-40bd-9e4e-42a44d6ce50f} aComponent={MachineWrap} aText={The machine is not mutable, saved or running (state is Running)}, preserve=false aResultDetail=0
00:01:17.961352 DCon12   WARNING [COM]: aRC=NS_ERROR_FAILURE (0x80004005) aIID={d5dcece0-b202-4416-a138-03502784cc07} aComponent={HostWrap} aText={VirtualBox is not currently allowed to access USB devices.  You can change this by adding your user to the 'vboxusers' group.  Please see the user manual for a more detailed explanation}, preserve=true aResultDetail=0
00:01:17.961912 DCon12   WARNING [COM]: aRC=NS_ERROR_FAILURE (0x80004005) aIID={d5dcece0-b202-4416-a138-03502784cc07} aComponent={HostWrap} aText={VirtualBox is not currently allowed to access USB devices.  You can change this by adding your user to the 'vboxusers' group.  Please see the user manual for a more detailed explanation}, preserve=true aResultDetail=0
00:01:27.851320 DCon11   Saving settings file "/home/statick/VirtualBox VMs/Ubuntu LTS 24.04.1/Ubuntu LTS 24.04.1.vbox" with version "1.19-linux"
00:01:27.862233 DCon11   Finished saving settings file "/home/statick/VirtualBox VMs/Ubuntu LTS 24.04.1/Ubuntu LTS 24.04.1.vbox"
00:01:28.103936 DCon12   ERROR [COM]: aRC=VBOX_E_OBJECT_NOT_FOUND (0x80bb0001) aIID={5bfd8965-b81b-469f-8649-f717ce97a5d5} aComponent={NvramStoreWrap} aText={The UEFI NVRAM file is not existing for this machine}, preserve=false aResultDetail=0
00:01:28.402247 DCon12   ERROR [COM]: aRC=VBOX_E_INVALID_VM_STATE (0x80bb0002) aIID={e36a5081-a82a-40bd-9e4e-42a44d6ce50f} aComponent={MachineWrap} aText={The machine is not mutable, saved or running (state is Running)}, preserve=false aResultDetail=0
00:01:28.449975 DCon01   WARNING [COM]: aRC=NS_ERROR_FAILURE (0x80004005) aIID={d5dcece0-b202-4416-a138-03502784cc07} aComponent={HostWrap} aText={VirtualBox is not currently allowed to access USB devices.  You can change this by adding your user to the 'vboxusers' group.  Please see the user manual for a more detailed explanation}, preserve=true aResultDetail=0
00:01:28.458207 DCon01   WARNING [COM]: aRC=NS_ERROR_FAILURE (0x80004005) aIID={d5dcece0-b202-4416-a138-03502784cc07} aComponent={HostWrap} aText={VirtualBox is not currently allowed to access USB devices.  You can change this by adding your user to the 'vboxusers' group.  Please see the user manual for a more detailed explanation}, preserve=true aResultDetail=0
00:03:18.435565 DCon15   WARNING [COM]: aRC=NS_ERROR_FAILURE (0x80004005) aIID={d5dcece0-b202-4416-a138-03502784cc07} aComponent={HostWrap} aText={VirtualBox is not currently allowed to access USB devices.  You can change this by adding your user to the 'vboxusers' group.  Please see the user manual for a more detailed explanation}, preserve=true aResultDetail=0
00:03:18.436697 DCon15   WARNING [COM]: aRC=NS_ERROR_FAILURE (0x80004005) aIID={d5dcece0-b202-4416-a138-03502784cc07} aComponent={HostWrap} aText={VirtualBox is not currently allowed to access USB devices.  You can change this by adding your user to the 'vboxusers' group.  Please see the user manual for a more detailed explanation}, preserve=true aResultDetail=0
00:03:18.444531 DCon15   ERROR [COM]: aRC=NS_ERROR_FAILURE (0x80004005) aIID={bea3ef5c-de2f-4b74-aa3a-15d6249371a0} aComponent={RecordingSettingsWrap} aText={Recording not started}, preserve=false aResultDetail=0
00:03:18.479270 DCon16   Saving settings file "/home/statick/VirtualBox VMs/Ubuntu LTS 24.04.1/Ubuntu LTS 24.04.1.vbox" with version "1.19-linux"
00:03:18.489837 DCon16   Finished saving settings file "/home/statick/VirtualBox VMs/Ubuntu LTS 24.04.1/Ubuntu LTS 24.04.1.vbox"
00:03:19.318522 DCon15   Saving settings file "/home/statick/VirtualBox VMs/Ubuntu LTS 24.04.1/Ubuntu LTS 24.04.1.vbox" with version "1.19-linux"
00:03:19.329953 DCon15   Finished saving settings file "/home/statick/VirtualBox VMs/Ubuntu LTS 24.04.1/Ubuntu LTS 24.04.1.vbox"
00:03:37.989360 DCon19   Saving settings file "/home/statick/VirtualBox VMs/Ubuntu LTS 24.04.1/Ubuntu LTS 24.04.1.vbox" with version "1.19-linux"
00:03:37.998774 DCon19   Finished saving settings file "/home/statick/VirtualBox VMs/Ubuntu LTS 24.04.1/Ubuntu LTS 24.04.1.vbox"
00:03:46.988976 DCon02   WARNING [COM]: aRC=NS_ERROR_FAILURE (0x80004005) aIID={d5dcece0-b202-4416-a138-03502784cc07} aComponent={HostWrap} aText={VirtualBox is not currently allowed to access USB devices.  You can change this by adding your user to the 'vboxusers' group.  Please see the user manual for a more detailed explanation}, preserve=true aResultDetail=0
00:03:46.990061 DCon02   WARNING [COM]: aRC=NS_ERROR_FAILURE (0x80004005) aIID={d5dcece0-b202-4416-a138-03502784cc07} aComponent={HostWrap} aText={VirtualBox is not currently allowed to access USB devices.  You can change this by adding your user to the 'vboxusers' group.  Please see the user manual for a more detailed explanation}, preserve=true aResultDetail=0
00:03:46.992424 DCon19   ERROR [COM]: aRC=NS_ERROR_FAILURE (0x80004005) aIID={bea3ef5c-de2f-4b74-aa3a-15d6249371a0} aComponent={RecordingSettingsWrap} aText={Recording not started}, preserve=false aResultDetail=0
00:03:47.035820 DCon02   Saving settings file "/home/statick/VirtualBox VMs/Ubuntu LTS 24.04.1/Ubuntu LTS 24.04.1.vbox" with version "1.19-linux"
00:03:47.045576 DCon02   Finished saving settings file "/home/statick/VirtualBox VMs/Ubuntu LTS 24.04.1/Ubuntu LTS 24.04.1.vbox"
00:03:48.698235 DCon19   Saving settings file "/home/statick/VirtualBox VMs/Ubuntu LTS 24.04.1/Ubuntu LTS 24.04.1.vbox" with version "1.19-linux"
00:03:48.708442 DCon19   Finished saving settings file "/home/statick/VirtualBox VMs/Ubuntu LTS 24.04.1/Ubuntu LTS 24.04.1.vbox"
00:03:54.243060 DCon02   WARNING [COM]: aRC=NS_ERROR_FAILURE (0x80004005) aIID={d5dcece0-b202-4416-a138-03502784cc07} aComponent={HostWrap} aText={VirtualBox is not currently allowed to access USB devices.  You can change this by adding your user to the 'vboxusers' group.  Please see the user manual for a more detailed explanation}, preserve=true aResultDetail=0
00:03:54.244230 DCon02   WARNING [COM]: aRC=NS_ERROR_FAILURE (0x80004005) aIID={d5dcece0-b202-4416-a138-03502784cc07} aComponent={HostWrap} aText={VirtualBox is not currently allowed to access USB devices.  You can change this by adding your user to the 'vboxusers' group.  Please see the user manual for a more detailed explanation}, preserve=true aResultDetail=0
00:03:54.247204 DCon02   ERROR [COM]: aRC=NS_ERROR_FAILURE (0x80004005) aIID={bea3ef5c-de2f-4b74-aa3a-15d6249371a0} aComponent={RecordingSettingsWrap} aText={Recording not started}, preserve=false aResultDetail=0
00:03:54.273760 DCon13   Saving settings file "/home/statick/VirtualBox VMs/Ubuntu LTS 24.04.1/Ubuntu LTS 24.04.1.vbox" with version "1.19-linux"
00:03:54.283157 DCon13   Finished saving settings file "/home/statick/VirtualBox VMs/Ubuntu LTS 24.04.1/Ubuntu LTS 24.04.1.vbox"
00:03:56.329168 DCon17   Saving settings file "/home/statick/VirtualBox VMs/Ubuntu LTS 24.04.1/Ubuntu LTS 24.04.1.vbox" with version "1.19-linux"
00:03:56.340019 DCon17   Finished saving settings file "/home/statick/VirtualBox VMs/Ubuntu LTS 24.04.1/Ubuntu LTS 24.04.1.vbox"
00:04:01.571043 DCon13   WARNING [COM]: aRC=NS_ERROR_FAILURE (0x80004005) aIID={d5dcece0-b202-4416-a138-03502784cc07} aComponent={HostWrap} aText={VirtualBox is not currently allowed to access USB devices.  You can change this by adding your user to the 'vboxusers' group.  Please see the user manual for a more detailed explanation}, preserve=true aResultDetail=0
00:04:01.572339 DCon13   WARNING [COM]: aRC=NS_ERROR_FAILURE (0x80004005) aIID={d5dcece0-b202-4416-a138-03502784cc07} aComponent={HostWrap} aText={VirtualBox is not currently allowed to access USB devices.  You can change this by adding your user to the 'vboxusers' group.  Please see the user manual for a more detailed explanation}, preserve=true aResultDetail=0
00:04:01.575537 DCon13   ERROR [COM]: aRC=NS_ERROR_FAILURE (0x80004005) aIID={bea3ef5c-de2f-4b74-aa3a-15d6249371a0} aComponent={RecordingSettingsWrap} aText={Recording not started}, preserve=false aResultDetail=0
00:04:01.601855 DCon19   Saving settings file "/home/statick/VirtualBox VMs/Ubuntu LTS 24.04.1/Ubuntu LTS 24.04.1.vbox" with version "1.19-linux"
00:04:01.612703 DCon19   Finished saving settings file "/home/statick/VirtualBox VMs/Ubuntu LTS 24.04.1/Ubuntu LTS 24.04.1.vbox"
00:04:12.336434 DCon17   Saving settings file "/home/statick/VirtualBox VMs/Ubuntu LTS 24.04.1/Ubuntu LTS 24.04.1.vbox" with version "1.19-linux"
00:04:12.348499 DCon17   Finished saving settings file "/home/statick/VirtualBox VMs/Ubuntu LTS 24.04.1/Ubuntu LTS 24.04.1.vbox"
00:04:13.134963 DCon02   Saving settings file "/home/statick/VirtualBox VMs/Ubuntu LTS 24.04.1/Ubuntu LTS 24.04.1.vbox" with version "1.19-linux"
00:04:13.145832 DCon02   Finished saving settings file "/home/statick/VirtualBox VMs/Ubuntu LTS 24.04.1/Ubuntu LTS 24.04.1.vbox"
00:04:14.946687 DCon17   Saving settings file "/home/statick/VirtualBox VMs/Ubuntu LTS 24.04.1/Ubuntu LTS 24.04.1.vbox" with version "1.19-linux"
00:04:14.957853 DCon17   Finished saving settings file "/home/statick/VirtualBox VMs/Ubuntu LTS 24.04.1/Ubuntu LTS 24.04.1.vbox"
00:04:20.453859 DCon13   WARNING [COM]: aRC=NS_ERROR_FAILURE (0x80004005) aIID={d5dcece0-b202-4416-a138-03502784cc07} aComponent={HostWrap} aText={VirtualBox is not currently allowed to access USB devices.  You can change this by adding your user to the 'vboxusers' group.  Please see the user manual for a more detailed explanation}, preserve=true aResultDetail=0
00:04:20.455121 DCon13   WARNING [COM]: aRC=NS_ERROR_FAILURE (0x80004005) aIID={d5dcece0-b202-4416-a138-03502784cc07} aComponent={HostWrap} aText={VirtualBox is not currently allowed to access USB devices.  You can change this by adding your user to the 'vboxusers' group.  Please see the user manual for a more detailed explanation}, preserve=true aResultDetail=0
00:04:20.457358 DCon13   ERROR [COM]: aRC=NS_ERROR_FAILURE (0x80004005) aIID={bea3ef5c-de2f-4b74-aa3a-15d6249371a0} aComponent={RecordingSettingsWrap} aText={Recording not started}, preserve=false aResultDetail=0
00:04:20.485613 DCon17   Saving settings file "/home/statick/VirtualBox VMs/Ubuntu LTS 24.04.1/Ubuntu LTS 24.04.1.vbox" with version "1.19-linux"
00:04:20.495858 DCon17   Finished saving settings file "/home/statick/VirtualBox VMs/Ubuntu LTS 24.04.1/Ubuntu LTS 24.04.1.vbox"
00:04:23.751071 DCon13   Saving settings file "/home/statick/VirtualBox VMs/Ubuntu LTS 24.04.1/Ubuntu LTS 24.04.1.vbox" with version "1.19-linux"
00:04:23.761274 DCon13   Finished saving settings file "/home/statick/VirtualBox VMs/Ubuntu LTS 24.04.1/Ubuntu LTS 24.04.1.vbox"
00:05:08.249350 DCon21   Saving settings file "/home/statick/VirtualBox VMs/Ubuntu LTS 24.04.1/Ubuntu LTS 24.04.1.vbox" with version "1.19-linux"
00:05:08.264552 DCon21   Finished saving settings file "/home/statick/VirtualBox VMs/Ubuntu LTS 24.04.1/Ubuntu LTS 24.04.1.vbox"
00:05:14.285705 DCon17   WARNING [COM]: aRC=NS_ERROR_FAILURE (0x80004005) aIID={d5dcece0-b202-4416-a138-03502784cc07} aComponent={HostWrap} aText={VirtualBox is not currently allowed to access USB devices.  You can change this by adding your user to the 'vboxusers' group.  Please see the user manual for a more detailed explanation}, preserve=true aResultDetail=0
00:05:14.286765 DCon17   WARNING [COM]: aRC=NS_ERROR_FAILURE (0x80004005) aIID={d5dcece0-b202-4416-a138-03502784cc07} aComponent={HostWrap} aText={VirtualBox is not currently allowed to access USB devices.  You can change this by adding your user to the 'vboxusers' group.  Please see the user manual for a more detailed explanation}, preserve=true aResultDetail=0
00:05:14.288862 DCon17   ERROR [COM]: aRC=NS_ERROR_FAILURE (0x80004005) aIID={bea3ef5c-de2f-4b74-aa3a-15d6249371a0} aComponent={RecordingSettingsWrap} aText={Recording not started}, preserve=false aResultDetail=0
00:05:14.319353 DCon23   Saving settings file "/home/statick/VirtualBox VMs/Ubuntu LTS 24.04.1/Ubuntu LTS 24.04.1.vbox" with version "1.19-linux"
00:05:14.331323 DCon23   Finished saving settings file "/home/statick/VirtualBox VMs/Ubuntu LTS 24.04.1/Ubuntu LTS 24.04.1.vbox"
00:05:15.138167 DCon23   Saving settings file "/home/statick/VirtualBox VMs/Ubuntu LTS 24.04.1/Ubuntu LTS 24.04.1.vbox" with version "1.19-linux"
00:05:15.150723 DCon23   Finished saving settings file "/home/statick/VirtualBox VMs/Ubuntu LTS 24.04.1/Ubuntu LTS 24.04.1.vbox"
00:05:46.184275 DCon24   Saving settings file "/home/statick/VirtualBox VMs/Ubuntu LTS 24.04.1/Ubuntu LTS 24.04.1.vbox" with version "1.19-linux"
00:05:46.195342 DCon24   Finished saving settings file "/home/statick/VirtualBox VMs/Ubuntu LTS 24.04.1/Ubuntu LTS 24.04.1.vbox"
00:05:48.619054 DCon17   WARNING [COM]: aRC=NS_ERROR_FAILURE (0x80004005) aIID={d5dcece0-b202-4416-a138-03502784cc07} aComponent={HostWrap} aText={VirtualBox is not currently allowed to access USB devices.  You can change this by adding your user to the 'vboxusers' group.  Please see the user manual for a more detailed explanation}, preserve=true aResultDetail=0
00:05:48.620379 DCon17   WARNING [COM]: aRC=NS_ERROR_FAILURE (0x80004005) aIID={d5dcece0-b202-4416-a138-03502784cc07} aComponent={HostWrap} aText={VirtualBox is not currently allowed to access USB devices.  You can change this by adding your user to the 'vboxusers' group.  Please see the user manual for a more detailed explanation}, preserve=true aResultDetail=0
00:05:48.623393 DCon17   ERROR [COM]: aRC=NS_ERROR_FAILURE (0x80004005) aIID={bea3ef5c-de2f-4b74-aa3a-15d6249371a0} aComponent={RecordingSettingsWrap} aText={Recording not started}, preserve=false aResultDetail=0
00:05:48.660207 DCon17   Saving settings file "/home/statick/VirtualBox VMs/Ubuntu LTS 24.04.1/Ubuntu LTS 24.04.1.vbox" with version "1.19-linux"
00:05:48.670473 DCon17   Finished saving settings file "/home/statick/VirtualBox VMs/Ubuntu LTS 24.04.1/Ubuntu LTS 24.04.1.vbox"
00:05:53.256687 DCon25   Saving settings file "/home/statick/VirtualBox VMs/Ubuntu LTS 24.04.1/Ubuntu LTS 24.04.1.vbox" with version "1.19-linux"
00:05:53.266466 DCon25   Finished saving settings file "/home/statick/VirtualBox VMs/Ubuntu LTS 24.04.1/Ubuntu LTS 24.04.1.vbox"
00:05:57.603043 DCon21   WARNING [COM]: aRC=NS_ERROR_FAILURE (0x80004005) aIID={d5dcece0-b202-4416-a138-03502784cc07} aComponent={HostWrap} aText={VirtualBox is not currently allowed to access USB devices.  You can change this by adding your user to the 'vboxusers' group.  Please see the user manual for a more detailed explanation}, preserve=true aResultDetail=0
00:05:57.605495 DCon21   WARNING [COM]: aRC=NS_ERROR_FAILURE (0x80004005) aIID={d5dcece0-b202-4416-a138-03502784cc07} aComponent={HostWrap} aText={VirtualBox is not currently allowed to access USB devices.  You can change this by adding your user to the 'vboxusers' group.  Please see the user manual for a more detailed explanation}, preserve=true aResultDetail=0
00:05:57.610953 DCon24   ERROR [COM]: aRC=NS_ERROR_FAILURE (0x80004005) aIID={bea3ef5c-de2f-4b74-aa3a-15d6249371a0} aComponent={RecordingSettingsWrap} aText={Recording not started}, preserve=false aResultDetail=0
00:05:57.649762 DCon21   Saving settings file "/home/statick/VirtualBox VMs/Ubuntu LTS 24.04.1/Ubuntu LTS 24.04.1.vbox" with version "1.19-linux"
00:05:57.660023 DCon21   Finished saving settings file "/home/statick/VirtualBox VMs/Ubuntu LTS 24.04.1/Ubuntu LTS 24.04.1.vbox"
00:08:52.134428 DCon32   Saving settings file "/home/statick/VirtualBox VMs/Ubuntu LTS 24.04.1/Ubuntu LTS 24.04.1.vbox" with version "1.19-linux"
00:08:52.147252 DCon32   Finished saving settings file "/home/statick/VirtualBox VMs/Ubuntu LTS 24.04.1/Ubuntu LTS 24.04.1.vbox"
00:10:42.720498 DCon37   Saving settings file "/home/statick/VirtualBox VMs/Ubuntu LTS 24.04.1/Ubuntu LTS 24.04.1.vbox" with version "1.19-linux"
00:10:42.802807 DCon37   Finished saving settings file "/home/statick/VirtualBox VMs/Ubuntu LTS 24.04.1/Ubuntu LTS 24.04.1.vbox"
00:16:48.791437 DCon52   WARNING [COM]: aRC=NS_ERROR_FAILURE (0x80004005) aIID={d5dcece0-b202-4416-a138-03502784cc07} aComponent={HostWrap} aText={VirtualBox is not currently allowed to access USB devices.  You can change this by adding your user to the 'vboxusers' group.  Please see the user manual for a more detailed explanation}, preserve=true aResultDetail=0
00:16:48.792302 DCon52   WARNING [COM]: aRC=NS_ERROR_FAILURE (0x80004005) aIID={d5dcece0-b202-4416-a138-03502784cc07} aComponent={HostWrap} aText={VirtualBox is not currently allowed to access USB devices.  You can change this by adding your user to the 'vboxusers' group.  Please see the user manual for a more detailed explanation}, preserve=true aResultDetail=0
00:16:48.796557 DCon52   ERROR [COM]: aRC=NS_ERROR_FAILURE (0x80004005) aIID={bea3ef5c-de2f-4b74-aa3a-15d6249371a0} aComponent={RecordingSettingsWrap} aText={Recording not started}, preserve=false aResultDetail=0
00:16:48.824083 DCon54   Saving settings file "/home/statick/VirtualBox VMs/Ubuntu LTS 24.04.1/Ubuntu LTS 24.04.1.vbox" with version "1.19-linux"
00:16:48.906527 DCon54   Finished saving settings file "/home/statick/VirtualBox VMs/Ubuntu LTS 24.04.1/Ubuntu LTS 24.04.1.vbox"
00:16:49.635374 DCon55   Saving settings file "/home/statick/VirtualBox VMs/Ubuntu LTS 24.04.1/Ubuntu LTS 24.04.1.vbox" with version "1.19-linux"
00:16:49.646701 DCon55   Finished saving settings file "/home/statick/VirtualBox VMs/Ubuntu LTS 24.04.1/Ubuntu LTS 24.04.1.vbox"
00:16:58.958724 DCon54   Saving settings file "/home/statick/VirtualBox VMs/Ubuntu LTS 24.04.1/Ubuntu LTS 24.04.1.vbox" with version "1.19-linux"
00:16:58.974598 DCon54   Finished saving settings file "/home/statick/VirtualBox VMs/Ubuntu LTS 24.04.1/Ubuntu LTS 24.04.1.vbox"
00:17:20.933864 DCon57   Saving settings file "/home/statick/VirtualBox VMs/Ubuntu LTS 24.04.1/Ubuntu LTS 24.04.1.vbox" with version "1.19-linux"
00:17:20.944815 DCon57   Finished saving settings file "/home/statick/VirtualBox VMs/Ubuntu LTS 24.04.1/Ubuntu LTS 24.04.1.vbox"
00:17:22.722856 DCon55   Saving settings file "/home/statick/VirtualBox VMs/Ubuntu LTS 24.04.1/Ubuntu LTS 24.04.1.vbox" with version "1.19-linux"
00:17:22.732547 DCon55   Finished saving settings file "/home/statick/VirtualBox VMs/Ubuntu LTS 24.04.1/Ubuntu LTS 24.04.1.vbox"
00:36:00.623441 DCon103  WARNING [COM]: aRC=NS_ERROR_FAILURE (0x80004005) aIID={d5dcece0-b202-4416-a138-03502784cc07} aComponent={HostWrap} aText={VirtualBox is not currently allowed to access USB devices.  You can change this by adding your user to the 'vboxusers' group.  Please see the user manual for a more detailed explanation}, preserve=true aResultDetail=0
00:36:00.624042 DCon103  WARNING [COM]: aRC=NS_ERROR_FAILURE (0x80004005) aIID={d5dcece0-b202-4416-a138-03502784cc07} aComponent={HostWrap} aText={VirtualBox is not currently allowed to access USB devices.  You can change this by adding your user to the 'vboxusers' group.  Please see the user manual for a more detailed explanation}, preserve=true aResultDetail=0
00:36:00.624926 DCon103  ERROR [COM]: aRC=NS_ERROR_FAILURE (0x80004005) aIID={bea3ef5c-de2f-4b74-aa3a-15d6249371a0} aComponent={RecordingSettingsWrap} aText={Recording not started}, preserve=false aResultDetail=0
00:36:00.638902 DCon103  Saving settings file "/home/statick/VirtualBox VMs/Ubuntu LTS 24.04.1/Ubuntu LTS 24.04.1.vbox" with version "1.19-linux"
00:36:00.647714 DCon103  Finished saving settings file "/home/statick/VirtualBox VMs/Ubuntu LTS 24.04.1/Ubuntu LTS 24.04.1.vbox"
00:36:00.656613 DCon103  WARNING [COM]: aRC=NS_ERROR_FAILURE (0x80004005) aIID={d5dcece0-b202-4416-a138-03502784cc07} aComponent={HostWrap} aText={VirtualBox is not currently allowed to access USB devices.  You can change this by adding your user to the 'vboxusers' group.  Please see the user manual for a more detailed explanation}, preserve=true aResultDetail=0
00:36:00.657235 DCon103  WARNING [COM]: aRC=NS_ERROR_FAILURE (0x80004005) aIID={d5dcece0-b202-4416-a138-03502784cc07} aComponent={HostWrap} aText={VirtualBox is not currently allowed to access USB devices.  You can change this by adding your user to the 'vboxusers' group.  Please see the user manual for a more detailed explanation}, preserve=true aResultDetail=0
00:36:00.658322 DCon103  ERROR [COM]: aRC=NS_ERROR_FAILURE (0x80004005) aIID={bea3ef5c-de2f-4b74-aa3a-15d6249371a0} aComponent={RecordingSettingsWrap} aText={Recording not started}, preserve=false aResultDetail=0
00:36:00.659448 DCon103  ERROR [COM]: aRC=NS_ERROR_INVALID_ARG (0x80070057) aIID={e36a5081-a82a-40bd-9e4e-42a44d6ce50f} aComponent={SessionMachine} aText={Properties with TRANSIENT or TRANSRESET flag cannot be set or modified if VM is not running}, preserve=false aResultDetail=0
00:36:07.149043 main     VirtualBox: object deletion starts
00:36:07.149096 main     ERROR [COM]: aRC=VBOX_E_OBJECT_IN_USE (0x80bb000c) aIID={7d510820-a678-4730-a862-818dcd3fbed0} aComponent={MediumWrap} aText={Medium '/home/statick/VirtualBox VMs/Window 11/Window 11.vdi' cannot be closed because it is still attached to 1 virtual machines}, preserve=false aResultDetail=0
00:36:07.149302 main     ERROR [COM]: aRC=VBOX_E_OBJECT_IN_USE (0x80bb000c) aIID={7d510820-a678-4730-a862-818dcd3fbed0} aComponent={MediumWrap} aText={Medium '/home/statick/VirtualBox VMs/Ubuntu LTS 24.04.1/Ubuntu LTS 24.04.1.vdi' cannot be closed because it is still attached to 1 virtual machines}, preserve=false aResultDetail=0
00:36:07.149741 main     HostDnsMonitor: shutting down ...
00:36:07.150068 main     HostDnsMonitor: shut down
00:36:07.160852 Watcher  ERROR [COM]: aRC=E_ACCESSDENIED (0x80070005) aIID={d644ad1e-c501-4fc7-9ab6-aa6d763bc540} aComponent={VirtualBoxWrap} aText={The object is not ready}, preserve=false aResultDetail=0
00:36:07.160980 main     VirtualBox: object deleted
