2024-12-04 20:20:37.796 [info] El experimento \"pythonRecommendTensorboardExt\" está activo
2024-12-04 20:20:37.797 [info] El experimento \"pythonTerminalEnvVarActivation\" está activo
2024-12-04 20:20:37.797 [info] El experimento \"pythonTestAdapter\" está activo
2024-12-04 20:20:37.797 [warning] Dir "/home/statick/workspaces/practicas/python/farmacia2/.pixi/envs" is not watchable (directory does not exist)
2024-12-04 20:20:37.797 [info] Ruta de acceso del intérprete de Python: ./env/bin/python
2024-12-04 20:20:40.769 [info] > pyenv which python
2024-12-04 20:20:40.769 [info] cwd: .
2024-12-04 20:20:41.365 [info] > . ./env/bin/activate && echo 'e8b39361-0157-4923-80e1-22d70d46dee6' && python ~/.vscode/extensions/ms-python.python-2024.21.2024112901-linux-x64/python_files/printEnvVariables.py
2024-12-04 20:20:41.365 [info] shell: zsh
2024-12-04 20:20:41.545 [info] > /bin/python ~/.vscode/extensions/ms-python.python-2024.21.2024112901-linux-x64/python_files/printEnvVariables.py
2024-12-04 20:20:41.545 [info] shell: zsh
2024-12-04 20:20:41.733 [info] Prepending environment variable PATH in collection with /home/statick/.vscode/extensions/ms-python.python-2024.21.2024112901-linux-x64/python_files/deactivate/zsh:/home/statick/workspaces/practicas/python/farmacia2/env/bin: {"applyAtShellIntegration":true,"applyAtProcessCreation":true}
2024-12-04 20:20:41.733 [info] Setting environment variable VIRTUAL_ENV in collection to /home/statick/workspaces/practicas/python/farmacia2/env {"applyAtShellIntegration":true,"applyAtProcessCreation":true}
2024-12-04 20:20:41.733 [info] Setting environment variable VIRTUAL_ENV_PROMPT in collection to env {"applyAtShellIntegration":true,"applyAtProcessCreation":true}
2024-12-04 20:20:41.733 [info] Prepending environment variable PS1 in collection with env {"applyAtShellIntegration":true,"applyAtProcessCreation":false}
2024-12-04 20:20:41.738 [info] Send text to terminal: /bin/python /home/statick/.vscode/extensions/ms-python.python-2024.21.2024112901-linux-x64/python_files/printEnvVariablesToFile.py /home/statick/.vscode/extensions/ms-python.python-2024.21.2024112901-linux-x64/python_files/deactivate/zsh/envVars.txt
2024-12-04 20:20:45.208 [info] Iniciando el servidor de lenguaje Pylance.
2024-12-04 20:21:02.672 [info] Discover tests for workspace name: farmacia2 - uri: /home/statick/workspaces/practicas/python/farmacia2/gestion_de_farmacias/settings.py
2024-12-04 20:21:26.291 [info] Discover tests for workspace name: farmacia2 - uri: /home/statick/workspaces/practicas/python/farmacia2/gestion_de_farmacias/settings.py
2024-12-04 20:23:39.150 [info] Discover tests for workspace name: farmacia2 - uri: /home/statick/workspaces/practicas/python/farmacia2/farmacia/models.py
2024-12-04 20:25:29.027 [info] Discover tests for workspace name: farmacia2 - uri: /home/statick/workspaces/practicas/python/farmacia2/farmacia/models.py
2024-12-04 20:26:16.553 [info] Discover tests for workspace name: farmacia2 - uri: /home/statick/workspaces/practicas/python/farmacia2/farmacia/admin.py
2024-12-04 20:37:23.937 [info] Discover tests for workspace name: farmacia2 - uri: /home/statick/workspaces/practicas/python/farmacia2/farmacia/forms.py
2024-12-04 20:45:41.268 [info] Discover tests for workspace name: farmacia2 - uri: /home/statick/workspaces/practicas/python/farmacia2/farmacia/views.py
2024-12-04 20:53:32.022 [info] Discover tests for workspace name: farmacia2 - uri: /home/statick/workspaces/practicas/python/farmacia2/farmacia/urls.py
2024-12-04 20:54:56.608 [info] Discover tests for workspace name: farmacia2 - uri: /home/statick/workspaces/practicas/python/farmacia2/gestion_de_farmacias/urls.py
2024-12-04 20:58:33.367 [info] Discover tests for workspace name: farmacia2 - uri: /home/statick/workspaces/practicas/python/farmacia2/farmacia/views.py
2024-12-04 21:21:43.647 [info] Discover tests for workspace name: farmacia2 - uri: /home/statick/workspaces/practicas/python/farmacia2/gestion_de_farmacias/settings.py
2024-12-04 21:21:58.074 [info] Discover tests for workspace name: farmacia2 - uri: /home/statick/workspaces/practicas/python/farmacia2/gestion_de_farmacias/settings.py
2024-12-04 21:26:00.000 [info] Discover tests for workspace name: farmacia2 - uri: /home/statick/workspaces/practicas/python/farmacia2/farmacia/models.py
2024-12-04 21:46:20.855 [info] Discover tests for workspace name: farmacia2 - uri: /home/statick/workspaces/practicas/python/farmacia2/farmacia/forms.py
2024-12-04 21:47:59.693 [info] Discover tests for workspace name: farmacia2 - uri: /home/statick/workspaces/practicas/python/farmacia2/farmacia/views.py
2024-12-04 21:57:16.944 [info] Discover tests for workspace name: farmacia2 - uri: /home/statick/workspaces/practicas/python/farmacia2/farmacia/forms.py
2024-12-04 22:52:54.297 [info] Discover tests for workspace name: undefined - uri: /home/statick/.config/Code/User/profiles/-3a22a2f2/settings.json
