2024-12-04 20:15:56.728 [info] Started local extension host with pid 13434.
2024-12-04 20:16:00.019 [warning] [ms-toolsai.vscode-jupyter-cell-tags]: Contenedor de vistas ' jupyter-variables ' no existe y todas las vistas registradas se agregarán al 'Explorer'.
2024-12-04 20:16:05.804 [info] Settings Sync: Updating due to initialize
2024-12-04 20:16:05.808 [info] Settings Sync: Updating authentication providers. Authentication Providers from store: [{"id":"github","scopes":["user:email"]},{"id":"microsoft","scopes":["openid","profile","email","offline_access"]}]
2024-12-04 20:16:05.808 [info] Settings Sync: Authentication providers updated []
2024-12-04 20:16:06.802 [info] Settings Sync: Updating authentication providers. Authentication Providers from store: [{"id":"github","scopes":["user:email"]},{"id":"microsoft","scopes":["openid","profile","email","offline_access"]}]
2024-12-04 20:16:06.805 [info] Settings Sync: Authentication providers updated ["github"]
2024-12-04 20:16:06.808 [info] Settings Sync: Updating authentication providers. Authentication Providers from store: [{"id":"github","scopes":["user:email"]},{"id":"microsoft","scopes":["openid","profile","email","offline_access"]}]
2024-12-04 20:16:06.809 [info] Settings Sync: Authentication providers updated ["github"]
2024-12-04 20:16:06.810 [info] Settings Sync: Updating authentication providers. Authentication Providers from store: [{"id":"github","scopes":["user:email"]},{"id":"microsoft","scopes":["openid","profile","email","offline_access"]}]
2024-12-04 20:16:06.811 [info] Settings Sync: Authentication providers updated ["github","microsoft"]
2024-12-04 20:16:06.812 [info] Settings Sync: Updating authentication providers. Authentication Providers from store: [{"id":"github","scopes":["user:email"]},{"id":"microsoft","scopes":["openid","profile","email","offline_access"]}]
2024-12-04 20:16:06.817 [info] Settings Sync: Authentication providers updated ["github","microsoft"]
2024-12-04 20:16:06.818 [info] Settings Sync: Updating due to declared authentication providers changed
2024-12-04 20:16:06.818 [info] Settings Sync: Updating authentication providers. Authentication Providers from store: [{"id":"github","scopes":["user:email"]},{"id":"microsoft","scopes":["openid","profile","email","offline_access"]}]
2024-12-04 20:16:06.819 [info] Settings Sync: Authentication providers updated ["github","microsoft"]
2024-12-04 20:16:06.820 [info] Settings Sync: Updating due to declared authentication providers changed
2024-12-04 20:16:06.821 [info] Settings Sync: Updating authentication providers. Authentication Providers from store: [{"id":"github","scopes":["user:email"]},{"id":"microsoft","scopes":["openid","profile","email","offline_access"]}]
2024-12-04 20:16:06.822 [info] Settings Sync: Authentication providers updated ["github","microsoft"]
2024-12-04 20:16:08.740 [info] Extension host (LocalProcess pid: 13434) is unresponsive.
2024-12-04 20:16:08.769 [info] Extension host (LocalProcess pid: 13434) is responsive.
2024-12-04 20:16:09.166 [info] [perf] Render performance baseline is 218ms
2024-12-04 20:16:10.061 [info] Settings Sync: Updating authentication providers. Authentication Providers from store: [{"id":"github","scopes":["user:email"]},{"id":"microsoft","scopes":["openid","profile","email","offline_access"]}]
2024-12-04 20:16:10.069 [info] Settings Sync: Authentication providers updated ["github","microsoft"]
2024-12-04 20:26:40.967 [error] [Extension Host] Ignoring inability to install OPFS sqlite3_vfs: The OPFS sqlite3_vfs cannot run in the main thread because it requires Atomics.wait().
2024-12-04 20:58:16.200 [error] lock() request could not be registered.: Error: lock() request could not be registered.
2024-12-04 20:58:40.336 [error] lock() request could not be registered.: Error: lock() request could not be registered.
2024-12-04 20:59:40.459 [error] lock() request could not be registered.: Error: lock() request could not be registered.
2024-12-04 21:19:58.521 [error] lock() request could not be registered.: Error: lock() request could not be registered.
2024-12-04 21:26:20.643 [error] No se puede leer el archivo "/home/statick/workspaces/practicas/python/farmacia2/farmacia/migrations/0001_initial.py" (Error: No se puede resolver el archivo inexistente '/home/statick/workspaces/practicas/python/farmacia2/farmacia/migrations/0001_initial.py'): Error: No se puede leer el archivo "/home/statick/workspaces/practicas/python/farmacia2/farmacia/migrations/0001_initial.py" (Error: No se puede resolver el archivo inexistente '/home/statick/workspaces/practicas/python/farmacia2/farmacia/migrations/0001_initial.py')
    at Pnt.F (vscode-file://vscode-app/usr/share/code/resources/app/out/vs/workbench/workbench.desktop.main.js:3088:69674)
    at Pnt.D (vscode-file://vscode-app/usr/share/code/resources/app/out/vs/workbench/workbench.desktop.main.js:3088:69499)
    at async Gnt.M (vscode-file://vscode-app/usr/share/code/resources/app/out/vs/workbench/workbench.desktop.main.js:3089:9119)
    at async Gnt.readStream (vscode-file://vscode-app/usr/share/code/resources/app/out/vs/workbench/workbench.desktop.main.js:3089:8894)
    at async Pde.Db (vscode-file://vscode-app/usr/share/code/resources/app/out/vs/workbench/workbench.desktop.main.js:1275:11960)
    at async Pde.resolve (vscode-file://vscode-app/usr/share/code/resources/app/out/vs/workbench/workbench.desktop.main.js:1275:10435)
    at async vscode-file://vscode-app/usr/share/code/resources/app/out/vs/workbench/workbench.desktop.main.js:3089:5479
2024-12-04 21:28:05.070 [error] lock() request could not be registered.: Error: lock() request could not be registered.
2024-12-04 21:28:34.586 [error] lock() request could not be registered.: Error: lock() request could not be registered.
2024-12-04 21:29:41.428 [error] lock() request could not be registered.: Error: lock() request could not be registered.
2024-12-04 21:29:44.885 [error] [Extension Host] Ignoring inability to install OPFS sqlite3_vfs: The OPFS sqlite3_vfs cannot run in the main thread because it requires Atomics.wait().
2024-12-04 21:43:33.938 [error] lock() request could not be registered.: Error: lock() request could not be registered.
2024-12-04 21:43:39.110 [error] [Extension Host] Ignoring inability to install OPFS sqlite3_vfs: The OPFS sqlite3_vfs cannot run in the main thread because it requires Atomics.wait().
2024-12-04 21:46:05.373 [error] lock() request could not be registered.: Error: lock() request could not be registered.
2024-12-04 21:55:28.623 [error] lock() request could not be registered.: Error: lock() request could not be registered.
2024-12-04 21:55:30.918 [error] [Extension Host] Ignoring inability to install OPFS sqlite3_vfs: The OPFS sqlite3_vfs cannot run in the main thread because it requires Atomics.wait().
2024-12-04 21:56:34.086 [error] lock() request could not be registered.: Error: lock() request could not be registered.
2024-12-04 21:58:36.096 [error] lock() request could not be registered.: Error: lock() request could not be registered.
2024-12-04 21:59:19.699 [error] lock() request could not be registered.: Error: lock() request could not be registered.
2024-12-04 21:59:56.266 [error] lock() request could not be registered.: Error: lock() request could not be registered.
2024-12-04 22:11:37.932 [error] lock() request could not be registered.: Error: lock() request could not be registered.
2024-12-04 22:16:13.418 [error] lock() request could not be registered.: Error: lock() request could not be registered.
2024-12-04 22:22:24.249 [error] lock() request could not be registered.: Error: lock() request could not be registered.
2024-12-04 22:22:58.153 [error] lock() request could not be registered.: Error: lock() request could not be registered.
2024-12-04 23:10:58.227 [error] [Extension Host] Ignoring inability to install OPFS sqlite3_vfs: The OPFS sqlite3_vfs cannot run in the main thread because it requires Atomics.wait().
