2024-12-04 20:15:56.262 [info] Added views:outline in workbench.view.explorer
2024-12-04 20:15:56.262 [info] Added views:workbench.view.search in workbench.view.search
2024-12-04 20:15:56.262 [info] Added views:workbench.scm in workbench.view.scm
2024-12-04 20:15:56.262 [info] Added views:workbench.panel.markers.view in workbench.panel.markers
2024-12-04 20:15:56.262 [info] Added views:workbench.panel.output in workbench.panel.output
2024-12-04 20:15:56.262 [info] Added views:terminal in terminal
2024-12-04 20:15:56.262 [info] Added views:timeline in workbench.view.explorer
2024-12-04 20:15:56.262 [info] Added views:workbench.explorer.fileView in workbench.view.explorer
2024-12-04 20:15:57.485 [info] Added views:workbench.debug.welcome in workbench.view.debug
2024-12-04 20:16:00.024 [info] Added views:gitlens.views.home,gitlens.views.launchpad,gitlens.views.workspaces in workbench.view.extension.gitlens
2024-12-04 20:16:00.026 [info] Added views:gitlens.views.commitDetails,gitlens.views.lineHistory,gitlens.views.fileHistory,gitlens.views.searchAndCompare in workbench.view.extension.gitlensInspect
2024-12-04 20:16:00.030 [info] Added views:gitlens.views.scm.grouped in workbench.view.scm
2024-12-04 20:16:00.032 [info] Added views:github-actions.empty-view in workbench.view.extension.github-actions
2024-12-04 20:16:00.035 [info] Added views:dockerContainers,dockerImages,dockerRegistries,dockerNetworks,dockerVolumes,vscode-docker.views.dockerContexts,vscode-docker.views.help in workbench.view.extension.dockerView
2024-12-04 20:16:00.041 [info] Added views:sqltoolsViewConnectionExplorer,sqltoolsViewBookmarksExplorer,sqltoolsViewHistoryExplorer in workbench.view.extension.sqltoolsActivityBarContainer
2024-12-04 20:16:00.042 [info] Added views:sqltoolsViewConsoleMessages in workbench.view.extension.sqltoolsPanelContainer
2024-12-04 20:16:00.043 [info] Added views:postman-for-vscode.sidebar-panel in workbench.view.extension.sidebar-panel
2024-12-04 20:16:00.043 [info] Added views:postman-console-view in workbench.view.extension.postman-console-view-container
2024-12-04 20:16:00.044 [info] Added views:thunder-client-sidebar in workbench.view.extension.thunder-client
2024-12-04 20:16:01.995 [info] Added views:workbench.panel.repl.view in workbench.panel.repl
2024-12-04 20:16:05.800 [info] Added views:~remote.forwardedPorts in ~remote.forwardedPortsContainer
2024-12-04 20:16:08.785 [info] Removed views:gitlens.views.searchAndCompare,gitlens.views.fileHistory,gitlens.views.lineHistory,gitlens.views.commitDetails from workbench.view.extension.gitlensInspect
2024-12-04 20:16:08.787 [info] Removed views:gitlens.views.scm.grouped from workbench.view.scm
2024-12-04 20:16:09.119 [info] Added views:gitlens.views.drafts in workbench.view.extension.gitlens
2024-12-04 20:20:37.683 [info] Added views:workbench.view.testing in workbench.view.extension.test
2024-12-04 20:48:16.425 [info] Added views:workbench.views.extensions.installed,workbench.views.extensions.popular in workbench.view.extensions
2024-12-04 20:48:16.427 [info] Removed views:workbench.views.extensions.popular from workbench.view.extensions
2024-12-04 20:48:19.687 [info] Removed views:workbench.views.extensions.installed from workbench.view.extensions
2024-12-04 20:48:19.697 [info] Added views:workbench.views.extensions.marketplace in workbench.view.extensions
2024-12-04 22:00:00.949 [info] Added views:gitlens.views.graph,gitlens.views.graphDetails in workbench.view.extension.gitlensPanel
2024-12-04 22:00:00.955 [info] Added views:gitlens.views.commitDetails,gitlens.views.lineHistory,gitlens.views.fileHistory,gitlens.views.timeline,gitlens.views.searchAndCompare in workbench.view.extension.gitlensInspect
2024-12-04 22:00:00.957 [info] Added views:gitlens.views.scm.grouped in workbench.view.scm
2024-12-04 22:00:01.113 [info] Added views:workbench.scm.history in workbench.view.scm
